Added Component: Designator=LED_2A(D_0603)
Add component. Clean all parameters for all variants
Add component (AddParameter): Name = "JLC Availability"; Value = "Extended"; VariantName = "[No Variations]"
Add component (AddParameter): Name = "LCSC Part #"; Value = "C409441"; VariantName = "[No Variations]"
Added Component: Designator=LED_3A(D_0603)
Add component. Clean all parameters for all variants
Add component (AddParameter): Name = "JLC Availability"; Value = "Extended"; VariantName = "[No Variations]"
Add component (AddParameter): Name = "LCSC Part #"; Value = "C409441"; VariantName = "[No Variations]"
Added Component: Designator=LED_?(D_0603)
Add component. Clean all parameters for all variants
Add component (AddParameter): Name = "JLC Availability"; Value = "Extended"; VariantName = "[No Variations]"
Add component (AddParameter): Name = "LCSC Part #"; Value = "C409441"; VariantName = "[No Variations]"
Added Pin To Net: NetName=GND Pin=LED_2A-1
Added Pin To Net: NetName=NetLED_2_2 Pin=LED_2A-2
Added Pin To Net: NetName=GND Pin=LED_3A-1
Added Pin To Net: NetName=NetLED_3_2 Pin=LED_3A-2
Added Pin To Net: NetName=GND Pin=LED_?-1
Added Pin To Net: NetName=NetLED_1_2 Pin=LED_?-2
Added Member To Class: ClassName=BMS_MAINBOARD Member=Component LED_2A 19-21UYC/S530-A4/TR8
Added Member To Class: ClassName=BMS_MAINBOARD Member=Component LED_3A 19-21UYC/S530-A4/TR8
Added Member To Class: ClassName=BMS_MAINBOARD Member=Component LED_? 19-21UYC/S530-A4/TR8
