Removed Pin From Net: NetName=VOUT_P Pin=C1-2
Removed Pin From Net: NetName=VOUT_P Pin=C16-2
Removed Pin From Net: NetName=VOUT_P Pin=C20-2
Removed Pin From Net: NetName=VOUT_P Pin=C25-2
Removed Pin From Net: NetName=VOUT_P Pin=C27-2
Removed Pin From Net: NetName=VOUT_P Pin=C28-2
Removed Pin From Net: NetName=GND Pin=C29-1
Removed Pin From Net: NetName=FBIN Pin=C29-2
Removed Pin From Net: NetName=VOUT_P Pin=C30-2
Removed Pin From Net: NetName=GND Pin=C33-2
Removed Pin From Net: NetName=GND Pin=C34-1
Removed Pin From Net: NetName=+5V Pin=C34-2
Removed Pin From Net: NetName=VOUT_P Pin=C36-2
Removed Pin From Net: NetName=+5V Pin=C37-1
Removed Pin From Net: NetName=GND Pin=C37-2
Removed Pin From Net: NetName=GND Pin=C39-1
Removed Pin From Net: NetName=VOUT_P Pin=C44-2
Removed Pin From Net: NetName=GND Pin=C49-1
Removed Pin From Net: NetName=GND Pin=C50-1
Removed Pin From Net: NetName=GND Pin=C51-1
Removed Pin From Net: NetName=GND Pin=C52-2
Removed Pin From Net: NetName=VOUT_N Pin=C54-2
Removed Pin From Net: NetName=VOUT_N Pin=C55-2
Removed Pin From Net: NetName=VOUT_N Pin=C58-2
Removed Pin From Net: NetName=GND Pin=C59-1
Removed Pin From Net: NetName=FBOUT Pin=C59-2
Removed Pin From Net: NetName=VOUT_N Pin=C61-2
Removed Pin From Net: NetName=GND Pin=C66-1
Removed Pin From Net: NetName=nRST Pin=C66-2
Removed Pin From Net: NetName=GND Pin=C69-1
Removed Pin From Net: NetName=VOUT_P Pin=C410-2
Removed Pin From Net: NetName=VOUT_P Pin=C450-2
Removed Pin From Net: NetName=VOUT_P Pin=C470-2
Removed Pin From Net: NetName=GND Pin=Csu1-1
Removed Pin From Net: NetName=GND Pin=Csu2-1
Removed Pin From Net: NetName=BIN_R Pin=Csu2-2
Removed Pin From Net: NetName=VIN_P Pin=D1_a-1
Removed Pin From Net: NetName=VIN_P Pin=D1_b-1
Removed Pin From Net: NetName=VIN_P Pin=D1_c-1
Removed Pin From Net: NetName=VIN_P Pin=D1_d-1
Removed Pin From Net: NetName=VIN_P Pin=D1_e-1
Removed Pin From Net: NetName=VIN_P Pin=D1_f-1
Removed Pin From Net: NetName=VIN_P Pin=D2_a-1
Removed Pin From Net: NetName=VIN_P Pin=D2_b-1
Removed Pin From Net: NetName=VIN_P Pin=D2_c-1
Removed Pin From Net: NetName=VIN_P Pin=D2_d-1
Removed Pin From Net: NetName=VIN_P Pin=D2_e-1
Removed Pin From Net: NetName=VIN_P Pin=D2_f-1
Removed Pin From Net: NetName=GND Pin=D3_a-2
Removed Pin From Net: NetName=GND Pin=D3_b-2
Removed Pin From Net: NetName=GND Pin=D3_c-2
Removed Pin From Net: NetName=GND Pin=D3_d-2
Removed Pin From Net: NetName=GND Pin=D3_e-2
Removed Pin From Net: NetName=GND Pin=D3_f-2
Removed Pin From Net: NetName=GND Pin=D4_a-2
Removed Pin From Net: NetName=GND Pin=D4_b-2
Removed Pin From Net: NetName=GND Pin=D4_c-2
Removed Pin From Net: NetName=GND Pin=D4_d-2
Removed Pin From Net: NetName=GND Pin=D4_e-2
Removed Pin From Net: NetName=GND Pin=D4_f-2
Removed Pin From Net: NetName=GND Pin=D_1A_G-2
Removed Pin From Net: NetName=GND Pin=D_1B_G-2
Removed Pin From Net: NetName=VIN_P Pin=D_CLAMP_1-1
Removed Pin From Net: NetName=D8 Pin=D_CLAMP_8-2
Removed Pin From Net: NetName=D8 Pin=D_CLAMP_9-1
Removed Pin From Net: NetName=D10 Pin=D_CLAMP_10-2
Removed Pin From Net: NetName=D10 Pin=D_CLAMP_11-1
Removed Pin From Net: NetName=GND Pin=D_CLAMP_18-2
Removed Pin From Net: NetName=HIB Pin=Dsu1-2
Removed Pin From Net: NetName=FBIN Pin=Dsu2-1
Removed Pin From Net: NetName=VOUT_P Pin=Dtg2-1
Removed Pin From Net: NetName=SW1 Pin=L1-1
Removed Pin From Net: NetName=SW2 Pin=L1-2
Removed Pin From Net: NetName=SW1 Pin=L2-1
Removed Pin From Net: NetName=SW2 Pin=L2-2
Removed Pin From Net: NetName=SW1 Pin=L3-1
Removed Pin From Net: NetName=SW2 Pin=L3-2
Removed Pin From Net: NetName=SW1 Pin=L4-1
Removed Pin From Net: NetName=SW2 Pin=L4-2
Removed Pin From Net: NetName=SW1 Pin=L5-1
Removed Pin From Net: NetName=SW2 Pin=L5-2
Removed Pin From Net: NetName=SW1 Pin=L6-1
Removed Pin From Net: NetName=SW2 Pin=L6-2
Removed Pin From Net: NetName=SW1 Pin=L7-1
Removed Pin From Net: NetName=SW2 Pin=L7-2
Removed Pin From Net: NetName=SW1 Pin=L8-1
Removed Pin From Net: NetName=SW2 Pin=L8-2
Removed Pin From Net: NetName=SW1 Pin=L9-1
Removed Pin From Net: NetName=SW2 Pin=L9-2
Removed Pin From Net: NetName=SW1 Pin=L10-1
Removed Pin From Net: NetName=SW2 Pin=L10-2
Removed Pin From Net: NetName=SW1 Pin=L11-1
Removed Pin From Net: NetName=SW2 Pin=L11-2
Removed Pin From Net: NetName=SW1 Pin=L12-1
Removed Pin From Net: NetName=SW2 Pin=L12-2
Removed Pin From Net: NetName=GND Pin=Q_LEDVSS-2
Removed Pin From Net: NetName=BIN_R Pin=Qsu-2
Removed Pin From Net: NetName=+5V Pin=Qsu-3
Removed Pin From Net: NetName=VOUT_P Pin=Qtg2-2
Removed Pin From Net: NetName=+5V Pin=R21-2
Removed Pin From Net: NetName=nRST Pin=R26-1
Removed Pin From Net: NetName=+5V Pin=R26-2
Removed Pin From Net: NetName=+5V Pin=R28-2
Removed Pin From Net: NetName=+5V Pin=R29-2
Removed Pin From Net: NetName=+5V Pin=R30-1
Removed Pin From Net: NetName=+5V Pin=R31-2
Removed Pin From Net: NetName=GND Pin=R38-1
Removed Pin From Net: NetName=GND Pin=R39-1
Removed Pin From Net: NetName=GND Pin=R40-1
Removed Pin From Net: NetName=GND Pin=R41-1
Removed Pin From Net: NetName=+5V Pin=R45-1
Removed Pin From Net: NetName=5V_SDA Pin=R47-1
Removed Pin From Net: NetName=+5V Pin=R47-2
Removed Pin From Net: NetName=5V_SCL Pin=R48-1
Removed Pin From Net: NetName=+5V Pin=R48-2
Removed Pin From Net: NetName=+5V Pin=R100-1
Removed Pin From Net: NetName=+5V Pin=R101-1
Removed Pin From Net: NetName=+5V Pin=R102-1
Removed Pin From Net: NetName=+5V Pin=R103-1
Removed Pin From Net: NetName=GND Pin=R_1A_c-1
Removed Pin From Net: NetName=GND Pin=R_1B_c-1
Removed Pin From Net: NetName=+5V Pin=Rnc4-2
Removed Pin From Net: NetName=GND Pin=Rsu1-1
Removed Pin From Net: NetName=BIN_R Pin=Rsu1-2
Removed Pin From Net: NetName=HIA Pin=Rsu2-2
Removed Pin From Net: NetName=HIB Pin=Rsu3-2
Removed Pin From Net: NetName=+5V Pin=Rsu4-2
Removed Pin From Net: NetName=GND Pin=Rsu5-2
Removed Pin From Net: NetName=nRST Pin=U8-1
Removed Pin From Net: NetName=GND Pin=U8-2
Removed Pin From Net: NetName=+5V Pin=U8-3
Removed Pin From Net: NetName=GND Pin=U8-4
Removed Pin From Net: NetName=+5V Pin=U8-6
Removed Pin From Net: NetName=GND Pin=U8-7
Removed Pin From Net: NetName=5V_SCL Pin=U8-8
Removed Pin From Net: NetName=5V_SDA Pin=U8-9
Removed Pin From Net: NetName=GND Pin=U8-10
Removed Pin From Net: NetName=AGND Pin=U8-13
Removed Pin From Net: NetName=FBIN Pin=U8-15
Removed Pin From Net: NetName=FBOUT Pin=U8-17
Removed Pin From Net: NetName=BIN_R Pin=U8-19
Removed Pin From Net: NetName=BOUT_R Pin=U8-21
Removed Pin From Net: NetName=GND Pin=U8-22
Removed Pin From Net: NetName=LIB Pin=U8-24
Removed Pin From Net: NetName=HIB Pin=U8-25
Removed Pin From Net: NetName=HIA Pin=U8-26
Removed Pin From Net: NetName=LIA Pin=U8-27
Removed Pin From Net: NetName=PM Pin=U8-28
Removed Member From Class: ClassName=SM3320-BATT-EV Member=C29
Removed Member From Class: ClassName=SM3320-BATT-EV Member=C33
Removed Member From Class: ClassName=SM3320-BATT-EV Member=C34
Removed Member From Class: ClassName=SM3320-BATT-EV Member=C37
Removed Member From Class: ClassName=SM3320-BATT-EV Member=C39
Removed Member From Class: ClassName=SM3320-BATT-EV Member=C49
Removed Member From Class: ClassName=SM3320-BATT-EV Member=C50
Removed Member From Class: ClassName=SM3320-BATT-EV Member=C51
Removed Member From Class: ClassName=SM3320-BATT-EV Member=C52
Removed Member From Class: ClassName=SM3320-BATT-EV Member=C59
Removed Member From Class: ClassName=SM3320-BATT-EV Member=C66
Removed Member From Class: ClassName=SM3320-BATT-EV Member=C69
Removed Member From Class: ClassName=SM3320-BATT-EV Member=Csu1
Removed Member From Class: ClassName=SM3320-BATT-EV Member=Csu2
Removed Member From Class: ClassName=SM3320-BATT-EV Member=D1_a
Removed Member From Class: ClassName=SM3320-BATT-EV Member=D1_b
Removed Member From Class: ClassName=SM3320-BATT-EV Member=D1_c
Removed Member From Class: ClassName=SM3320-BATT-EV Member=D1_d
Removed Member From Class: ClassName=SM3320-BATT-EV Member=D1_e
Removed Member From Class: ClassName=SM3320-BATT-EV Member=D1_f
Removed Member From Class: ClassName=SM3320-BATT-EV Member=D2_a
Removed Member From Class: ClassName=SM3320-BATT-EV Member=D2_b
Removed Member From Class: ClassName=SM3320-BATT-EV Member=D2_c
Removed Member From Class: ClassName=SM3320-BATT-EV Member=D2_d
Removed Member From Class: ClassName=SM3320-BATT-EV Member=D2_e
Removed Member From Class: ClassName=SM3320-BATT-EV Member=D2_f
Removed Member From Class: ClassName=SM3320-BATT-EV Member=D3_a
Removed Member From Class: ClassName=SM3320-BATT-EV Member=D3_b
Removed Member From Class: ClassName=SM3320-BATT-EV Member=D3_c
Removed Member From Class: ClassName=SM3320-BATT-EV Member=D3_d
Removed Member From Class: ClassName=SM3320-BATT-EV Member=D3_e
Removed Member From Class: ClassName=SM3320-BATT-EV Member=D3_f
Removed Member From Class: ClassName=SM3320-BATT-EV Member=D4_a
Removed Member From Class: ClassName=SM3320-BATT-EV Member=D4_b
Removed Member From Class: ClassName=SM3320-BATT-EV Member=D4_c
Removed Member From Class: ClassName=SM3320-BATT-EV Member=D4_d
Removed Member From Class: ClassName=SM3320-BATT-EV Member=D4_e
Removed Member From Class: ClassName=SM3320-BATT-EV Member=D4_f
Removed Member From Class: ClassName=SM3320-BATT-EV Member=D_1A_G
Removed Member From Class: ClassName=SM3320-BATT-EV Member=D_1A
Removed Member From Class: ClassName=SM3320-BATT-EV Member=D_1B_G
Removed Member From Class: ClassName=SM3320-BATT-EV Member=D_1B
Removed Member From Class: ClassName=SM3320-BATT-EV Member=D_CLAMP_1
Removed Member From Class: ClassName=SM3320-BATT-EV Member=D_CLAMP_2
Removed Member From Class: ClassName=SM3320-BATT-EV Member=D_CLAMP_3
Removed Member From Class: ClassName=SM3320-BATT-EV Member=D_CLAMP_4
Removed Member From Class: ClassName=SM3320-BATT-EV Member=D_CLAMP_5
Removed Member From Class: ClassName=SM3320-BATT-EV Member=D_CLAMP_6
Removed Member From Class: ClassName=SM3320-BATT-EV Member=D_CLAMP_7
Removed Member From Class: ClassName=SM3320-BATT-EV Member=D_CLAMP_8
Removed Member From Class: ClassName=SM3320-BATT-EV Member=D_CLAMP_9
Removed Member From Class: ClassName=SM3320-BATT-EV Member=D_CLAMP_10
Removed Member From Class: ClassName=SM3320-BATT-EV Member=D_CLAMP_11
Removed Member From Class: ClassName=SM3320-BATT-EV Member=D_CLAMP_12
Removed Member From Class: ClassName=SM3320-BATT-EV Member=D_CLAMP_13
Removed Member From Class: ClassName=SM3320-BATT-EV Member=D_CLAMP_14
Removed Member From Class: ClassName=SM3320-BATT-EV Member=D_CLAMP_15
Removed Member From Class: ClassName=SM3320-BATT-EV Member=D_CLAMP_16
Removed Member From Class: ClassName=SM3320-BATT-EV Member=D_CLAMP_17
Removed Member From Class: ClassName=SM3320-BATT-EV Member=D_CLAMP_18
Removed Member From Class: ClassName=SM3320-BATT-EV Member=Dsu1
Removed Member From Class: ClassName=SM3320-BATT-EV Member=Dsu2
Removed Member From Class: ClassName=SM3320-BATT-EV Member=J1
Removed Member From Class: ClassName=SM3320-BATT-EV Member=J2
Removed Member From Class: ClassName=SM3320-BATT-EV Member=L1
Removed Member From Class: ClassName=SM3320-BATT-EV Member=L2
Removed Member From Class: ClassName=SM3320-BATT-EV Member=L3
Removed Member From Class: ClassName=SM3320-BATT-EV Member=L4
Removed Member From Class: ClassName=SM3320-BATT-EV Member=L5
Removed Member From Class: ClassName=SM3320-BATT-EV Member=L6
Removed Member From Class: ClassName=SM3320-BATT-EV Member=L7
Removed Member From Class: ClassName=SM3320-BATT-EV Member=L8
Removed Member From Class: ClassName=SM3320-BATT-EV Member=L9
Removed Member From Class: ClassName=SM3320-BATT-EV Member=L10
Removed Member From Class: ClassName=SM3320-BATT-EV Member=L11
Removed Member From Class: ClassName=SM3320-BATT-EV Member=L12
Removed Member From Class: ClassName=SM3320-BATT-EV Member=Q_LEDA
Removed Member From Class: ClassName=SM3320-BATT-EV Member=Q_LEDB
Removed Member From Class: ClassName=SM3320-BATT-EV Member=Q_LEDVSS
Removed Member From Class: ClassName=SM3320-BATT-EV Member=Qsu
Removed Member From Class: ClassName=SM3320-BATT-EV Member=R21
Removed Member From Class: ClassName=SM3320-BATT-EV Member=R26
Removed Member From Class: ClassName=SM3320-BATT-EV Member=R28
Removed Member From Class: ClassName=SM3320-BATT-EV Member=R29
Removed Member From Class: ClassName=SM3320-BATT-EV Member=R30
Removed Member From Class: ClassName=SM3320-BATT-EV Member=R31
Removed Member From Class: ClassName=SM3320-BATT-EV Member=R38
Removed Member From Class: ClassName=SM3320-BATT-EV Member=R39
Removed Member From Class: ClassName=SM3320-BATT-EV Member=R40
Removed Member From Class: ClassName=SM3320-BATT-EV Member=R41
Removed Member From Class: ClassName=SM3320-BATT-EV Member=R45
Removed Member From Class: ClassName=SM3320-BATT-EV Member=R47
Removed Member From Class: ClassName=SM3320-BATT-EV Member=R48
Removed Member From Class: ClassName=SM3320-BATT-EV Member=R100
Removed Member From Class: ClassName=SM3320-BATT-EV Member=R101
Removed Member From Class: ClassName=SM3320-BATT-EV Member=R102
Removed Member From Class: ClassName=SM3320-BATT-EV Member=R103
Removed Member From Class: ClassName=SM3320-BATT-EV Member=R_1A_a
Removed Member From Class: ClassName=SM3320-BATT-EV Member=R_1A_b
Removed Member From Class: ClassName=SM3320-BATT-EV Member=R_1A_c
Removed Member From Class: ClassName=SM3320-BATT-EV Member=R_1B_a
Removed Member From Class: ClassName=SM3320-BATT-EV Member=R_1B_b
Removed Member From Class: ClassName=SM3320-BATT-EV Member=R_1B_c
Removed Member From Class: ClassName=SM3320-BATT-EV Member=R_LEDA_O
Removed Member From Class: ClassName=SM3320-BATT-EV Member=R_LEDB_O
Removed Member From Class: ClassName=SM3320-BATT-EV Member=Rnc4
Removed Member From Class: ClassName=SM3320-BATT-EV Member=Rsu1
Removed Member From Class: ClassName=SM3320-BATT-EV Member=Rsu2
Removed Member From Class: ClassName=SM3320-BATT-EV Member=Rsu3
Removed Member From Class: ClassName=SM3320-BATT-EV Member=Rsu4
Removed Member From Class: ClassName=SM3320-BATT-EV Member=Rsu5
Removed Member From Class: ClassName=SM3320-BATT-EV Member=U8
Added Pin To Net: NetName=VIN_N Pin=C1-2
Added Pin To Net: NetName=VIN_N Pin=C16-2
Added Pin To Net: NetName=VIN_N Pin=C20-2
Added Pin To Net: NetName=VIN_N Pin=C25-2
Added Pin To Net: NetName=VIN_N Pin=C27-2
Added Pin To Net: NetName=VIN_N Pin=C28-2
Added Pin To Net: NetName=VIN_N Pin=C30-2
Added Pin To Net: NetName=VIN_N Pin=C36-2
Added Pin To Net: NetName=VIN_N Pin=C44-2
Added Pin To Net: NetName=VIN_P Pin=C54-2
Added Pin To Net: NetName=VIN_P Pin=C55-2
Added Pin To Net: NetName=VIN_P Pin=C58-2
Added Pin To Net: NetName=VIN_P Pin=C61-2
Added Pin To Net: NetName=VIN_N Pin=C410-2
Added Pin To Net: NetName=VIN_N Pin=C450-2
Added Pin To Net: NetName=VIN_N Pin=C470-2
Added Pin To Net: NetName=VIN_N Pin=Dtg2-1
Added Pin To Net: NetName=VIN_N Pin=Qtg2-2
