P-CAD Schematic ASCII File Export Log :
   Current document: C:\git\ramptastic\ramptronix\low_l_bridge\PCAD_ASCII.sch
   BeginLog
      Information : 
      Information :   Start exporting symbols
      Information :    Exporting symbol definition(s) for component [MRF6432(2512)LR001FTS]
      Warning :     Symbol name [MRF6432(2512)LR001FTS], mode [Normal], part [1] changed to [MRF6432(2512)LR001FTS_1_N]
      Information :    Exporting symbol definition(s) for component [19-217/BHC-ZL1M2RY/3T]
      Warning :     Symbol name [19-217/BHC-ZL1M2RY/3T], mode [Normal], part [1] changed to [19-217/BHC-ZL1M2RY/3T_1_N]
      Information :    Exporting symbol definition(s) for component [19-21UYC/S530-A4/TR8]
      Warning :     Symbol name [19-21UYC/S530-A4/TR8], mode [Normal], part [1] changed to [19-21UYC/S530-A4/TR8_1_N]
      Information :    Exporting symbol definition(s) for component [C3225C0G2E103JT000N]
      Warning :     Symbol name [C3225C0G2E103JT000N], mode [Normal], part [1] changed to [C3225C0G2E103JT000N_1_N]
      Information :    Exporting symbol definition(s) for component [C1608C0G1H103JT000N]
      Warning :     Symbol name [C1608C0G1H103JT000N], mode [Normal], part [1] changed to [C1608C0G1H103JT000N_1_N]
      Information :    Exporting symbol definition(s) for component [19-217/GHC-YR1S2/3T]
      Warning :     Symbol name [19-217/GHC-YR1S2/3T], mode [Normal], part [1] changed to [19-217/GHC-YR1S2/3T_1_N]
      Information :    Exporting symbol definition(s) for component [918-418K2023S40001]
      Warning :     Symbol name [918-418K2023S40001], mode [Normal], part [1] changed to [918-418K2023S40001_1_N]
      Warning :     Round rectangle [-500mil : -1000mil]-[500mil : 1100mil] exported as lines.
      Information :    Exporting symbol definition(s) for component [400BXW100MEFR16X30]
      Warning :     Symbol name [400BXW100MEFR16X30], mode [Normal], part [1] changed to [400BXW100MEFR16X30_1_N]
      Information :    Exporting symbol definition(s) for component [CC0603KRX7R9BB104]
      Warning :     Symbol name [CC0603KRX7R9BB104], mode [Normal], part [1] changed to [CC0603KRX7R9BB104_1_N]
      Information :    Exporting symbol definition(s) for component [VZH470M2ATR-1010]
      Warning :     Symbol name [VZH470M2ATR-1010], mode [Normal], part [1] changed to [VZH470M2ATR-1010_1_N]
      Information :    Exporting symbol definition(s) for component [LT8705IUHF#TRPBF]
      Warning :     Symbol name [LT8705IUHF#TRPBF], mode [Normal], part [1] changed to [LT8705IUHF#TRPBF_1_N]
      Warning :     Rectangle [-800mil : -1700mil]-[800mil : 1700mil] exported as lines.
      Information :    Exporting symbol definition(s) for component [SWRB1207S-221MT]
      Warning :     Symbol name [SWRB1207S-221MT], mode [Normal], part [1] changed to [SWRB1207S-221MT_1_N]
      Information :    Exporting symbol definition(s) for component [SDFL1608S100KTF]
      Warning :     Symbol name [SDFL1608S100KTF], mode [Normal], part [1] changed to [SDFL1608S100KTF_1_N]
      Information :    Exporting symbol definition(s) for component [SDFL1005Q1R0KTF]
      Warning :     Symbol name [SDFL1005Q1R0KTF], mode [Normal], part [1] changed to [SDFL1005Q1R0KTF_1_N]
      Information :    Exporting symbol definition(s) for component [Q13FC1350000400]
      Warning :     Symbol name [Q13FC1350000400], mode [Normal], part [1] changed to [Q13FC1350000400_1_N]
      Information :    Exporting symbol definition(s) for component [NCP15XH103F03RC]
      Warning :     Symbol name [NCP15XH103F03RC], mode [Normal], part [1] changed to [NCP15XH103F03RC_1_N]
      Information :    Exporting symbol definition(s) for component [MWSA1205S-100MT]
      Warning :     Symbol name [MWSA1205S-100MT], mode [Normal], part [1] changed to [MWSA1205S-100MT_1_N]
      Information :    Exporting symbol definition(s) for component [KH-SMA-K513-G_1]
      Warning :     Symbol name [KH-SMA-K513-G_1], mode [Normal], part [1] changed to [KH-SMA-K513-G_1_1_N]
      Warning :     Rectangle [-200mil : -200mil]-[200mil : 200mil] exported as lines.
      Information :    Exporting symbol definition(s) for component [IRF9540NSTRLPBF]
      Warning :     Symbol name [IRF9540NSTRLPBF], mode [Normal], part [1] changed to [IRF9540NSTRLPBF_1_N]
      Information :    Exporting symbol definition(s) for component [FMF25FPJR005-LH]
      Warning :     Symbol name [FMF25FPJR005-LH], mode [Normal], part [1] changed to [FMF25FPJR005-LH_1_N]
      Information :    Exporting symbol definition(s) for component [FM-B2020RGBA-HG]
      Warning :     Symbol name [FM-B2020RGBA-HG], mode [Normal], part [1] changed to [FM-B2020RGBA-HG_1_N]
      Information :    Exporting symbol definition(s) for component [EWSL2512F1L00S9]
      Warning :     Symbol name [EWSL2512F1L00S9], mode [Normal], part [1] changed to [EWSL2512F1L00S9_1_N]
      Information :    Exporting symbol definition(s) for component [EL357N(C)(TA)-G]
      Warning :     Symbol name [EL357N(C)(TA)-G], mode [Normal], part [1] changed to [EL357N(C)(TA)-G_1_N]
      Warning :     Rectangle [-350mil : -250mil]-[350mil : 250mil] exported as lines.
      Information :    Exporting symbol definition(s) for component [CMI321609X100KT]
      Warning :     Symbol name [CMI321609X100KT], mode [Normal], part [1] changed to [CMI321609X100KT_1_N]
      Information :    Exporting symbol definition(s) for component [CMI321609U4R7KT]
      Warning :     Symbol name [CMI321609U4R7KT], mode [Normal], part [1] changed to [CMI321609U4R7KT_1_N]
      Information :    Exporting symbol definition(s) for component [CL31B225KBHNNNE]
      Warning :     Symbol name [CL31B225KBHNNNE], mode [Normal], part [1] changed to [CL31B225KBHNNNE_1_N]
      Information :    Exporting symbol definition(s) for component [CL31A106KBHNNNE]
      Warning :     Symbol name [CL31A106KBHNNNE], mode [Normal], part [1] changed to [CL31A106KBHNNNE_1_N]
      Information :    Exporting symbol definition(s) for component [CL21B104KCFNNNE]
      Warning :     Symbol name [CL21B104KCFNNNE], mode [Normal], part [1] changed to [CL21B104KCFNNNE_1_N]
      Information :    Exporting symbol definition(s) for component [CL21A106KAYNNNE]
      Warning :     Symbol name [CL21A106KAYNNNE], mode [Normal], part [1] changed to [CL21A106KAYNNNE_1_N]
      Information :    Exporting symbol definition(s) for component [CL10C331JB8NNNC]
      Warning :     Symbol name [CL10C331JB8NNNC], mode [Normal], part [1] changed to [CL10C331JB8NNNC_1_N]
      Information :    Exporting symbol definition(s) for component [CL10B474KA8NNNC]
      Warning :     Symbol name [CL10B474KA8NNNC], mode [Normal], part [1] changed to [CL10B474KA8NNNC_1_N]
      Information :    Exporting symbol definition(s) for component [CL10A105KB8NNNC]
      Warning :     Symbol name [CL10A105KB8NNNC], mode [Normal], part [1] changed to [CL10A105KB8NNNC_1_N]
      Information :    Exporting symbol definition(s) for component [CL05B332KB5NNNC]
      Warning :     Symbol name [CL05B332KB5NNNC], mode [Normal], part [1] changed to [CL05B332KB5NNNC_1_N]
      Information :    Exporting symbol definition(s) for component [CL05B224KO5NNNC]
      Warning :     Symbol name [CL05B224KO5NNNC], mode [Normal], part [1] changed to [CL05B224KO5NNNC_1_N]
      Information :    Exporting symbol definition(s) for component [CL05B152KB5NNNC]
      Warning :     Symbol name [CL05B152KB5NNNC], mode [Normal], part [1] changed to [CL05B152KB5NNNC_1_N]
      Information :    Exporting symbol definition(s) for component [CL05B104KO5NNNC]
      Warning :     Symbol name [CL05B104KO5NNNC], mode [Normal], part [1] changed to [CL05B104KO5NNNC_1_N]
      Information :    Exporting symbol definition(s) for component [CL05B103KB5NNNC]
      Warning :     Symbol name [CL05B103KB5NNNC], mode [Normal], part [1] changed to [CL05B103KB5NNNC_1_N]
      Information :    Exporting symbol definition(s) for component [CL05A475MP5NRNC]
      Warning :     Symbol name [CL05A475MP5NRNC], mode [Normal], part [1] changed to [CL05A475MP5NRNC_1_N]
      Information :    Exporting symbol definition(s) for component [CL05A474KP5NNNC]
      Warning :     Symbol name [CL05A474KP5NNNC], mode [Normal], part [1] changed to [CL05A474KP5NNNC_1_N]
      Information :    Exporting symbol definition(s) for component [CL05A106MQ5NUNC]
      Warning :     Symbol name [CL05A106MQ5NUNC], mode [Normal], part [1] changed to [CL05A106MQ5NUNC_1_N]
      Information :    Exporting symbol definition(s) for component [CL05A105KA5NQNC]
      Warning :     Symbol name [CL05A105KA5NQNC], mode [Normal], part [1] changed to [CL05A105KA5NQNC_1_N]
      Information :    Exporting symbol definition(s) for component [AP2127K-3.3TRG1]
      Warning :     Symbol name [AP2127K-3.3TRG1], mode [Normal], part [1] changed to [AP2127K-3.3TRG1_1_N]
      Warning :     Rectangle [-300mil : -200mil]-[300mil : 200mil] exported as lines.
      Information :    Exporting symbol definition(s) for component [1206CG104J500NT]
      Warning :     Symbol name [1206CG104J500NT], mode [Normal], part [1] changed to [1206CG104J500NT_1_N]
      Information :    Exporting symbol definition(s) for component [0402CG6R8C500NT]
      Warning :     Symbol name [0402CG6R8C500NT], mode [Normal], part [1] changed to [0402CG6R8C500NT_1_N]
      Information :    Exporting symbol definition(s) for component [0402CG560J500NT]
      Warning :     Symbol name [0402CG560J500NT], mode [Normal], part [1] changed to [0402CG560J500NT_1_N]
      Information :    Exporting symbol definition(s) for component [0402CG470J500NT]
      Warning :     Symbol name [0402CG470J500NT], mode [Normal], part [1] changed to [0402CG470J500NT_1_N]
      Information :    Exporting symbol definition(s) for component [0402CG120J500NT]
      Warning :     Symbol name [0402CG120J500NT], mode [Normal], part [1] changed to [0402CG120J500NT_1_N]
      Information :    Exporting symbol definition(s) for component [0402CG101J500NT]
      Warning :     Symbol name [0402CG101J500NT], mode [Normal], part [1] changed to [0402CG101J500NT_1_N]
      Information :    Exporting symbol definition(s) for component [TS-1187A-C-C-B]
      Warning :     Symbol name [TS-1187A-C-C-B], mode [Normal], part [1] changed to [TS-1187A-C-C-B_1_N]
      Information :    Exporting symbol definition(s) for component [TAJB107K006RNJ]
      Warning :     Symbol name [TAJB107K006RNJ], mode [Normal], part [1] changed to [TAJB107K006RNJ_1_N]
      Information :    Exporting symbol definition(s) for component [SI82392BB-IS1R]
      Warning :     Symbol name [SI82392BB-IS1R], mode [Normal], part [1] changed to [SI82392BB-IS1R_1_N]
      Warning :     Rectangle [-350mil : -450mil]-[350mil : 450mil] exported as lines.
      Information :    Exporting symbol definition(s) for component [MWSA1004-150MT]
      Warning :     Symbol name [MWSA1004-150MT], mode [Normal], part [1] changed to [MWSA1004-150MT_1_N]
      Information :    Exporting symbol definition(s) for component [LM5017MRX/NOPB]
      Warning :     Symbol name [LM5017MRX/NOPB], mode [Normal], part [1] changed to [LM5017MRX/NOPB_1_N]
      Warning :     Rectangle [-300mil : -250mil]-[300mil : 250mil] exported as lines.
      Information :    Exporting symbol definition(s) for component [LM5008MMX/NOPB]
      Warning :     Symbol name [LM5008MMX/NOPB], mode [Normal], part [1] changed to [LM5008MMX/NOPB_1_N]
      Warning :     Rectangle [-500mil : -500mil]-[500mil : 500mil] exported as lines.
      Information :    Exporting symbol definition(s) for component [DS1023-2*5SF11]
      Warning :     Symbol name [DS1023-2*5SF11], mode [Normal], part [1] changed to [DS1023-2*5SF11_1_N]
      Warning :     Rectangle [-250mil : -550mil]-[250mil : 550mil] exported as lines.
      Information :    Exporting symbol definition(s) for component [74HC4067PW,118]
      Warning :     Symbol name [74HC4067PW,118], mode [Normal], part [1] changed to [74HC4067PW,118_1_N]
      Warning :     Rectangle [-350mil : -900mil]-[350mil : 900mil] exported as lines.
      Information :    Exporting symbol definition(s) for component [1206W4F100LT5E]
      Warning :     Symbol name [1206W4F100LT5E], mode [Normal], part [1] changed to [1206W4F100LT5E_1_N]
      Information :    Exporting symbol definition(s) for component [1206W4F100KT5E]
      Warning :     Symbol name [1206W4F100KT5E], mode [Normal], part [1] changed to [1206W4F100KT5E_1_N]
      Information :    Exporting symbol definition(s) for component [1206W4F100JT5E]
      Warning :     Symbol name [1206W4F100JT5E], mode [Normal], part [1] changed to [1206W4F100JT5E_1_N]
      Information :    Exporting symbol definition(s) for component [1206W4F1003T5E]
      Warning :     Symbol name [1206W4F1003T5E], mode [Normal], part [1] changed to [1206W4F1003T5E_1_N]
      Information :    Exporting symbol definition(s) for component [1206B105K101NT]
      Warning :     Symbol name [1206B105K101NT], mode [Normal], part [1] changed to [1206B105K101NT_1_N]
      Information :    Exporting symbol definition(s) for component [1206B102K202NT]
      Warning :     Symbol name [1206B102K202NT], mode [Normal], part [1] changed to [1206B102K202NT_1_N]
      Information :    Exporting symbol definition(s) for component [0805W8F4702T5E]
      Warning :     Symbol name [0805W8F4702T5E], mode [Normal], part [1] changed to [0805W8F4702T5E_1_N]
      Information :    Exporting symbol definition(s) for component [0805F225M500NT]
      Warning :     Symbol name [0805F225M500NT], mode [Normal], part [1] changed to [0805F225M500NT_1_N]
      Information :    Exporting symbol definition(s) for component [0603WAF6802T5E]
      Warning :     Symbol name [0603WAF6802T5E], mode [Normal], part [1] changed to [0603WAF6802T5E_1_N]
      Information :    Exporting symbol definition(s) for component [0603WAF6800T5E]
      Warning :     Symbol name [0603WAF6800T5E], mode [Normal], part [1] changed to [0603WAF6800T5E_1_N]
      Information :    Exporting symbol definition(s) for component [0603WAF5602T5E]
      Warning :     Symbol name [0603WAF5602T5E], mode [Normal], part [1] changed to [0603WAF5602T5E_1_N]
      Information :    Exporting symbol definition(s) for component [0603WAF4701T5E]
      Warning :     Symbol name [0603WAF4701T5E], mode [Normal], part [1] changed to [0603WAF4701T5E_1_N]
      Information :    Exporting symbol definition(s) for component [0603WAF4302T5E]
      Warning :     Symbol name [0603WAF4302T5E], mode [Normal], part [1] changed to [0603WAF4302T5E_1_N]
      Information :    Exporting symbol definition(s) for component [0603WAF3902T5E]
      Warning :     Symbol name [0603WAF3902T5E], mode [Normal], part [1] changed to [0603WAF3902T5E_1_N]
      Information :    Exporting symbol definition(s) for component [0603WAF3603T5E]
      Warning :     Symbol name [0603WAF3603T5E], mode [Normal], part [1] changed to [0603WAF3603T5E_1_N]
      Information :    Exporting symbol definition(s) for component [0603WAF2703T5E]
      Warning :     Symbol name [0603WAF2703T5E], mode [Normal], part [1] changed to [0603WAF2703T5E_1_N]
      Information :    Exporting symbol definition(s) for component [0603WAF2701T5E]
      Warning :     Symbol name [0603WAF2701T5E], mode [Normal], part [1] changed to [0603WAF2701T5E_1_N]
      Information :    Exporting symbol definition(s) for component [0603WAF1603T5E]
      Warning :     Symbol name [0603WAF1603T5E], mode [Normal], part [1] changed to [0603WAF1603T5E_1_N]
      Information :    Exporting symbol definition(s) for component [0603WAF1302T5E]
      Warning :     Symbol name [0603WAF1302T5E], mode [Normal], part [1] changed to [0603WAF1302T5E_1_N]
      Information :    Exporting symbol definition(s) for component [0603WAF100KT5E]
      Warning :     Symbol name [0603WAF100KT5E], mode [Normal], part [1] changed to [0603WAF100KT5E_1_N]
      Information :    Exporting symbol definition(s) for component [0603WAF1004T5E]
      Warning :     Symbol name [0603WAF1004T5E], mode [Normal], part [1] changed to [0603WAF1004T5E_1_N]
      Information :    Exporting symbol definition(s) for component [0603WAF1002T5E]
      Warning :     Symbol name [0603WAF1002T5E], mode [Normal], part [1] changed to [0603WAF1002T5E_1_N]
      Information :    Exporting symbol definition(s) for component [0603WAF1001T5E]
      Warning :     Symbol name [0603WAF1001T5E], mode [Normal], part [1] changed to [0603WAF1001T5E_1_N]
      Information :    Exporting symbol definition(s) for component [0603WAF0000T5E]
      Warning :     Symbol name [0603WAF0000T5E], mode [Normal], part [1] changed to [0603WAF0000T5E_1_N]
      Information :    Exporting symbol definition(s) for component [0603B681K500NT]
      Warning :     Symbol name [0603B681K500NT], mode [Normal], part [1] changed to [0603B681K500NT_1_N]
      Information :    Exporting symbol definition(s) for component [0603B153K500NT]
      Warning :     Symbol name [0603B153K500NT], mode [Normal], part [1] changed to [0603B153K500NT_1_N]
      Information :    Exporting symbol definition(s) for component [0402WGF6802TCE]
      Warning :     Symbol name [0402WGF6802TCE], mode [Normal], part [1] changed to [0402WGF6802TCE_1_N]
      Information :    Exporting symbol definition(s) for component [0402WGF5602TCE]
      Warning :     Symbol name [0402WGF5602TCE], mode [Normal], part [1] changed to [0402WGF5602TCE_1_N]
      Information :    Exporting symbol definition(s) for component [0402WGF5102TCE]
      Warning :     Symbol name [0402WGF5102TCE], mode [Normal], part [1] changed to [0402WGF5102TCE_1_N]
      Information :    Exporting symbol definition(s) for component [0402WGF5101TCE]
      Warning :     Symbol name [0402WGF5101TCE], mode [Normal], part [1] changed to [0402WGF5101TCE_1_N]
      Information :    Exporting symbol definition(s) for component [0402WGF470JTCE]
      Warning :     Symbol name [0402WGF470JTCE], mode [Normal], part [1] changed to [0402WGF470JTCE_1_N]
      Information :    Exporting symbol definition(s) for component [0402WGF4702TCE]
      Warning :     Symbol name [0402WGF4702TCE], mode [Normal], part [1] changed to [0402WGF4702TCE_1_N]
      Information :    Exporting symbol definition(s) for component [0402WGF4701TCE]
      Warning :     Symbol name [0402WGF4701TCE], mode [Normal], part [1] changed to [0402WGF4701TCE_1_N]
      Information :    Exporting symbol definition(s) for component [0402WGF3902TCE]
      Warning :     Symbol name [0402WGF3902TCE], mode [Normal], part [1] changed to [0402WGF3902TCE_1_N]
      Information :    Exporting symbol definition(s) for component [0402WGF3901TCE]
      Warning :     Symbol name [0402WGF3901TCE], mode [Normal], part [1] changed to [0402WGF3901TCE_1_N]
      Information :    Exporting symbol definition(s) for component [0402WGF3303TCE]
      Warning :     Symbol name [0402WGF3303TCE], mode [Normal], part [1] changed to [0402WGF3303TCE_1_N]
      Information :    Exporting symbol definition(s) for component [0402WGF3302TCE]
      Warning :     Symbol name [0402WGF3302TCE], mode [Normal], part [1] changed to [0402WGF3302TCE_1_N]
      Information :    Exporting symbol definition(s) for component [0402WGF3301TCE]
      Warning :     Symbol name [0402WGF3301TCE], mode [Normal], part [1] changed to [0402WGF3301TCE_1_N]
      Information :    Exporting symbol definition(s) for component [0402WGF3300TCE]
      Warning :     Symbol name [0402WGF3300TCE], mode [Normal], part [1] changed to [0402WGF3300TCE_1_N]
      Information :    Exporting symbol definition(s) for component [0402WGF220JTCE]
      Warning :     Symbol name [0402WGF220JTCE], mode [Normal], part [1] changed to [0402WGF220JTCE_1_N]
      Information :    Exporting symbol definition(s) for component [0402WGF2203TCE]
      Warning :     Symbol name [0402WGF2203TCE], mode [Normal], part [1] changed to [0402WGF2203TCE_1_N]
      Information :    Exporting symbol definition(s) for component [0402WGF2202TCE]
      Warning :     Symbol name [0402WGF2202TCE], mode [Normal], part [1] changed to [0402WGF2202TCE_1_N]
      Information :    Exporting symbol definition(s) for component [0402WGF2201TCE]
      Warning :     Symbol name [0402WGF2201TCE], mode [Normal], part [1] changed to [0402WGF2201TCE_1_N]
      Information :    Exporting symbol definition(s) for component [0402WGF2200TCE]
      Warning :     Symbol name [0402WGF2200TCE], mode [Normal], part [1] changed to [0402WGF2200TCE_1_N]
      Information :    Exporting symbol definition(s) for component [0402WGF2003TCE]
      Warning :     Symbol name [0402WGF2003TCE], mode [Normal], part [1] changed to [0402WGF2003TCE_1_N]
      Information :    Exporting symbol definition(s) for component [0402WGF2002TCE]
      Warning :     Symbol name [0402WGF2002TCE], mode [Normal], part [1] changed to [0402WGF2002TCE_1_N]
      Information :    Exporting symbol definition(s) for component [0402WGF1802TCE]
      Warning :     Symbol name [0402WGF1802TCE], mode [Normal], part [1] changed to [0402WGF1802TCE_1_N]
      Information :    Exporting symbol definition(s) for component [0402WGF1503TCE]
      Warning :     Symbol name [0402WGF1503TCE], mode [Normal], part [1] changed to [0402WGF1503TCE_1_N]
      Information :    Exporting symbol definition(s) for component [0402WGF1502TCE]
      Warning :     Symbol name [0402WGF1502TCE], mode [Normal], part [1] changed to [0402WGF1502TCE_1_N]
      Information :    Exporting symbol definition(s) for component [0402WGF1501TCE]
      Warning :     Symbol name [0402WGF1501TCE], mode [Normal], part [1] changed to [0402WGF1501TCE_1_N]
      Information :    Exporting symbol definition(s) for component [0402WGF1202TCE]
      Warning :     Symbol name [0402WGF1202TCE], mode [Normal], part [1] changed to [0402WGF1202TCE_1_N]
      Information :    Exporting symbol definition(s) for component [0402WGF1200TCE]
      Warning :     Symbol name [0402WGF1200TCE], mode [Normal], part [1] changed to [0402WGF1200TCE_1_N]
      Information :    Exporting symbol definition(s) for component [0402WGF100JTCE]
      Warning :     Symbol name [0402WGF100JTCE], mode [Normal], part [1] changed to [0402WGF100JTCE_1_N]
      Information :    Exporting symbol definition(s) for component [0402WGF1004TCE]
      Warning :     Symbol name [0402WGF1004TCE], mode [Normal], part [1] changed to [0402WGF1004TCE_1_N]
      Information :    Exporting symbol definition(s) for component [0402WGF1003TCE]
      Warning :     Symbol name [0402WGF1003TCE], mode [Normal], part [1] changed to [0402WGF1003TCE_1_N]
      Information :    Exporting symbol definition(s) for component [0402WGF1002TCE]
      Warning :     Symbol name [0402WGF1002TCE], mode [Normal], part [1] changed to [0402WGF1002TCE_1_N]
      Information :    Exporting symbol definition(s) for component [0402WGF1001TCE]
      Warning :     Symbol name [0402WGF1001TCE], mode [Normal], part [1] changed to [0402WGF1001TCE_1_N]
      Information :    Exporting symbol definition(s) for component [0402WGF1000TCE]
      Warning :     Symbol name [0402WGF1000TCE], mode [Normal], part [1] changed to [0402WGF1000TCE_1_N]
      Information :    Exporting symbol definition(s) for component [0402WGF0000TCE]
      Warning :     Symbol name [0402WGF0000TCE], mode [Normal], part [1] changed to [0402WGF0000TCE_1_N]
      Information :    Exporting symbol definition(s) for component [0402B682K500NT]
      Warning :     Symbol name [0402B682K500NT], mode [Normal], part [1] changed to [0402B682K500NT_1_N]
      Information :    Exporting symbol definition(s) for component [0402B223K500NT]
      Warning :     Symbol name [0402B223K500NT], mode [Normal], part [1] changed to [0402B223K500NT_1_N]
      Information :    Exporting symbol definition(s) for component [0402B222K500NT]
      Warning :     Symbol name [0402B222K500NT], mode [Normal], part [1] changed to [0402B222K500NT_1_N]
      Information :    Exporting symbol definition(s) for component [0402B221K500NT]
      Warning :     Symbol name [0402B221K500NT], mode [Normal], part [1] changed to [0402B221K500NT_1_N]
      Information :    Exporting symbol definition(s) for component [0402B151K500NT]
      Warning :     Symbol name [0402B151K500NT], mode [Normal], part [1] changed to [0402B151K500NT_1_N]
      Information :    Exporting symbol definition(s) for component [0402B102K500NT]
      Warning :     Symbol name [0402B102K500NT], mode [Normal], part [1] changed to [0402B102K500NT_1_N]
      Information :    Exporting symbol definition(s) for component [X322512MSB4SI]
      Warning :     Symbol name [X322512MSB4SI], mode [Normal], part [1] changed to [X322512MSB4SI_1_N]
      Warning :     Rectangle [-200mil : -150mil]-[200mil : 250mil] exported as lines.
      Information :    Exporting symbol definition(s) for component [STM32F405RGT6]
      Warning :     Symbol name [STM32F405RGT6], mode [Normal], part [1] changed to [STM32F405RGT6_1_N]
      Warning :     Rectangle [0mil : -4400mil]-[1600mil : 0mil] exported as lines.
      Information :    Exporting symbol definition(s) for component [STM32F103RGT6]
      Warning :     Symbol name [STM32F103RGT6], mode [Normal], part [1] changed to [STM32F103RGT6_1_N]
      Warning :     Rectangle [0mil : -4400mil]-[1600mil : 0mil] exported as lines.
      Information :    Exporting symbol definition(s) for component [LM317AG-TN3-R]
      Warning :     Symbol name [LM317AG-TN3-R], mode [Normal], part [1] changed to [LM317AG-TN3-R_1_N]
      Warning :     Rectangle [-300mil : -200mil]-[300mil : 200mil] exported as lines.
      Information :    Exporting symbol definition(s) for component [L78M05ABDT-TR]
      Warning :     Symbol name [L78M05ABDT-TR], mode [Normal], part [1] changed to [L78M05ABDT-TR_1_N]
      Warning :     Rectangle [-300mil : -200mil]-[300mil : 200mil] exported as lines.
      Information :    Exporting symbol definition(s) for component [KS18650X2-SMT]
      Warning :     Symbol name [KS18650X2-SMT], mode [Normal], part [1] changed to [KS18650X2-SMT_1_N]
      Information :    Exporting symbol definition(s) for component [Keystone 1048]
      Warning :     Symbol name [Keystone 1048], mode [Normal], part [1] changed to [Keystone_1048_1_N]
      Information :    Exporting symbol definition(s) for component [IR21814STRPBF]
      Warning :     Symbol name [IR21814STRPBF], mode [Normal], part [1] changed to [IR21814STRPBF_1_N]
      Warning :     Rectangle [-350mil : -400mil]-[350mil : 400mil] exported as lines.
      Information :    Exporting symbol definition(s) for component [INA199A2ADCKR]
      Warning :     Symbol name [INA199A2ADCKR], mode [Normal], part [1] changed to [INA199A2ADCKR_1_N]
      Warning :     Rectangle [-300mil : -250mil]-[300mil : 250mil] exported as lines.
      Information :    Exporting symbol definition(s) for component [BQ7694002DBTR]
      Warning :     Symbol name [BQ7694002DBTR], mode [Normal], part [1] changed to [BQ7694002DBTR_1_N]
      Warning :     Rectangle [-600mil : -1500mil]-[600mil : 1500mil] exported as lines.
      Information :    Exporting symbol definition(s) for component [XC6206P332MR]
      Warning :     Symbol name [XC6206P332MR], mode [Normal], part [1] changed to [XC6206P332MR_1_N]
      Warning :     Rectangle [-300mil : -200mil]-[300mil : 200mil] exported as lines.
      Information :    Exporting symbol definition(s) for component [X50328MSB2GI]
      Warning :     Symbol name [X50328MSB2GI], mode [Normal], part [1] changed to [X50328MSB2GI_1_N]
      Information :    Exporting symbol definition(s) for component [PJM2301PSA-S]
      Warning :     Symbol name [PJM2301PSA-S], mode [Normal], part [1] changed to [PJM2301PSA-S_1_N]
      Information :    Exporting symbol definition(s) for component [MAX31856MUD+]
      Warning :     Symbol name [MAX31856MUD+], mode [Normal], part [1] changed to [MAX31856MUD+_1_N]
      Warning :     Rectangle [-350mil : -350mil]-[350mil : 450mil] exported as lines.
      Information :    Exporting symbol definition(s) for component [IR2010STRPBF]
      Warning :     Symbol name [IR2010STRPBF], mode [Normal], part [1] changed to [IR2010STRPBF_1_N]
      Warning :     Rectangle [-350mil : -400mil]-[350mil : 400mil] exported as lines.
      Information :    Exporting symbol definition(s) for component [IPD034N06N3G]
      Warning :     Symbol name [IPD034N06N3G], mode [Normal], part [1] changed to [IPD034N06N3G_1_N]
      Information :    Exporting symbol definition(s) for component [INA199A1DCKR]
      Warning :     Symbol name [INA199A1DCKR], mode [Normal], part [1] changed to [INA199A1DCKR_1_N]
      Warning :     Rectangle [-300mil : -250mil]-[300mil : 250mil] exported as lines.
      Information :    Exporting symbol definition(s) for component [GD32F405RGT6]
      Warning :     Symbol name [GD32F405RGT6], mode [Normal], part [1] changed to [GD32F405RGT6_1_N]
      Warning :     Rectangle [0mil : -4400mil]-[1600mil : 0mil] exported as lines.
      Information :    Exporting symbol definition(s) for component [GD32F103RGT6]
      Warning :     Symbol name [GD32F103RGT6], mode [Normal], part [1] changed to [GD32F103RGT6_1_N]
      Warning :     Rectangle [0mil : -4400mil]-[1600mil : 0mil] exported as lines.
      Information :    Exporting symbol definition(s) for component [GD32F103CBT6]
      Warning :     Symbol name [GD32F103CBT6], mode [Normal], part [1] changed to [GD32F103CBT6_1_N]
      Warning :     Rectangle [-650mil : -1700mil]-[650mil : 1700mil] exported as lines.
      Information :    Exporting symbol definition(s) for component [BITSNAP_GF_B]
      Warning :     Symbol name [BITSNAP_GF_B], mode [Normal], part [1] changed to [BITSNAP_GF_B_1_N]
      Warning :     Rectangle [-800mil : -1850mil]-[800mil : 1850mil] exported as lines.
      Information :    Exporting symbol definition(s) for component [78L12G-AB3-R]
      Warning :     Symbol name [78L12G-AB3-R], mode [Normal], part [1] changed to [78L12G-AB3-R_1_N]
      Warning :     Rectangle [-300mil : -200mil]-[300mil : 200mil] exported as lines.
      Information :    Exporting symbol definition(s) for component [78L05G-AB3-R]
      Warning :     Symbol name [78L05G-AB3-R], mode [Normal], part [1] changed to [78L05G-AB3-R_1_N]
      Warning :     Rectangle [-300mil : -200mil]-[300mil : 200mil] exported as lines.
      Information :    Exporting symbol definition(s) for component [SS36-E3/57T]
      Warning :     Symbol name [SS36-E3/57T], mode [Normal], part [1] changed to [SS36-E3/57T_1_N]
      Information :    Exporting symbol definition(s) for component [NGFF_MALE_B]
      Warning :     Symbol name [NGFF_MALE_B], mode [Normal], part [1] changed to [NGFF_MALE_B_1_N]
      Warning :     Rectangle [-300mil : -1850mil]-[300mil : 1850mil] exported as lines.
      Information :    Exporting symbol definition(s) for component [FUSB302BMPX]
      Warning :     Symbol name [FUSB302BMPX], mode [Normal], part [1] changed to [FUSB302BMPX_1_N]
      Warning :     Rectangle [-400mil : -500mil]-[400mil : 500mil] exported as lines.
      Information :    Exporting symbol definition(s) for component [DRV8301DCAR]
      Warning :     Symbol name [DRV8301DCAR], mode [Normal], part [1] changed to [DRV8301DCAR_1_N]
      Warning :     Rectangle [-700mil : -1400mil]-[700mil : 1500mil] exported as lines.
      Information :    Exporting symbol definition(s) for component [AMS1117-3.3]
      Warning :     Symbol name [AMS1117-3.3], mode [Normal], part [1] changed to [AMS1117-3.3_1_N]
      Warning :     Rectangle [-300mil : -200mil]-[300mil : 200mil] exported as lines.
      Information :    Exporting symbol definition(s) for component [MP1907GQ-Z]
      Warning :     Symbol name [MP1907GQ-Z], mode [Normal], part [1] changed to [MP1907GQ-Z_1_N]
      Warning :     Rectangle [-300mil : -300mil]-[300mil : 300mil] exported as lines.
      Information :    Exporting symbol definition(s) for component [LM5176PWPR]
      Warning :     Symbol name [LM5176PWPR], mode [Normal], part [1] changed to [LM5176PWPR_1_N]
      Warning :     Rectangle [-500mil : -1300mil]-[500mil : 1300mil] exported as lines.
      Information :    Exporting symbol definition(s) for component [FDB33N25TM]
      Warning :     Symbol name [FDB33N25TM], mode [Normal], part [1] changed to [FDB33N25TM_1_N]
      Information :    Exporting symbol definition(s) for component [2-406549-1]
      Warning :     Symbol name [2-406549-1], mode [Normal], part [1] changed to [2-406549-1_1_N]
      Warning :     Rectangle [-250mil : -800mil]-[250mil : 800mil] exported as lines.
      Information :    Exporting symbol definition(s) for component [TL7705ACD]
      Warning :     Symbol name [TL7705ACD], mode [Normal], part [1] changed to [TL7705ACD_1_N]
      Warning :     Rectangle [-500mil : -400mil]-[500mil : 400mil] exported as lines.
      Information :    Exporting symbol definition(s) for component [NCE60P12K]
      Warning :     Symbol name [NCE60P12K], mode [Normal], part [1] changed to [NCE60P12K_1_N]
      Information :    Exporting symbol definition(s) for component [AO3401A_x]
      Warning :     Symbol name [AO3401A_x], mode [Normal], part [1] changed to [AO3401A_x_1_N]
      Information :    Exporting symbol definition(s) for component [3113-113T]
      Warning :     Symbol name [3113-113T], mode [Normal], part [1] changed to [3113-113T_1_N]
      Warning :     Rectangle [-300mil : -4300mil]-[300mil : 4300mil] exported as lines.
      Information :    Exporting symbol definition(s) for component [ZMM5V6-M]
      Warning :     Symbol name [ZMM5V6-M], mode [Normal], part [1] changed to [ZMM5V6-M_1_N]
      Information :    Exporting symbol definition(s) for component [XT60PW_M]
      Warning :     Symbol name [XT60PW_M], mode [Normal], part [1] changed to [XT60PW_M_1_N]
      Warning :     Rectangle [-100mil : -150mil]-[100mil : 150mil] exported as lines.
      Information :    Exporting symbol definition(s) for component [XT60PW_F]
      Warning :     Symbol name [XT60PW_F], mode [Normal], part [1] changed to [XT60PW_F_1_N]
      Warning :     Rectangle [-100mil : -150mil]-[100mil : 150mil] exported as lines.
      Information :    Exporting symbol definition(s) for component [TPS54560]
      Warning :     Symbol name [TPS54560], mode [Normal], part [1] changed to [TPS54560_1_N]
      Warning :     Rectangle [-300mil : -400mil]-[300mil : 400mil] exported as lines.
      Information :    Exporting symbol definition(s) for component [MMBT3904]
      Warning :     Symbol name [MMBT3904], mode [Normal], part [1] changed to [MMBT3904_1_N]
      Warning :     Elliptical arc at position [50mil : 0mil] converted to circular arc
      Information :    Exporting symbol definition(s) for component [L6470HTR]
      Warning :     Symbol name [L6470HTR], mode [Normal], part [1] changed to [L6470HTR_1_N]
      Warning :     Rectangle [-900mil : -1100mil]-[900mil : 1100mil] exported as lines.
      Information :    Exporting symbol definition(s) for component [KT-0603R]
      Warning :     Symbol name [KT-0603R], mode [Normal], part [1] changed to [KT-0603R_1_N]
      Information :    Exporting symbol definition(s) for component [HT7533-1]
      Warning :     Symbol name [HT7533-1], mode [Normal], part [1] changed to [HT7533-1_1_N]
      Warning :     Rectangle [-300mil : -200mil]-[300mil : 200mil] exported as lines.
      Information :    Exporting symbol definition(s) for component [FAN73901]
      Warning :     Symbol name [FAN73901], mode [Normal], part [1] changed to [FAN73901_1_N]
      Warning :     Rectangle [-300mil : -250mil]-[300mil : 250mil] exported as lines.
      Information :    Exporting symbol definition(s) for component [BPC-817S]
      Warning :     Symbol name [BPC-817S], mode [Normal], part [1] changed to [BPC-817S_1_N]
      Warning :     Rectangle [-200mil : -150mil]-[200mil : 150mil] exported as lines.
      Information :    Exporting symbol definition(s) for component [1N5819WS]
      Warning :     Symbol name [1N5819WS], mode [Normal], part [1] changed to [1N5819WS_1_N]
      Information :    Exporting symbol definition(s) for component [1N4148WS]
      Warning :     Symbol name [1N4148WS], mode [Normal], part [1] changed to [1N4148WS_1_N]
      Information :    Exporting symbol definition(s) for component [SM72295]
      Warning :     Symbol name [SM72295], mode [Normal], part [1] changed to [SM72295_1_N]
      Information :    Exporting symbol definition(s) for component [NET_TIE]
      Warning :     Symbol name [NET_TIE], mode [Normal], part [1] changed to [NET_TIE_1_N]
      Information :    Exporting symbol definition(s) for component [LM324DT]
      Warning :     Symbol name [LM324DT], mode [Normal], part [1] changed to [LM324DT_1_N]
      Warning :     Rectangle [-400mil : -400mil]-[400mil : 400mil] exported as lines.
      Information :    Exporting symbol definition(s) for component [HSS0127]
      Warning :     Symbol name [HSS0127], mode [Normal], part [1] changed to [HSS0127_1_N]
      Information :    Exporting symbol definition(s) for component [AO3401A]
      Warning :     Symbol name [AO3401A], mode [Normal], part [1] changed to [AO3401A_1_N]
      Information :    Exporting symbol definition(s) for component [ZMM5V1]
      Warning :     Symbol name [ZMM5V1], mode [Normal], part [1] changed to [ZMM5V1_1_N]
      Information :    Exporting symbol definition(s) for component [WS2811]
      Warning :     Symbol name [WS2811], mode [Normal], part [1] changed to [WS2811_1_N]
      Warning :     Rectangle [-350mil : -250mil]-[350mil : 250mil] exported as lines.
      Information :    Exporting symbol definition(s) for component [SS8550]
      Warning :     Symbol name [SS8550], mode [Normal], part [1] changed to [SS8550_1_N]
      Warning :     Elliptical arc at position [50mil : 0mil] converted to circular arc
      Information :    Exporting symbol definition(s) for component [SS8050]
      Warning :     Symbol name [SS8050], mode [Normal], part [1] changed to [SS8050_1_N]
      Warning :     Elliptical arc at position [50mil : 0mil] converted to circular arc
      Information :    Exporting symbol definition(s) for component [LS-601]
      Warning :     Symbol name [LS-601], mode [Normal], part [1] changed to [LS-601_1_N]
      Warning :     Rectangle [-100mil : -100mil]-[100mil : 100mil] exported as lines.
      Information :    Exporting symbol definition(s) for component [FE1.1s]
      Warning :     Symbol name [FE1.1s], mode [Normal], part [1] changed to [FE1.1s_1_N]
      Warning :     Rectangle [-600mil : -1200mil]-[600mil : 1200mil] exported as lines.
      Information :    Exporting symbol definition(s) for component [2N7002]
      Warning :     Symbol name [2N7002], mode [Normal], part [1] changed to [2N7002_1_N]
      Information :    Exporting symbol definition(s) for component [ZMM15]
      Warning :     Symbol name [ZMM15], mode [Normal], part [1] changed to [ZMM15_1_N]
      Information :    Exporting symbol definition(s) for component [US1MG]
      Warning :     Symbol name [US1MG], mode [Normal], part [1] changed to [US1MG_1_N]
      Information :    Exporting symbol definition(s) for component [SS210]
      Warning :     Symbol name [SS210], mode [Normal], part [1] changed to [SS210_1_N]
      Information :    Exporting symbol definition(s) for component [FE2.1]
      Warning :     Symbol name [FE2.1], mode [Normal], part [1] changed to [FE2.1_1_N]
      Warning :     Rectangle [-1000mil : -1000mil]-[1000mil : 1000mil] exported as lines.
      Information :    Exporting symbol definition(s) for component [FE1.1]
      Warning :     Symbol name [FE1.1], mode [Normal], part [1] changed to [FE1.1_1_N]
      Warning :     Rectangle [-1000mil : -1000mil]-[1000mil : 1000mil] exported as lines.
      Information : Start exporting the symbol definitions for power ports
      Warning :     End exporting the symbol defintions for power ports
      Information :   End exporting symbols
      Information : 
      Information : 
      Information :   Start exporting components
      Information :    Exporting component [MRF6432(2512)LR001FTS]
      Information :    Exporting component [19-217/BHC-ZL1M2RY/3T]
      Information :    Exporting component [19-21UYC/S530-A4/TR8]
      Information :    Exporting component [C3225C0G2E103JT000N]
      Information :    Exporting component [C1608C0G1H103JT000N]
      Information :    Exporting component [19-217/GHC-YR1S2/3T]
      Information :    Exporting component [918-418K2023S40001]
      Information :    Exporting component [400BXW100MEFR16X30]
      Information :    Exporting component [CC0603KRX7R9BB104]
      Information :    Exporting component [VZH470M2ATR-1010]
      Information :    Exporting component [LT8705IUHF#TRPBF]
      Information :    Exporting component [SWRB1207S-221MT]
      Information :    Exporting component [SDFL1608S100KTF]
      Information :    Exporting component [SDFL1005Q1R0KTF]
      Information :    Exporting component [Q13FC1350000400]
      Information :    Exporting component [NCP15XH103F03RC]
      Information :    Exporting component [MWSA1205S-100MT]
      Information :    Exporting component [KH-SMA-K513-G_1]
      Information :    Exporting component [IRF9540NSTRLPBF]
      Information :    Exporting component [FMF25FPJR005-LH]
      Information :    Exporting component [FM-B2020RGBA-HG]
      Information :    Exporting component [EWSL2512F1L00S9]
      Information :    Exporting component [EL357N(C)(TA)-G]
      Information :    Exporting component [CMI321609X100KT]
      Information :    Exporting component [CMI321609U4R7KT]
      Information :    Exporting component [CL31B225KBHNNNE]
      Information :    Exporting component [CL31A106KBHNNNE]
      Information :    Exporting component [CL21B104KCFNNNE]
      Information :    Exporting component [CL21A106KAYNNNE]
      Information :    Exporting component [CL10C331JB8NNNC]
      Information :    Exporting component [CL10B474KA8NNNC]
      Information :    Exporting component [CL10A105KB8NNNC]
      Information :    Exporting component [CL05B332KB5NNNC]
      Information :    Exporting component [CL05B224KO5NNNC]
      Information :    Exporting component [CL05B152KB5NNNC]
      Information :    Exporting component [CL05B104KO5NNNC]
      Information :    Exporting component [CL05B103KB5NNNC]
      Information :    Exporting component [CL05A475MP5NRNC]
      Information :    Exporting component [CL05A474KP5NNNC]
      Information :    Exporting component [CL05A106MQ5NUNC]
      Information :    Exporting component [CL05A105KA5NQNC]
      Information :    Exporting component [AP2127K-3.3TRG1]
      Information :    Exporting component [1206CG104J500NT]
      Information :    Exporting component [0402CG6R8C500NT]
      Information :    Exporting component [0402CG560J500NT]
      Information :    Exporting component [0402CG470J500NT]
      Information :    Exporting component [0402CG120J500NT]
      Information :    Exporting component [0402CG101J500NT]
      Information :    Exporting component [TS-1187A-C-C-B]
      Information :    Exporting component [TAJB107K006RNJ]
      Information :    Exporting component [SI82392BB-IS1R]
      Information :    Exporting component [MWSA1004-150MT]
      Information :    Exporting component [LM5017MRX/NOPB]
      Information :    Exporting component [LM5008MMX/NOPB]
      Information :    Exporting component [DS1023-2*5SF11]
      Information :    Exporting component [74HC4067PW,118]
      Information :    Exporting component [1206W4F100LT5E]
      Information :    Exporting component [1206W4F100KT5E]
      Information :    Exporting component [1206W4F100JT5E]
      Information :    Exporting component [1206W4F1003T5E]
      Information :    Exporting component [1206B105K101NT]
      Information :    Exporting component [1206B102K202NT]
      Information :    Exporting component [0805W8F4702T5E]
      Information :    Exporting component [0805F225M500NT]
      Information :    Exporting component [0603WAF6802T5E]
      Information :    Exporting component [0603WAF6800T5E]
      Information :    Exporting component [0603WAF5602T5E]
      Information :    Exporting component [0603WAF4701T5E]
      Information :    Exporting component [0603WAF4302T5E]
      Information :    Exporting component [0603WAF3902T5E]
      Information :    Exporting component [0603WAF3603T5E]
      Information :    Exporting component [0603WAF2703T5E]
      Information :    Exporting component [0603WAF2701T5E]
      Information :    Exporting component [0603WAF1603T5E]
      Information :    Exporting component [0603WAF1302T5E]
      Information :    Exporting component [0603WAF100KT5E]
      Information :    Exporting component [0603WAF1004T5E]
      Information :    Exporting component [0603WAF1002T5E]
      Information :    Exporting component [0603WAF1001T5E]
      Information :    Exporting component [0603WAF0000T5E]
      Information :    Exporting component [0603B681K500NT]
      Information :    Exporting component [0603B153K500NT]
      Information :    Exporting component [0402WGF6802TCE]
      Information :    Exporting component [0402WGF5602TCE]
      Information :    Exporting component [0402WGF5102TCE]
      Information :    Exporting component [0402WGF5101TCE]
      Information :    Exporting component [0402WGF470JTCE]
      Information :    Exporting component [0402WGF4702TCE]
      Information :    Exporting component [0402WGF4701TCE]
      Information :    Exporting component [0402WGF3902TCE]
      Information :    Exporting component [0402WGF3901TCE]
      Information :    Exporting component [0402WGF3303TCE]
      Information :    Exporting component [0402WGF3302TCE]
      Information :    Exporting component [0402WGF3301TCE]
      Information :    Exporting component [0402WGF3300TCE]
      Information :    Exporting component [0402WGF220JTCE]
      Information :    Exporting component [0402WGF2203TCE]
      Information :    Exporting component [0402WGF2202TCE]
      Information :    Exporting component [0402WGF2201TCE]
      Information :    Exporting component [0402WGF2200TCE]
      Information :    Exporting component [0402WGF2003TCE]
      Information :    Exporting component [0402WGF2002TCE]
      Information :    Exporting component [0402WGF1802TCE]
      Information :    Exporting component [0402WGF1503TCE]
      Information :    Exporting component [0402WGF1502TCE]
      Information :    Exporting component [0402WGF1501TCE]
      Information :    Exporting component [0402WGF1202TCE]
      Information :    Exporting component [0402WGF1200TCE]
      Information :    Exporting component [0402WGF100JTCE]
      Information :    Exporting component [0402WGF1004TCE]
      Information :    Exporting component [0402WGF1003TCE]
      Information :    Exporting component [0402WGF1002TCE]
      Information :    Exporting component [0402WGF1001TCE]
      Information :    Exporting component [0402WGF1000TCE]
      Information :    Exporting component [0402WGF0000TCE]
      Information :    Exporting component [0402B682K500NT]
      Information :    Exporting component [0402B223K500NT]
      Information :    Exporting component [0402B222K500NT]
      Information :    Exporting component [0402B221K500NT]
      Information :    Exporting component [0402B151K500NT]
      Information :    Exporting component [0402B102K500NT]
      Information :    Exporting component [X322512MSB4SI]
      Information :    Exporting component [STM32F405RGT6]
      Information :    Exporting component [STM32F103RGT6]
      Information :    Exporting component [LM317AG-TN3-R]
      Information :    Exporting component [L78M05ABDT-TR]
      Information :    Exporting component [KS18650X2-SMT]
      Information :    Exporting component [Keystone 1048]
      Warning :     Component [Keystone 1048] changed to [KEYSTONE_1048]
      Information :    Exporting component [IR21814STRPBF]
      Information :    Exporting component [INA199A2ADCKR]
      Information :    Exporting component [BQ7694002DBTR]
      Information :    Exporting component [XC6206P332MR]
      Information :    Exporting component [X50328MSB2GI]
      Information :    Exporting component [PJM2301PSA-S]
      Information :    Exporting component [MAX31856MUD+]
      Information :    Exporting component [IR2010STRPBF]
      Information :    Exporting component [IPD034N06N3G]
      Information :    Exporting component [INA199A1DCKR]
      Information :    Exporting component [GD32F405RGT6]
      Information :    Exporting component [GD32F103RGT6]
      Information :    Exporting component [GD32F103CBT6]
      Information :    Exporting component [BITSNAP_GF_B]
      Information :    Exporting component [78L12G-AB3-R]
      Information :    Exporting component [78L05G-AB3-R]
      Information :    Exporting component [SS36-E3/57T]
      Information :    Exporting component [NGFF_MALE_B]
      Information :    Exporting component [FUSB302BMPX]
      Information :    Exporting component [DRV8301DCAR]
      Information :    Exporting component [AMS1117-3.3]
      Information :    Exporting component [MP1907GQ-Z]
      Information :    Exporting component [LM5176PWPR]
      Information :    Exporting component [FDB33N25TM]
      Information :    Exporting component [2-406549-1]
      Information :    Exporting component [TL7705ACD]
      Information :    Exporting component [NCE60P12K]
      Information :    Exporting component [AO3401A_x]
      Warning :     Component [AO3401A_x] changed to [AO3401A_X]
      Information :    Exporting component [3113-113T]
      Information :    Exporting component [ZMM5V6-M]
      Information :    Exporting component [XT60PW_M]
      Information :    Exporting component [XT60PW_F]
      Information :    Exporting component [TPS54560]
      Information :    Exporting component [MMBT3904]
      Information :    Exporting component [L6470HTR]
      Information :    Exporting component [KT-0603R]
      Information :    Exporting component [HT7533-1]
      Information :    Exporting component [FAN73901]
      Information :    Exporting component [BPC-817S]
      Information :    Exporting component [1N5819WS]
      Information :    Exporting component [1N4148WS]
      Information :    Exporting component [SM72295]
      Information :    Exporting component [NET_TIE]
      Information :    Exporting component [LM324DT]
      Information :    Exporting component [HSS0127]
      Information :    Exporting component [AO3401A]
      Information :    Exporting component [ZMM5V1]
      Information :    Exporting component [WS2811]
      Information :    Exporting component [SS8550]
      Information :    Exporting component [SS8050]
      Information :    Exporting component [LS-601]
      Information :    Exporting component [FE1.1s]
      Warning :     Component [FE1.1s] changed to [FE1.1S]
      Information :    Exporting component [2N7002]
      Information :    Exporting component [ZMM15]
      Information :    Exporting component [US1MG]
      Information :    Exporting component [SS210]
      Information :    Exporting component [FE2.1]
      Information :    Exporting component [FE1.1]
      Information : Start exporting component definitions for power ports
      Warning :     End exporting component definitions for powerports
      Information :   End exporting components
      Information : 
   EndLog
   Imported succesfully!
 
      Information : Start export of netlist
      Information : Start export of component instances
      Information : End export of component instances
      Information : Start export of nets
      Information : End export of nets
      Information : End export of netlist
      Information : Sheet name [SM3320-BATT-EV] changed to [SM3320_BATT_EV]
      Information : Start exporting the objects for sheet [SM3320-BATT-EV]
      Information : Start WIRES export
      Information : End WIRES export
      Information : Start BUSES export
      Information : End BUSES export
      Information : Start PORTS export
      Information : End PORTS export
      Warning :     P-CAD doesn't support object type [Parameter]
      Warning :     P-CAD doesn't support object type [Parameter]
      Warning :     P-CAD doesn't support object type [Parameter]
      Warning :     P-CAD doesn't support object type [Parameter]
      Warning :     P-CAD doesn't support object type [Parameter]
      Warning :     P-CAD doesn't support object type [Parameter]
      Warning :     P-CAD doesn't support object type [Parameter]
      Warning :     P-CAD doesn't support object type [Parameter]
      Warning :     P-CAD doesn't support object type [Parameter]
      Warning :     P-CAD doesn't support object type [Parameter]
      Warning :     P-CAD doesn't support object type [Parameter]
      Warning :     P-CAD doesn't support object type [Parameter]
      Warning :     P-CAD doesn't support object type [Parameter]
      Warning :     P-CAD doesn't support object type [Parameter]
      Warning :     P-CAD doesn't support object type [Parameter]
      Warning :     P-CAD doesn't support object type [Parameter]
      Warning :     P-CAD doesn't support object type [Parameter]
      Warning :     P-CAD doesn't support object type [Parameter]
      Warning :     P-CAD doesn't support object type [Parameter]
      Warning :     P-CAD doesn't support object type [Parameter]
      Warning :     P-CAD doesn't support object type [Parameter]
      Warning :     P-CAD doesn't support object type [Parameter]
      Warning :     P-CAD doesn't support object type [Parameter]
      Warning :     P-CAD doesn't support object type [Parameter]
      Warning :     P-CAD doesn't support object type [Parameter]
      Warning :     P-CAD doesn't support object type [Parameter]
      Warning :     P-CAD doesn't support object type [Parameter]
      Warning :     P-CAD doesn't support object type [Parameter]
      Warning :     P-CAD doesn't support object type [Parameter]
      Warning :     P-CAD doesn't support object type [Parameter]
      Warning :     Exporting powerport at [14200mil : 10700mil] as component with designator [PVIN_N1]
      Warning :     P-CAD doesn't support object type [Parameter]
      Warning :     P-CAD doesn't support object type [Parameter]
      Warning :     Exporting powerport at [9800mil : 10700mil] as component with designator [PVIN_N2]
      Warning :     Exporting powerport at [2000mil : 8800mil] as component with designator [GND1]
      Warning :     Exporting powerport at [2000mil : 9100mil] as component with designator [PVIN_N3]
      Warning :     Exporting powerport at [2000mil : 10000mil] as component with designator [GND2]
      Warning :     Exporting powerport at [9550mil : 8700mil] as component with designator [PGND1]
      Warning :     Exporting powerport at [14200mil : 8700mil] as component with designator [PGND2]
      Warning :     Exporting powerport at [2000mil : 10300mil] as component with designator [PVIN_N4]
      Warning :     Exporting powerport at [12000mil : 8700mil] as component with designator [GND3]
      Warning :     Exporting powerport at [15000mil : 6150mil] as component with designator [GND4]
      Warning :     Exporting powerport at [15000mil : 7550mil] as component with designator [PVIN_P1]
      Warning :     Exporting powerport at [10200mil : 8700mil] as component with designator [GND5]
      Warning :     Exporting powerport at [13300mil : 8700mil] as component with designator [GND6]
      Warning :     Exporting powerport at [1000mil : 8800mil] as component with designator [GND7]
      Warning :     Exporting powerport at [1000mil : 9100mil] as component with designator [PVIN_N5]
      Warning :     Exporting powerport at [1000mil : 10000mil] as component with designator [GND8]
      Warning :     Exporting powerport at [1000mil : 10300mil] as component with designator [PVIN_N6]
      Warning :     Exporting powerport at [1000mil : 11000mil] as component with designator [GND9]
      Warning :     Exporting powerport at [1000mil : 11300mil] as component with designator [PVIN_N7]
      Warning :     Exporting powerport at [1000mil : 7800mil] as component with designator [GND10]
      Warning :     Exporting powerport at [1000mil : 8100mil] as component with designator [PVIN_N8]
      Warning :     Exporting powerport at [11800mil : 7050mil] as component with designator [PP5V1]
      Warning :     Exporting powerport at [11400mil : 4500mil] as component with designator [AGND1]
      Warning :     Exporting powerport at [13000mil : 4400mil] as component with designator [GND11]
      Warning :     Exporting powerport at [10600mil : 3900mil] as component with designator [AGND2]
      Warning :     Exporting powerport at [10200mil : 3900mil] as component with designator [AGND3]
      Warning :     Exporting powerport at [11200mil : 6850mil] as component with designator [GND12]
      Warning :     Exporting powerport at [12950mil : 1300mil] as component with designator [GND13]
      Warning :     Exporting powerport at [14750mil : 1300mil] as component with designator [GND14]
      Warning :     Exporting powerport at [4500mil : 5000mil] as component with designator [GND15]
      Warning :     Exporting powerport at [6000mil : 5700mil] as component with designator [GND16]
      Warning :     Exporting powerport at [6100mil : 6800mil] as component with designator [PP10V1]
      Warning :     Exporting powerport at [7250mil : 6000mil] as component with designator [GND17]
      Warning :     Exporting powerport at [7500mil : 6000mil] as component with designator [GND18]
      Warning :     Exporting powerport at [6600mil : 5700mil] as component with designator [GND19]
      Warning :     Exporting powerport at [7750mil : 6000mil] as component with designator [GND20]
      Warning :     Exporting powerport at [3250mil : 7200mil] as component with designator [PVIN_P2]
      Warning :     Exporting powerport at [8000mil : 6000mil] as component with designator [GND21]
      Warning :     Exporting powerport at [8250mil : 6000mil] as component with designator [GND22]
      Warning :     Exporting powerport at [8500mil : 6000mil] as component with designator [GND23]
      Warning :     Exporting powerport at [8750mil : 6000mil] as component with designator [GND24]
      Warning :     Exporting powerport at [9000mil : 6000mil] as component with designator [GND25]
      Warning :     Exporting powerport at [9250mil : 6000mil] as component with designator [GND26]
      Warning :     Exporting powerport at [9500mil : 6000mil] as component with designator [GND27]
      Warning :     Exporting powerport at [9750mil : 6000mil] as component with designator [GND28]
      Warning :     Exporting powerport at [10000mil : 6000mil] as component with designator [GND29]
      Information : End exporting the objects for sheet [SM3320-BATT-EV]
EndLog
