Change Component DesignItemId : Designator=RBEN Old DesignItemId=0402WGF1002TCE New DesignItemId=0402WGF1003TCE
Change Component Comment : Designator=RBEN Old Comment=0402WGF1002TCE New Comment=0402WGF1003TCE
Change Component Description : Designator=RBEN Old Description=R - RESISTOR - SMD - 10k - 1% - 0402 New Description=R - RESISTOR - SMD - 100k - 1% -  0402
Change component parameters: Designator = "RBEN"; Footprint = "R_0402"; UniqueID = "\EQVWOXSO"
Change component parameters. Clean all parameters for all variants
Change component parameters (AddParameter): Name = "JLC Availability"; Value = "Basic"; VariantName = "[No Variations]"
Change component parameters (AddParameter): Name = "LCSC Part #"; Value = "C25741"; VariantName = "[No Variations]"
Change component parameters (AddParameter): Name = "Value"; Value = "100k"; VariantName = "[No Variations]"
Added Component: Designator=C1_R10(R_0402)
Add component. Clean all parameters for all variants
Add component (AddParameter): Name = "JLC Availability"; Value = "Basic"; VariantName = "[No Variations]"
Add component (AddParameter): Name = "LCSC Part #"; Value = "C25076"; VariantName = "[No Variations]"
Add component (AddParameter): Name = "Value"; Value = "100R"; VariantName = "[No Variations]"
Added Component: Designator=C1_R11(R_0402)
Add component. Clean all parameters for all variants
Add component (AddParameter): Name = "JLC Availability"; Value = "Basic"; VariantName = "[No Variations]"
Add component (AddParameter): Name = "LCSC Part #"; Value = "C25076"; VariantName = "[No Variations]"
Add component (AddParameter): Name = "Value"; Value = "100R"; VariantName = "[No Variations]"
Added Pin To Net: NetName=NetC1_D5_2 Pin=C1_R10-1
Added Pin To Net: NetName=NetC1_R8_2 Pin=C1_R10-2
Added Pin To Net: NetName=B- Pin=C1_R11-1
Added Pin To Net: NetName=NetC1_R8_2 Pin=C1_R11-2
Added Member To Class: ClassName=BMS_MAINBOARD Member=Component C1_R10 0402WGF1000TCE
Added Member To Class: ClassName=BMS_MAINBOARD Member=Component C1_R11 0402WGF1000TCE
