Removed Pin From Net: NetName=CELL14 Pin=D201-1
Removed Pin From Net: NetName=CELL12 Pin=J7-1
Removed Pin From Net: NetName=CELL13 Pin=J7-2
Removed Pin From Net: NetName=CELL14 Pin=J7-3
Removed Pin From Net: NetName=CELL13 Pin=J7-4
Removed Pin From Net: NetName=CELL14 Pin=Q200-2
Removed Pin From Net: NetName=CELL14 Pin=QBD_1B-2
Removed Pin From Net: NetName=CELL14 Pin=QBD_2B-2
Removed Pin From Net: NetName=CELL14 Pin=QBD_3B-2
Removed Pin From Net: NetName=CELL14 Pin=QBD_4B-2
Removed Pin From Net: NetName=CELL14 Pin=QBD_5B-2
Removed Pin From Net: NetName=CELL14 Pin=QBD_6B-2
Removed Pin From Net: NetName=CELL14 Pin=QBD_7B-2
Removed Pin From Net: NetName=CELL14 Pin=R204-1
Removed Pin From Net: NetName=TS_13 Pin=RT_13-1
Removed Pin From Net: NetName=+3V3_SW Pin=RT_13-2
Removed Pin From Net: NetName=TS_14 Pin=RT_14-1
Removed Pin From Net: NetName=+3V3_SW Pin=RT_14-2
Removed Pin From Net: NetName=TS_B_GND Pin=TS_C13_B-1
Removed Pin From Net: NetName=TS_12 Pin=TS_C13_B-2
Removed Pin From Net: NetName=TS_A_GND Pin=TS_C13A-1
Removed Pin From Net: NetName=TS_12 Pin=TS_C13A-2
Removed Pin From Net: NetName=TS_A_GND Pin=TS_C14_A-1
Removed Pin From Net: NetName=TS_13 Pin=TS_C14_A-2
Removed Pin From Net: NetName=TS_B_GND Pin=TS_C14_B-1
Removed Pin From Net: NetName=TS_13 Pin=TS_C14_B-2
Removed Member From Class: ClassName=BMS_MAINBOARD Member=J7
Removed Member From Class: ClassName=BMS_MAINBOARD Member=RT_13
Removed Member From Class: ClassName=BMS_MAINBOARD Member=RT_14
Removed Member From Class: ClassName=BMS_MAINBOARD Member=TS_C13_B
Removed Member From Class: ClassName=BMS_MAINBOARD Member=TS_C13A
Removed Member From Class: ClassName=BMS_MAINBOARD Member=TS_C14_A
Removed Member From Class: ClassName=BMS_MAINBOARD Member=TS_C14_B
Added Pin To Net: NetName=CELL12 Pin=D201-1
Added Pin To Net: NetName=CELL12 Pin=Q200-2
Added Pin To Net: NetName=CELL12 Pin=QBD_1B-2
Added Pin To Net: NetName=CELL12 Pin=QBD_2B-2
Added Pin To Net: NetName=CELL12 Pin=QBD_3B-2
Added Pin To Net: NetName=CELL12 Pin=QBD_4B-2
Added Pin To Net: NetName=CELL12 Pin=QBD_5B-2
Added Pin To Net: NetName=CELL12 Pin=QBD_6B-2
Added Pin To Net: NetName=CELL12 Pin=QBD_7B-2
Added Pin To Net: NetName=CELL12 Pin=R204-1
Change Net Name : Old Net Name=+3V3_SW New Net Name=NetRT_0_2
