Removed Pin From Net: NetName=CELL1_FN Pin=R_C1A-1
Removed Pin From Net: NetName=B- Pin=R_C1A-2
Removed Pin From Net: NetName=CELL1_FP Pin=R_C1B-1
Removed Pin From Net: NetName=CELL1 Pin=R_C1B-2
Removed Pin From Net: NetName=CELL2_FN Pin=R_C2A-1
Removed Pin From Net: NetName=CELL1 Pin=R_C2A-2
Removed Pin From Net: NetName=CELL2_FP Pin=R_C2B-1
Removed Pin From Net: NetName=CELL2 Pin=R_C2B-2
Removed Pin From Net: NetName=CELL3_FN Pin=R_C3A-1
Removed Pin From Net: NetName=CELL2 Pin=R_C3A-2
Removed Pin From Net: NetName=CELL3_FP Pin=R_C3B-1
Removed Pin From Net: NetName=CELL3 Pin=R_C3B-2
Removed Pin From Net: NetName=CELL4_FN Pin=R_C4A-1
Removed Pin From Net: NetName=CELL3 Pin=R_C4A-2
Removed Pin From Net: NetName=CELL4_FP Pin=R_C4B-1
Removed Pin From Net: NetName=CELL4 Pin=R_C4B-2
Removed Pin From Net: NetName=CELL5_FN Pin=R_C5A-1
Removed Pin From Net: NetName=CELL4 Pin=R_C5A-2
Removed Pin From Net: NetName=CELL5_FP Pin=R_C5B-1
Removed Pin From Net: NetName=CELL5 Pin=R_C5B-2
Removed Pin From Net: NetName=CELL6_FN Pin=R_C6A-1
Removed Pin From Net: NetName=CELL5 Pin=R_C6A-2
Removed Pin From Net: NetName=CELL6_FP Pin=R_C6B-1
Removed Pin From Net: NetName=CELL6 Pin=R_C6B-2
Removed Pin From Net: NetName=CELL7_FN Pin=R_C7A-1
Removed Pin From Net: NetName=CELL6 Pin=R_C7A-2
Removed Pin From Net: NetName=CELL7_FP Pin=R_C7B-1
Removed Pin From Net: NetName=CELL7 Pin=R_C7B-2
Removed Pin From Net: NetName=CELL8_FN Pin=R_C8A-1
Removed Pin From Net: NetName=CELL7 Pin=R_C8A-2
Removed Pin From Net: NetName=CELL8_FP Pin=R_C8B-1
Removed Pin From Net: NetName=CELL8 Pin=R_C8B-2
Removed Pin From Net: NetName=CELL9_FN Pin=R_C9A-1
Removed Pin From Net: NetName=CELL8 Pin=R_C9A-2
Removed Pin From Net: NetName=CELL9_FP Pin=R_C9B-1
Removed Pin From Net: NetName=CELL9 Pin=R_C9B-2
Removed Pin From Net: NetName=CELL10_FN Pin=R_C10A-1
Removed Pin From Net: NetName=CELL9 Pin=R_C10A-2
Removed Pin From Net: NetName=CELL10_FP Pin=R_C10B-1
Removed Pin From Net: NetName=CELL10 Pin=R_C10B-2
Removed Pin From Net: NetName=CELL10 Pin=R_C11A-2
Removed Pin From Net: NetName=CELL11 Pin=R_C11B-2
Removed Pin From Net: NetName=CELL11 Pin=R_C12A-2
Removed Pin From Net: NetName=CELL12 Pin=R_C12B-2
Removed Member From Class: ClassName=BMS_MAINBOARD Member=R_C1A
Removed Member From Class: ClassName=BMS_MAINBOARD Member=R_C1B
Removed Member From Class: ClassName=BMS_MAINBOARD Member=R_C2A
Removed Member From Class: ClassName=BMS_MAINBOARD Member=R_C2B
Removed Member From Class: ClassName=BMS_MAINBOARD Member=R_C3A
Removed Member From Class: ClassName=BMS_MAINBOARD Member=R_C3B
Removed Member From Class: ClassName=BMS_MAINBOARD Member=R_C4A
Removed Member From Class: ClassName=BMS_MAINBOARD Member=R_C4B
Removed Member From Class: ClassName=BMS_MAINBOARD Member=R_C5A
Removed Member From Class: ClassName=BMS_MAINBOARD Member=R_C5B
Removed Member From Class: ClassName=BMS_MAINBOARD Member=R_C6A
Removed Member From Class: ClassName=BMS_MAINBOARD Member=R_C6B
Removed Member From Class: ClassName=BMS_MAINBOARD Member=R_C7A
Removed Member From Class: ClassName=BMS_MAINBOARD Member=R_C7B
Removed Member From Class: ClassName=BMS_MAINBOARD Member=R_C8A
Removed Member From Class: ClassName=BMS_MAINBOARD Member=R_C8B
Removed Member From Class: ClassName=BMS_MAINBOARD Member=R_C9A
Removed Member From Class: ClassName=BMS_MAINBOARD Member=R_C9B
Removed Member From Class: ClassName=BMS_MAINBOARD Member=R_C10A
Removed Member From Class: ClassName=BMS_MAINBOARD Member=R_C10B
Removed Member From Class: ClassName=BMS_MAINBOARD Member=R_C11A
Removed Member From Class: ClassName=BMS_MAINBOARD Member=R_C11B
Removed Member From Class: ClassName=BMS_MAINBOARD Member=R_C12A
Removed Member From Class: ClassName=BMS_MAINBOARD Member=R_C12B
Added Pin To Net: NetName=CELL11 Pin=C_C11-1
Added Pin To Net: NetName=CELL10 Pin=C_C11-2
Added Pin To Net: NetName=CELL12 Pin=C_C12-1
Added Pin To Net: NetName=CELL11 Pin=C_C12-2
