Change Component DesignItemId : Designator=Q_3V3 Old DesignItemId=AO3401A New DesignItemId=AO3401A_x
Change Component DesignItemId : Designator=Q_EX_2 Old DesignItemId=AO3401A New DesignItemId=AO3401A_x
Change Component DesignItemId : Designator=QB_1 Old DesignItemId=AO3401A New DesignItemId=AO3401A_x
Change Component DesignItemId : Designator=QB_2 Old DesignItemId=AO3401A New DesignItemId=AO3401A_x
Change Component DesignItemId : Designator=QB_3 Old DesignItemId=AO3401A New DesignItemId=AO3401A_x
Change Component DesignItemId : Designator=QB_4 Old DesignItemId=AO3401A New DesignItemId=AO3401A_x
Change Component DesignItemId : Designator=QB_5 Old DesignItemId=AO3401A New DesignItemId=AO3401A_x
Change Component DesignItemId : Designator=QB_6 Old DesignItemId=AO3401A New DesignItemId=AO3401A_x
Change Component DesignItemId : Designator=QB_7 Old DesignItemId=AO3401A New DesignItemId=AO3401A_x
Change Component DesignItemId : Designator=QB_8 Old DesignItemId=AO3401A New DesignItemId=AO3401A_x
Change Component DesignItemId : Designator=QB_9 Old DesignItemId=AO3401A New DesignItemId=AO3401A_x
Change Component DesignItemId : Designator=QB_10 Old DesignItemId=AO3401A New DesignItemId=AO3401A_x
Change Component DesignItemId : Designator=QB_11 Old DesignItemId=AO3401A New DesignItemId=AO3401A_x
Change Component DesignItemId : Designator=QB_12 Old DesignItemId=AO3401A New DesignItemId=AO3401A_x
Change Component DesignItemId : Designator=QB_13 Old DesignItemId=AO3401A New DesignItemId=AO3401A_x
Change Component DesignItemId : Designator=QB_14 Old DesignItemId=AO3401A New DesignItemId=AO3401A_x
Change Component Comment : Designator=Q_3V3 Old Comment=AO3401A New Comment=AO3401A_x
Change Component Comment : Designator=Q_EX_2 Old Comment=AO3401A New Comment=AO3401A_x
Change Component Comment : Designator=QB_1 Old Comment=AO3401A New Comment=AO3401A_x
Change Component Comment : Designator=QB_2 Old Comment=AO3401A New Comment=AO3401A_x
Change Component Comment : Designator=QB_3 Old Comment=AO3401A New Comment=AO3401A_x
Change Component Comment : Designator=QB_4 Old Comment=AO3401A New Comment=AO3401A_x
Change Component Comment : Designator=QB_5 Old Comment=AO3401A New Comment=AO3401A_x
Change Component Comment : Designator=QB_6 Old Comment=AO3401A New Comment=AO3401A_x
Change Component Comment : Designator=QB_7 Old Comment=AO3401A New Comment=AO3401A_x
Change Component Comment : Designator=QB_8 Old Comment=AO3401A New Comment=AO3401A_x
Change Component Comment : Designator=QB_9 Old Comment=AO3401A New Comment=AO3401A_x
Change Component Comment : Designator=QB_10 Old Comment=AO3401A New Comment=AO3401A_x
Change Component Comment : Designator=QB_11 Old Comment=AO3401A New Comment=AO3401A_x
Change Component Comment : Designator=QB_12 Old Comment=AO3401A New Comment=AO3401A_x
Change Component Comment : Designator=QB_13 Old Comment=AO3401A New Comment=AO3401A_x
Change Component Comment : Designator=QB_14 Old Comment=AO3401A New Comment=AO3401A_x
Change Component Description : Designator=Q_3V3 Old Description=Q - TRANSISTOR - MOSFET (P) - 30V - 1.4A - 0.44 Ohm New Description=Q - TRANSISTOR - MOSFET (P) - 30V - 1.4A - 0.44 Ohm - Extended Pricing
Change Component Description : Designator=Q_EX_2 Old Description=Q - TRANSISTOR - MOSFET (P) - 30V - 1.4A - 0.44 Ohm New Description=Q - TRANSISTOR - MOSFET (P) - 30V - 1.4A - 0.44 Ohm - Extended Pricing
Change Component Description : Designator=QB_1 Old Description=Q - TRANSISTOR - MOSFET (P) - 30V - 1.4A - 0.44 Ohm New Description=Q - TRANSISTOR - MOSFET (P) - 30V - 1.4A - 0.44 Ohm - Extended Pricing
Change Component Description : Designator=QB_2 Old Description=Q - TRANSISTOR - MOSFET (P) - 30V - 1.4A - 0.44 Ohm New Description=Q - TRANSISTOR - MOSFET (P) - 30V - 1.4A - 0.44 Ohm - Extended Pricing
Change Component Description : Designator=QB_3 Old Description=Q - TRANSISTOR - MOSFET (P) - 30V - 1.4A - 0.44 Ohm New Description=Q - TRANSISTOR - MOSFET (P) - 30V - 1.4A - 0.44 Ohm - Extended Pricing
Change Component Description : Designator=QB_4 Old Description=Q - TRANSISTOR - MOSFET (P) - 30V - 1.4A - 0.44 Ohm New Description=Q - TRANSISTOR - MOSFET (P) - 30V - 1.4A - 0.44 Ohm - Extended Pricing
Change Component Description : Designator=QB_5 Old Description=Q - TRANSISTOR - MOSFET (P) - 30V - 1.4A - 0.44 Ohm New Description=Q - TRANSISTOR - MOSFET (P) - 30V - 1.4A - 0.44 Ohm - Extended Pricing
Change Component Description : Designator=QB_6 Old Description=Q - TRANSISTOR - MOSFET (P) - 30V - 1.4A - 0.44 Ohm New Description=Q - TRANSISTOR - MOSFET (P) - 30V - 1.4A - 0.44 Ohm - Extended Pricing
Change Component Description : Designator=QB_7 Old Description=Q - TRANSISTOR - MOSFET (P) - 30V - 1.4A - 0.44 Ohm New Description=Q - TRANSISTOR - MOSFET (P) - 30V - 1.4A - 0.44 Ohm - Extended Pricing
Change Component Description : Designator=QB_8 Old Description=Q - TRANSISTOR - MOSFET (P) - 30V - 1.4A - 0.44 Ohm New Description=Q - TRANSISTOR - MOSFET (P) - 30V - 1.4A - 0.44 Ohm - Extended Pricing
Change Component Description : Designator=QB_9 Old Description=Q - TRANSISTOR - MOSFET (P) - 30V - 1.4A - 0.44 Ohm New Description=Q - TRANSISTOR - MOSFET (P) - 30V - 1.4A - 0.44 Ohm - Extended Pricing
Change Component Description : Designator=QB_10 Old Description=Q - TRANSISTOR - MOSFET (P) - 30V - 1.4A - 0.44 Ohm New Description=Q - TRANSISTOR - MOSFET (P) - 30V - 1.4A - 0.44 Ohm - Extended Pricing
Change Component Description : Designator=QB_11 Old Description=Q - TRANSISTOR - MOSFET (P) - 30V - 1.4A - 0.44 Ohm New Description=Q - TRANSISTOR - MOSFET (P) - 30V - 1.4A - 0.44 Ohm - Extended Pricing
Change Component Description : Designator=QB_12 Old Description=Q - TRANSISTOR - MOSFET (P) - 30V - 1.4A - 0.44 Ohm New Description=Q - TRANSISTOR - MOSFET (P) - 30V - 1.4A - 0.44 Ohm - Extended Pricing
Change Component Description : Designator=QB_13 Old Description=Q - TRANSISTOR - MOSFET (P) - 30V - 1.4A - 0.44 Ohm New Description=Q - TRANSISTOR - MOSFET (P) - 30V - 1.4A - 0.44 Ohm - Extended Pricing
Change Component Description : Designator=QB_14 Old Description=Q - TRANSISTOR - MOSFET (P) - 30V - 1.4A - 0.44 Ohm New Description=Q - TRANSISTOR - MOSFET (P) - 30V - 1.4A - 0.44 Ohm - Extended Pricing
Change component parameters: Designator = "Q_3V3"; Footprint = "TO-236AB"; UniqueID = "\OPVISUSY"
Change component parameters. Clean all parameters for all variants
Change component parameters (AddParameter): Name = "JLC Availability"; Value = "Extended"; VariantName = "[No Variations]"
Change component parameters (AddParameter): Name = "LCSC Part #"; Value = "C347476"; VariantName = "[No Variations]"
Change component parameters (AddParameter): Name = "WVDC"; Value = "30"; VariantName = "[No Variations]"
Change component parameters: Designator = "Q_EX_2"; Footprint = "TO-236AB"; UniqueID = "\TOLHBBVO"
Change component parameters. Clean all parameters for all variants
Change component parameters (AddParameter): Name = "JLC Availability"; Value = "Extended"; VariantName = "[No Variations]"
Change component parameters (AddParameter): Name = "LCSC Part #"; Value = "C347476"; VariantName = "[No Variations]"
Change component parameters (AddParameter): Name = "WVDC"; Value = "30"; VariantName = "[No Variations]"
Change component parameters: Designator = "QB_1"; Footprint = "TO-236AB"; UniqueID = "\DRBORAQC"
Change component parameters. Clean all parameters for all variants
Change component parameters (AddParameter): Name = "JLC Availability"; Value = "Extended"; VariantName = "[No Variations]"
Change component parameters (AddParameter): Name = "LCSC Part #"; Value = "C347476"; VariantName = "[No Variations]"
Change component parameters (AddParameter): Name = "WVDC"; Value = "30"; VariantName = "[No Variations]"
Change component parameters: Designator = "QB_2"; Footprint = "TO-236AB"; UniqueID = "\MAACFKCG"
Change component parameters. Clean all parameters for all variants
Change component parameters (AddParameter): Name = "JLC Availability"; Value = "Extended"; VariantName = "[No Variations]"
Change component parameters (AddParameter): Name = "LCSC Part #"; Value = "C347476"; VariantName = "[No Variations]"
Change component parameters (AddParameter): Name = "WVDC"; Value = "30"; VariantName = "[No Variations]"
Change component parameters: Designator = "QB_3"; Footprint = "TO-236AB"; UniqueID = "\QPMLMOEP"
Change component parameters. Clean all parameters for all variants
Change component parameters (AddParameter): Name = "JLC Availability"; Value = "Extended"; VariantName = "[No Variations]"
Change component parameters (AddParameter): Name = "LCSC Part #"; Value = "C347476"; VariantName = "[No Variations]"
Change component parameters (AddParameter): Name = "WVDC"; Value = "30"; VariantName = "[No Variations]"
Change component parameters: Designator = "QB_4"; Footprint = "TO-236AB"; UniqueID = "\VDCNRKSE"
Change component parameters. Clean all parameters for all variants
Change component parameters (AddParameter): Name = "JLC Availability"; Value = "Extended"; VariantName = "[No Variations]"
Change component parameters (AddParameter): Name = "LCSC Part #"; Value = "C347476"; VariantName = "[No Variations]"
Change component parameters (AddParameter): Name = "WVDC"; Value = "30"; VariantName = "[No Variations]"
Change component parameters: Designator = "QB_5"; Footprint = "TO-236AB"; UniqueID = "\FJPQBEHE"
Change component parameters. Clean all parameters for all variants
Change component parameters (AddParameter): Name = "JLC Availability"; Value = "Extended"; VariantName = "[No Variations]"
Change component parameters (AddParameter): Name = "LCSC Part #"; Value = "C347476"; VariantName = "[No Variations]"
Change component parameters (AddParameter): Name = "WVDC"; Value = "30"; VariantName = "[No Variations]"
Change component parameters: Designator = "QB_6"; Footprint = "TO-236AB"; UniqueID = "\RSTIUXNW"
Change component parameters. Clean all parameters for all variants
Change component parameters (AddParameter): Name = "JLC Availability"; Value = "Extended"; VariantName = "[No Variations]"
Change component parameters (AddParameter): Name = "LCSC Part #"; Value = "C347476"; VariantName = "[No Variations]"
Change component parameters (AddParameter): Name = "WVDC"; Value = "30"; VariantName = "[No Variations]"
Change component parameters: Designator = "QB_7"; Footprint = "TO-236AB"; UniqueID = "\OMCRIXHW"
Change component parameters. Clean all parameters for all variants
Change component parameters (AddParameter): Name = "JLC Availability"; Value = "Extended"; VariantName = "[No Variations]"
Change component parameters (AddParameter): Name = "LCSC Part #"; Value = "C347476"; VariantName = "[No Variations]"
Change component parameters (AddParameter): Name = "WVDC"; Value = "30"; VariantName = "[No Variations]"
Change component parameters: Designator = "QB_8"; Footprint = "TO-236AB"; UniqueID = "\YFETCISE"
Change component parameters. Clean all parameters for all variants
Change component parameters (AddParameter): Name = "JLC Availability"; Value = "Extended"; VariantName = "[No Variations]"
Change component parameters (AddParameter): Name = "LCSC Part #"; Value = "C347476"; VariantName = "[No Variations]"
Change component parameters (AddParameter): Name = "WVDC"; Value = "30"; VariantName = "[No Variations]"
Change component parameters: Designator = "QB_9"; Footprint = "TO-236AB"; UniqueID = "\EGXCMLDF"
Change component parameters. Clean all parameters for all variants
Change component parameters (AddParameter): Name = "JLC Availability"; Value = "Extended"; VariantName = "[No Variations]"
Change component parameters (AddParameter): Name = "LCSC Part #"; Value = "C347476"; VariantName = "[No Variations]"
Change component parameters (AddParameter): Name = "WVDC"; Value = "30"; VariantName = "[No Variations]"
Change component parameters: Designator = "QB_10"; Footprint = "TO-236AB"; UniqueID = "\CYLRMJQH"
Change component parameters. Clean all parameters for all variants
Change component parameters (AddParameter): Name = "JLC Availability"; Value = "Extended"; VariantName = "[No Variations]"
Change component parameters (AddParameter): Name = "LCSC Part #"; Value = "C347476"; VariantName = "[No Variations]"
Change component parameters (AddParameter): Name = "WVDC"; Value = "30"; VariantName = "[No Variations]"
Change component parameters: Designator = "QB_11"; Footprint = "TO-236AB"; UniqueID = "\VBGSBGJV"
Change component parameters. Clean all parameters for all variants
Change component parameters (AddParameter): Name = "JLC Availability"; Value = "Extended"; VariantName = "[No Variations]"
Change component parameters (AddParameter): Name = "LCSC Part #"; Value = "C347476"; VariantName = "[No Variations]"
Change component parameters (AddParameter): Name = "WVDC"; Value = "30"; VariantName = "[No Variations]"
Change component parameters: Designator = "QB_12"; Footprint = "TO-236AB"; UniqueID = "\SAEQYDAR"
Change component parameters. Clean all parameters for all variants
Change component parameters (AddParameter): Name = "JLC Availability"; Value = "Extended"; VariantName = "[No Variations]"
Change component parameters (AddParameter): Name = "LCSC Part #"; Value = "C347476"; VariantName = "[No Variations]"
Change component parameters (AddParameter): Name = "WVDC"; Value = "30"; VariantName = "[No Variations]"
Change component parameters: Designator = "QB_13"; Footprint = "TO-236AB"; UniqueID = "\LRKBITQU"
Change component parameters. Clean all parameters for all variants
Change component parameters (AddParameter): Name = "JLC Availability"; Value = "Extended"; VariantName = "[No Variations]"
Change component parameters (AddParameter): Name = "LCSC Part #"; Value = "C347476"; VariantName = "[No Variations]"
Change component parameters (AddParameter): Name = "WVDC"; Value = "30"; VariantName = "[No Variations]"
Change component parameters: Designator = "QB_14"; Footprint = "TO-236AB"; UniqueID = "\YNBWODPM"
Change component parameters. Clean all parameters for all variants
Change component parameters (AddParameter): Name = "JLC Availability"; Value = "Extended"; VariantName = "[No Variations]"
Change component parameters (AddParameter): Name = "LCSC Part #"; Value = "C347476"; VariantName = "[No Variations]"
Change component parameters (AddParameter): Name = "WVDC"; Value = "30"; VariantName = "[No Variations]"
