Change Component DesignItemId : Designator=RBG_2 Old DesignItemId=0402WGF1003TCE New DesignItemId=0402WGF1002TCE
Change Component DesignItemId : Designator=RBG_3 Old DesignItemId=0402WGF1003TCE New DesignItemId=0402WGF1002TCE
Change Component DesignItemId : Designator=RBG_4 Old DesignItemId=0402WGF1003TCE New DesignItemId=0402WGF1002TCE
Change Component DesignItemId : Designator=RBG_5 Old DesignItemId=0402WGF1003TCE New DesignItemId=0402WGF1002TCE
Change Component DesignItemId : Designator=RBG_6 Old DesignItemId=0402WGF1003TCE New DesignItemId=0402WGF1002TCE
Change Component DesignItemId : Designator=RBG_7 Old DesignItemId=0402WGF1003TCE New DesignItemId=0402WGF1002TCE
Change Component DesignItemId : Designator=RBG_8 Old DesignItemId=0402WGF1003TCE New DesignItemId=0402WGF1002TCE
Change Component DesignItemId : Designator=RBG_9 Old DesignItemId=0402WGF1003TCE New DesignItemId=0402WGF1002TCE
Change Component DesignItemId : Designator=RBG_10 Old DesignItemId=0402WGF1003TCE New DesignItemId=0402WGF1002TCE
Change Component DesignItemId : Designator=RBG_11 Old DesignItemId=0402WGF1003TCE New DesignItemId=0402WGF1002TCE
Change Component DesignItemId : Designator=RBG_12 Old DesignItemId=0402WGF1003TCE New DesignItemId=0402WGF1002TCE
Change Component DesignItemId : Designator=RBG_13 Old DesignItemId=0402WGF1003TCE New DesignItemId=0402WGF1002TCE
Change Component DesignItemId : Designator=RBG_14 Old DesignItemId=0402WGF1003TCE New DesignItemId=0402WGF1002TCE
Change Component DesignItemId : Designator=RBS_1 Old DesignItemId=0402WGF1003TCE New DesignItemId=0402WGF1002TCE
Change Component DesignItemId : Designator=RBS_2 Old DesignItemId=0402WGF1003TCE New DesignItemId=0402WGF1002TCE
Change Component DesignItemId : Designator=RBS_3 Old DesignItemId=0402WGF1003TCE New DesignItemId=0402WGF1002TCE
Change Component DesignItemId : Designator=RBS_4 Old DesignItemId=0402WGF1003TCE New DesignItemId=0402WGF1002TCE
Change Component DesignItemId : Designator=RBS_5 Old DesignItemId=0402WGF1003TCE New DesignItemId=0402WGF1002TCE
Change Component DesignItemId : Designator=RBS_6 Old DesignItemId=0402WGF1003TCE New DesignItemId=0402WGF1002TCE
Change Component DesignItemId : Designator=RBS_7 Old DesignItemId=0402WGF1003TCE New DesignItemId=0402WGF1002TCE
Change Component DesignItemId : Designator=RBS_8 Old DesignItemId=0402WGF1003TCE New DesignItemId=0402WGF1002TCE
Change Component DesignItemId : Designator=RBS_9 Old DesignItemId=0402WGF1003TCE New DesignItemId=0402WGF1002TCE
Change Component DesignItemId : Designator=RBS_10 Old DesignItemId=0402WGF1003TCE New DesignItemId=0402WGF1002TCE
Change Component DesignItemId : Designator=RBS_11 Old DesignItemId=0402WGF1003TCE New DesignItemId=0402WGF1002TCE
Change Component DesignItemId : Designator=RBS_12 Old DesignItemId=0402WGF1003TCE New DesignItemId=0402WGF1002TCE
Change Component DesignItemId : Designator=RBS_13 Old DesignItemId=0402WGF1003TCE New DesignItemId=0402WGF1002TCE
Change Component DesignItemId : Designator=RBS_14 Old DesignItemId=0402WGF1003TCE New DesignItemId=0402WGF1002TCE
Change Component DesignItemId : Designator=QB_1 Old DesignItemId=SS8550 New DesignItemId=AO3401A
Change Component DesignItemId : Designator=QB_2 Old DesignItemId=SS8550 New DesignItemId=AO3401A
Change Component Comment : Designator=RBG_2 Old Comment=0402WGF1003TCE New Comment=0402WGF1002TCE
Change Component Comment : Designator=RBG_3 Old Comment=0402WGF1003TCE New Comment=0402WGF1002TCE
Change Component Comment : Designator=RBG_4 Old Comment=0402WGF1003TCE New Comment=0402WGF1002TCE
Change Component Comment : Designator=RBG_5 Old Comment=0402WGF1003TCE New Comment=0402WGF1002TCE
Change Component Comment : Designator=RBG_6 Old Comment=0402WGF1003TCE New Comment=0402WGF1002TCE
Change Component Comment : Designator=RBG_7 Old Comment=0402WGF1003TCE New Comment=0402WGF1002TCE
Change Component Comment : Designator=RBG_8 Old Comment=0402WGF1003TCE New Comment=0402WGF1002TCE
Change Component Comment : Designator=RBG_9 Old Comment=0402WGF1003TCE New Comment=0402WGF1002TCE
Change Component Comment : Designator=RBG_10 Old Comment=0402WGF1003TCE New Comment=0402WGF1002TCE
Change Component Comment : Designator=RBG_11 Old Comment=0402WGF1003TCE New Comment=0402WGF1002TCE
Change Component Comment : Designator=RBG_12 Old Comment=0402WGF1003TCE New Comment=0402WGF1002TCE
Change Component Comment : Designator=RBG_13 Old Comment=0402WGF1003TCE New Comment=0402WGF1002TCE
Change Component Comment : Designator=RBG_14 Old Comment=0402WGF1003TCE New Comment=0402WGF1002TCE
Change Component Comment : Designator=RBS_1 Old Comment=0402WGF1003TCE New Comment=0402WGF1002TCE
Change Component Comment : Designator=RBS_2 Old Comment=0402WGF1003TCE New Comment=0402WGF1002TCE
Change Component Comment : Designator=RBS_3 Old Comment=0402WGF1003TCE New Comment=0402WGF1002TCE
Change Component Comment : Designator=RBS_4 Old Comment=0402WGF1003TCE New Comment=0402WGF1002TCE
Change Component Comment : Designator=RBS_5 Old Comment=0402WGF1003TCE New Comment=0402WGF1002TCE
Change Component Comment : Designator=RBS_6 Old Comment=0402WGF1003TCE New Comment=0402WGF1002TCE
Change Component Comment : Designator=RBS_7 Old Comment=0402WGF1003TCE New Comment=0402WGF1002TCE
Change Component Comment : Designator=RBS_8 Old Comment=0402WGF1003TCE New Comment=0402WGF1002TCE
Change Component Comment : Designator=RBS_9 Old Comment=0402WGF1003TCE New Comment=0402WGF1002TCE
Change Component Comment : Designator=RBS_10 Old Comment=0402WGF1003TCE New Comment=0402WGF1002TCE
Change Component Comment : Designator=RBS_11 Old Comment=0402WGF1003TCE New Comment=0402WGF1002TCE
Change Component Comment : Designator=RBS_12 Old Comment=0402WGF1003TCE New Comment=0402WGF1002TCE
Change Component Comment : Designator=RBS_13 Old Comment=0402WGF1003TCE New Comment=0402WGF1002TCE
Change Component Comment : Designator=RBS_14 Old Comment=0402WGF1003TCE New Comment=0402WGF1002TCE
Change Component Comment : Designator=QB_1 Old Comment=SS8550 New Comment=AO3401A
Change Component Comment : Designator=QB_2 Old Comment=SS8550 New Comment=AO3401A
Change Component Description : Designator=QB_1 Old Description=Q - TRANSISTOR - BJT - PNP - 25V 1.5A New Description=Q - TRANSISTOR - MOSFET (P) - 30V - 1.4A - 0.44 Ohm
Change Component Description : Designator=QB_2 Old Description=Q - TRANSISTOR - BJT - PNP - 25V 1.5A New Description=Q - TRANSISTOR - MOSFET (P) - 30V - 1.4A - 0.44 Ohm
Change Component Description : Designator=RBG_2 Old Description=R - RESISTOR - SMD - 100k - 1% -  0402 New Description=R - RESISTOR - SMD - 10k - 1% - 0402
Change Component Description : Designator=RBG_3 Old Description=R - RESISTOR - SMD - 100k - 1% -  0402 New Description=R - RESISTOR - SMD - 10k - 1% - 0402
Change Component Description : Designator=RBG_4 Old Description=R - RESISTOR - SMD - 100k - 1% -  0402 New Description=R - RESISTOR - SMD - 10k - 1% - 0402
Change Component Description : Designator=RBG_5 Old Description=R - RESISTOR - SMD - 100k - 1% -  0402 New Description=R - RESISTOR - SMD - 10k - 1% - 0402
Change Component Description : Designator=RBG_6 Old Description=R - RESISTOR - SMD - 100k - 1% -  0402 New Description=R - RESISTOR - SMD - 10k - 1% - 0402
Change Component Description : Designator=RBG_7 Old Description=R - RESISTOR - SMD - 100k - 1% -  0402 New Description=R - RESISTOR - SMD - 10k - 1% - 0402
Change Component Description : Designator=RBG_8 Old Description=R - RESISTOR - SMD - 100k - 1% -  0402 New Description=R - RESISTOR - SMD - 10k - 1% - 0402
Change Component Description : Designator=RBG_9 Old Description=R - RESISTOR - SMD - 100k - 1% -  0402 New Description=R - RESISTOR - SMD - 10k - 1% - 0402
Change Component Description : Designator=RBG_10 Old Description=R - RESISTOR - SMD - 100k - 1% -  0402 New Description=R - RESISTOR - SMD - 10k - 1% - 0402
Change Component Description : Designator=RBG_11 Old Description=R - RESISTOR - SMD - 100k - 1% -  0402 New Description=R - RESISTOR - SMD - 10k - 1% - 0402
Change Component Description : Designator=RBG_12 Old Description=R - RESISTOR - SMD - 100k - 1% -  0402 New Description=R - RESISTOR - SMD - 10k - 1% - 0402
Change Component Description : Designator=RBG_13 Old Description=R - RESISTOR - SMD - 100k - 1% -  0402 New Description=R - RESISTOR - SMD - 10k - 1% - 0402
Change Component Description : Designator=RBG_14 Old Description=R - RESISTOR - SMD - 100k - 1% -  0402 New Description=R - RESISTOR - SMD - 10k - 1% - 0402
Change Component Description : Designator=RBS_1 Old Description=R - RESISTOR - SMD - 100k - 1% -  0402 New Description=R - RESISTOR - SMD - 10k - 1% - 0402
Change Component Description : Designator=RBS_2 Old Description=R - RESISTOR - SMD - 100k - 1% -  0402 New Description=R - RESISTOR - SMD - 10k - 1% - 0402
Change Component Description : Designator=RBS_3 Old Description=R - RESISTOR - SMD - 100k - 1% -  0402 New Description=R - RESISTOR - SMD - 10k - 1% - 0402
Change Component Description : Designator=RBS_4 Old Description=R - RESISTOR - SMD - 100k - 1% -  0402 New Description=R - RESISTOR - SMD - 10k - 1% - 0402
Change Component Description : Designator=RBS_5 Old Description=R - RESISTOR - SMD - 100k - 1% -  0402 New Description=R - RESISTOR - SMD - 10k - 1% - 0402
Change Component Description : Designator=RBS_6 Old Description=R - RESISTOR - SMD - 100k - 1% -  0402 New Description=R - RESISTOR - SMD - 10k - 1% - 0402
Change Component Description : Designator=RBS_7 Old Description=R - RESISTOR - SMD - 100k - 1% -  0402 New Description=R - RESISTOR - SMD - 10k - 1% - 0402
Change Component Description : Designator=RBS_8 Old Description=R - RESISTOR - SMD - 100k - 1% -  0402 New Description=R - RESISTOR - SMD - 10k - 1% - 0402
Change Component Description : Designator=RBS_9 Old Description=R - RESISTOR - SMD - 100k - 1% -  0402 New Description=R - RESISTOR - SMD - 10k - 1% - 0402
Change Component Description : Designator=RBS_10 Old Description=R - RESISTOR - SMD - 100k - 1% -  0402 New Description=R - RESISTOR - SMD - 10k - 1% - 0402
Change Component Description : Designator=RBS_11 Old Description=R - RESISTOR - SMD - 100k - 1% -  0402 New Description=R - RESISTOR - SMD - 10k - 1% - 0402
Change Component Description : Designator=RBS_12 Old Description=R - RESISTOR - SMD - 100k - 1% -  0402 New Description=R - RESISTOR - SMD - 10k - 1% - 0402
Change Component Description : Designator=RBS_13 Old Description=R - RESISTOR - SMD - 100k - 1% -  0402 New Description=R - RESISTOR - SMD - 10k - 1% - 0402
Change Component Description : Designator=RBS_14 Old Description=R - RESISTOR - SMD - 100k - 1% -  0402 New Description=R - RESISTOR - SMD - 10k - 1% - 0402
Change component parameters: Designator = "QB_1"; Footprint = "TO-236AB"; UniqueID = "\DRBORAQC"
Change component parameters. Clean all parameters for all variants
Change component parameters (AddParameter): Name = "JLC Availability"; Value = "Basic"; VariantName = "[No Variations]"
Change component parameters (AddParameter): Name = "LCSC Part #"; Value = "C15127"; VariantName = "[No Variations]"
Change component parameters: Designator = "QB_2"; Footprint = "TO-236AB"; UniqueID = "\MAACFKCG"
Change component parameters. Clean all parameters for all variants
Change component parameters (AddParameter): Name = "JLC Availability"; Value = "Basic"; VariantName = "[No Variations]"
Change component parameters (AddParameter): Name = "LCSC Part #"; Value = "C15127"; VariantName = "[No Variations]"
Change component parameters: Designator = "RBG_2"; Footprint = "R_0402"; UniqueID = "\WEIRKUVO"
Change component parameters. Clean all parameters for all variants
Change component parameters (AddParameter): Name = "JLC Availability"; Value = "Basic"; VariantName = "[No Variations]"
Change component parameters (AddParameter): Name = "LCSC Part #"; Value = "C25744"; VariantName = "[No Variations]"
Change component parameters (AddParameter): Name = "Value"; Value = "10k"; VariantName = "[No Variations]"
Change component parameters: Designator = "RBG_3"; Footprint = "R_0402"; UniqueID = "\KIYGDSRY"
Change component parameters. Clean all parameters for all variants
Change component parameters (AddParameter): Name = "JLC Availability"; Value = "Basic"; VariantName = "[No Variations]"
Change component parameters (AddParameter): Name = "LCSC Part #"; Value = "C25744"; VariantName = "[No Variations]"
Change component parameters (AddParameter): Name = "Value"; Value = "10k"; VariantName = "[No Variations]"
Change component parameters: Designator = "RBG_4"; Footprint = "R_0402"; UniqueID = "\SHCYLHCL"
Change component parameters. Clean all parameters for all variants
Change component parameters (AddParameter): Name = "JLC Availability"; Value = "Basic"; VariantName = "[No Variations]"
Change component parameters (AddParameter): Name = "LCSC Part #"; Value = "C25744"; VariantName = "[No Variations]"
Change component parameters (AddParameter): Name = "Value"; Value = "10k"; VariantName = "[No Variations]"
Change component parameters: Designator = "RBG_5"; Footprint = "R_0402"; UniqueID = "\JAELDXTN"
Change component parameters. Clean all parameters for all variants
Change component parameters (AddParameter): Name = "JLC Availability"; Value = "Basic"; VariantName = "[No Variations]"
Change component parameters (AddParameter): Name = "LCSC Part #"; Value = "C25744"; VariantName = "[No Variations]"
Change component parameters (AddParameter): Name = "Value"; Value = "10k"; VariantName = "[No Variations]"
Change component parameters: Designator = "RBG_6"; Footprint = "R_0402"; UniqueID = "\UUYHUNDU"
Change component parameters. Clean all parameters for all variants
Change component parameters (AddParameter): Name = "JLC Availability"; Value = "Basic"; VariantName = "[No Variations]"
Change component parameters (AddParameter): Name = "LCSC Part #"; Value = "C25744"; VariantName = "[No Variations]"
Change component parameters (AddParameter): Name = "Value"; Value = "10k"; VariantName = "[No Variations]"
Change component parameters: Designator = "RBG_7"; Footprint = "R_0402"; UniqueID = "\VBDVDBMJ"
Change component parameters. Clean all parameters for all variants
Change component parameters (AddParameter): Name = "JLC Availability"; Value = "Basic"; VariantName = "[No Variations]"
Change component parameters (AddParameter): Name = "LCSC Part #"; Value = "C25744"; VariantName = "[No Variations]"
Change component parameters (AddParameter): Name = "Value"; Value = "10k"; VariantName = "[No Variations]"
Change component parameters: Designator = "RBG_8"; Footprint = "R_0402"; UniqueID = "\BYKCSPBD"
Change component parameters. Clean all parameters for all variants
Change component parameters (AddParameter): Name = "JLC Availability"; Value = "Basic"; VariantName = "[No Variations]"
Change component parameters (AddParameter): Name = "LCSC Part #"; Value = "C25744"; VariantName = "[No Variations]"
Change component parameters (AddParameter): Name = "Value"; Value = "10k"; VariantName = "[No Variations]"
Change component parameters: Designator = "RBG_9"; Footprint = "R_0402"; UniqueID = "\CTXCKLVP"
Change component parameters. Clean all parameters for all variants
Change component parameters (AddParameter): Name = "JLC Availability"; Value = "Basic"; VariantName = "[No Variations]"
Change component parameters (AddParameter): Name = "LCSC Part #"; Value = "C25744"; VariantName = "[No Variations]"
Change component parameters (AddParameter): Name = "Value"; Value = "10k"; VariantName = "[No Variations]"
Change component parameters: Designator = "RBG_10"; Footprint = "R_0402"; UniqueID = "\VWQVIGPP"
Change component parameters. Clean all parameters for all variants
Change component parameters (AddParameter): Name = "JLC Availability"; Value = "Basic"; VariantName = "[No Variations]"
Change component parameters (AddParameter): Name = "LCSC Part #"; Value = "C25744"; VariantName = "[No Variations]"
Change component parameters (AddParameter): Name = "Value"; Value = "10k"; VariantName = "[No Variations]"
Change component parameters: Designator = "RBG_11"; Footprint = "R_0402"; UniqueID = "\WQWOMBUH"
Change component parameters. Clean all parameters for all variants
Change component parameters (AddParameter): Name = "JLC Availability"; Value = "Basic"; VariantName = "[No Variations]"
Change component parameters (AddParameter): Name = "LCSC Part #"; Value = "C25744"; VariantName = "[No Variations]"
Change component parameters (AddParameter): Name = "Value"; Value = "10k"; VariantName = "[No Variations]"
Change component parameters: Designator = "RBG_12"; Footprint = "R_0402"; UniqueID = "\WXRMUNBM"
Change component parameters. Clean all parameters for all variants
Change component parameters (AddParameter): Name = "JLC Availability"; Value = "Basic"; VariantName = "[No Variations]"
Change component parameters (AddParameter): Name = "LCSC Part #"; Value = "C25744"; VariantName = "[No Variations]"
Change component parameters (AddParameter): Name = "Value"; Value = "10k"; VariantName = "[No Variations]"
Change component parameters: Designator = "RBG_13"; Footprint = "R_0402"; UniqueID = "\KEHEYNAR"
Change component parameters. Clean all parameters for all variants
Change component parameters (AddParameter): Name = "JLC Availability"; Value = "Basic"; VariantName = "[No Variations]"
Change component parameters (AddParameter): Name = "LCSC Part #"; Value = "C25744"; VariantName = "[No Variations]"
Change component parameters (AddParameter): Name = "Value"; Value = "10k"; VariantName = "[No Variations]"
Change component parameters: Designator = "RBG_14"; Footprint = "R_0402"; UniqueID = "\ANBKXIOR"
Change component parameters. Clean all parameters for all variants
Change component parameters (AddParameter): Name = "JLC Availability"; Value = "Basic"; VariantName = "[No Variations]"
Change component parameters (AddParameter): Name = "LCSC Part #"; Value = "C25744"; VariantName = "[No Variations]"
Change component parameters (AddParameter): Name = "Value"; Value = "10k"; VariantName = "[No Variations]"
Change component parameters: Designator = "RBS_1"; Footprint = "R_0402"; UniqueID = "\IGODHXEO"
Change component parameters. Clean all parameters for all variants
Change component parameters (AddParameter): Name = "JLC Availability"; Value = "Basic"; VariantName = "[No Variations]"
Change component parameters (AddParameter): Name = "LCSC Part #"; Value = "C25744"; VariantName = "[No Variations]"
Change component parameters (AddParameter): Name = "Value"; Value = "10k"; VariantName = "[No Variations]"
Change component parameters (AddParameter): Name = "JLC Availability"; Value = "Basic"; VariantName = "F1"
Change component parameters (AddParameter): Name = "LCSC Part #"; Value = "C25744"; VariantName = "F1"
Change component parameters (AddParameter): Name = "Value"; Value = "10k"; VariantName = "F1"
Change component parameters (AddParameter): Name = "JLC Availability"; Value = "Basic"; VariantName = "F4"
Change component parameters (AddParameter): Name = "LCSC Part #"; Value = "C25744"; VariantName = "F4"
Change component parameters (AddParameter): Name = "Value"; Value = "10k"; VariantName = "F4"
Change component parameters: Designator = "RBS_2"; Footprint = "R_0402"; UniqueID = "\OVCLDKDY"
Change component parameters. Clean all parameters for all variants
Change component parameters (AddParameter): Name = "JLC Availability"; Value = "Basic"; VariantName = "[No Variations]"
Change component parameters (AddParameter): Name = "LCSC Part #"; Value = "C25744"; VariantName = "[No Variations]"
Change component parameters (AddParameter): Name = "Value"; Value = "10k"; VariantName = "[No Variations]"
Change component parameters (AddParameter): Name = "JLC Availability"; Value = "Basic"; VariantName = "F1"
Change component parameters (AddParameter): Name = "LCSC Part #"; Value = "C25744"; VariantName = "F1"
Change component parameters (AddParameter): Name = "Value"; Value = "10k"; VariantName = "F1"
Change component parameters (AddParameter): Name = "JLC Availability"; Value = "Basic"; VariantName = "F4"
Change component parameters (AddParameter): Name = "LCSC Part #"; Value = "C25744"; VariantName = "F4"
Change component parameters (AddParameter): Name = "Value"; Value = "10k"; VariantName = "F4"
Change component parameters: Designator = "RBS_3"; Footprint = "R_0402"; UniqueID = "\GBGXMQTN"
Change component parameters. Clean all parameters for all variants
Change component parameters (AddParameter): Name = "JLC Availability"; Value = "Basic"; VariantName = "[No Variations]"
Change component parameters (AddParameter): Name = "LCSC Part #"; Value = "C25744"; VariantName = "[No Variations]"
Change component parameters (AddParameter): Name = "Value"; Value = "10k"; VariantName = "[No Variations]"
Change component parameters (AddParameter): Name = "JLC Availability"; Value = "Basic"; VariantName = "F1"
Change component parameters (AddParameter): Name = "LCSC Part #"; Value = "C25744"; VariantName = "F1"
Change component parameters (AddParameter): Name = "Value"; Value = "10k"; VariantName = "F1"
Change component parameters (AddParameter): Name = "JLC Availability"; Value = "Basic"; VariantName = "F4"
Change component parameters (AddParameter): Name = "LCSC Part #"; Value = "C25744"; VariantName = "F4"
Change component parameters (AddParameter): Name = "Value"; Value = "10k"; VariantName = "F4"
Change component parameters: Designator = "RBS_4"; Footprint = "R_0402"; UniqueID = "\SBNMYGRH"
Change component parameters. Clean all parameters for all variants
Change component parameters (AddParameter): Name = "JLC Availability"; Value = "Basic"; VariantName = "[No Variations]"
Change component parameters (AddParameter): Name = "LCSC Part #"; Value = "C25744"; VariantName = "[No Variations]"
Change component parameters (AddParameter): Name = "Value"; Value = "10k"; VariantName = "[No Variations]"
Change component parameters (AddParameter): Name = "JLC Availability"; Value = "Basic"; VariantName = "F1"
Change component parameters (AddParameter): Name = "LCSC Part #"; Value = "C25744"; VariantName = "F1"
Change component parameters (AddParameter): Name = "Value"; Value = "10k"; VariantName = "F1"
Change component parameters (AddParameter): Name = "JLC Availability"; Value = "Basic"; VariantName = "F4"
Change component parameters (AddParameter): Name = "LCSC Part #"; Value = "C25744"; VariantName = "F4"
Change component parameters (AddParameter): Name = "Value"; Value = "10k"; VariantName = "F4"
Change component parameters: Designator = "RBS_5"; Footprint = "R_0402"; UniqueID = "\PAUXJTPM"
Change component parameters. Clean all parameters for all variants
Change component parameters (AddParameter): Name = "JLC Availability"; Value = "Basic"; VariantName = "[No Variations]"
Change component parameters (AddParameter): Name = "LCSC Part #"; Value = "C25744"; VariantName = "[No Variations]"
Change component parameters (AddParameter): Name = "Value"; Value = "10k"; VariantName = "[No Variations]"
Change component parameters (AddParameter): Name = "JLC Availability"; Value = "Basic"; VariantName = "F1"
Change component parameters (AddParameter): Name = "LCSC Part #"; Value = "C25744"; VariantName = "F1"
Change component parameters (AddParameter): Name = "Value"; Value = "10k"; VariantName = "F1"
Change component parameters (AddParameter): Name = "JLC Availability"; Value = "Basic"; VariantName = "F4"
Change component parameters (AddParameter): Name = "LCSC Part #"; Value = "C25744"; VariantName = "F4"
Change component parameters (AddParameter): Name = "Value"; Value = "10k"; VariantName = "F4"
Change component parameters: Designator = "RBS_6"; Footprint = "R_0402"; UniqueID = "\ISGWBOKY"
Change component parameters. Clean all parameters for all variants
Change component parameters (AddParameter): Name = "JLC Availability"; Value = "Basic"; VariantName = "[No Variations]"
Change component parameters (AddParameter): Name = "LCSC Part #"; Value = "C25744"; VariantName = "[No Variations]"
Change component parameters (AddParameter): Name = "Value"; Value = "10k"; VariantName = "[No Variations]"
Change component parameters (AddParameter): Name = "JLC Availability"; Value = "Basic"; VariantName = "F1"
Change component parameters (AddParameter): Name = "LCSC Part #"; Value = "C25744"; VariantName = "F1"
Change component parameters (AddParameter): Name = "Value"; Value = "10k"; VariantName = "F1"
Change component parameters (AddParameter): Name = "JLC Availability"; Value = "Basic"; VariantName = "F4"
Change component parameters (AddParameter): Name = "LCSC Part #"; Value = "C25744"; VariantName = "F4"
Change component parameters (AddParameter): Name = "Value"; Value = "10k"; VariantName = "F4"
Change component parameters: Designator = "RBS_7"; Footprint = "R_0402"; UniqueID = "\FWUICHYA"
Change component parameters. Clean all parameters for all variants
Change component parameters (AddParameter): Name = "JLC Availability"; Value = "Basic"; VariantName = "[No Variations]"
Change component parameters (AddParameter): Name = "LCSC Part #"; Value = "C25744"; VariantName = "[No Variations]"
Change component parameters (AddParameter): Name = "Value"; Value = "10k"; VariantName = "[No Variations]"
Change component parameters (AddParameter): Name = "JLC Availability"; Value = "Basic"; VariantName = "F1"
Change component parameters (AddParameter): Name = "LCSC Part #"; Value = "C25744"; VariantName = "F1"
Change component parameters (AddParameter): Name = "Value"; Value = "10k"; VariantName = "F1"
Change component parameters (AddParameter): Name = "JLC Availability"; Value = "Basic"; VariantName = "F4"
Change component parameters (AddParameter): Name = "LCSC Part #"; Value = "C25744"; VariantName = "F4"
Change component parameters (AddParameter): Name = "Value"; Value = "10k"; VariantName = "F4"
Change component parameters: Designator = "RBS_8"; Footprint = "R_0402"; UniqueID = "\VSTCVAOH"
Change component parameters. Clean all parameters for all variants
Change component parameters (AddParameter): Name = "JLC Availability"; Value = "Basic"; VariantName = "[No Variations]"
Change component parameters (AddParameter): Name = "LCSC Part #"; Value = "C25744"; VariantName = "[No Variations]"
Change component parameters (AddParameter): Name = "Value"; Value = "10k"; VariantName = "[No Variations]"
Change component parameters (AddParameter): Name = "JLC Availability"; Value = "Basic"; VariantName = "F1"
Change component parameters (AddParameter): Name = "LCSC Part #"; Value = "C25744"; VariantName = "F1"
Change component parameters (AddParameter): Name = "Value"; Value = "10k"; VariantName = "F1"
Change component parameters (AddParameter): Name = "JLC Availability"; Value = "Basic"; VariantName = "F4"
Change component parameters (AddParameter): Name = "LCSC Part #"; Value = "C25744"; VariantName = "F4"
Change component parameters (AddParameter): Name = "Value"; Value = "10k"; VariantName = "F4"
Change component parameters: Designator = "RBS_9"; Footprint = "R_0402"; UniqueID = "\CEHYGIBE"
Change component parameters. Clean all parameters for all variants
Change component parameters (AddParameter): Name = "JLC Availability"; Value = "Basic"; VariantName = "[No Variations]"
Change component parameters (AddParameter): Name = "LCSC Part #"; Value = "C25744"; VariantName = "[No Variations]"
Change component parameters (AddParameter): Name = "Value"; Value = "10k"; VariantName = "[No Variations]"
Change component parameters (AddParameter): Name = "JLC Availability"; Value = "Basic"; VariantName = "F1"
Change component parameters (AddParameter): Name = "LCSC Part #"; Value = "C25744"; VariantName = "F1"
Change component parameters (AddParameter): Name = "Value"; Value = "10k"; VariantName = "F1"
Change component parameters (AddParameter): Name = "JLC Availability"; Value = "Basic"; VariantName = "F4"
Change component parameters (AddParameter): Name = "LCSC Part #"; Value = "C25744"; VariantName = "F4"
Change component parameters (AddParameter): Name = "Value"; Value = "10k"; VariantName = "F4"
Change component parameters: Designator = "RBS_10"; Footprint = "R_0402"; UniqueID = "\FDHCMLAO"
Change component parameters. Clean all parameters for all variants
Change component parameters (AddParameter): Name = "JLC Availability"; Value = "Basic"; VariantName = "[No Variations]"
Change component parameters (AddParameter): Name = "LCSC Part #"; Value = "C25744"; VariantName = "[No Variations]"
Change component parameters (AddParameter): Name = "Value"; Value = "10k"; VariantName = "[No Variations]"
Change component parameters (AddParameter): Name = "JLC Availability"; Value = "Basic"; VariantName = "F1"
Change component parameters (AddParameter): Name = "LCSC Part #"; Value = "C25744"; VariantName = "F1"
Change component parameters (AddParameter): Name = "Value"; Value = "10k"; VariantName = "F1"
Change component parameters (AddParameter): Name = "JLC Availability"; Value = "Basic"; VariantName = "F4"
Change component parameters (AddParameter): Name = "LCSC Part #"; Value = "C25744"; VariantName = "F4"
Change component parameters (AddParameter): Name = "Value"; Value = "10k"; VariantName = "F4"
Change component parameters: Designator = "RBS_11"; Footprint = "R_0402"; UniqueID = "\IIDDNMOR"
Change component parameters. Clean all parameters for all variants
Change component parameters (AddParameter): Name = "JLC Availability"; Value = "Basic"; VariantName = "[No Variations]"
Change component parameters (AddParameter): Name = "LCSC Part #"; Value = "C25744"; VariantName = "[No Variations]"
Change component parameters (AddParameter): Name = "Value"; Value = "10k"; VariantName = "[No Variations]"
Change component parameters (AddParameter): Name = "JLC Availability"; Value = "Basic"; VariantName = "F1"
Change component parameters (AddParameter): Name = "LCSC Part #"; Value = "C25744"; VariantName = "F1"
Change component parameters (AddParameter): Name = "Value"; Value = "10k"; VariantName = "F1"
Change component parameters (AddParameter): Name = "JLC Availability"; Value = "Basic"; VariantName = "F4"
Change component parameters (AddParameter): Name = "LCSC Part #"; Value = "C25744"; VariantName = "F4"
Change component parameters (AddParameter): Name = "Value"; Value = "10k"; VariantName = "F4"
Change component parameters: Designator = "RBS_12"; Footprint = "R_0402"; UniqueID = "\QOUNSFNS"
Change component parameters. Clean all parameters for all variants
Change component parameters (AddParameter): Name = "JLC Availability"; Value = "Basic"; VariantName = "[No Variations]"
Change component parameters (AddParameter): Name = "LCSC Part #"; Value = "C25744"; VariantName = "[No Variations]"
Change component parameters (AddParameter): Name = "Value"; Value = "10k"; VariantName = "[No Variations]"
Change component parameters (AddParameter): Name = "JLC Availability"; Value = "Basic"; VariantName = "F1"
Change component parameters (AddParameter): Name = "LCSC Part #"; Value = "C25744"; VariantName = "F1"
Change component parameters (AddParameter): Name = "Value"; Value = "10k"; VariantName = "F1"
Change component parameters (AddParameter): Name = "JLC Availability"; Value = "Basic"; VariantName = "F4"
Change component parameters (AddParameter): Name = "LCSC Part #"; Value = "C25744"; VariantName = "F4"
Change component parameters (AddParameter): Name = "Value"; Value = "10k"; VariantName = "F4"
Change component parameters: Designator = "RBS_13"; Footprint = "R_0402"; UniqueID = "\OABFTJNJ"
Change component parameters. Clean all parameters for all variants
Change component parameters (AddParameter): Name = "JLC Availability"; Value = "Basic"; VariantName = "[No Variations]"
Change component parameters (AddParameter): Name = "LCSC Part #"; Value = "C25744"; VariantName = "[No Variations]"
Change component parameters (AddParameter): Name = "Value"; Value = "10k"; VariantName = "[No Variations]"
Change component parameters (AddParameter): Name = "JLC Availability"; Value = "Basic"; VariantName = "F1"
Change component parameters (AddParameter): Name = "LCSC Part #"; Value = "C25744"; VariantName = "F1"
Change component parameters (AddParameter): Name = "Value"; Value = "10k"; VariantName = "F1"
Change component parameters (AddParameter): Name = "JLC Availability"; Value = "Basic"; VariantName = "F4"
Change component parameters (AddParameter): Name = "LCSC Part #"; Value = "C25744"; VariantName = "F4"
Change component parameters (AddParameter): Name = "Value"; Value = "10k"; VariantName = "F4"
Change component parameters: Designator = "RBS_14"; Footprint = "R_0402"; UniqueID = "\SLCGMMKG"
Change component parameters. Clean all parameters for all variants
Change component parameters (AddParameter): Name = "JLC Availability"; Value = "Basic"; VariantName = "[No Variations]"
Change component parameters (AddParameter): Name = "LCSC Part #"; Value = "C25744"; VariantName = "[No Variations]"
Change component parameters (AddParameter): Name = "Value"; Value = "10k"; VariantName = "[No Variations]"
Change component parameters (AddParameter): Name = "JLC Availability"; Value = "Basic"; VariantName = "F1"
Change component parameters (AddParameter): Name = "LCSC Part #"; Value = "C25744"; VariantName = "F1"
Change component parameters (AddParameter): Name = "Value"; Value = "10k"; VariantName = "F1"
Change component parameters (AddParameter): Name = "JLC Availability"; Value = "Basic"; VariantName = "F4"
Change component parameters (AddParameter): Name = "LCSC Part #"; Value = "C25744"; VariantName = "F4"
Change component parameters (AddParameter): Name = "Value"; Value = "10k"; VariantName = "F4"
