Change Component DesignItemId : Designator=R_C1A Old DesignItemId=0402WGF1000TCE New DesignItemId=0402WGF0000TCE
Change Component DesignItemId : Designator=R_C1B Old DesignItemId=0402WGF1000TCE New DesignItemId=0402WGF0000TCE
Change Component DesignItemId : Designator=R_C2A Old DesignItemId=0402WGF1000TCE New DesignItemId=0402WGF0000TCE
Change Component DesignItemId : Designator=R_C2B Old DesignItemId=0402WGF1000TCE New DesignItemId=0402WGF0000TCE
Change Component DesignItemId : Designator=R_C3A Old DesignItemId=0402WGF1000TCE New DesignItemId=0402WGF0000TCE
Change Component DesignItemId : Designator=R_C3B Old DesignItemId=0402WGF1000TCE New DesignItemId=0402WGF0000TCE
Change Component DesignItemId : Designator=R_C4A Old DesignItemId=0402WGF1000TCE New DesignItemId=0402WGF0000TCE
Change Component DesignItemId : Designator=R_C4B Old DesignItemId=0402WGF1000TCE New DesignItemId=0402WGF0000TCE
Change Component DesignItemId : Designator=R_C5A Old DesignItemId=0402WGF1000TCE New DesignItemId=0402WGF0000TCE
Change Component DesignItemId : Designator=R_C5B Old DesignItemId=0402WGF1000TCE New DesignItemId=0402WGF0000TCE
Change Component DesignItemId : Designator=R_C6A Old DesignItemId=0402WGF1000TCE New DesignItemId=0402WGF0000TCE
Change Component DesignItemId : Designator=R_C6B Old DesignItemId=0402WGF1000TCE New DesignItemId=0402WGF0000TCE
Change Component DesignItemId : Designator=R_C7A Old DesignItemId=0402WGF1000TCE New DesignItemId=0402WGF0000TCE
Change Component DesignItemId : Designator=R_C7B Old DesignItemId=0402WGF1000TCE New DesignItemId=0402WGF0000TCE
Change Component DesignItemId : Designator=R_C8A Old DesignItemId=0402WGF1000TCE New DesignItemId=0402WGF0000TCE
Change Component DesignItemId : Designator=R_C8B Old DesignItemId=0402WGF1000TCE New DesignItemId=0402WGF0000TCE
Change Component DesignItemId : Designator=R_C9A Old DesignItemId=0402WGF1000TCE New DesignItemId=0402WGF0000TCE
Change Component DesignItemId : Designator=R_C9B Old DesignItemId=0402WGF1000TCE New DesignItemId=0402WGF0000TCE
Change Component DesignItemId : Designator=R_C10A Old DesignItemId=0402WGF1000TCE New DesignItemId=0402WGF0000TCE
Change Component DesignItemId : Designator=R_C10B Old DesignItemId=0402WGF1000TCE New DesignItemId=0402WGF0000TCE
Change Component DesignItemId : Designator=R_C11A Old DesignItemId=0402WGF1000TCE New DesignItemId=0402WGF0000TCE
Change Component DesignItemId : Designator=R_C11B Old DesignItemId=0402WGF1000TCE New DesignItemId=0402WGF0000TCE
Change Component DesignItemId : Designator=R_C12A Old DesignItemId=0402WGF1000TCE New DesignItemId=0402WGF0000TCE
Change Component DesignItemId : Designator=R_C12B Old DesignItemId=0402WGF1000TCE New DesignItemId=0402WGF0000TCE
Change Component Comment : Designator=R_C1A Old Comment=0402WGF1000TCE New Comment=0402WGF0000TCE
Change Component Comment : Designator=R_C1B Old Comment=0402WGF1000TCE New Comment=0402WGF0000TCE
Change Component Comment : Designator=R_C2A Old Comment=0402WGF1000TCE New Comment=0402WGF0000TCE
Change Component Comment : Designator=R_C2B Old Comment=0402WGF1000TCE New Comment=0402WGF0000TCE
Change Component Comment : Designator=R_C3A Old Comment=0402WGF1000TCE New Comment=0402WGF0000TCE
Change Component Comment : Designator=R_C3B Old Comment=0402WGF1000TCE New Comment=0402WGF0000TCE
Change Component Comment : Designator=R_C4A Old Comment=0402WGF1000TCE New Comment=0402WGF0000TCE
Change Component Comment : Designator=R_C4B Old Comment=0402WGF1000TCE New Comment=0402WGF0000TCE
Change Component Comment : Designator=R_C5A Old Comment=0402WGF1000TCE New Comment=0402WGF0000TCE
Change Component Comment : Designator=R_C5B Old Comment=0402WGF1000TCE New Comment=0402WGF0000TCE
Change Component Comment : Designator=R_C6A Old Comment=0402WGF1000TCE New Comment=0402WGF0000TCE
Change Component Comment : Designator=R_C6B Old Comment=0402WGF1000TCE New Comment=0402WGF0000TCE
Change Component Comment : Designator=R_C7A Old Comment=0402WGF1000TCE New Comment=0402WGF0000TCE
Change Component Comment : Designator=R_C7B Old Comment=0402WGF1000TCE New Comment=0402WGF0000TCE
Change Component Comment : Designator=R_C8A Old Comment=0402WGF1000TCE New Comment=0402WGF0000TCE
Change Component Comment : Designator=R_C8B Old Comment=0402WGF1000TCE New Comment=0402WGF0000TCE
Change Component Comment : Designator=R_C9A Old Comment=0402WGF1000TCE New Comment=0402WGF0000TCE
Change Component Comment : Designator=R_C9B Old Comment=0402WGF1000TCE New Comment=0402WGF0000TCE
Change Component Comment : Designator=R_C10A Old Comment=0402WGF1000TCE New Comment=0402WGF0000TCE
Change Component Comment : Designator=R_C10B Old Comment=0402WGF1000TCE New Comment=0402WGF0000TCE
Change Component Comment : Designator=R_C11A Old Comment=0402WGF1000TCE New Comment=0402WGF0000TCE
Change Component Comment : Designator=R_C11B Old Comment=0402WGF1000TCE New Comment=0402WGF0000TCE
Change Component Comment : Designator=R_C12A Old Comment=0402WGF1000TCE New Comment=0402WGF0000TCE
Change Component Comment : Designator=R_C12B Old Comment=0402WGF1000TCE New Comment=0402WGF0000TCE
Change Component Description : Designator=R_C1A Old Description=R - RESISTOR - SMD - 100R - 1% - 0402 New Description=R - RESISTOR - SMD - 0R - 1% - 0402
Change Component Description : Designator=R_C1B Old Description=R - RESISTOR - SMD - 100R - 1% - 0402 New Description=R - RESISTOR - SMD - 0R - 1% - 0402
Change Component Description : Designator=R_C2A Old Description=R - RESISTOR - SMD - 100R - 1% - 0402 New Description=R - RESISTOR - SMD - 0R - 1% - 0402
Change Component Description : Designator=R_C2B Old Description=R - RESISTOR - SMD - 100R - 1% - 0402 New Description=R - RESISTOR - SMD - 0R - 1% - 0402
Change Component Description : Designator=R_C3A Old Description=R - RESISTOR - SMD - 100R - 1% - 0402 New Description=R - RESISTOR - SMD - 0R - 1% - 0402
Change Component Description : Designator=R_C3B Old Description=R - RESISTOR - SMD - 100R - 1% - 0402 New Description=R - RESISTOR - SMD - 0R - 1% - 0402
Change Component Description : Designator=R_C4A Old Description=R - RESISTOR - SMD - 100R - 1% - 0402 New Description=R - RESISTOR - SMD - 0R - 1% - 0402
Change Component Description : Designator=R_C4B Old Description=R - RESISTOR - SMD - 100R - 1% - 0402 New Description=R - RESISTOR - SMD - 0R - 1% - 0402
Change Component Description : Designator=R_C5A Old Description=R - RESISTOR - SMD - 100R - 1% - 0402 New Description=R - RESISTOR - SMD - 0R - 1% - 0402
Change Component Description : Designator=R_C5B Old Description=R - RESISTOR - SMD - 100R - 1% - 0402 New Description=R - RESISTOR - SMD - 0R - 1% - 0402
Change Component Description : Designator=R_C6A Old Description=R - RESISTOR - SMD - 100R - 1% - 0402 New Description=R - RESISTOR - SMD - 0R - 1% - 0402
Change Component Description : Designator=R_C6B Old Description=R - RESISTOR - SMD - 100R - 1% - 0402 New Description=R - RESISTOR - SMD - 0R - 1% - 0402
Change Component Description : Designator=R_C7A Old Description=R - RESISTOR - SMD - 100R - 1% - 0402 New Description=R - RESISTOR - SMD - 0R - 1% - 0402
Change Component Description : Designator=R_C7B Old Description=R - RESISTOR - SMD - 100R - 1% - 0402 New Description=R - RESISTOR - SMD - 0R - 1% - 0402
Change Component Description : Designator=R_C8A Old Description=R - RESISTOR - SMD - 100R - 1% - 0402 New Description=R - RESISTOR - SMD - 0R - 1% - 0402
Change Component Description : Designator=R_C8B Old Description=R - RESISTOR - SMD - 100R - 1% - 0402 New Description=R - RESISTOR - SMD - 0R - 1% - 0402
Change Component Description : Designator=R_C9A Old Description=R - RESISTOR - SMD - 100R - 1% - 0402 New Description=R - RESISTOR - SMD - 0R - 1% - 0402
Change Component Description : Designator=R_C9B Old Description=R - RESISTOR - SMD - 100R - 1% - 0402 New Description=R - RESISTOR - SMD - 0R - 1% - 0402
Change Component Description : Designator=R_C10A Old Description=R - RESISTOR - SMD - 100R - 1% - 0402 New Description=R - RESISTOR - SMD - 0R - 1% - 0402
Change Component Description : Designator=R_C10B Old Description=R - RESISTOR - SMD - 100R - 1% - 0402 New Description=R - RESISTOR - SMD - 0R - 1% - 0402
Change Component Description : Designator=R_C11A Old Description=R - RESISTOR - SMD - 100R - 1% - 0402 New Description=R - RESISTOR - SMD - 0R - 1% - 0402
Change Component Description : Designator=R_C11B Old Description=R - RESISTOR - SMD - 100R - 1% - 0402 New Description=R - RESISTOR - SMD - 0R - 1% - 0402
Change Component Description : Designator=R_C12A Old Description=R - RESISTOR - SMD - 100R - 1% - 0402 New Description=R - RESISTOR - SMD - 0R - 1% - 0402
Change Component Description : Designator=R_C12B Old Description=R - RESISTOR - SMD - 100R - 1% - 0402 New Description=R - RESISTOR - SMD - 0R - 1% - 0402
Change component parameters: Designator = "R_C1A"; Footprint = "R_0402"; UniqueID = "\JXMHKIUU"
Change component parameters. Clean all parameters for all variants
Change component parameters (AddParameter): Name = "JLC Availability"; Value = "Basic"; VariantName = "[No Variations]"
Change component parameters (AddParameter): Name = "LCSC Part #"; Value = "C17168"; VariantName = "[No Variations]"
Change component parameters (AddParameter): Name = "Value"; Value = "0R"; VariantName = "[No Variations]"
Change component parameters: Designator = "R_C1B"; Footprint = "R_0402"; UniqueID = "\BPHHSKBT"
Change component parameters. Clean all parameters for all variants
Change component parameters (AddParameter): Name = "JLC Availability"; Value = "Basic"; VariantName = "[No Variations]"
Change component parameters (AddParameter): Name = "LCSC Part #"; Value = "C17168"; VariantName = "[No Variations]"
Change component parameters (AddParameter): Name = "Value"; Value = "0R"; VariantName = "[No Variations]"
Change component parameters: Designator = "R_C2A"; Footprint = "R_0402"; UniqueID = "\VGEEOGOH"
Change component parameters. Clean all parameters for all variants
Change component parameters (AddParameter): Name = "JLC Availability"; Value = "Basic"; VariantName = "[No Variations]"
Change component parameters (AddParameter): Name = "LCSC Part #"; Value = "C17168"; VariantName = "[No Variations]"
Change component parameters (AddParameter): Name = "Value"; Value = "0R"; VariantName = "[No Variations]"
Change component parameters: Designator = "R_C2B"; Footprint = "R_0402"; UniqueID = "\YSDLGJJO"
Change component parameters. Clean all parameters for all variants
Change component parameters (AddParameter): Name = "JLC Availability"; Value = "Basic"; VariantName = "[No Variations]"
Change component parameters (AddParameter): Name = "LCSC Part #"; Value = "C17168"; VariantName = "[No Variations]"
Change component parameters (AddParameter): Name = "Value"; Value = "0R"; VariantName = "[No Variations]"
Change component parameters: Designator = "R_C3A"; Footprint = "R_0402"; UniqueID = "\XNLIYFMG"
Change component parameters. Clean all parameters for all variants
Change component parameters (AddParameter): Name = "JLC Availability"; Value = "Basic"; VariantName = "[No Variations]"
Change component parameters (AddParameter): Name = "LCSC Part #"; Value = "C17168"; VariantName = "[No Variations]"
Change component parameters (AddParameter): Name = "Value"; Value = "0R"; VariantName = "[No Variations]"
Change component parameters: Designator = "R_C3B"; Footprint = "R_0402"; UniqueID = "\WVTNJOXR"
Change component parameters. Clean all parameters for all variants
Change component parameters (AddParameter): Name = "JLC Availability"; Value = "Basic"; VariantName = "[No Variations]"
Change component parameters (AddParameter): Name = "LCSC Part #"; Value = "C17168"; VariantName = "[No Variations]"
Change component parameters (AddParameter): Name = "Value"; Value = "0R"; VariantName = "[No Variations]"
Change component parameters: Designator = "R_C4A"; Footprint = "R_0402"; UniqueID = "\OVUJNMJT"
Change component parameters. Clean all parameters for all variants
Change component parameters (AddParameter): Name = "JLC Availability"; Value = "Basic"; VariantName = "[No Variations]"
Change component parameters (AddParameter): Name = "LCSC Part #"; Value = "C17168"; VariantName = "[No Variations]"
Change component parameters (AddParameter): Name = "Value"; Value = "0R"; VariantName = "[No Variations]"
Change component parameters: Designator = "R_C4B"; Footprint = "R_0402"; UniqueID = "\KOXGCPIY"
Change component parameters. Clean all parameters for all variants
Change component parameters (AddParameter): Name = "JLC Availability"; Value = "Basic"; VariantName = "[No Variations]"
Change component parameters (AddParameter): Name = "LCSC Part #"; Value = "C17168"; VariantName = "[No Variations]"
Change component parameters (AddParameter): Name = "Value"; Value = "0R"; VariantName = "[No Variations]"
Change component parameters: Designator = "R_C5A"; Footprint = "R_0402"; UniqueID = "\NPRCLSYC"
Change component parameters. Clean all parameters for all variants
Change component parameters (AddParameter): Name = "JLC Availability"; Value = "Basic"; VariantName = "[No Variations]"
Change component parameters (AddParameter): Name = "LCSC Part #"; Value = "C17168"; VariantName = "[No Variations]"
Change component parameters (AddParameter): Name = "Value"; Value = "0R"; VariantName = "[No Variations]"
Change component parameters: Designator = "R_C5B"; Footprint = "R_0402"; UniqueID = "\NHRRXNJD"
Change component parameters. Clean all parameters for all variants
Change component parameters (AddParameter): Name = "JLC Availability"; Value = "Basic"; VariantName = "[No Variations]"
Change component parameters (AddParameter): Name = "LCSC Part #"; Value = "C17168"; VariantName = "[No Variations]"
Change component parameters (AddParameter): Name = "Value"; Value = "0R"; VariantName = "[No Variations]"
Change component parameters: Designator = "R_C6A"; Footprint = "R_0402"; UniqueID = "\PQGTKHBO"
Change component parameters. Clean all parameters for all variants
Change component parameters (AddParameter): Name = "JLC Availability"; Value = "Basic"; VariantName = "[No Variations]"
Change component parameters (AddParameter): Name = "LCSC Part #"; Value = "C17168"; VariantName = "[No Variations]"
Change component parameters (AddParameter): Name = "Value"; Value = "0R"; VariantName = "[No Variations]"
Change component parameters: Designator = "R_C6B"; Footprint = "R_0402"; UniqueID = "\FATYKRLM"
Change component parameters. Clean all parameters for all variants
Change component parameters (AddParameter): Name = "JLC Availability"; Value = "Basic"; VariantName = "[No Variations]"
Change component parameters (AddParameter): Name = "LCSC Part #"; Value = "C17168"; VariantName = "[No Variations]"
Change component parameters (AddParameter): Name = "Value"; Value = "0R"; VariantName = "[No Variations]"
Change component parameters: Designator = "R_C7A"; Footprint = "R_0402"; UniqueID = "\NTSOIKEI"
Change component parameters. Clean all parameters for all variants
Change component parameters (AddParameter): Name = "JLC Availability"; Value = "Basic"; VariantName = "[No Variations]"
Change component parameters (AddParameter): Name = "LCSC Part #"; Value = "C17168"; VariantName = "[No Variations]"
Change component parameters (AddParameter): Name = "Value"; Value = "0R"; VariantName = "[No Variations]"
Change component parameters: Designator = "R_C7B"; Footprint = "R_0402"; UniqueID = "\NSLGDJLN"
Change component parameters. Clean all parameters for all variants
Change component parameters (AddParameter): Name = "JLC Availability"; Value = "Basic"; VariantName = "[No Variations]"
Change component parameters (AddParameter): Name = "LCSC Part #"; Value = "C17168"; VariantName = "[No Variations]"
Change component parameters (AddParameter): Name = "Value"; Value = "0R"; VariantName = "[No Variations]"
Change component parameters: Designator = "R_C8A"; Footprint = "R_0402"; UniqueID = "\EULQWXQO"
Change component parameters. Clean all parameters for all variants
Change component parameters (AddParameter): Name = "JLC Availability"; Value = "Basic"; VariantName = "[No Variations]"
Change component parameters (AddParameter): Name = "LCSC Part #"; Value = "C17168"; VariantName = "[No Variations]"
Change component parameters (AddParameter): Name = "Value"; Value = "0R"; VariantName = "[No Variations]"
Change component parameters: Designator = "R_C8B"; Footprint = "R_0402"; UniqueID = "\KMTQSUPQ"
Change component parameters. Clean all parameters for all variants
Change component parameters (AddParameter): Name = "JLC Availability"; Value = "Basic"; VariantName = "[No Variations]"
Change component parameters (AddParameter): Name = "LCSC Part #"; Value = "C17168"; VariantName = "[No Variations]"
Change component parameters (AddParameter): Name = "Value"; Value = "0R"; VariantName = "[No Variations]"
Change component parameters: Designator = "R_C9A"; Footprint = "R_0402"; UniqueID = "\NSXLFICV"
Change component parameters. Clean all parameters for all variants
Change component parameters (AddParameter): Name = "JLC Availability"; Value = "Basic"; VariantName = "[No Variations]"
Change component parameters (AddParameter): Name = "LCSC Part #"; Value = "C17168"; VariantName = "[No Variations]"
Change component parameters (AddParameter): Name = "Value"; Value = "0R"; VariantName = "[No Variations]"
Change component parameters: Designator = "R_C9B"; Footprint = "R_0402"; UniqueID = "\WNLDSIMP"
Change component parameters. Clean all parameters for all variants
Change component parameters (AddParameter): Name = "JLC Availability"; Value = "Basic"; VariantName = "[No Variations]"
Change component parameters (AddParameter): Name = "LCSC Part #"; Value = "C17168"; VariantName = "[No Variations]"
Change component parameters (AddParameter): Name = "Value"; Value = "0R"; VariantName = "[No Variations]"
Change component parameters: Designator = "R_C10A"; Footprint = "R_0402"; UniqueID = "\OJSLXBER"
Change component parameters. Clean all parameters for all variants
Change component parameters (AddParameter): Name = "JLC Availability"; Value = "Basic"; VariantName = "[No Variations]"
Change component parameters (AddParameter): Name = "LCSC Part #"; Value = "C17168"; VariantName = "[No Variations]"
Change component parameters (AddParameter): Name = "Value"; Value = "0R"; VariantName = "[No Variations]"
Change component parameters: Designator = "R_C10B"; Footprint = "R_0402"; UniqueID = "\SDSYMJWD"
Change component parameters. Clean all parameters for all variants
Change component parameters (AddParameter): Name = "JLC Availability"; Value = "Basic"; VariantName = "[No Variations]"
Change component parameters (AddParameter): Name = "LCSC Part #"; Value = "C17168"; VariantName = "[No Variations]"
Change component parameters (AddParameter): Name = "Value"; Value = "0R"; VariantName = "[No Variations]"
Change component parameters: Designator = "R_C11A"; Footprint = "R_0402"; UniqueID = "\UTIEJHIK"
Change component parameters. Clean all parameters for all variants
Change component parameters (AddParameter): Name = "JLC Availability"; Value = "Basic"; VariantName = "[No Variations]"
Change component parameters (AddParameter): Name = "LCSC Part #"; Value = "C17168"; VariantName = "[No Variations]"
Change component parameters (AddParameter): Name = "Value"; Value = "0R"; VariantName = "[No Variations]"
Change component parameters: Designator = "R_C11B"; Footprint = "R_0402"; UniqueID = "\MMRQTWVV"
Change component parameters. Clean all parameters for all variants
Change component parameters (AddParameter): Name = "JLC Availability"; Value = "Basic"; VariantName = "[No Variations]"
Change component parameters (AddParameter): Name = "LCSC Part #"; Value = "C17168"; VariantName = "[No Variations]"
Change component parameters (AddParameter): Name = "Value"; Value = "0R"; VariantName = "[No Variations]"
Change component parameters: Designator = "R_C12A"; Footprint = "R_0402"; UniqueID = "\JATPXPNV"
Change component parameters. Clean all parameters for all variants
Change component parameters (AddParameter): Name = "JLC Availability"; Value = "Basic"; VariantName = "[No Variations]"
Change component parameters (AddParameter): Name = "LCSC Part #"; Value = "C17168"; VariantName = "[No Variations]"
Change component parameters (AddParameter): Name = "Value"; Value = "0R"; VariantName = "[No Variations]"
Change component parameters: Designator = "R_C12B"; Footprint = "R_0402"; UniqueID = "\FGJVKDMW"
Change component parameters. Clean all parameters for all variants
Change component parameters (AddParameter): Name = "JLC Availability"; Value = "Basic"; VariantName = "[No Variations]"
Change component parameters (AddParameter): Name = "LCSC Part #"; Value = "C17168"; VariantName = "[No Variations]"
Change component parameters (AddParameter): Name = "Value"; Value = "0R"; VariantName = "[No Variations]"
Added Pin To Net: NetName=CELL11_FN Pin=C11_D2-2
Added Pin To Net: NetName=CELL11_FN Pin=C_C11-2
Added Pin To Net: NetName=CELL11_FN Pin=R_C11A-1
Added Net: Name=CELL11_FN
Added Pin To Net: NetName=CELL11_FP Pin=C11_D1-1
Added Pin To Net: NetName=CELL11_FP Pin=C_C11-1
Added Pin To Net: NetName=CELL11_FP Pin=R_C11B-1
Added Net: Name=CELL11_FP
Added Pin To Net: NetName=CELL12_FN Pin=C12_D2-2
Added Pin To Net: NetName=CELL12_FN Pin=C_C12-2
Added Pin To Net: NetName=CELL12_FN Pin=R_C12A-1
Added Net: Name=CELL12_FN
Added Pin To Net: NetName=CELL12_FP Pin=C12_D1-1
Added Pin To Net: NetName=CELL12_FP Pin=C_C12-1
Added Pin To Net: NetName=CELL12_FP Pin=R_C12B-1
Added Net: Name=CELL12_FP
Added Member To Class: ClassName=BMS_MAINBOARD Member=Component R_C1A 0402WGF0000TCE
Added Member To Class: ClassName=BMS_MAINBOARD Member=Component R_C1B 0402WGF0000TCE
Added Member To Class: ClassName=BMS_MAINBOARD Member=Component R_C2A 0402WGF0000TCE
Added Member To Class: ClassName=BMS_MAINBOARD Member=Component R_C2B 0402WGF0000TCE
Added Member To Class: ClassName=BMS_MAINBOARD Member=Component R_C3A 0402WGF0000TCE
Added Member To Class: ClassName=BMS_MAINBOARD Member=Component R_C3B 0402WGF0000TCE
Added Member To Class: ClassName=BMS_MAINBOARD Member=Component R_C4A 0402WGF0000TCE
Added Member To Class: ClassName=BMS_MAINBOARD Member=Component R_C4B 0402WGF0000TCE
Added Member To Class: ClassName=BMS_MAINBOARD Member=Component R_C5A 0402WGF0000TCE
Added Member To Class: ClassName=BMS_MAINBOARD Member=Component R_C5B 0402WGF0000TCE
Added Member To Class: ClassName=BMS_MAINBOARD Member=Component R_C6A 0402WGF0000TCE
Added Member To Class: ClassName=BMS_MAINBOARD Member=Component R_C6B 0402WGF0000TCE
Added Member To Class: ClassName=BMS_MAINBOARD Member=Component R_C7A 0402WGF0000TCE
Added Member To Class: ClassName=BMS_MAINBOARD Member=Component R_C7B 0402WGF0000TCE
Added Member To Class: ClassName=BMS_MAINBOARD Member=Component R_C8A 0402WGF0000TCE
Added Member To Class: ClassName=BMS_MAINBOARD Member=Component R_C8B 0402WGF0000TCE
Added Member To Class: ClassName=BMS_MAINBOARD Member=Component R_C9A 0402WGF0000TCE
Added Member To Class: ClassName=BMS_MAINBOARD Member=Component R_C9B 0402WGF0000TCE
Added Member To Class: ClassName=BMS_MAINBOARD Member=Component R_C10A 0402WGF0000TCE
Added Member To Class: ClassName=BMS_MAINBOARD Member=Component R_C10B 0402WGF0000TCE
Added Member To Class: ClassName=BMS_MAINBOARD Member=Component R_C11A 0402WGF0000TCE
Added Member To Class: ClassName=BMS_MAINBOARD Member=Component R_C11B 0402WGF0000TCE
Added Member To Class: ClassName=BMS_MAINBOARD Member=Component R_C12A 0402WGF0000TCE
Added Member To Class: ClassName=BMS_MAINBOARD Member=Component R_C12B 0402WGF0000TCE
