Removed Pin From Net: NetName=GND Pin=C13_C4-1
Removed Pin From Net: NetName=CELL_13_SUM_V Pin=C13_C4-2
Removed Pin From Net: NetName=CELL_13_SUM_V Pin=C13_D3-1
Removed Pin From Net: NetName=GND Pin=C13_D4-2
Removed Pin From Net: NetName=EXCITER Pin=C13_R5-2
Removed Pin From Net: NetName=BAL_CELL13 Pin=C13_R6-1
Removed Pin From Net: NetName=GND Pin=C13_R6-2
Removed Pin From Net: NetName=CELL_13_SUM_V Pin=C13_R7-1
Removed Pin From Net: NetName=GND Pin=C13_R7-2
Removed Pin From Net: NetName=CELL12 Pin=C13_R8-2
Removed Pin From Net: NetName=CELL12 Pin=C13_R11-1
Removed Pin From Net: NetName=BAL_CELL13 Pin=QBG_13-1
Removed Pin From Net: NetName=GND Pin=QBG_13-2
Removed Pin From Net: NetName=CELL12 Pin=R_C13A-2
Removed Member From Class: ClassName=BMS_MAINBOARD Member=C13_C2
Removed Member From Class: ClassName=BMS_MAINBOARD Member=C13_C3
Removed Member From Class: ClassName=BMS_MAINBOARD Member=C13_C4
Removed Member From Class: ClassName=BMS_MAINBOARD Member=C13_D1
Removed Member From Class: ClassName=BMS_MAINBOARD Member=C13_D2
Removed Member From Class: ClassName=BMS_MAINBOARD Member=C13_D3
Removed Member From Class: ClassName=BMS_MAINBOARD Member=C13_D4
Removed Member From Class: ClassName=BMS_MAINBOARD Member=C13_D5
Removed Member From Class: ClassName=BMS_MAINBOARD Member=C13_R5
Removed Member From Class: ClassName=BMS_MAINBOARD Member=C13_R6
Removed Member From Class: ClassName=BMS_MAINBOARD Member=C13_R7
Removed Member From Class: ClassName=BMS_MAINBOARD Member=C13_R8
Removed Member From Class: ClassName=BMS_MAINBOARD Member=C13_R9
Removed Member From Class: ClassName=BMS_MAINBOARD Member=C13_R10
Removed Member From Class: ClassName=BMS_MAINBOARD Member=C13_R11
Removed Member From Class: ClassName=BMS_MAINBOARD Member=C_C13
Removed Member From Class: ClassName=BMS_MAINBOARD Member=QB_13
Removed Member From Class: ClassName=BMS_MAINBOARD Member=QBG_13
Removed Member From Class: ClassName=BMS_MAINBOARD Member=R_C13A
Removed Member From Class: ClassName=BMS_MAINBOARD Member=R_C13B
Removed Member From Class: ClassName=BMS_MAINBOARD Member=RBG_13
Removed Member From Class: ClassName=BMS_MAINBOARD Member=RBS_13
