Removed Pin From Net: NetName=NetC6_D5_2 Pin=C6_R11-1
Removed Pin From Net: NetName=NetC7_D5_2 Pin=C7_R11-1
Removed Pin From Net: NetName=NetC8_R8_1 Pin=C8_R10-1
Removed Pin From Net: NetName=NetC8_D5_2 Pin=C8_R10-2
Removed Pin From Net: NetName=NetC8_R8_1 Pin=C8_R11-1
Removed Pin From Net: NetName=NetC11_R8_1 Pin=C11_R10-1
Removed Pin From Net: NetName=NetC11_D5_2 Pin=C11_R10-2
Removed Pin From Net: NetName=NetC11_R8_1 Pin=C11_R11-1
Added Pin To Net: NetName=NetC6_D5_2 Pin=C6_R10-1
Added Pin To Net: NetName=CELL5 Pin=C6_R11-1
Added Pin To Net: NetName=NetC7_D5_2 Pin=C7_R10-1
Added Pin To Net: NetName=CELL6 Pin=C7_R11-1
Added Pin To Net: NetName=NetC8_D5_2 Pin=C8_R10-1
Added Pin To Net: NetName=NetC8_R8_1 Pin=C8_R10-2
Added Pin To Net: NetName=CELL7 Pin=C8_R11-1
Added Pin To Net: NetName=NetC8_R8_1 Pin=C8_R11-2
Added Pin To Net: NetName=CELL8 Pin=C9_R11-1
Added Pin To Net: NetName=CELL9 Pin=C10_R11-1
Added Pin To Net: NetName=NetC11_D5_2 Pin=C11_R10-1
Added Pin To Net: NetName=NetC11_R8_1 Pin=C11_R10-2
Added Pin To Net: NetName=CELL10 Pin=C11_R11-1
Added Pin To Net: NetName=NetC11_R8_1 Pin=C11_R11-2
Added Member To Class: ClassName=BMS_MAINBOARD Member=Component C7_R10 0402WGF1000TCE
Added Member To Class: ClassName=BMS_MAINBOARD Member=Component C7_R11 0402WGF1000TCE
Added Member To Class: ClassName=BMS_MAINBOARD Member=Component C8_R10 0402WGF1000TCE
Added Member To Class: ClassName=BMS_MAINBOARD Member=Component C8_R11 0402WGF1000TCE
Added Member To Class: ClassName=BMS_MAINBOARD Member=Component C9_R10 0402WGF1000TCE
Added Member To Class: ClassName=BMS_MAINBOARD Member=Component C9_R11 0402WGF1000TCE
Added Member To Class: ClassName=BMS_MAINBOARD Member=Component C10_R10 0402WGF1000TCE
Added Member To Class: ClassName=BMS_MAINBOARD Member=Component C10_R11 0402WGF1000TCE
Added Member To Class: ClassName=BMS_MAINBOARD Member=Component C11_R10 0402WGF1000TCE
Added Member To Class: ClassName=BMS_MAINBOARD Member=Component C11_R11 0402WGF1000TCE
