Removed Pin From Net: NetName=CELL1 Pin=DBS_1-1
Removed Pin From Net: NetName=NetDBS_1_2 Pin=DBS_1-2
Removed Pin From Net: NetName=CELL2 Pin=DBS_2-1
Removed Pin From Net: NetName=NetDBS_2_2 Pin=DBS_2-2
Removed Pin From Net: NetName=CELL3 Pin=DBS_3-1
Removed Pin From Net: NetName=NetDBS_3_2 Pin=DBS_3-2
Removed Pin From Net: NetName=CELL4 Pin=DBS_4-1
Removed Pin From Net: NetName=NetDBS_4_2 Pin=DBS_4-2
Removed Pin From Net: NetName=CELL5 Pin=DBS_5-1
Removed Pin From Net: NetName=NetDBS_5_2 Pin=DBS_5-2
Removed Pin From Net: NetName=CELL6 Pin=DBS_6-1
Removed Pin From Net: NetName=NetDBS_6_2 Pin=DBS_6-2
Removed Pin From Net: NetName=CELL7 Pin=DBS_7-1
Removed Pin From Net: NetName=NetDBS_7_2 Pin=DBS_7-2
Removed Member From Class: ClassName=BMS_MAINBOARD Member=DBS_1
Removed Member From Class: ClassName=BMS_MAINBOARD Member=DBS_2
Removed Member From Class: ClassName=BMS_MAINBOARD Member=DBS_3
Removed Member From Class: ClassName=BMS_MAINBOARD Member=DBS_4
Removed Member From Class: ClassName=BMS_MAINBOARD Member=DBS_5
Removed Member From Class: ClassName=BMS_MAINBOARD Member=DBS_6
Removed Member From Class: ClassName=BMS_MAINBOARD Member=DBS_7
Change Component DesignItemId : Designator=RBG_2 Old DesignItemId=0402WGF1002TCE New DesignItemId=0402WGF1003TCE
Change Component DesignItemId : Designator=RBG_3 Old DesignItemId=0402WGF1002TCE New DesignItemId=0402WGF1003TCE
Change Component DesignItemId : Designator=RBG_4 Old DesignItemId=0402WGF1002TCE New DesignItemId=0402WGF1003TCE
Change Component DesignItemId : Designator=RBG_5 Old DesignItemId=0402WGF1002TCE New DesignItemId=0402WGF1003TCE
Change Component DesignItemId : Designator=RBG_6 Old DesignItemId=0402WGF1002TCE New DesignItemId=0402WGF1003TCE
Change Component DesignItemId : Designator=RBG_7 Old DesignItemId=0402WGF1002TCE New DesignItemId=0402WGF1003TCE
Change Component Comment : Designator=RBG_2 Old Comment=0402WGF1002TCE New Comment=0402WGF1003TCE
Change Component Comment : Designator=RBG_3 Old Comment=0402WGF1002TCE New Comment=0402WGF1003TCE
Change Component Comment : Designator=RBG_4 Old Comment=0402WGF1002TCE New Comment=0402WGF1003TCE
Change Component Comment : Designator=RBG_5 Old Comment=0402WGF1002TCE New Comment=0402WGF1003TCE
Change Component Comment : Designator=RBG_6 Old Comment=0402WGF1002TCE New Comment=0402WGF1003TCE
Change Component Comment : Designator=RBG_7 Old Comment=0402WGF1002TCE New Comment=0402WGF1003TCE
Change Component Description : Designator=RBG_2 Old Description=R - RESISTOR - SMD - 10k - 1% - 0402 New Description=R - RESISTOR - SMD - 100k - 1% -  0402
Change Component Description : Designator=RBG_3 Old Description=R - RESISTOR - SMD - 10k - 1% - 0402 New Description=R - RESISTOR - SMD - 100k - 1% -  0402
Change Component Description : Designator=RBG_4 Old Description=R - RESISTOR - SMD - 10k - 1% - 0402 New Description=R - RESISTOR - SMD - 100k - 1% -  0402
Change Component Description : Designator=RBG_5 Old Description=R - RESISTOR - SMD - 10k - 1% - 0402 New Description=R - RESISTOR - SMD - 100k - 1% -  0402
Change Component Description : Designator=RBG_6 Old Description=R - RESISTOR - SMD - 10k - 1% - 0402 New Description=R - RESISTOR - SMD - 100k - 1% -  0402
Change Component Description : Designator=RBG_7 Old Description=R - RESISTOR - SMD - 10k - 1% - 0402 New Description=R - RESISTOR - SMD - 100k - 1% -  0402
Change component parameters: Designator = "RBG_2"; Footprint = "R_0402"; UniqueID = "\WEIRKUVO"
Change component parameters. Clean all parameters for all variants
Change component parameters (AddParameter): Name = "JLC Availability"; Value = "Basic"; VariantName = "[No Variations]"
Change component parameters (AddParameter): Name = "LCSC Part #"; Value = "C25741"; VariantName = "[No Variations]"
Change component parameters (AddParameter): Name = "Value"; Value = "100k"; VariantName = "[No Variations]"
Change component parameters: Designator = "RBG_3"; Footprint = "R_0402"; UniqueID = "\KIYGDSRY"
Change component parameters. Clean all parameters for all variants
Change component parameters (AddParameter): Name = "JLC Availability"; Value = "Basic"; VariantName = "[No Variations]"
Change component parameters (AddParameter): Name = "LCSC Part #"; Value = "C25741"; VariantName = "[No Variations]"
Change component parameters (AddParameter): Name = "Value"; Value = "100k"; VariantName = "[No Variations]"
Change component parameters: Designator = "RBG_4"; Footprint = "R_0402"; UniqueID = "\SHCYLHCL"
Change component parameters. Clean all parameters for all variants
Change component parameters (AddParameter): Name = "JLC Availability"; Value = "Basic"; VariantName = "[No Variations]"
Change component parameters (AddParameter): Name = "LCSC Part #"; Value = "C25741"; VariantName = "[No Variations]"
Change component parameters (AddParameter): Name = "Value"; Value = "100k"; VariantName = "[No Variations]"
Change component parameters: Designator = "RBG_5"; Footprint = "R_0402"; UniqueID = "\JAELDXTN"
Change component parameters. Clean all parameters for all variants
Change component parameters (AddParameter): Name = "JLC Availability"; Value = "Basic"; VariantName = "[No Variations]"
Change component parameters (AddParameter): Name = "LCSC Part #"; Value = "C25741"; VariantName = "[No Variations]"
Change component parameters (AddParameter): Name = "Value"; Value = "100k"; VariantName = "[No Variations]"
Change component parameters: Designator = "RBG_6"; Footprint = "R_0402"; UniqueID = "\UUYHUNDU"
Change component parameters. Clean all parameters for all variants
Change component parameters (AddParameter): Name = "JLC Availability"; Value = "Basic"; VariantName = "[No Variations]"
Change component parameters (AddParameter): Name = "LCSC Part #"; Value = "C25741"; VariantName = "[No Variations]"
Change component parameters (AddParameter): Name = "Value"; Value = "100k"; VariantName = "[No Variations]"
Change component parameters: Designator = "RBG_7"; Footprint = "R_0402"; UniqueID = "\VBDVDBMJ"
Change component parameters. Clean all parameters for all variants
Change component parameters (AddParameter): Name = "JLC Availability"; Value = "Basic"; VariantName = "[No Variations]"
Change component parameters (AddParameter): Name = "LCSC Part #"; Value = "C25741"; VariantName = "[No Variations]"
Change component parameters (AddParameter): Name = "Value"; Value = "100k"; VariantName = "[No Variations]"
Change Net Name : Old Net Name=NetDBS_1_2 New Net Name=NetQB_1_1
Change Net Name : Old Net Name=NetDBS_2_2 New Net Name=NetQB_2_1
Change Net Name : Old Net Name=NetDBS_3_2 New Net Name=NetQB_3_1
Change Net Name : Old Net Name=NetDBS_4_2 New Net Name=NetQB_4_1
Change Net Name : Old Net Name=NetDBS_5_2 New Net Name=NetQB_5_1
Change Net Name : Old Net Name=NetDBS_6_2 New Net Name=NetQB_6_1
Change Net Name : Old Net Name=NetDBS_7_2 New Net Name=NetQB_7_1
