Removed Pin From Net: NetName=CELL13 Pin=DBS_13-1
Removed Pin From Net: NetName=NetDBS_13_2 Pin=DBS_13-2
Removed Member From Class: ClassName=BMS_MAINBOARD Member=DBS_13
Change Component Comment : Designator=RBG_13 Old Comment=0402WGF1002TCE New Comment=0402WGF1003TCE
Change component parameters: Designator = "RBG_13"; Footprint = "R_0402"; UniqueID = "\KEHEYNAR"
Change component parameters. Clean all parameters for all variants
Change component parameters (AddParameter): Name = "JLC Availability"; Value = "Basic"; VariantName = "[No Variations]"
Change component parameters (AddParameter): Name = "LCSC Part #"; Value = "C25741"; VariantName = "[No Variations]"
Change component parameters (AddParameter): Name = "Value"; Value = "100k"; VariantName = "[No Variations]"
Added Component: Designator=C13_D5(SOD-323)
Add component. Clean all parameters for all variants
Add component (AddParameter): Name = "If"; Value = "150mA"; VariantName = "[No Variations]"
Add component (AddParameter): Name = "JLC Availability"; Value = "Basic"; VariantName = "[No Variations]"
Add component (AddParameter): Name = "LCSC Part #"; Value = "C2128"; VariantName = "[No Variations]"
Add component (AddParameter): Name = "PIV"; Value = "100V"; VariantName = "[No Variations]"
Add component (AddParameter): Name = "Trr"; Value = "4ns"; VariantName = "[No Variations]"
Added Pin To Net: NetName=NetDBS_13_2 Pin=C13_D5-1
Change Net Name : Old Net Name=NetDBS_13_2 New Net Name=NetC13_D5_1
Added Pin To Net: NetName=NetC13_D5_2 Pin=C13_D5-2
Added Pin To Net: NetName=NetC13_D5_2 Pin=C13_R9-1
Added Pin To Net: NetName=NetC13_D5_2 Pin=QB_13-3
Added Net: Name=NetC13_D5_2
Added Member To Class: ClassName=BMS_MAINBOARD Member=Component C13_D5 1N4148WS
