Removed Pin From Net: NetName=CELL12 Pin=DBS_12-1
Removed Pin From Net: NetName=NetDBS_12_2 Pin=DBS_12-2
Removed Member From Class: ClassName=BMS_MAINBOARD Member=DBS_12
Change Component Comment : Designator=RBG_12 Old Comment=0402WGF1002TCE New Comment=0402WGF1003TCE
Change component parameters: Designator = "RBG_12"; Footprint = "R_0402"; UniqueID = "\WXRMUNBM"
Change component parameters. Clean all parameters for all variants
Change component parameters (AddParameter): Name = "JLC Availability"; Value = "Basic"; VariantName = "[No Variations]"
Change component parameters (AddParameter): Name = "LCSC Part #"; Value = "C25741"; VariantName = "[No Variations]"
Change component parameters (AddParameter): Name = "Value"; Value = "100k"; VariantName = "[No Variations]"
Added Component: Designator=C12_D5(SOD-323)
Add component. Clean all parameters for all variants
Add component (AddParameter): Name = "If"; Value = "150mA"; VariantName = "[No Variations]"
Add component (AddParameter): Name = "JLC Availability"; Value = "Basic"; VariantName = "[No Variations]"
Add component (AddParameter): Name = "LCSC Part #"; Value = "C2128"; VariantName = "[No Variations]"
Add component (AddParameter): Name = "PIV"; Value = "100V"; VariantName = "[No Variations]"
Add component (AddParameter): Name = "Trr"; Value = "4ns"; VariantName = "[No Variations]"
Added Pin To Net: NetName=NetDBS_12_2 Pin=C12_D5-1
Change Net Name : Old Net Name=NetDBS_12_2 New Net Name=NetC12_D5_1
Added Pin To Net: NetName=NetC12_D5_2 Pin=C12_D5-2
Added Pin To Net: NetName=NetC12_D5_2 Pin=C12_R9-1
Added Pin To Net: NetName=NetC12_D5_2 Pin=QB_12-3
Added Net: Name=NetC12_D5_2
Added Member To Class: ClassName=BMS_MAINBOARD Member=Component C12_D5 1N4148WS
