Removed Pin From Net: NetName=+3V3 Pin=C500-2
Removed Pin From Net: NetName=+3V3 Pin=C900-2
Removed Pin From Net: NetName=EN_BAL Pin=U0-33
Removed Pin From Net: NetName=EN_V_ADC Pin=U0-34
Removed Pin From Net: NetName=TS_EN_a Pin=U0-35
Removed Pin From Net: NetName=TS_EN_b Pin=U0-36
Removed Pin From Net: NetName=DATA_BUS_A2 Pin=U0-50
Removed Pin From Net: NetName=DATA_BUS_A3 Pin=U0-55
Removed Pin From Net: NetName=DATA_BUS_A0 Pin=U0-56
Removed Pin From Net: NetName=DATA_BUS_A1 Pin=U0-57
Removed Pin From Net: NetName=EN_BAL Pin=U100-25
Removed Pin From Net: NetName=EN_V_ADC Pin=U100-26
Removed Pin From Net: NetName=TS_EN_a Pin=U100-27
Removed Pin From Net: NetName=TS_EN_b Pin=U100-28
Removed Pin From Net: NetName=DATA_BUS_A2 Pin=U100-38
Removed Pin From Net: NetName=DATA_BUS_A3 Pin=U100-39
Removed Pin From Net: NetName=DATA_BUS_A0 Pin=U100-40
Removed Pin From Net: NetName=DATA_BUS_A1 Pin=U100-41
Removed Pin From Net: NetName=+3V3 Pin=U500-24
Removed Pin From Net: NetName=+3V3 Pin=U900-24
Added Pin To Net: NetName=+5V Pin=C500-2
Added Pin To Net: NetName=+5V Pin=C900-2
Added Pin To Net: NetName=DATA_BUS_A0 Pin=U0-33
Added Pin To Net: NetName=DATA_BUS_A1 Pin=U0-34
Added Pin To Net: NetName=DATA_BUS_A2 Pin=U0-35
Added Pin To Net: NetName=DATA_BUS_A3 Pin=U0-36
Added Pin To Net: NetName=DATA_BUS_A0 Pin=U100-25
Added Pin To Net: NetName=DATA_BUS_A1 Pin=U100-26
Added Pin To Net: NetName=DATA_BUS_A2 Pin=U100-27
Added Pin To Net: NetName=DATA_BUS_A3 Pin=U100-28
Added Pin To Net: NetName=+5V Pin=U500-24
Added Pin To Net: NetName=+5V Pin=U900-24
