Added Component: Designator=C1_D5(SOD-323)
Add component. Clean all parameters for all variants
Add component (AddParameter): Name = "If"; Value = "150mA"; VariantName = "[No Variations]"
Add component (AddParameter): Name = "JLC Availability"; Value = "Basic"; VariantName = "[No Variations]"
Add component (AddParameter): Name = "LCSC Part #"; Value = "C2128"; VariantName = "[No Variations]"
Add component (AddParameter): Name = "PIV"; Value = "100V"; VariantName = "[No Variations]"
Add component (AddParameter): Name = "Trr"; Value = "4ns"; VariantName = "[No Variations]"
Added Component: Designator=C2_D5(SOD-323)
Add component. Clean all parameters for all variants
Add component (AddParameter): Name = "If"; Value = "150mA"; VariantName = "[No Variations]"
Add component (AddParameter): Name = "JLC Availability"; Value = "Basic"; VariantName = "[No Variations]"
Add component (AddParameter): Name = "LCSC Part #"; Value = "C2128"; VariantName = "[No Variations]"
Add component (AddParameter): Name = "PIV"; Value = "100V"; VariantName = "[No Variations]"
Add component (AddParameter): Name = "Trr"; Value = "4ns"; VariantName = "[No Variations]"
Added Component: Designator=C3_D5(SOD-323)
Add component. Clean all parameters for all variants
Add component (AddParameter): Name = "If"; Value = "150mA"; VariantName = "[No Variations]"
Add component (AddParameter): Name = "JLC Availability"; Value = "Basic"; VariantName = "[No Variations]"
Add component (AddParameter): Name = "LCSC Part #"; Value = "C2128"; VariantName = "[No Variations]"
Add component (AddParameter): Name = "PIV"; Value = "100V"; VariantName = "[No Variations]"
Add component (AddParameter): Name = "Trr"; Value = "4ns"; VariantName = "[No Variations]"
Added Component: Designator=C4_D5(SOD-323)
Add component. Clean all parameters for all variants
Add component (AddParameter): Name = "If"; Value = "150mA"; VariantName = "[No Variations]"
Add component (AddParameter): Name = "JLC Availability"; Value = "Basic"; VariantName = "[No Variations]"
Add component (AddParameter): Name = "LCSC Part #"; Value = "C2128"; VariantName = "[No Variations]"
Add component (AddParameter): Name = "PIV"; Value = "100V"; VariantName = "[No Variations]"
Add component (AddParameter): Name = "Trr"; Value = "4ns"; VariantName = "[No Variations]"
Added Component: Designator=C5_D5(SOD-323)
Add component. Clean all parameters for all variants
Add component (AddParameter): Name = "If"; Value = "150mA"; VariantName = "[No Variations]"
Add component (AddParameter): Name = "JLC Availability"; Value = "Basic"; VariantName = "[No Variations]"
Add component (AddParameter): Name = "LCSC Part #"; Value = "C2128"; VariantName = "[No Variations]"
Add component (AddParameter): Name = "PIV"; Value = "100V"; VariantName = "[No Variations]"
Add component (AddParameter): Name = "Trr"; Value = "4ns"; VariantName = "[No Variations]"
Added Component: Designator=C6_D5(SOD-323)
Add component. Clean all parameters for all variants
Add component (AddParameter): Name = "If"; Value = "150mA"; VariantName = "[No Variations]"
Add component (AddParameter): Name = "JLC Availability"; Value = "Basic"; VariantName = "[No Variations]"
Add component (AddParameter): Name = "LCSC Part #"; Value = "C2128"; VariantName = "[No Variations]"
Add component (AddParameter): Name = "PIV"; Value = "100V"; VariantName = "[No Variations]"
Add component (AddParameter): Name = "Trr"; Value = "4ns"; VariantName = "[No Variations]"
Added Component: Designator=C7_D5(SOD-323)
Add component. Clean all parameters for all variants
Add component (AddParameter): Name = "If"; Value = "150mA"; VariantName = "[No Variations]"
Add component (AddParameter): Name = "JLC Availability"; Value = "Basic"; VariantName = "[No Variations]"
Add component (AddParameter): Name = "LCSC Part #"; Value = "C2128"; VariantName = "[No Variations]"
Add component (AddParameter): Name = "PIV"; Value = "100V"; VariantName = "[No Variations]"
Add component (AddParameter): Name = "Trr"; Value = "4ns"; VariantName = "[No Variations]"
Added Pin To Net: NetName=NetQB_1_1 Pin=C1_D5-1
Added Pin To Net: NetName=NetQB_2_1 Pin=C2_D5-1
Added Pin To Net: NetName=NetQB_3_1 Pin=C3_D5-1
Added Pin To Net: NetName=NetQB_4_1 Pin=C4_D5-1
Added Pin To Net: NetName=NetQB_5_1 Pin=C5_D5-1
Added Pin To Net: NetName=NetQB_6_1 Pin=C6_D5-1
Added Pin To Net: NetName=NetQB_7_1 Pin=C7_D5-1
Change Net Name : Old Net Name=NetQB_1_1 New Net Name=NetC1_D5_1
Change Net Name : Old Net Name=NetQB_2_1 New Net Name=NetC2_D5_1
Change Net Name : Old Net Name=NetQB_3_1 New Net Name=NetC3_D5_1
Change Net Name : Old Net Name=NetQB_4_1 New Net Name=NetC4_D5_1
Change Net Name : Old Net Name=NetQB_5_1 New Net Name=NetC5_D5_1
Change Net Name : Old Net Name=NetQB_6_1 New Net Name=NetC6_D5_1
Change Net Name : Old Net Name=NetQB_7_1 New Net Name=NetC7_D5_1
Added Pin To Net: NetName=NetC1_D5_2 Pin=C1_D5-2
Added Pin To Net: NetName=NetC1_D5_2 Pin=C1_R9-1
Added Pin To Net: NetName=NetC1_D5_2 Pin=QB_1-3
Added Net: Name=NetC1_D5_2
Added Pin To Net: NetName=NetC2_D5_2 Pin=C2_D5-2
Added Pin To Net: NetName=NetC2_D5_2 Pin=C2_R9-1
Added Pin To Net: NetName=NetC2_D5_2 Pin=QB_2-3
Added Net: Name=NetC2_D5_2
Added Pin To Net: NetName=NetC3_D5_2 Pin=C3_D5-2
Added Pin To Net: NetName=NetC3_D5_2 Pin=C3_R9-1
Added Pin To Net: NetName=NetC3_D5_2 Pin=QB_3-3
Added Net: Name=NetC3_D5_2
Added Pin To Net: NetName=NetC4_D5_2 Pin=C4_D5-2
Added Pin To Net: NetName=NetC4_D5_2 Pin=C4_R9-1
Added Pin To Net: NetName=NetC4_D5_2 Pin=QB_4-3
Added Net: Name=NetC4_D5_2
Added Pin To Net: NetName=NetC5_D5_2 Pin=C5_D5-2
Added Pin To Net: NetName=NetC5_D5_2 Pin=C5_R9-1
Added Pin To Net: NetName=NetC5_D5_2 Pin=QB_5-3
Added Net: Name=NetC5_D5_2
Added Pin To Net: NetName=NetC6_D5_2 Pin=C6_D5-2
Added Pin To Net: NetName=NetC6_D5_2 Pin=C6_R9-1
Added Pin To Net: NetName=NetC6_D5_2 Pin=QB_6-3
Added Net: Name=NetC6_D5_2
Added Pin To Net: NetName=NetC7_D5_2 Pin=C7_D5-2
Added Pin To Net: NetName=NetC7_D5_2 Pin=C7_R9-1
Added Pin To Net: NetName=NetC7_D5_2 Pin=QB_7-3
Added Net: Name=NetC7_D5_2
Added Member To Class: ClassName=BMS_MAINBOARD Member=Component C1_D5 1N4148WS
Added Member To Class: ClassName=BMS_MAINBOARD Member=Component C2_D5 1N4148WS
Added Member To Class: ClassName=BMS_MAINBOARD Member=Component C3_D5 1N4148WS
Added Member To Class: ClassName=BMS_MAINBOARD Member=Component C4_D5 1N4148WS
Added Member To Class: ClassName=BMS_MAINBOARD Member=Component C5_D5 1N4148WS
Added Member To Class: ClassName=BMS_MAINBOARD Member=Component C6_D5 1N4148WS
Added Member To Class: ClassName=BMS_MAINBOARD Member=Component C7_D5 1N4148WS
