Removed Pin From Net: NetName=NetC1_D5_2 Pin=C1_R11-1
Removed Pin From Net: NetName=NetC1_R8_2 Pin=C2_R10-2
Removed Pin From Net: NetName=NetC2_R8_1 Pin=C2_R11-1
Removed Pin From Net: NetName=NetC2_D5_2 Pin=C2_R12-1
Removed Pin From Net: NetName=NetC2_R8_1 Pin=C2_R12-2
Added Component: Designator=C1_R10(R_0402)
Add component. Clean all parameters for all variants
Add component (AddParameter): Name = "JLC Availability"; Value = "Basic"; VariantName = "[No Variations]"
Add component (AddParameter): Name = "LCSC Part #"; Value = "C25076"; VariantName = "[No Variations]"
Add component (AddParameter): Name = "Value"; Value = "100R"; VariantName = "[No Variations]"
Added Pin To Net: NetName=NetC1_D5_2 Pin=C1_R10-1
Added Pin To Net: NetName=NetC1_R8_2 Pin=C1_R10-2
Added Pin To Net: NetName=B- Pin=C1_R11-1
Added Pin To Net: NetName=NetC2_D5_2 Pin=C2_R10-1
Added Pin To Net: NetName=NetC2_R8_1 Pin=C2_R10-2
Added Pin To Net: NetName=CELL1 Pin=C2_R11-1
Added Pin To Net: NetName=NetC2_R8_1 Pin=C2_R11-2
Added Member To Class: ClassName=BMS_MAINBOARD Member=Component C1_R10 0402WGF1000TCE
Added Member To Class: ClassName=BMS_MAINBOARD Member=Component C1_R11 0402WGF1000TCE
Added Member To Class: ClassName=BMS_MAINBOARD Member=Component C2_R10 0402WGF1000TCE
Added Member To Class: ClassName=BMS_MAINBOARD Member=Component C2_R11 0402WGF1000TCE
