Removed Pin From Net: NetName=CELL11 Pin=DBS_11-1
Removed Pin From Net: NetName=NetDBS_11_2 Pin=DBS_11-2
Removed Member From Class: ClassName=BMS_MAINBOARD Member=DBS_11
Change Component Comment : Designator=RBG_11 Old Comment=0402WGF1002TCE New Comment=0402WGF1003TCE
Change component parameters: Designator = "RBG_11"; Footprint = "R_0402"; UniqueID = "\WQWOMBUH"
Change component parameters. Clean all parameters for all variants
Change component parameters (AddParameter): Name = "JLC Availability"; Value = "Basic"; VariantName = "[No Variations]"
Change component parameters (AddParameter): Name = "LCSC Part #"; Value = "C25741"; VariantName = "[No Variations]"
Change component parameters (AddParameter): Name = "Value"; Value = "100k"; VariantName = "[No Variations]"
Added Component: Designator=C11_D5(SOD-323)
Add component. Clean all parameters for all variants
Add component (AddParameter): Name = "If"; Value = "150mA"; VariantName = "[No Variations]"
Add component (AddParameter): Name = "JLC Availability"; Value = "Basic"; VariantName = "[No Variations]"
Add component (AddParameter): Name = "LCSC Part #"; Value = "C2128"; VariantName = "[No Variations]"
Add component (AddParameter): Name = "PIV"; Value = "100V"; VariantName = "[No Variations]"
Add component (AddParameter): Name = "Trr"; Value = "4ns"; VariantName = "[No Variations]"
Added Pin To Net: NetName=NetDBS_11_2 Pin=C11_D5-1
Change Net Name : Old Net Name=NetDBS_11_2 New Net Name=NetC11_D5_1
Added Pin To Net: NetName=NetC11_D5_2 Pin=C11_D5-2
Added Pin To Net: NetName=NetC11_D5_2 Pin=C11_R9-1
Added Pin To Net: NetName=NetC11_D5_2 Pin=QB_11-3
Added Net: Name=NetC11_D5_2
Added Member To Class: ClassName=BMS_MAINBOARD Member=Component C11_D5 1N4148WS
