Removed Pin From Net: NetName=BAL_CELL14 Pin=C14_R6-1
Removed Pin From Net: NetName=GND Pin=C14_R6-2
Removed Pin From Net: NetName=CELL13 Pin=C14_R8-2
Removed Pin From Net: NetName=CELL13 Pin=C14_R11-1
Removed Pin From Net: NetName=CELL14_FP Pin=C_C14-1
Removed Pin From Net: NetName=CELL14 Pin=QB_14-2
Removed Pin From Net: NetName=BAL_CELL14 Pin=QBG_14-1
Removed Pin From Net: NetName=GND Pin=QBG_14-2
Removed Pin From Net: NetName=CELL13 Pin=R_C14A-2
Removed Pin From Net: NetName=CELL14_FP Pin=R_C14B-1
Removed Pin From Net: NetName=CELL14 Pin=R_C14B-2
Removed Pin From Net: NetName=CELL14 Pin=RBS_14-1
Removed Member From Class: ClassName=BMS_MAINBOARD Member=C14_D5
Removed Member From Class: ClassName=BMS_MAINBOARD Member=C14_R6
Removed Member From Class: ClassName=BMS_MAINBOARD Member=C14_R8
Removed Member From Class: ClassName=BMS_MAINBOARD Member=C14_R9
Removed Member From Class: ClassName=BMS_MAINBOARD Member=C14_R10
Removed Member From Class: ClassName=BMS_MAINBOARD Member=C14_R11
Removed Member From Class: ClassName=BMS_MAINBOARD Member=C_C14
Removed Member From Class: ClassName=BMS_MAINBOARD Member=QB_14
Removed Member From Class: ClassName=BMS_MAINBOARD Member=QBG_14
Removed Member From Class: ClassName=BMS_MAINBOARD Member=R_C14A
Removed Member From Class: ClassName=BMS_MAINBOARD Member=R_C14B
Removed Member From Class: ClassName=BMS_MAINBOARD Member=RBG_14
Removed Member From Class: ClassName=BMS_MAINBOARD Member=RBS_14
