Removed Pin From Net: NetName=CELL9 Pin=DBS_9-1
Removed Pin From Net: NetName=NetDBS_9_2 Pin=DBS_9-2
Removed Pin From Net: NetName=CELL10 Pin=DBS_10-1
Removed Pin From Net: NetName=NetDBS_10_2 Pin=DBS_10-2
Removed Member From Class: ClassName=BMS_MAINBOARD Member=DBS_9
Removed Member From Class: ClassName=BMS_MAINBOARD Member=DBS_10
Change Component Comment : Designator=RBG_10 Old Comment=0402WGF1002TCE New Comment=0402WGF1003TCE
Change component parameters: Designator = "RBG_10"; Footprint = "R_0402"; UniqueID = "\VWQVIGPP"
Change component parameters. Clean all parameters for all variants
Change component parameters (AddParameter): Name = "JLC Availability"; Value = "Basic"; VariantName = "[No Variations]"
Change component parameters (AddParameter): Name = "LCSC Part #"; Value = "C25741"; VariantName = "[No Variations]"
Change component parameters (AddParameter): Name = "Value"; Value = "100k"; VariantName = "[No Variations]"
Added Component: Designator=C10_D5(SOD-323)
Add component. Clean all parameters for all variants
Add component (AddParameter): Name = "If"; Value = "150mA"; VariantName = "[No Variations]"
Add component (AddParameter): Name = "JLC Availability"; Value = "Basic"; VariantName = "[No Variations]"
Add component (AddParameter): Name = "LCSC Part #"; Value = "C2128"; VariantName = "[No Variations]"
Add component (AddParameter): Name = "PIV"; Value = "100V"; VariantName = "[No Variations]"
Add component (AddParameter): Name = "Trr"; Value = "4ns"; VariantName = "[No Variations]"
Added Pin To Net: NetName=NetDBS_10_2 Pin=C10_D5-1
Change Net Name : Old Net Name=NetDBS_9_2 New Net Name=NetQB_9_1
Change Net Name : Old Net Name=NetDBS_10_2 New Net Name=NetC10_D5_1
Added Pin To Net: NetName=NetC10_D5_2 Pin=C10_D5-2
Added Pin To Net: NetName=NetC10_D5_2 Pin=C10_R9-1
Added Pin To Net: NetName=NetC10_D5_2 Pin=QB_10-3
Added Net: Name=NetC10_D5_2
Added Member To Class: ClassName=BMS_MAINBOARD Member=Component C10_D5 1N4148WS
