Replace Part C100 0402CG120J500NT in C:\git\ramptastic\ramptronix\bms_mainboard_6\BMS_MAINBOARD.SchDoc with 0402CG120J500NT from JLC_PCB.SchLib
Replace Part C101 0402CG120J500NT in C:\git\ramptastic\ramptronix\bms_mainboard_6\BMS_MAINBOARD.SchDoc with 0402CG120J500NT from JLC_PCB.SchLib
Replace Part C102 CL05A106MQ5NUNC in C:\git\ramptastic\ramptronix\bms_mainboard_6\BMS_MAINBOARD.SchDoc with CL05A106MQ5NUNC from JLC_PCB.SchLib
Replace Part C103 CL05A106MQ5NUNC in C:\git\ramptastic\ramptronix\bms_mainboard_6\BMS_MAINBOARD.SchDoc with CL05A106MQ5NUNC from JLC_PCB.SchLib
Replace Part C104 CL05A106MQ5NUNC in C:\git\ramptastic\ramptronix\bms_mainboard_6\BMS_MAINBOARD.SchDoc with CL05A106MQ5NUNC from JLC_PCB.SchLib
Replace Part C105 CL05A105KA5NQNC in C:\git\ramptastic\ramptronix\bms_mainboard_6\BMS_MAINBOARD.SchDoc with CL05A105KA5NQNC from JLC_PCB.SchLib
Replace Part C106 CL05B104KO5NNNC in C:\git\ramptastic\ramptronix\bms_mainboard_6\BMS_MAINBOARD.SchDoc with CL05B104KO5NNNC from JLC_PCB.SchLib
Replace Part C107 CL05A106MQ5NUNC in C:\git\ramptastic\ramptronix\bms_mainboard_6\BMS_MAINBOARD.SchDoc with CL05A106MQ5NUNC from JLC_PCB.SchLib
Replace Part C108 CL05A106MQ5NUNC in C:\git\ramptastic\ramptronix\bms_mainboard_6\BMS_MAINBOARD.SchDoc with CL05A106MQ5NUNC from JLC_PCB.SchLib
Replace Part C200 CL05B103KB5NNNC in C:\git\ramptastic\ramptronix\bms_mainboard_6\BMS_MAINBOARD.SchDoc with CL05B103KB5NNNC from JLC_PCB.SchLib
Replace Part C201 CL05A105KA5NQNC in C:\git\ramptastic\ramptronix\bms_mainboard_6\BMS_MAINBOARD.SchDoc with CL05A105KA5NQNC from JLC_PCB.SchLib
Replace Part C202 CL05B332KB5NNNC in C:\git\ramptastic\ramptronix\bms_mainboard_6\BMS_MAINBOARD.SchDoc with CL05B332KB5NNNC from JLC_PCB.SchLib
Replace Part C204 CL05A105KA5NQNC in C:\git\ramptastic\ramptronix\bms_mainboard_6\BMS_MAINBOARD.SchDoc with CL05A105KA5NQNC from JLC_PCB.SchLib
Replace Part C205 CL05A105KA5NQNC in C:\git\ramptastic\ramptronix\bms_mainboard_6\BMS_MAINBOARD.SchDoc with CL05A105KA5NQNC from JLC_PCB.SchLib
Replace Part C206 CL05A105KA5NQNC in C:\git\ramptastic\ramptronix\bms_mainboard_6\BMS_MAINBOARD.SchDoc with CL05A105KA5NQNC from JLC_PCB.SchLib
Replace Part C207 CL05A105KA5NQNC in C:\git\ramptastic\ramptronix\bms_mainboard_6\BMS_MAINBOARD.SchDoc with CL05A105KA5NQNC from JLC_PCB.SchLib
Replace Part C208 CL05A105KA5NQNC in C:\git\ramptastic\ramptronix\bms_mainboard_6\BMS_MAINBOARD.SchDoc with CL05A105KA5NQNC from JLC_PCB.SchLib
Replace Part C209 CL05A105KA5NQNC in C:\git\ramptastic\ramptronix\bms_mainboard_6\BMS_MAINBOARD.SchDoc with CL05A105KA5NQNC from JLC_PCB.SchLib
Replace Part C210 CL05A105KA5NQNC in C:\git\ramptastic\ramptronix\bms_mainboard_6\BMS_MAINBOARD.SchDoc with CL05A105KA5NQNC from JLC_PCB.SchLib
Replace Part C211 CL05A105KA5NQNC in C:\git\ramptastic\ramptronix\bms_mainboard_6\BMS_MAINBOARD.SchDoc with CL05A105KA5NQNC from JLC_PCB.SchLib
Replace Part C500 CL05B104KO5NNNC in C:\git\ramptastic\ramptronix\bms_mainboard_6\BMS_MAINBOARD.SchDoc with CL05B104KO5NNNC from JLC_PCB.SchLib
Replace Part C501 CL05B104KO5NNNC in C:\git\ramptastic\ramptronix\bms_mainboard_6\BMS_MAINBOARD.SchDoc with CL05B104KO5NNNC from JLC_PCB.SchLib
Replace Part C600 CL05A105KA5NQNC in C:\git\ramptastic\ramptronix\bms_mainboard_6\BMS_MAINBOARD.SchDoc with CL05A105KA5NQNC from JLC_PCB.SchLib
Replace Part C601 CL05A106MQ5NUNC in C:\git\ramptastic\ramptronix\bms_mainboard_6\BMS_MAINBOARD.SchDoc with CL05A106MQ5NUNC from JLC_PCB.SchLib
Replace Part C602 CL05A106MQ5NUNC in C:\git\ramptastic\ramptronix\bms_mainboard_6\BMS_MAINBOARD.SchDoc with CL05A106MQ5NUNC from JLC_PCB.SchLib
Replace Part C603 CL05A106MQ5NUNC in C:\git\ramptastic\ramptronix\bms_mainboard_6\BMS_MAINBOARD.SchDoc with CL05A106MQ5NUNC from JLC_PCB.SchLib
Replace Part C700 CL05A106MQ5NUNC in C:\git\ramptastic\ramptronix\bms_mainboard_6\BMS_MAINBOARD.SchDoc with CL05A106MQ5NUNC from JLC_PCB.SchLib
Replace Part C701 CL05A106MQ5NUNC in C:\git\ramptastic\ramptronix\bms_mainboard_6\BMS_MAINBOARD.SchDoc with CL05A106MQ5NUNC from JLC_PCB.SchLib
Replace Part C702 CL05A106MQ5NUNC in C:\git\ramptastic\ramptronix\bms_mainboard_6\BMS_MAINBOARD.SchDoc with CL05A106MQ5NUNC from JLC_PCB.SchLib
Replace Part C800 CL05A105KA5NQNC in C:\git\ramptastic\ramptronix\bms_mainboard_6\BMS_MAINBOARD.SchDoc with CL05A105KA5NQNC from JLC_PCB.SchLib
Replace Part C801 CL05B104KO5NNNC in C:\git\ramptastic\ramptronix\bms_mainboard_6\BMS_MAINBOARD.SchDoc with CL05B104KO5NNNC from JLC_PCB.SchLib
Replace Part C802 CL05B104KO5NNNC in C:\git\ramptastic\ramptronix\bms_mainboard_6\BMS_MAINBOARD.SchDoc with CL05B104KO5NNNC from JLC_PCB.SchLib
Replace Part C803 CL05B104KO5NNNC in C:\git\ramptastic\ramptronix\bms_mainboard_6\BMS_MAINBOARD.SchDoc with CL05B104KO5NNNC from JLC_PCB.SchLib
Replace Part C_C1 CL05A105KA5NQNC in C:\git\ramptastic\ramptronix\bms_mainboard_6\BMS_MAINBOARD.SchDoc with CL05A105KA5NQNC from JLC_PCB.SchLib
Replace Part C_C2 CL05A105KA5NQNC in C:\git\ramptastic\ramptronix\bms_mainboard_6\BMS_MAINBOARD.SchDoc with CL05A105KA5NQNC from JLC_PCB.SchLib
Replace Part C_C3 CL05A105KA5NQNC in C:\git\ramptastic\ramptronix\bms_mainboard_6\BMS_MAINBOARD.SchDoc with CL05A105KA5NQNC from JLC_PCB.SchLib
Replace Part C_C4 CL05A105KA5NQNC in C:\git\ramptastic\ramptronix\bms_mainboard_6\BMS_MAINBOARD.SchDoc with CL05A105KA5NQNC from JLC_PCB.SchLib
Replace Part C_C5 CL05A105KA5NQNC in C:\git\ramptastic\ramptronix\bms_mainboard_6\BMS_MAINBOARD.SchDoc with CL05A105KA5NQNC from JLC_PCB.SchLib
Replace Part C_C6 CL05A105KA5NQNC in C:\git\ramptastic\ramptronix\bms_mainboard_6\BMS_MAINBOARD.SchDoc with CL05A105KA5NQNC from JLC_PCB.SchLib
Replace Part C_C7 CL05A105KA5NQNC in C:\git\ramptastic\ramptronix\bms_mainboard_6\BMS_MAINBOARD.SchDoc with CL05A105KA5NQNC from JLC_PCB.SchLib
Replace Part C_C8 CL05A105KA5NQNC in C:\git\ramptastic\ramptronix\bms_mainboard_6\BMS_MAINBOARD.SchDoc with CL05A105KA5NQNC from JLC_PCB.SchLib
Replace Part C_C9 CL05A105KA5NQNC in C:\git\ramptastic\ramptronix\bms_mainboard_6\BMS_MAINBOARD.SchDoc with CL05A105KA5NQNC from JLC_PCB.SchLib
Replace Part C_C10 CL05A105KA5NQNC in C:\git\ramptastic\ramptronix\bms_mainboard_6\BMS_MAINBOARD.SchDoc with CL05A105KA5NQNC from JLC_PCB.SchLib
Replace Part C_C11 CL05A105KA5NQNC in C:\git\ramptastic\ramptronix\bms_mainboard_6\BMS_MAINBOARD.SchDoc with CL05A105KA5NQNC from JLC_PCB.SchLib
Replace Part C_C12 CL05A105KA5NQNC in C:\git\ramptastic\ramptronix\bms_mainboard_6\BMS_MAINBOARD.SchDoc with CL05A105KA5NQNC from JLC_PCB.SchLib
Replace Part C_R1 CL05A105KA5NQNC in C:\git\ramptastic\ramptronix\bms_mainboard_6\BMS_MAINBOARD.SchDoc with CL05A105KA5NQNC from JLC_PCB.SchLib
Replace Part C_R2 CL05A105KA5NQNC in C:\git\ramptastic\ramptronix\bms_mainboard_6\BMS_MAINBOARD.SchDoc with CL05A105KA5NQNC from JLC_PCB.SchLib
Replace Part CAP1 CL05A105KA5NQNC in C:\git\ramptastic\ramptronix\bms_mainboard_6\BMS_MAINBOARD.SchDoc with CL05A105KA5NQNC from JLC_PCB.SchLib
Replace Part CAP2 CL05A105KA5NQNC in C:\git\ramptastic\ramptronix\bms_mainboard_6\BMS_MAINBOARD.SchDoc with CL05A105KA5NQNC from JLC_PCB.SchLib
Replace Part CAP3 CL05A105KA5NQNC in C:\git\ramptastic\ramptronix\bms_mainboard_6\BMS_MAINBOARD.SchDoc with CL05A105KA5NQNC from JLC_PCB.SchLib
Replace Part CAP_SRC CL05A105KA5NQNC in C:\git\ramptastic\ramptronix\bms_mainboard_6\BMS_MAINBOARD.SchDoc with CL05A105KA5NQNC from JLC_PCB.SchLib
Replace Part D200 SS210 in C:\git\ramptastic\ramptronix\bms_mainboard_6\BMS_MAINBOARD.SchDoc with SS210 from JLC_PCB.SchLib
Replace Part DC_5x N4148WS in C:\git\ramptastic\ramptronix\bms_mainboard_6\BMS_MAINBOARD.SchDoc with N4148WS from JLC_PCB.SchLib
Replace Part DC_10x N4148WS in C:\git\ramptastic\ramptronix\bms_mainboard_6\BMS_MAINBOARD.SchDoc with N4148WS from JLC_PCB.SchLib
Replace Part DC_BAT N4148WS in C:\git\ramptastic\ramptronix\bms_mainboard_6\BMS_MAINBOARD.SchDoc with N4148WS from JLC_PCB.SchLib
Replace Part GQBDR 0402WGF1002TCE in C:\git\ramptastic\ramptronix\bms_mainboard_6\BMS_MAINBOARD.SchDoc with 0402WGF1002TCE from JLC_PCB.SchLib
Replace Part J1 Keystone 1048 in C:\git\ramptastic\ramptronix\bms_mainboard_6\BMS_MAINBOARD.SchDoc with Keystone 1048 from JLC_PCB.SchLib
Replace Part J2 Keystone 1048 in C:\git\ramptastic\ramptronix\bms_mainboard_6\BMS_MAINBOARD.SchDoc with Keystone 1048 from JLC_PCB.SchLib
Replace Part J3 Keystone 1048 in C:\git\ramptastic\ramptronix\bms_mainboard_6\BMS_MAINBOARD.SchDoc with Keystone 1048 from JLC_PCB.SchLib
Replace Part J4 Keystone 1048 in C:\git\ramptastic\ramptronix\bms_mainboard_6\BMS_MAINBOARD.SchDoc with Keystone 1048 from JLC_PCB.SchLib
Replace Part J5 Keystone 1048 in C:\git\ramptastic\ramptronix\bms_mainboard_6\BMS_MAINBOARD.SchDoc with Keystone 1048 from JLC_PCB.SchLib
Replace Part J6 Keystone 1048 in C:\git\ramptastic\ramptronix\bms_mainboard_6\BMS_MAINBOARD.SchDoc with Keystone 1048 from JLC_PCB.SchLib
Replace Part J100 918-418K2023S40001 in C:\git\ramptastic\ramptronix\bms_mainboard_6\BMS_MAINBOARD.SchDoc with 918-418K2023S40001 from JLC_PCB.SchLib
Replace Part J? XT60PW_F in C:\git\ramptastic\ramptronix\bms_mainboard_6\BMS_MAINBOARD.SchDoc with XT60PW_F from JLC_PCB.SchLib
Replace Part L100 SDFL1608S100KTF in C:\git\ramptastic\ramptronix\bms_mainboard_6\BMS_MAINBOARD.SchDoc with SDFL1608S100KTF from JLC_PCB.SchLib
Replace Part L200 SWRB1207S-221MT in C:\git\ramptastic\ramptronix\bms_mainboard_6\BMS_MAINBOARD.SchDoc with SWRB1207S-221MT from JLC_PCB.SchLib
Replace Part LED_1 19-21UYC/S530-A4/TR8 in C:\git\ramptastic\ramptronix\bms_mainboard_6\BMS_MAINBOARD.SchDoc with 19-21UYC/S530-A4/TR8 from JLC_PCB.SchLib
Replace Part LED_2 19-21UYC/S530-A4/TR8 in C:\git\ramptastic\ramptronix\bms_mainboard_6\BMS_MAINBOARD.SchDoc with 19-21UYC/S530-A4/TR8 from JLC_PCB.SchLib
Replace Part LED_3 19-21UYC/S530-A4/TR8 in C:\git\ramptastic\ramptronix\bms_mainboard_6\BMS_MAINBOARD.SchDoc with 19-21UYC/S530-A4/TR8 from JLC_PCB.SchLib
Replace Part LED_4 19-21UYC/S530-A4/TR8 in C:\git\ramptastic\ramptronix\bms_mainboard_6\BMS_MAINBOARD.SchDoc with 19-21UYC/S530-A4/TR8 from JLC_PCB.SchLib
Replace Part Q201 2N7002 in C:\git\ramptastic\ramptronix\bms_mainboard_6\BMS_MAINBOARD.SchDoc with 2N7002 from JLC_PCB.SchLib
Replace Part Q_HTR2 2N7002 in C:\git\ramptastic\ramptronix\bms_mainboard_6\BMS_MAINBOARD.SchDoc with 2N7002 from JLC_PCB.SchLib
Replace Part QBD_2A NCE60P12K in C:\git\ramptastic\ramptronix\bms_mainboard_6\BMS_MAINBOARD.SchDoc with NCE60P12K from JLC_PCB.SchLib
Replace Part QBD_2B NCE60P12K in C:\git\ramptastic\ramptronix\bms_mainboard_6\BMS_MAINBOARD.SchDoc with NCE60P12K from JLC_PCB.SchLib
Replace Part QBD_3A NCE60P12K in C:\git\ramptastic\ramptronix\bms_mainboard_6\BMS_MAINBOARD.SchDoc with NCE60P12K from JLC_PCB.SchLib
Replace Part QBD_3B NCE60P12K in C:\git\ramptastic\ramptronix\bms_mainboard_6\BMS_MAINBOARD.SchDoc with NCE60P12K from JLC_PCB.SchLib
Replace Part QBD_4A NCE60P12K in C:\git\ramptastic\ramptronix\bms_mainboard_6\BMS_MAINBOARD.SchDoc with NCE60P12K from JLC_PCB.SchLib
Replace Part QBD_4B NCE60P12K in C:\git\ramptastic\ramptronix\bms_mainboard_6\BMS_MAINBOARD.SchDoc with NCE60P12K from JLC_PCB.SchLib
Replace Part QBD_5A NCE60P12K in C:\git\ramptastic\ramptronix\bms_mainboard_6\BMS_MAINBOARD.SchDoc with NCE60P12K from JLC_PCB.SchLib
Replace Part QBD_5B NCE60P12K in C:\git\ramptastic\ramptronix\bms_mainboard_6\BMS_MAINBOARD.SchDoc with NCE60P12K from JLC_PCB.SchLib
Replace Part QBD_6A NCE60P12K in C:\git\ramptastic\ramptronix\bms_mainboard_6\BMS_MAINBOARD.SchDoc with NCE60P12K from JLC_PCB.SchLib
Replace Part QBD_6B NCE60P12K in C:\git\ramptastic\ramptronix\bms_mainboard_6\BMS_MAINBOARD.SchDoc with NCE60P12K from JLC_PCB.SchLib
Replace Part QBD_7A NCE60P12K in C:\git\ramptastic\ramptronix\bms_mainboard_6\BMS_MAINBOARD.SchDoc with NCE60P12K from JLC_PCB.SchLib
Replace Part QBD_7B NCE60P12K in C:\git\ramptastic\ramptronix\bms_mainboard_6\BMS_MAINBOARD.SchDoc with NCE60P12K from JLC_PCB.SchLib
Replace Part QBEN 2N7002 in C:\git\ramptastic\ramptronix\bms_mainboard_6\BMS_MAINBOARD.SchDoc with 2N7002 from JLC_PCB.SchLib
Replace Part QBENR 0402WGF1002TCE in C:\git\ramptastic\ramptronix\bms_mainboard_6\BMS_MAINBOARD.SchDoc with 0402WGF1002TCE from JLC_PCB.SchLib
Replace Part R3V0 0402WGF0000TCE in C:\git\ramptastic\ramptronix\bms_mainboard_6\BMS_MAINBOARD.SchDoc with 0402WGF0000TCE from JLC_PCB.SchLib
Replace Part R100 0402WGF220JTCE in C:\git\ramptastic\ramptronix\bms_mainboard_6\BMS_MAINBOARD.SchDoc with 0402WGF220JTCE from JLC_PCB.SchLib
Replace Part R101 0402WGF220JTCE in C:\git\ramptastic\ramptronix\bms_mainboard_6\BMS_MAINBOARD.SchDoc with 0402WGF220JTCE from JLC_PCB.SchLib
Replace Part R102 0402WGF0000TCE in C:\git\ramptastic\ramptronix\bms_mainboard_6\BMS_MAINBOARD.SchDoc with 0402WGF0000TCE from JLC_PCB.SchLib
Replace Part R106 0402WGF1501TCE in C:\git\ramptastic\ramptronix\bms_mainboard_6\BMS_MAINBOARD.SchDoc with 0402WGF1501TCE from JLC_PCB.SchLib
Replace Part R108 0402WGF5101TCE in C:\git\ramptastic\ramptronix\bms_mainboard_6\BMS_MAINBOARD.SchDoc with 0402WGF5101TCE from JLC_PCB.SchLib
Replace Part R109 0402WGF5101TCE in C:\git\ramptastic\ramptronix\bms_mainboard_6\BMS_MAINBOARD.SchDoc with 0402WGF5101TCE from JLC_PCB.SchLib
Replace Part R110 0402WGF1001TCE in C:\git\ramptastic\ramptronix\bms_mainboard_6\BMS_MAINBOARD.SchDoc with 0402WGF1001TCE from JLC_PCB.SchLib
Replace Part R111 0402WGF1000TCE in C:\git\ramptastic\ramptronix\bms_mainboard_6\BMS_MAINBOARD.SchDoc with 0402WGF1000TCE from JLC_PCB.SchLib
Replace Part R200 0402WGF3302TCE in C:\git\ramptastic\ramptronix\bms_mainboard_6\BMS_MAINBOARD.SchDoc with 0402WGF3302TCE from JLC_PCB.SchLib
Replace Part R201 0402WGF1003TCE in C:\git\ramptastic\ramptronix\bms_mainboard_6\BMS_MAINBOARD.SchDoc with 0402WGF1003TCE from JLC_PCB.SchLib
Replace Part R202 0402WGF3901TCE in C:\git\ramptastic\ramptronix\bms_mainboard_6\BMS_MAINBOARD.SchDoc with 0402WGF3901TCE from JLC_PCB.SchLib
Replace Part R203 0402WGF1502TCE in C:\git\ramptastic\ramptronix\bms_mainboard_6\BMS_MAINBOARD.SchDoc with 0402WGF1502TCE from JLC_PCB.SchLib
Replace Part R204 0402WGF1002TCE in C:\git\ramptastic\ramptronix\bms_mainboard_6\BMS_MAINBOARD.SchDoc with 0402WGF1002TCE from JLC_PCB.SchLib
Replace Part R205 0402WGF2202TCE in C:\git\ramptastic\ramptronix\bms_mainboard_6\BMS_MAINBOARD.SchDoc with 0402WGF2202TCE from JLC_PCB.SchLib
Replace Part R206 0402WGF1002TCE in C:\git\ramptastic\ramptronix\bms_mainboard_6\BMS_MAINBOARD.SchDoc with 0402WGF1002TCE from JLC_PCB.SchLib
Replace Part R500 0402WGF1000TCE in C:\git\ramptastic\ramptronix\bms_mainboard_6\BMS_MAINBOARD.SchDoc with 0402WGF1000TCE from JLC_PCB.SchLib
Replace Part R800 MRF6432(2512)LR001FTS in C:\git\ramptastic\ramptronix\bms_mainboard_6\BMS_MAINBOARD.SchDoc with MRF6432(2512)LR001FTS from JLC_PCB.SchLib
Replace Part R801 0402WGF1000TCE in C:\git\ramptastic\ramptronix\bms_mainboard_6\BMS_MAINBOARD.SchDoc with 0402WGF1000TCE from JLC_PCB.SchLib
Replace Part R802 0402WGF1000TCE in C:\git\ramptastic\ramptronix\bms_mainboard_6\BMS_MAINBOARD.SchDoc with 0402WGF1000TCE from JLC_PCB.SchLib
Replace Part R_C0 0402WGF1001TCE in C:\git\ramptastic\ramptronix\bms_mainboard_6\BMS_MAINBOARD.SchDoc with 0402WGF1001TCE from JLC_PCB.SchLib
Replace Part R_C1 0402WGF1001TCE in C:\git\ramptastic\ramptronix\bms_mainboard_6\BMS_MAINBOARD.SchDoc with 0402WGF1001TCE from JLC_PCB.SchLib
Replace Part R_C1A 0402WGF0000TCE in C:\git\ramptastic\ramptronix\bms_mainboard_6\BMS_MAINBOARD.SchDoc with 0402WGF0000TCE from JLC_PCB.SchLib
Replace Part R_C1B 0402WGF0000TCE in C:\git\ramptastic\ramptronix\bms_mainboard_6\BMS_MAINBOARD.SchDoc with 0402WGF0000TCE from JLC_PCB.SchLib
Replace Part R_C2 0402WGF1001TCE in C:\git\ramptastic\ramptronix\bms_mainboard_6\BMS_MAINBOARD.SchDoc with 0402WGF1001TCE from JLC_PCB.SchLib
Replace Part R_C2A 0402WGF0000TCE in C:\git\ramptastic\ramptronix\bms_mainboard_6\BMS_MAINBOARD.SchDoc with 0402WGF0000TCE from JLC_PCB.SchLib
Replace Part R_C2B 0402WGF0000TCE in C:\git\ramptastic\ramptronix\bms_mainboard_6\BMS_MAINBOARD.SchDoc with 0402WGF0000TCE from JLC_PCB.SchLib
Replace Part R_C3 0402WGF1001TCE in C:\git\ramptastic\ramptronix\bms_mainboard_6\BMS_MAINBOARD.SchDoc with 0402WGF1001TCE from JLC_PCB.SchLib
Replace Part R_C3A 0402WGF0000TCE in C:\git\ramptastic\ramptronix\bms_mainboard_6\BMS_MAINBOARD.SchDoc with 0402WGF0000TCE from JLC_PCB.SchLib
Replace Part R_C3B 0402WGF0000TCE in C:\git\ramptastic\ramptronix\bms_mainboard_6\BMS_MAINBOARD.SchDoc with 0402WGF0000TCE from JLC_PCB.SchLib
Replace Part R_C4 0402WGF1001TCE in C:\git\ramptastic\ramptronix\bms_mainboard_6\BMS_MAINBOARD.SchDoc with 0402WGF1001TCE from JLC_PCB.SchLib
Replace Part R_C4A 0402WGF0000TCE in C:\git\ramptastic\ramptronix\bms_mainboard_6\BMS_MAINBOARD.SchDoc with 0402WGF0000TCE from JLC_PCB.SchLib
Replace Part R_C4B 0402WGF0000TCE in C:\git\ramptastic\ramptronix\bms_mainboard_6\BMS_MAINBOARD.SchDoc with 0402WGF0000TCE from JLC_PCB.SchLib
Replace Part R_C5 0402WGF1001TCE in C:\git\ramptastic\ramptronix\bms_mainboard_6\BMS_MAINBOARD.SchDoc with 0402WGF1001TCE from JLC_PCB.SchLib
Replace Part R_C5A 0402WGF0000TCE in C:\git\ramptastic\ramptronix\bms_mainboard_6\BMS_MAINBOARD.SchDoc with 0402WGF0000TCE from JLC_PCB.SchLib
Replace Part R_C5B 0402WGF0000TCE in C:\git\ramptastic\ramptronix\bms_mainboard_6\BMS_MAINBOARD.SchDoc with 0402WGF0000TCE from JLC_PCB.SchLib
Replace Part R_C5X 0402WGF1001TCE in C:\git\ramptastic\ramptronix\bms_mainboard_6\BMS_MAINBOARD.SchDoc with 0402WGF1001TCE from JLC_PCB.SchLib
Replace Part R_C6 0402WGF1001TCE in C:\git\ramptastic\ramptronix\bms_mainboard_6\BMS_MAINBOARD.SchDoc with 0402WGF1001TCE from JLC_PCB.SchLib
Replace Part R_C6A 0402WGF0000TCE in C:\git\ramptastic\ramptronix\bms_mainboard_6\BMS_MAINBOARD.SchDoc with 0402WGF0000TCE from JLC_PCB.SchLib
Replace Part R_C6B 0402WGF0000TCE in C:\git\ramptastic\ramptronix\bms_mainboard_6\BMS_MAINBOARD.SchDoc with 0402WGF0000TCE from JLC_PCB.SchLib
Replace Part R_C7 0402WGF1001TCE in C:\git\ramptastic\ramptronix\bms_mainboard_6\BMS_MAINBOARD.SchDoc with 0402WGF1001TCE from JLC_PCB.SchLib
Replace Part R_C7A 0402WGF0000TCE in C:\git\ramptastic\ramptronix\bms_mainboard_6\BMS_MAINBOARD.SchDoc with 0402WGF0000TCE from JLC_PCB.SchLib
Replace Part R_C7B 0402WGF0000TCE in C:\git\ramptastic\ramptronix\bms_mainboard_6\BMS_MAINBOARD.SchDoc with 0402WGF0000TCE from JLC_PCB.SchLib
Replace Part R_C8 0402WGF1001TCE in C:\git\ramptastic\ramptronix\bms_mainboard_6\BMS_MAINBOARD.SchDoc with 0402WGF1001TCE from JLC_PCB.SchLib
Replace Part R_C8A 0402WGF0000TCE in C:\git\ramptastic\ramptronix\bms_mainboard_6\BMS_MAINBOARD.SchDoc with 0402WGF0000TCE from JLC_PCB.SchLib
Replace Part R_C8B 0402WGF0000TCE in C:\git\ramptastic\ramptronix\bms_mainboard_6\BMS_MAINBOARD.SchDoc with 0402WGF0000TCE from JLC_PCB.SchLib
Replace Part R_C9 0402WGF1001TCE in C:\git\ramptastic\ramptronix\bms_mainboard_6\BMS_MAINBOARD.SchDoc with 0402WGF1001TCE from JLC_PCB.SchLib
Replace Part R_C9A 0402WGF0000TCE in C:\git\ramptastic\ramptronix\bms_mainboard_6\BMS_MAINBOARD.SchDoc with 0402WGF0000TCE from JLC_PCB.SchLib
Replace Part R_C9B 0402WGF0000TCE in C:\git\ramptastic\ramptronix\bms_mainboard_6\BMS_MAINBOARD.SchDoc with 0402WGF0000TCE from JLC_PCB.SchLib
Replace Part R_C10 0402WGF1001TCE in C:\git\ramptastic\ramptronix\bms_mainboard_6\BMS_MAINBOARD.SchDoc with 0402WGF1001TCE from JLC_PCB.SchLib
Replace Part R_C10A 0402WGF0000TCE in C:\git\ramptastic\ramptronix\bms_mainboard_6\BMS_MAINBOARD.SchDoc with 0402WGF0000TCE from JLC_PCB.SchLib
Replace Part R_C10B 0402WGF0000TCE in C:\git\ramptastic\ramptronix\bms_mainboard_6\BMS_MAINBOARD.SchDoc with 0402WGF0000TCE from JLC_PCB.SchLib
Replace Part R_C10X 0402WGF1001TCE in C:\git\ramptastic\ramptronix\bms_mainboard_6\BMS_MAINBOARD.SchDoc with 0402WGF1001TCE from JLC_PCB.SchLib
Replace Part R_C11 0402WGF1001TCE in C:\git\ramptastic\ramptronix\bms_mainboard_6\BMS_MAINBOARD.SchDoc with 0402WGF1001TCE from JLC_PCB.SchLib
Replace Part R_C11A 0402WGF0000TCE in C:\git\ramptastic\ramptronix\bms_mainboard_6\BMS_MAINBOARD.SchDoc with 0402WGF0000TCE from JLC_PCB.SchLib
Replace Part R_C11B 0402WGF0000TCE in C:\git\ramptastic\ramptronix\bms_mainboard_6\BMS_MAINBOARD.SchDoc with 0402WGF0000TCE from JLC_PCB.SchLib
Replace Part R_C12 0402WGF1001TCE in C:\git\ramptastic\ramptronix\bms_mainboard_6\BMS_MAINBOARD.SchDoc with 0402WGF1001TCE from JLC_PCB.SchLib
Replace Part R_C12A 0402WGF0000TCE in C:\git\ramptastic\ramptronix\bms_mainboard_6\BMS_MAINBOARD.SchDoc with 0402WGF0000TCE from JLC_PCB.SchLib
Replace Part R_C12B 0402WGF0000TCE in C:\git\ramptastic\ramptronix\bms_mainboard_6\BMS_MAINBOARD.SchDoc with 0402WGF0000TCE from JLC_PCB.SchLib
Replace Part R_C13 0402WGF1001TCE in C:\git\ramptastic\ramptronix\bms_mainboard_6\BMS_MAINBOARD.SchDoc with 0402WGF1001TCE from JLC_PCB.SchLib
Replace Part R_C14 0402WGF1001TCE in C:\git\ramptastic\ramptronix\bms_mainboard_6\BMS_MAINBOARD.SchDoc with 0402WGF1001TCE from JLC_PCB.SchLib
Replace Part R_C15 0402WGF1001TCE in C:\git\ramptastic\ramptronix\bms_mainboard_6\BMS_MAINBOARD.SchDoc with 0402WGF1001TCE from JLC_PCB.SchLib
Replace Part R_NT 0402WGF0000TCE in C:\git\ramptastic\ramptronix\bms_mainboard_6\BMS_MAINBOARD.SchDoc with 0402WGF0000TCE from JLC_PCB.SchLib
Replace Part R_PU_0 0402WGF1002TCE in C:\git\ramptastic\ramptronix\bms_mainboard_6\BMS_MAINBOARD.SchDoc with 0402WGF1002TCE from JLC_PCB.SchLib
Replace Part R_PU_1 0402WGF1002TCE in C:\git\ramptastic\ramptronix\bms_mainboard_6\BMS_MAINBOARD.SchDoc with 0402WGF1002TCE from JLC_PCB.SchLib
Replace Part R_PU_2 0402WGF1002TCE in C:\git\ramptastic\ramptronix\bms_mainboard_6\BMS_MAINBOARD.SchDoc with 0402WGF1002TCE from JLC_PCB.SchLib
Replace Part R_PU_3 0402WGF1002TCE in C:\git\ramptastic\ramptronix\bms_mainboard_6\BMS_MAINBOARD.SchDoc with 0402WGF1002TCE from JLC_PCB.SchLib
Replace Part R_QHTR3 0402WGF1002TCE in C:\git\ramptastic\ramptronix\bms_mainboard_6\BMS_MAINBOARD.SchDoc with 0402WGF1002TCE from JLC_PCB.SchLib
Replace Part R_SCL 0402WGF1002TCE in C:\git\ramptastic\ramptronix\bms_mainboard_6\BMS_MAINBOARD.SchDoc with 0402WGF1002TCE from JLC_PCB.SchLib
Replace Part R_SDA 0402WGF1002TCE in C:\git\ramptastic\ramptronix\bms_mainboard_6\BMS_MAINBOARD.SchDoc with 0402WGF1002TCE from JLC_PCB.SchLib
Replace Part R_VBUS1 0402WGF1002TCE in C:\git\ramptastic\ramptronix\bms_mainboard_6\BMS_MAINBOARD.SchDoc with 0402WGF1002TCE from JLC_PCB.SchLib
Replace Part R_VBUS2 0402WGF1002TCE in C:\git\ramptastic\ramptronix\bms_mainboard_6\BMS_MAINBOARD.SchDoc with 0402WGF1002TCE from JLC_PCB.SchLib
Replace Part R_VBUS3 0402WGF1001TCE in C:\git\ramptastic\ramptronix\bms_mainboard_6\BMS_MAINBOARD.SchDoc with 0402WGF1001TCE from JLC_PCB.SchLib
Replace Part RBEN 0402WGF2202TCE in C:\git\ramptastic\ramptronix\bms_mainboard_6\BMS_MAINBOARD.SchDoc with 0402WGF2202TCE from JLC_PCB.SchLib
Replace Part RLED_1 0402WGF1001TCE in C:\git\ramptastic\ramptronix\bms_mainboard_6\BMS_MAINBOARD.SchDoc with 0402WGF1001TCE from JLC_PCB.SchLib
Replace Part RLED_2 0402WGF1001TCE in C:\git\ramptastic\ramptronix\bms_mainboard_6\BMS_MAINBOARD.SchDoc with 0402WGF1001TCE from JLC_PCB.SchLib
Replace Part RLED_3 0402WGF1001TCE in C:\git\ramptastic\ramptronix\bms_mainboard_6\BMS_MAINBOARD.SchDoc with 0402WGF1001TCE from JLC_PCB.SchLib
Replace Part RLED_4 0402WGF1001TCE in C:\git\ramptastic\ramptronix\bms_mainboard_6\BMS_MAINBOARD.SchDoc with 0402WGF1001TCE from JLC_PCB.SchLib
Replace Part Ron_a 0402WGF1003TCE in C:\git\ramptastic\ramptronix\bms_mainboard_6\BMS_MAINBOARD.SchDoc with 0402WGF1003TCE from JLC_PCB.SchLib
Replace Part Ron_b 0402WGF1003TCE in C:\git\ramptastic\ramptronix\bms_mainboard_6\BMS_MAINBOARD.SchDoc with 0402WGF1003TCE from JLC_PCB.SchLib
Replace Part Ron_c 0402WGF4702TCE in C:\git\ramptastic\ramptronix\bms_mainboard_6\BMS_MAINBOARD.SchDoc with 0402WGF4702TCE from JLC_PCB.SchLib
Replace Part RT_0 0402WGF1002TCE in C:\git\ramptastic\ramptronix\bms_mainboard_6\BMS_MAINBOARD.SchDoc with 0402WGF1002TCE from JLC_PCB.SchLib
Replace Part RT_1 0402WGF1002TCE in C:\git\ramptastic\ramptronix\bms_mainboard_6\BMS_MAINBOARD.SchDoc with 0402WGF1002TCE from JLC_PCB.SchLib
Replace Part RT_2 0402WGF1002TCE in C:\git\ramptastic\ramptronix\bms_mainboard_6\BMS_MAINBOARD.SchDoc with 0402WGF1002TCE from JLC_PCB.SchLib
Replace Part RT_3 0402WGF1002TCE in C:\git\ramptastic\ramptronix\bms_mainboard_6\BMS_MAINBOARD.SchDoc with 0402WGF1002TCE from JLC_PCB.SchLib
Replace Part RT_4 0402WGF1002TCE in C:\git\ramptastic\ramptronix\bms_mainboard_6\BMS_MAINBOARD.SchDoc with 0402WGF1002TCE from JLC_PCB.SchLib
Replace Part RT_5 0402WGF1002TCE in C:\git\ramptastic\ramptronix\bms_mainboard_6\BMS_MAINBOARD.SchDoc with 0402WGF1002TCE from JLC_PCB.SchLib
Replace Part RT_6 0402WGF1002TCE in C:\git\ramptastic\ramptronix\bms_mainboard_6\BMS_MAINBOARD.SchDoc with 0402WGF1002TCE from JLC_PCB.SchLib
Replace Part RT_7 0402WGF1002TCE in C:\git\ramptastic\ramptronix\bms_mainboard_6\BMS_MAINBOARD.SchDoc with 0402WGF1002TCE from JLC_PCB.SchLib
Replace Part RT_8 0402WGF1002TCE in C:\git\ramptastic\ramptronix\bms_mainboard_6\BMS_MAINBOARD.SchDoc with 0402WGF1002TCE from JLC_PCB.SchLib
Replace Part RT_9 0402WGF1002TCE in C:\git\ramptastic\ramptronix\bms_mainboard_6\BMS_MAINBOARD.SchDoc with 0402WGF1002TCE from JLC_PCB.SchLib
Replace Part RT_10 0402WGF1002TCE in C:\git\ramptastic\ramptronix\bms_mainboard_6\BMS_MAINBOARD.SchDoc with 0402WGF1002TCE from JLC_PCB.SchLib
Replace Part RT_11 0402WGF1002TCE in C:\git\ramptastic\ramptronix\bms_mainboard_6\BMS_MAINBOARD.SchDoc with 0402WGF1002TCE from JLC_PCB.SchLib
Replace Part RT_12 0402WGF1002TCE in C:\git\ramptastic\ramptronix\bms_mainboard_6\BMS_MAINBOARD.SchDoc with 0402WGF1002TCE from JLC_PCB.SchLib
Replace Part SW1 TS-1187A-C-C-B in C:\git\ramptastic\ramptronix\bms_mainboard_6\BMS_MAINBOARD.SchDoc with TS-1187A-C-C-B from JLC_PCB.SchLib
Replace Part TS_C1_A NCP15XH103F03RC in C:\git\ramptastic\ramptronix\bms_mainboard_6\BMS_MAINBOARD.SchDoc with NCP15XH103F03RC from JLC_PCB.SchLib
Replace Part TS_C1_B NCP15XH103F03RC in C:\git\ramptastic\ramptronix\bms_mainboard_6\BMS_MAINBOARD.SchDoc with NCP15XH103F03RC from JLC_PCB.SchLib
Replace Part TS_C2_A NCP15XH103F03RC in C:\git\ramptastic\ramptronix\bms_mainboard_6\BMS_MAINBOARD.SchDoc with NCP15XH103F03RC from JLC_PCB.SchLib
Replace Part TS_C2_B NCP15XH103F03RC in C:\git\ramptastic\ramptronix\bms_mainboard_6\BMS_MAINBOARD.SchDoc with NCP15XH103F03RC from JLC_PCB.SchLib
Replace Part TS_C3_A NCP15XH103F03RC in C:\git\ramptastic\ramptronix\bms_mainboard_6\BMS_MAINBOARD.SchDoc with NCP15XH103F03RC from JLC_PCB.SchLib
Replace Part TS_C3_B NCP15XH103F03RC in C:\git\ramptastic\ramptronix\bms_mainboard_6\BMS_MAINBOARD.SchDoc with NCP15XH103F03RC from JLC_PCB.SchLib
Replace Part TS_C4_A NCP15XH103F03RC in C:\git\ramptastic\ramptronix\bms_mainboard_6\BMS_MAINBOARD.SchDoc with NCP15XH103F03RC from JLC_PCB.SchLib
Replace Part TS_C4_B NCP15XH103F03RC in C:\git\ramptastic\ramptronix\bms_mainboard_6\BMS_MAINBOARD.SchDoc with NCP15XH103F03RC from JLC_PCB.SchLib
Replace Part TS_C5_A NCP15XH103F03RC in C:\git\ramptastic\ramptronix\bms_mainboard_6\BMS_MAINBOARD.SchDoc with NCP15XH103F03RC from JLC_PCB.SchLib
Replace Part TS_C5_B NCP15XH103F03RC in C:\git\ramptastic\ramptronix\bms_mainboard_6\BMS_MAINBOARD.SchDoc with NCP15XH103F03RC from JLC_PCB.SchLib
Replace Part TS_C6_A NCP15XH103F03RC in C:\git\ramptastic\ramptronix\bms_mainboard_6\BMS_MAINBOARD.SchDoc with NCP15XH103F03RC from JLC_PCB.SchLib
Replace Part TS_C6_B NCP15XH103F03RC in C:\git\ramptastic\ramptronix\bms_mainboard_6\BMS_MAINBOARD.SchDoc with NCP15XH103F03RC from JLC_PCB.SchLib
Replace Part TS_C7_A NCP15XH103F03RC in C:\git\ramptastic\ramptronix\bms_mainboard_6\BMS_MAINBOARD.SchDoc with NCP15XH103F03RC from JLC_PCB.SchLib
Replace Part TS_C7_B NCP15XH103F03RC in C:\git\ramptastic\ramptronix\bms_mainboard_6\BMS_MAINBOARD.SchDoc with NCP15XH103F03RC from JLC_PCB.SchLib
Replace Part TS_C8_A NCP15XH103F03RC in C:\git\ramptastic\ramptronix\bms_mainboard_6\BMS_MAINBOARD.SchDoc with NCP15XH103F03RC from JLC_PCB.SchLib
Replace Part TS_C8_B NCP15XH103F03RC in C:\git\ramptastic\ramptronix\bms_mainboard_6\BMS_MAINBOARD.SchDoc with NCP15XH103F03RC from JLC_PCB.SchLib
Replace Part TS_C9_A NCP15XH103F03RC in C:\git\ramptastic\ramptronix\bms_mainboard_6\BMS_MAINBOARD.SchDoc with NCP15XH103F03RC from JLC_PCB.SchLib
Replace Part TS_C9_B NCP15XH103F03RC in C:\git\ramptastic\ramptronix\bms_mainboard_6\BMS_MAINBOARD.SchDoc with NCP15XH103F03RC from JLC_PCB.SchLib
Replace Part TS_C10_A NCP15XH103F03RC in C:\git\ramptastic\ramptronix\bms_mainboard_6\BMS_MAINBOARD.SchDoc with NCP15XH103F03RC from JLC_PCB.SchLib
Replace Part TS_C10_B NCP15XH103F03RC in C:\git\ramptastic\ramptronix\bms_mainboard_6\BMS_MAINBOARD.SchDoc with NCP15XH103F03RC from JLC_PCB.SchLib
Replace Part TS_C11_A NCP15XH103F03RC in C:\git\ramptastic\ramptronix\bms_mainboard_6\BMS_MAINBOARD.SchDoc with NCP15XH103F03RC from JLC_PCB.SchLib
Replace Part TS_C11_B NCP15XH103F03RC in C:\git\ramptastic\ramptronix\bms_mainboard_6\BMS_MAINBOARD.SchDoc with NCP15XH103F03RC from JLC_PCB.SchLib
Replace Part TS_C12_A NCP15XH103F03RC in C:\git\ramptastic\ramptronix\bms_mainboard_6\BMS_MAINBOARD.SchDoc with NCP15XH103F03RC from JLC_PCB.SchLib
Replace Part TS_C12_B NCP15XH103F03RC in C:\git\ramptastic\ramptronix\bms_mainboard_6\BMS_MAINBOARD.SchDoc with NCP15XH103F03RC from JLC_PCB.SchLib
Replace Part TSQ1a 2N7002 in C:\git\ramptastic\ramptronix\bms_mainboard_6\BMS_MAINBOARD.SchDoc with 2N7002 from JLC_PCB.SchLib
Replace Part TSQ1b 2N7002 in C:\git\ramptastic\ramptronix\bms_mainboard_6\BMS_MAINBOARD.SchDoc with 2N7002 from JLC_PCB.SchLib
Replace Part U0 GD32F405RGT6 in C:\git\ramptastic\ramptronix\bms_mainboard_6\BMS_MAINBOARD.SchDoc with GD32F405RGT6 from JLC_PCB.SchLib
Replace Part U100 GD32F103CBT6 in C:\git\ramptastic\ramptronix\bms_mainboard_6\BMS_MAINBOARD.SchDoc with GD32F103CBT6 from JLC_PCB.SchLib
Replace Part U200 LM5008MMX/NOPB in C:\git\ramptastic\ramptronix\bms_mainboard_6\BMS_MAINBOARD.SchDoc with LM5008MMX/NOPB from JLC_PCB.SchLib
Replace Part U500 74HC4067PW,118 in C:\git\ramptastic\ramptronix\bms_mainboard_6\BMS_MAINBOARD.SchDoc with 74HC4067PW,118 from JLC_PCB.SchLib
Replace Part U700 AMS1117-3.3 in C:\git\ramptastic\ramptronix\bms_mainboard_6\BMS_MAINBOARD.SchDoc with AMS1117-3.3 from JLC_PCB.SchLib
Replace Part U? BQ7694002DBTR in C:\git\ramptastic\ramptronix\bms_mainboard_6\BMS_MAINBOARD.SchDoc with BQ7694002DBTR from JLC_PCB.SchLib
Replace Part Y100 X50328MSB2GI in C:\git\ramptastic\ramptronix\bms_mainboard_6\BMS_MAINBOARD.SchDoc with X50328MSB2GI from JLC_PCB.SchLib
