Change Component DesignItemId : Designator=R_C1A Old DesignItemId=0402WGF0000TCE New DesignItemId=0402WGF1001TCE
Change Component DesignItemId : Designator=R_C1B Old DesignItemId=0402WGF0000TCE New DesignItemId=0402WGF1001TCE
Change Component DesignItemId : Designator=R_C2A Old DesignItemId=0402WGF0000TCE New DesignItemId=0402WGF1001TCE
Change Component DesignItemId : Designator=R_C2B Old DesignItemId=0402WGF0000TCE New DesignItemId=0402WGF1001TCE
Change Component DesignItemId : Designator=R_C3A Old DesignItemId=0402WGF0000TCE New DesignItemId=0402WGF1001TCE
Change Component DesignItemId : Designator=R_C3B Old DesignItemId=0402WGF0000TCE New DesignItemId=0402WGF1001TCE
Change Component DesignItemId : Designator=R_C4A Old DesignItemId=0402WGF0000TCE New DesignItemId=0402WGF1001TCE
Change Component DesignItemId : Designator=R_C4B Old DesignItemId=0402WGF0000TCE New DesignItemId=0402WGF1001TCE
Change Component DesignItemId : Designator=R_C5A Old DesignItemId=0402WGF0000TCE New DesignItemId=0402WGF1001TCE
Change Component DesignItemId : Designator=R_C5B Old DesignItemId=0402WGF0000TCE New DesignItemId=0402WGF1001TCE
Change Component DesignItemId : Designator=R_C6A Old DesignItemId=0402WGF0000TCE New DesignItemId=0402WGF1001TCE
Change Component DesignItemId : Designator=R_C6B Old DesignItemId=0402WGF0000TCE New DesignItemId=0402WGF1001TCE
Change Component DesignItemId : Designator=R_C7A Old DesignItemId=0402WGF0000TCE New DesignItemId=0402WGF1001TCE
Change Component DesignItemId : Designator=R_C7B Old DesignItemId=0402WGF0000TCE New DesignItemId=0402WGF1001TCE
Change Component DesignItemId : Designator=R_C8A Old DesignItemId=0402WGF0000TCE New DesignItemId=0402WGF1001TCE
Change Component DesignItemId : Designator=R_C8B Old DesignItemId=0402WGF0000TCE New DesignItemId=0402WGF1001TCE
Change Component DesignItemId : Designator=R_C9A Old DesignItemId=0402WGF0000TCE New DesignItemId=0402WGF1001TCE
Change Component DesignItemId : Designator=R_C9B Old DesignItemId=0402WGF0000TCE New DesignItemId=0402WGF1001TCE
Change Component DesignItemId : Designator=R_C10A Old DesignItemId=0402WGF0000TCE New DesignItemId=0402WGF1001TCE
Change Component DesignItemId : Designator=R_C10B Old DesignItemId=0402WGF0000TCE New DesignItemId=0402WGF1001TCE
Change Component DesignItemId : Designator=R_C11A Old DesignItemId=0402WGF0000TCE New DesignItemId=0402WGF1001TCE
Change Component DesignItemId : Designator=R_C11B Old DesignItemId=0402WGF0000TCE New DesignItemId=0402WGF1001TCE
Change Component DesignItemId : Designator=R_C12A Old DesignItemId=0402WGF0000TCE New DesignItemId=0402WGF1001TCE
Change Component DesignItemId : Designator=R_C12B Old DesignItemId=0402WGF0000TCE New DesignItemId=0402WGF1001TCE
Change Component DesignItemId : Designator=R_C0 Old DesignItemId=0402WGF1001TCE New DesignItemId=0402WGF1000TCE
Change Component DesignItemId : Designator=R_C1 Old DesignItemId=0402WGF1001TCE New DesignItemId=0402WGF1000TCE
Change Component DesignItemId : Designator=R_C2 Old DesignItemId=0402WGF1001TCE New DesignItemId=0402WGF1000TCE
Change Component DesignItemId : Designator=R_C3 Old DesignItemId=0402WGF1001TCE New DesignItemId=0402WGF1000TCE
Change Component DesignItemId : Designator=R_C4 Old DesignItemId=0402WGF1001TCE New DesignItemId=0402WGF1000TCE
Change Component DesignItemId : Designator=R_C5 Old DesignItemId=0402WGF1001TCE New DesignItemId=0402WGF1000TCE
Change Component DesignItemId : Designator=R_C5X Old DesignItemId=0402WGF1001TCE New DesignItemId=0402WGF1000TCE
Change Component DesignItemId : Designator=R_C6 Old DesignItemId=0402WGF1001TCE New DesignItemId=0402WGF1000TCE
Change Component DesignItemId : Designator=R_C7 Old DesignItemId=0402WGF1001TCE New DesignItemId=0402WGF1000TCE
Change Component DesignItemId : Designator=R_C8 Old DesignItemId=0402WGF1001TCE New DesignItemId=0402WGF1000TCE
Change Component DesignItemId : Designator=R_C9 Old DesignItemId=0402WGF1001TCE New DesignItemId=0402WGF1000TCE
Change Component DesignItemId : Designator=R_C10 Old DesignItemId=0402WGF1001TCE New DesignItemId=0402WGF1000TCE
Change Component DesignItemId : Designator=R_C10X Old DesignItemId=0402WGF1001TCE New DesignItemId=0402WGF1000TCE
Change Component DesignItemId : Designator=R_C11 Old DesignItemId=0402WGF1001TCE New DesignItemId=0402WGF1000TCE
Change Component DesignItemId : Designator=R_C12 Old DesignItemId=0402WGF1001TCE New DesignItemId=0402WGF1000TCE
Change Component DesignItemId : Designator=R_C13 Old DesignItemId=0402WGF1001TCE New DesignItemId=0402WGF1000TCE
Change Component DesignItemId : Designator=R_C14 Old DesignItemId=0402WGF1001TCE New DesignItemId=0402WGF1000TCE
Change Component DesignItemId : Designator=R_C15 Old DesignItemId=0402WGF1001TCE New DesignItemId=0402WGF1000TCE
Change Component Comment : Designator=R_C1A Old Comment=0402WGF0000TCE New Comment=0402WGF1001TCE
Change Component Comment : Designator=R_C1B Old Comment=0402WGF0000TCE New Comment=0402WGF1001TCE
Change Component Comment : Designator=R_C2A Old Comment=0402WGF0000TCE New Comment=0402WGF1001TCE
Change Component Comment : Designator=R_C2B Old Comment=0402WGF0000TCE New Comment=0402WGF1001TCE
Change Component Comment : Designator=R_C3A Old Comment=0402WGF0000TCE New Comment=0402WGF1001TCE
Change Component Comment : Designator=R_C3B Old Comment=0402WGF0000TCE New Comment=0402WGF1001TCE
Change Component Comment : Designator=R_C4A Old Comment=0402WGF0000TCE New Comment=0402WGF1001TCE
Change Component Comment : Designator=R_C4B Old Comment=0402WGF0000TCE New Comment=0402WGF1001TCE
Change Component Comment : Designator=R_C5A Old Comment=0402WGF0000TCE New Comment=0402WGF1001TCE
Change Component Comment : Designator=R_C5B Old Comment=0402WGF0000TCE New Comment=0402WGF1001TCE
Change Component Comment : Designator=R_C6A Old Comment=0402WGF0000TCE New Comment=0402WGF1001TCE
Change Component Comment : Designator=R_C6B Old Comment=0402WGF0000TCE New Comment=0402WGF1001TCE
Change Component Comment : Designator=R_C7A Old Comment=0402WGF0000TCE New Comment=0402WGF1001TCE
Change Component Comment : Designator=R_C7B Old Comment=0402WGF0000TCE New Comment=0402WGF1001TCE
Change Component Comment : Designator=R_C8A Old Comment=0402WGF0000TCE New Comment=0402WGF1001TCE
Change Component Comment : Designator=R_C8B Old Comment=0402WGF0000TCE New Comment=0402WGF1001TCE
Change Component Comment : Designator=R_C9A Old Comment=0402WGF0000TCE New Comment=0402WGF1001TCE
Change Component Comment : Designator=R_C9B Old Comment=0402WGF0000TCE New Comment=0402WGF1001TCE
Change Component Comment : Designator=R_C10A Old Comment=0402WGF0000TCE New Comment=0402WGF1001TCE
Change Component Comment : Designator=R_C10B Old Comment=0402WGF0000TCE New Comment=0402WGF1001TCE
Change Component Comment : Designator=R_C11A Old Comment=0402WGF0000TCE New Comment=0402WGF1001TCE
Change Component Comment : Designator=R_C11B Old Comment=0402WGF0000TCE New Comment=0402WGF1001TCE
Change Component Comment : Designator=R_C12A Old Comment=0402WGF0000TCE New Comment=0402WGF1001TCE
Change Component Comment : Designator=R_C12B Old Comment=0402WGF0000TCE New Comment=0402WGF1001TCE
Change Component Comment : Designator=R_C0 Old Comment=0402WGF1001TCE New Comment=0402WGF1000TCE
Change Component Comment : Designator=R_C1 Old Comment=0402WGF1001TCE New Comment=0402WGF1000TCE
Change Component Comment : Designator=R_C2 Old Comment=0402WGF1001TCE New Comment=0402WGF1000TCE
Change Component Comment : Designator=R_C3 Old Comment=0402WGF1001TCE New Comment=0402WGF1000TCE
Change Component Comment : Designator=R_C4 Old Comment=0402WGF1001TCE New Comment=0402WGF1000TCE
Change Component Comment : Designator=R_C5 Old Comment=0402WGF1001TCE New Comment=0402WGF1000TCE
Change Component Comment : Designator=R_C5X Old Comment=0402WGF1001TCE New Comment=0402WGF1000TCE
Change Component Comment : Designator=R_C6 Old Comment=0402WGF1001TCE New Comment=0402WGF1000TCE
Change Component Comment : Designator=R_C7 Old Comment=0402WGF1001TCE New Comment=0402WGF1000TCE
Change Component Comment : Designator=R_C8 Old Comment=0402WGF1001TCE New Comment=0402WGF1000TCE
Change Component Comment : Designator=R_C9 Old Comment=0402WGF1001TCE New Comment=0402WGF1000TCE
Change Component Comment : Designator=R_C10 Old Comment=0402WGF1001TCE New Comment=0402WGF1000TCE
Change Component Comment : Designator=R_C10X Old Comment=0402WGF1001TCE New Comment=0402WGF1000TCE
Change Component Comment : Designator=R_C11 Old Comment=0402WGF1001TCE New Comment=0402WGF1000TCE
Change Component Comment : Designator=R_C12 Old Comment=0402WGF1001TCE New Comment=0402WGF1000TCE
Change Component Comment : Designator=R_C13 Old Comment=0402WGF1001TCE New Comment=0402WGF1000TCE
Change Component Comment : Designator=R_C14 Old Comment=0402WGF1001TCE New Comment=0402WGF1000TCE
Change Component Comment : Designator=R_C15 Old Comment=0402WGF1001TCE New Comment=0402WGF1000TCE
Change Component Designator: OldDesignator=R10x_R1 NewDesignator=10x_R1
Change Component Description : Designator=R_C1A Old Description=R - RESISTOR - SMD - 0R - 1% - 0402 New Description=R - RESISTOR - SMD - 1k - 1% - 0402
Change Component Description : Designator=R_C1B Old Description=R - RESISTOR - SMD - 0R - 1% - 0402 New Description=R - RESISTOR - SMD - 1k - 1% - 0402
Change Component Description : Designator=R_C2A Old Description=R - RESISTOR - SMD - 0R - 1% - 0402 New Description=R - RESISTOR - SMD - 1k - 1% - 0402
Change Component Description : Designator=R_C2B Old Description=R - RESISTOR - SMD - 0R - 1% - 0402 New Description=R - RESISTOR - SMD - 1k - 1% - 0402
Change Component Description : Designator=R_C3A Old Description=R - RESISTOR - SMD - 0R - 1% - 0402 New Description=R - RESISTOR - SMD - 1k - 1% - 0402
Change Component Description : Designator=R_C3B Old Description=R - RESISTOR - SMD - 0R - 1% - 0402 New Description=R - RESISTOR - SMD - 1k - 1% - 0402
Change Component Description : Designator=R_C4A Old Description=R - RESISTOR - SMD - 0R - 1% - 0402 New Description=R - RESISTOR - SMD - 1k - 1% - 0402
Change Component Description : Designator=R_C4B Old Description=R - RESISTOR - SMD - 0R - 1% - 0402 New Description=R - RESISTOR - SMD - 1k - 1% - 0402
Change Component Description : Designator=R_C5A Old Description=R - RESISTOR - SMD - 0R - 1% - 0402 New Description=R - RESISTOR - SMD - 1k - 1% - 0402
Change Component Description : Designator=R_C5B Old Description=R - RESISTOR - SMD - 0R - 1% - 0402 New Description=R - RESISTOR - SMD - 1k - 1% - 0402
Change Component Description : Designator=R_C6A Old Description=R - RESISTOR - SMD - 0R - 1% - 0402 New Description=R - RESISTOR - SMD - 1k - 1% - 0402
Change Component Description : Designator=R_C6B Old Description=R - RESISTOR - SMD - 0R - 1% - 0402 New Description=R - RESISTOR - SMD - 1k - 1% - 0402
Change Component Description : Designator=R_C7A Old Description=R - RESISTOR - SMD - 0R - 1% - 0402 New Description=R - RESISTOR - SMD - 1k - 1% - 0402
Change Component Description : Designator=R_C7B Old Description=R - RESISTOR - SMD - 0R - 1% - 0402 New Description=R - RESISTOR - SMD - 1k - 1% - 0402
Change Component Description : Designator=R_C8A Old Description=R - RESISTOR - SMD - 0R - 1% - 0402 New Description=R - RESISTOR - SMD - 1k - 1% - 0402
Change Component Description : Designator=R_C8B Old Description=R - RESISTOR - SMD - 0R - 1% - 0402 New Description=R - RESISTOR - SMD - 1k - 1% - 0402
Change Component Description : Designator=R_C9A Old Description=R - RESISTOR - SMD - 0R - 1% - 0402 New Description=R - RESISTOR - SMD - 1k - 1% - 0402
Change Component Description : Designator=R_C9B Old Description=R - RESISTOR - SMD - 0R - 1% - 0402 New Description=R - RESISTOR - SMD - 1k - 1% - 0402
Change Component Description : Designator=R_C10A Old Description=R - RESISTOR - SMD - 0R - 1% - 0402 New Description=R - RESISTOR - SMD - 1k - 1% - 0402
Change Component Description : Designator=R_C10B Old Description=R - RESISTOR - SMD - 0R - 1% - 0402 New Description=R - RESISTOR - SMD - 1k - 1% - 0402
Change Component Description : Designator=R_C11A Old Description=R - RESISTOR - SMD - 0R - 1% - 0402 New Description=R - RESISTOR - SMD - 1k - 1% - 0402
Change Component Description : Designator=R_C11B Old Description=R - RESISTOR - SMD - 0R - 1% - 0402 New Description=R - RESISTOR - SMD - 1k - 1% - 0402
Change Component Description : Designator=R_C12A Old Description=R - RESISTOR - SMD - 0R - 1% - 0402 New Description=R - RESISTOR - SMD - 1k - 1% - 0402
Change Component Description : Designator=R_C12B Old Description=R - RESISTOR - SMD - 0R - 1% - 0402 New Description=R - RESISTOR - SMD - 1k - 1% - 0402
Change Component Description : Designator=R_C0 Old Description=R - RESISTOR - SMD - 1k - 1% - 0402 New Description=R - RESISTOR - SMD - 100R - 1% - 0402
Change Component Description : Designator=R_C1 Old Description=R - RESISTOR - SMD - 1k - 1% - 0402 New Description=R - RESISTOR - SMD - 100R - 1% - 0402
Change Component Description : Designator=R_C2 Old Description=R - RESISTOR - SMD - 1k - 1% - 0402 New Description=R - RESISTOR - SMD - 100R - 1% - 0402
Change Component Description : Designator=R_C3 Old Description=R - RESISTOR - SMD - 1k - 1% - 0402 New Description=R - RESISTOR - SMD - 100R - 1% - 0402
Change Component Description : Designator=R_C4 Old Description=R - RESISTOR - SMD - 1k - 1% - 0402 New Description=R - RESISTOR - SMD - 100R - 1% - 0402
Change Component Description : Designator=R_C5 Old Description=R - RESISTOR - SMD - 1k - 1% - 0402 New Description=R - RESISTOR - SMD - 100R - 1% - 0402
Change Component Description : Designator=R_C5X Old Description=R - RESISTOR - SMD - 1k - 1% - 0402 New Description=R - RESISTOR - SMD - 100R - 1% - 0402
Change Component Description : Designator=R_C6 Old Description=R - RESISTOR - SMD - 1k - 1% - 0402 New Description=R - RESISTOR - SMD - 100R - 1% - 0402
Change Component Description : Designator=R_C7 Old Description=R - RESISTOR - SMD - 1k - 1% - 0402 New Description=R - RESISTOR - SMD - 100R - 1% - 0402
Change Component Description : Designator=R_C8 Old Description=R - RESISTOR - SMD - 1k - 1% - 0402 New Description=R - RESISTOR - SMD - 100R - 1% - 0402
Change Component Description : Designator=R_C9 Old Description=R - RESISTOR - SMD - 1k - 1% - 0402 New Description=R - RESISTOR - SMD - 100R - 1% - 0402
Change Component Description : Designator=R_C10 Old Description=R - RESISTOR - SMD - 1k - 1% - 0402 New Description=R - RESISTOR - SMD - 100R - 1% - 0402
Change Component Description : Designator=R_C10X Old Description=R - RESISTOR - SMD - 1k - 1% - 0402 New Description=R - RESISTOR - SMD - 100R - 1% - 0402
Change Component Description : Designator=R_C11 Old Description=R - RESISTOR - SMD - 1k - 1% - 0402 New Description=R - RESISTOR - SMD - 100R - 1% - 0402
Change Component Description : Designator=R_C12 Old Description=R - RESISTOR - SMD - 1k - 1% - 0402 New Description=R - RESISTOR - SMD - 100R - 1% - 0402
Change Component Description : Designator=R_C13 Old Description=R - RESISTOR - SMD - 1k - 1% - 0402 New Description=R - RESISTOR - SMD - 100R - 1% - 0402
Change Component Description : Designator=R_C14 Old Description=R - RESISTOR - SMD - 1k - 1% - 0402 New Description=R - RESISTOR - SMD - 100R - 1% - 0402
Change Component Description : Designator=R_C15 Old Description=R - RESISTOR - SMD - 1k - 1% - 0402 New Description=R - RESISTOR - SMD - 100R - 1% - 0402
Change component parameters: Designator = "R_C0"; Footprint = "R_0402"; UniqueID = "\IHCBLOTK"
Change component parameters. Clean all parameters for all variants
Change component parameters (AddParameter): Name = "JLC Availability"; Value = "Basic"; VariantName = "[No Variations]"
Change component parameters (AddParameter): Name = "LCSC Part #"; Value = "C25076"; VariantName = "[No Variations]"
Change component parameters (AddParameter): Name = "Value"; Value = "100R"; VariantName = "[No Variations]"
Change component parameters: Designator = "R_C1"; Footprint = "R_0402"; UniqueID = "\YETGLQTJ"
Change component parameters. Clean all parameters for all variants
Change component parameters (AddParameter): Name = "JLC Availability"; Value = "Basic"; VariantName = "[No Variations]"
Change component parameters (AddParameter): Name = "LCSC Part #"; Value = "C25076"; VariantName = "[No Variations]"
Change component parameters (AddParameter): Name = "Value"; Value = "100R"; VariantName = "[No Variations]"
Change component parameters: Designator = "R_C1A"; Footprint = "R_0402"; UniqueID = "\JXMHKIUU"
Change component parameters. Clean all parameters for all variants
Change component parameters (AddParameter): Name = "JLC Availability"; Value = "Basic"; VariantName = "[No Variations]"
Change component parameters (AddParameter): Name = "LCSC Part #"; Value = "C11702"; VariantName = "[No Variations]"
Change component parameters (AddParameter): Name = "Value"; Value = "1k"; VariantName = "[No Variations]"
Change component parameters: Designator = "R_C1B"; Footprint = "R_0402"; UniqueID = "\BPHHSKBT"
Change component parameters. Clean all parameters for all variants
Change component parameters (AddParameter): Name = "JLC Availability"; Value = "Basic"; VariantName = "[No Variations]"
Change component parameters (AddParameter): Name = "LCSC Part #"; Value = "C11702"; VariantName = "[No Variations]"
Change component parameters (AddParameter): Name = "Value"; Value = "1k"; VariantName = "[No Variations]"
Change component parameters: Designator = "R_C2"; Footprint = "R_0402"; UniqueID = "\SQACMTLL"
Change component parameters. Clean all parameters for all variants
Change component parameters (AddParameter): Name = "JLC Availability"; Value = "Basic"; VariantName = "[No Variations]"
Change component parameters (AddParameter): Name = "LCSC Part #"; Value = "C25076"; VariantName = "[No Variations]"
Change component parameters (AddParameter): Name = "Value"; Value = "100R"; VariantName = "[No Variations]"
Change component parameters: Designator = "R_C2A"; Footprint = "R_0402"; UniqueID = "\VGEEOGOH"
Change component parameters. Clean all parameters for all variants
Change component parameters (AddParameter): Name = "JLC Availability"; Value = "Basic"; VariantName = "[No Variations]"
Change component parameters (AddParameter): Name = "LCSC Part #"; Value = "C11702"; VariantName = "[No Variations]"
Change component parameters (AddParameter): Name = "Value"; Value = "1k"; VariantName = "[No Variations]"
Change component parameters: Designator = "R_C2B"; Footprint = "R_0402"; UniqueID = "\YSDLGJJO"
Change component parameters. Clean all parameters for all variants
Change component parameters (AddParameter): Name = "JLC Availability"; Value = "Basic"; VariantName = "[No Variations]"
Change component parameters (AddParameter): Name = "LCSC Part #"; Value = "C11702"; VariantName = "[No Variations]"
Change component parameters (AddParameter): Name = "Value"; Value = "1k"; VariantName = "[No Variations]"
Change component parameters: Designator = "R_C3"; Footprint = "R_0402"; UniqueID = "\CGMSRNCP"
Change component parameters. Clean all parameters for all variants
Change component parameters (AddParameter): Name = "JLC Availability"; Value = "Basic"; VariantName = "[No Variations]"
Change component parameters (AddParameter): Name = "LCSC Part #"; Value = "C25076"; VariantName = "[No Variations]"
Change component parameters (AddParameter): Name = "Value"; Value = "100R"; VariantName = "[No Variations]"
Change component parameters: Designator = "R_C3A"; Footprint = "R_0402"; UniqueID = "\XNLIYFMG"
Change component parameters. Clean all parameters for all variants
Change component parameters (AddParameter): Name = "JLC Availability"; Value = "Basic"; VariantName = "[No Variations]"
Change component parameters (AddParameter): Name = "LCSC Part #"; Value = "C11702"; VariantName = "[No Variations]"
Change component parameters (AddParameter): Name = "Value"; Value = "1k"; VariantName = "[No Variations]"
Change component parameters: Designator = "R_C3B"; Footprint = "R_0402"; UniqueID = "\WVTNJOXR"
Change component parameters. Clean all parameters for all variants
Change component parameters (AddParameter): Name = "JLC Availability"; Value = "Basic"; VariantName = "[No Variations]"
Change component parameters (AddParameter): Name = "LCSC Part #"; Value = "C11702"; VariantName = "[No Variations]"
Change component parameters (AddParameter): Name = "Value"; Value = "1k"; VariantName = "[No Variations]"
Change component parameters: Designator = "R_C4"; Footprint = "R_0402"; UniqueID = "\JDEUBDYU"
Change component parameters. Clean all parameters for all variants
Change component parameters (AddParameter): Name = "JLC Availability"; Value = "Basic"; VariantName = "[No Variations]"
Change component parameters (AddParameter): Name = "LCSC Part #"; Value = "C25076"; VariantName = "[No Variations]"
Change component parameters (AddParameter): Name = "Value"; Value = "100R"; VariantName = "[No Variations]"
Change component parameters: Designator = "R_C4A"; Footprint = "R_0402"; UniqueID = "\OVUJNMJT"
Change component parameters. Clean all parameters for all variants
Change component parameters (AddParameter): Name = "JLC Availability"; Value = "Basic"; VariantName = "[No Variations]"
Change component parameters (AddParameter): Name = "LCSC Part #"; Value = "C11702"; VariantName = "[No Variations]"
Change component parameters (AddParameter): Name = "Value"; Value = "1k"; VariantName = "[No Variations]"
Change component parameters: Designator = "R_C4B"; Footprint = "R_0402"; UniqueID = "\KOXGCPIY"
Change component parameters. Clean all parameters for all variants
Change component parameters (AddParameter): Name = "JLC Availability"; Value = "Basic"; VariantName = "[No Variations]"
Change component parameters (AddParameter): Name = "LCSC Part #"; Value = "C11702"; VariantName = "[No Variations]"
Change component parameters (AddParameter): Name = "Value"; Value = "1k"; VariantName = "[No Variations]"
Change component parameters: Designator = "R_C5"; Footprint = "R_0402"; UniqueID = "\WTMHRROP"
Change component parameters. Clean all parameters for all variants
Change component parameters (AddParameter): Name = "JLC Availability"; Value = "Basic"; VariantName = "[No Variations]"
Change component parameters (AddParameter): Name = "LCSC Part #"; Value = "C25076"; VariantName = "[No Variations]"
Change component parameters (AddParameter): Name = "Value"; Value = "100R"; VariantName = "[No Variations]"
Change component parameters: Designator = "R_C5A"; Footprint = "R_0402"; UniqueID = "\NPRCLSYC"
Change component parameters. Clean all parameters for all variants
Change component parameters (AddParameter): Name = "JLC Availability"; Value = "Basic"; VariantName = "[No Variations]"
Change component parameters (AddParameter): Name = "LCSC Part #"; Value = "C11702"; VariantName = "[No Variations]"
Change component parameters (AddParameter): Name = "Value"; Value = "1k"; VariantName = "[No Variations]"
Change component parameters: Designator = "R_C5B"; Footprint = "R_0402"; UniqueID = "\NHRRXNJD"
Change component parameters. Clean all parameters for all variants
Change component parameters (AddParameter): Name = "JLC Availability"; Value = "Basic"; VariantName = "[No Variations]"
Change component parameters (AddParameter): Name = "LCSC Part #"; Value = "C11702"; VariantName = "[No Variations]"
Change component parameters (AddParameter): Name = "Value"; Value = "1k"; VariantName = "[No Variations]"
Change component parameters: Designator = "R_C5X"; Footprint = "R_0402"; UniqueID = "\OKNVAWCI"
Change component parameters. Clean all parameters for all variants
Change component parameters (AddParameter): Name = "JLC Availability"; Value = "Basic"; VariantName = "[No Variations]"
Change component parameters (AddParameter): Name = "LCSC Part #"; Value = "C25076"; VariantName = "[No Variations]"
Change component parameters (AddParameter): Name = "Value"; Value = "100R"; VariantName = "[No Variations]"
Change component parameters: Designator = "R_C6"; Footprint = "R_0402"; UniqueID = "\MGFIOVRP"
Change component parameters. Clean all parameters for all variants
Change component parameters (AddParameter): Name = "JLC Availability"; Value = "Basic"; VariantName = "[No Variations]"
Change component parameters (AddParameter): Name = "LCSC Part #"; Value = "C25076"; VariantName = "[No Variations]"
Change component parameters (AddParameter): Name = "Value"; Value = "100R"; VariantName = "[No Variations]"
Change component parameters: Designator = "R_C6A"; Footprint = "R_0402"; UniqueID = "\PQGTKHBO"
Change component parameters. Clean all parameters for all variants
Change component parameters (AddParameter): Name = "JLC Availability"; Value = "Basic"; VariantName = "[No Variations]"
Change component parameters (AddParameter): Name = "LCSC Part #"; Value = "C11702"; VariantName = "[No Variations]"
Change component parameters (AddParameter): Name = "Value"; Value = "1k"; VariantName = "[No Variations]"
Change component parameters: Designator = "R_C6B"; Footprint = "R_0402"; UniqueID = "\FATYKRLM"
Change component parameters. Clean all parameters for all variants
Change component parameters (AddParameter): Name = "JLC Availability"; Value = "Basic"; VariantName = "[No Variations]"
Change component parameters (AddParameter): Name = "LCSC Part #"; Value = "C11702"; VariantName = "[No Variations]"
Change component parameters (AddParameter): Name = "Value"; Value = "1k"; VariantName = "[No Variations]"
Change component parameters: Designator = "R_C7"; Footprint = "R_0402"; UniqueID = "\IITRLWDS"
Change component parameters. Clean all parameters for all variants
Change component parameters (AddParameter): Name = "JLC Availability"; Value = "Basic"; VariantName = "[No Variations]"
Change component parameters (AddParameter): Name = "LCSC Part #"; Value = "C25076"; VariantName = "[No Variations]"
Change component parameters (AddParameter): Name = "Value"; Value = "100R"; VariantName = "[No Variations]"
Change component parameters: Designator = "R_C7A"; Footprint = "R_0402"; UniqueID = "\NTSOIKEI"
Change component parameters. Clean all parameters for all variants
Change component parameters (AddParameter): Name = "JLC Availability"; Value = "Basic"; VariantName = "[No Variations]"
Change component parameters (AddParameter): Name = "LCSC Part #"; Value = "C11702"; VariantName = "[No Variations]"
Change component parameters (AddParameter): Name = "Value"; Value = "1k"; VariantName = "[No Variations]"
Change component parameters: Designator = "R_C7B"; Footprint = "R_0402"; UniqueID = "\NSLGDJLN"
Change component parameters. Clean all parameters for all variants
Change component parameters (AddParameter): Name = "JLC Availability"; Value = "Basic"; VariantName = "[No Variations]"
Change component parameters (AddParameter): Name = "LCSC Part #"; Value = "C11702"; VariantName = "[No Variations]"
Change component parameters (AddParameter): Name = "Value"; Value = "1k"; VariantName = "[No Variations]"
Change component parameters: Designator = "R_C8"; Footprint = "R_0402"; UniqueID = "\KDNUPAPN"
Change component parameters. Clean all parameters for all variants
Change component parameters (AddParameter): Name = "JLC Availability"; Value = "Basic"; VariantName = "[No Variations]"
Change component parameters (AddParameter): Name = "LCSC Part #"; Value = "C25076"; VariantName = "[No Variations]"
Change component parameters (AddParameter): Name = "Value"; Value = "100R"; VariantName = "[No Variations]"
Change component parameters: Designator = "R_C8A"; Footprint = "R_0402"; UniqueID = "\EULQWXQO"
Change component parameters. Clean all parameters for all variants
Change component parameters (AddParameter): Name = "JLC Availability"; Value = "Basic"; VariantName = "[No Variations]"
Change component parameters (AddParameter): Name = "LCSC Part #"; Value = "C11702"; VariantName = "[No Variations]"
Change component parameters (AddParameter): Name = "Value"; Value = "1k"; VariantName = "[No Variations]"
Change component parameters: Designator = "R_C8B"; Footprint = "R_0402"; UniqueID = "\KMTQSUPQ"
Change component parameters. Clean all parameters for all variants
Change component parameters (AddParameter): Name = "JLC Availability"; Value = "Basic"; VariantName = "[No Variations]"
Change component parameters (AddParameter): Name = "LCSC Part #"; Value = "C11702"; VariantName = "[No Variations]"
Change component parameters (AddParameter): Name = "Value"; Value = "1k"; VariantName = "[No Variations]"
Change component parameters: Designator = "R_C9"; Footprint = "R_0402"; UniqueID = "\GFEUTFLW"
Change component parameters. Clean all parameters for all variants
Change component parameters (AddParameter): Name = "JLC Availability"; Value = "Basic"; VariantName = "[No Variations]"
Change component parameters (AddParameter): Name = "LCSC Part #"; Value = "C25076"; VariantName = "[No Variations]"
Change component parameters (AddParameter): Name = "Value"; Value = "100R"; VariantName = "[No Variations]"
Change component parameters: Designator = "R_C9A"; Footprint = "R_0402"; UniqueID = "\NSXLFICV"
Change component parameters. Clean all parameters for all variants
Change component parameters (AddParameter): Name = "JLC Availability"; Value = "Basic"; VariantName = "[No Variations]"
Change component parameters (AddParameter): Name = "LCSC Part #"; Value = "C11702"; VariantName = "[No Variations]"
Change component parameters (AddParameter): Name = "Value"; Value = "1k"; VariantName = "[No Variations]"
Change component parameters: Designator = "R_C9B"; Footprint = "R_0402"; UniqueID = "\WNLDSIMP"
Change component parameters. Clean all parameters for all variants
Change component parameters (AddParameter): Name = "JLC Availability"; Value = "Basic"; VariantName = "[No Variations]"
Change component parameters (AddParameter): Name = "LCSC Part #"; Value = "C11702"; VariantName = "[No Variations]"
Change component parameters (AddParameter): Name = "Value"; Value = "1k"; VariantName = "[No Variations]"
Change component parameters: Designator = "R_C10"; Footprint = "R_0402"; UniqueID = "\KKTNUDYW"
Change component parameters. Clean all parameters for all variants
Change component parameters (AddParameter): Name = "JLC Availability"; Value = "Basic"; VariantName = "[No Variations]"
Change component parameters (AddParameter): Name = "LCSC Part #"; Value = "C25076"; VariantName = "[No Variations]"
Change component parameters (AddParameter): Name = "Value"; Value = "100R"; VariantName = "[No Variations]"
Change component parameters: Designator = "R_C10A"; Footprint = "R_0402"; UniqueID = "\OJSLXBER"
Change component parameters. Clean all parameters for all variants
Change component parameters (AddParameter): Name = "JLC Availability"; Value = "Basic"; VariantName = "[No Variations]"
Change component parameters (AddParameter): Name = "LCSC Part #"; Value = "C11702"; VariantName = "[No Variations]"
Change component parameters (AddParameter): Name = "Value"; Value = "1k"; VariantName = "[No Variations]"
Change component parameters: Designator = "R_C10B"; Footprint = "R_0402"; UniqueID = "\SDSYMJWD"
Change component parameters. Clean all parameters for all variants
Change component parameters (AddParameter): Name = "JLC Availability"; Value = "Basic"; VariantName = "[No Variations]"
Change component parameters (AddParameter): Name = "LCSC Part #"; Value = "C11702"; VariantName = "[No Variations]"
Change component parameters (AddParameter): Name = "Value"; Value = "1k"; VariantName = "[No Variations]"
Change component parameters: Designator = "R_C10X"; Footprint = "R_0402"; UniqueID = "\HVNABBNK"
Change component parameters. Clean all parameters for all variants
Change component parameters (AddParameter): Name = "JLC Availability"; Value = "Basic"; VariantName = "[No Variations]"
Change component parameters (AddParameter): Name = "LCSC Part #"; Value = "C25076"; VariantName = "[No Variations]"
Change component parameters (AddParameter): Name = "Value"; Value = "100R"; VariantName = "[No Variations]"
Change component parameters: Designator = "R_C11"; Footprint = "R_0402"; UniqueID = "\TESJINKC"
Change component parameters. Clean all parameters for all variants
Change component parameters (AddParameter): Name = "JLC Availability"; Value = "Basic"; VariantName = "[No Variations]"
Change component parameters (AddParameter): Name = "LCSC Part #"; Value = "C25076"; VariantName = "[No Variations]"
Change component parameters (AddParameter): Name = "Value"; Value = "100R"; VariantName = "[No Variations]"
Change component parameters: Designator = "R_C11A"; Footprint = "R_0402"; UniqueID = "\UTIEJHIK"
Change component parameters. Clean all parameters for all variants
Change component parameters (AddParameter): Name = "JLC Availability"; Value = "Basic"; VariantName = "[No Variations]"
Change component parameters (AddParameter): Name = "LCSC Part #"; Value = "C11702"; VariantName = "[No Variations]"
Change component parameters (AddParameter): Name = "Value"; Value = "1k"; VariantName = "[No Variations]"
Change component parameters: Designator = "R_C11B"; Footprint = "R_0402"; UniqueID = "\MMRQTWVV"
Change component parameters. Clean all parameters for all variants
Change component parameters (AddParameter): Name = "JLC Availability"; Value = "Basic"; VariantName = "[No Variations]"
Change component parameters (AddParameter): Name = "LCSC Part #"; Value = "C11702"; VariantName = "[No Variations]"
Change component parameters (AddParameter): Name = "Value"; Value = "1k"; VariantName = "[No Variations]"
Change component parameters: Designator = "R_C12"; Footprint = "R_0402"; UniqueID = "\MOHJEIFL"
Change component parameters. Clean all parameters for all variants
Change component parameters (AddParameter): Name = "JLC Availability"; Value = "Basic"; VariantName = "[No Variations]"
Change component parameters (AddParameter): Name = "LCSC Part #"; Value = "C25076"; VariantName = "[No Variations]"
Change component parameters (AddParameter): Name = "Value"; Value = "100R"; VariantName = "[No Variations]"
Change component parameters: Designator = "R_C12A"; Footprint = "R_0402"; UniqueID = "\JATPXPNV"
Change component parameters. Clean all parameters for all variants
Change component parameters (AddParameter): Name = "JLC Availability"; Value = "Basic"; VariantName = "[No Variations]"
Change component parameters (AddParameter): Name = "LCSC Part #"; Value = "C11702"; VariantName = "[No Variations]"
Change component parameters (AddParameter): Name = "Value"; Value = "1k"; VariantName = "[No Variations]"
Change component parameters: Designator = "R_C12B"; Footprint = "R_0402"; UniqueID = "\FGJVKDMW"
Change component parameters. Clean all parameters for all variants
Change component parameters (AddParameter): Name = "JLC Availability"; Value = "Basic"; VariantName = "[No Variations]"
Change component parameters (AddParameter): Name = "LCSC Part #"; Value = "C11702"; VariantName = "[No Variations]"
Change component parameters (AddParameter): Name = "Value"; Value = "1k"; VariantName = "[No Variations]"
Change component parameters: Designator = "R_C13"; Footprint = "R_0402"; UniqueID = "\HMFTVUVV"
Change component parameters. Clean all parameters for all variants
Change component parameters (AddParameter): Name = "JLC Availability"; Value = "Basic"; VariantName = "[No Variations]"
Change component parameters (AddParameter): Name = "LCSC Part #"; Value = "C25076"; VariantName = "[No Variations]"
Change component parameters (AddParameter): Name = "Value"; Value = "100R"; VariantName = "[No Variations]"
Change component parameters: Designator = "R_C14"; Footprint = "R_0402"; UniqueID = "\GANCAMNQ"
Change component parameters. Clean all parameters for all variants
Change component parameters (AddParameter): Name = "JLC Availability"; Value = "Basic"; VariantName = "[No Variations]"
Change component parameters (AddParameter): Name = "LCSC Part #"; Value = "C25076"; VariantName = "[No Variations]"
Change component parameters (AddParameter): Name = "Value"; Value = "100R"; VariantName = "[No Variations]"
Change component parameters: Designator = "R_C15"; Footprint = "R_0402"; UniqueID = "\XCSCXNGB"
Change component parameters. Clean all parameters for all variants
Change component parameters (AddParameter): Name = "JLC Availability"; Value = "Basic"; VariantName = "[No Variations]"
Change component parameters (AddParameter): Name = "LCSC Part #"; Value = "C25076"; VariantName = "[No Variations]"
Change component parameters (AddParameter): Name = "Value"; Value = "100R"; VariantName = "[No Variations]"
Added Component: Designator=5x_D1(SOD-323)
Add component. Clean all parameters for all variants
Add component (AddParameter): Name = "If"; Value = "150mA"; VariantName = "[No Variations]"
Add component (AddParameter): Name = "JLC Availability"; Value = "Basic"; VariantName = "[No Variations]"
Add component (AddParameter): Name = "LCSC Part #"; Value = "C2128"; VariantName = "[No Variations]"
Add component (AddParameter): Name = "PIV"; Value = "100V"; VariantName = "[No Variations]"
Add component (AddParameter): Name = "Trr"; Value = "4ns"; VariantName = "[No Variations]"
Added Component: Designator=5x_Q1(TO-236AB)
Add component. Clean all parameters for all variants
Add component (AddParameter): Name = "JLC Availability"; Value = "Extended"; VariantName = "[No Variations]"
Add component (AddParameter): Name = "LCSC Part #"; Value = "C700960"; VariantName = "[No Variations]"
Add component (AddParameter): Name = "WVDC"; Value = "100"; VariantName = "[No Variations]"
Added Component: Designator=5x_R1(R_0402)
Add component. Clean all parameters for all variants
Add component (AddParameter): Name = "JLC Availability"; Value = "Basic"; VariantName = "[No Variations]"
Add component (AddParameter): Name = "LCSC Part #"; Value = "C25744"; VariantName = "[No Variations]"
Add component (AddParameter): Name = "Value"; Value = "10k"; VariantName = "[No Variations]"
Added Component: Designator=5x_R2(R_0402)
Add component. Clean all parameters for all variants
Add component (AddParameter): Name = "JLC Availability"; Value = "Basic"; VariantName = "[No Variations]"
Add component (AddParameter): Name = "LCSC Part #"; Value = "C25768"; VariantName = "[No Variations]"
Add component (AddParameter): Name = "Value"; Value = "22k"; VariantName = "[No Variations]"
Added Pin To Net: NetName=VC5x Pin=5x_D1-2
Added Pin To Net: NetName=VC5x Pin=5x_Q1-3
Added Pin To Net: NetName=Net5x_D1_1 Pin=5x_D1-1
Added Pin To Net: NetName=Net5x_D1_1 Pin=5x_Q1-1
Added Pin To Net: NetName=Net5x_D1_1 Pin=5x_R1-2
Added Pin To Net: NetName=Net5x_D1_1 Pin=5x_R2-1
Added Net: Name=Net5x_D1_1
Added Pin To Net: NetName=VC10 Pin=5x_Q1-2
Added Pin To Net: NetName=VC10 Pin=5x_R1-1
Added Net: Name=VC10
Added Member To Class: ClassName=BMS_MAINBOARD Member=Component 5x_D1 1N4148WS
Added Member To Class: ClassName=BMS_MAINBOARD Member=Component 5x_Q1 HSS0127
Added Member To Class: ClassName=BMS_MAINBOARD Member=Component 5x_R1 0402WGF1002TCE
Added Member To Class: ClassName=BMS_MAINBOARD Member=Component 5x_R2 0402WGF2202TCE
