Change Component DesignItemId : Designator=C700 Old DesignItemId=CL05A106MQ5NUNC New DesignItemId=CL05A105KA5NQNC
Change Component DesignItemId : Designator=C701 Old DesignItemId=CL05A106MQ5NUNC New DesignItemId=CL05A105KA5NQNC
Change Component DesignItemId : Designator=C702 Old DesignItemId=CL05A106MQ5NUNC New DesignItemId=CL05A105KA5NQNC
Change Component Comment : Designator=C700 Old Comment=CL05A106MQ5NUNC New Comment=CL05A105KA5NQNC
Change Component Comment : Designator=C701 Old Comment=CL05A106MQ5NUNC New Comment=CL05A105KA5NQNC
Change Component Comment : Designator=C702 Old Comment=CL05A106MQ5NUNC New Comment=CL05A105KA5NQNC
Change Component Description : Designator=C700 Old Description=C - CAPACITOR - MLCC - 10uF - 6.3V - 0402 New Description=C - CAPACITOR - MLCC - 1uF - 25V - 0402
Change Component Description : Designator=C701 Old Description=C - CAPACITOR - MLCC - 10uF - 6.3V - 0402 New Description=C - CAPACITOR - MLCC - 1uF - 25V - 0402
Change Component Description : Designator=C702 Old Description=C - CAPACITOR - MLCC - 10uF - 6.3V - 0402 New Description=C - CAPACITOR - MLCC - 1uF - 25V - 0402
Change component parameters: Designator = "C700"; Footprint = "C_0402"; UniqueID = "\KDHYIKTR"
Change component parameters. Clean all parameters for all variants
Change component parameters (AddParameter): Name = "JLC Availability"; Value = "Basic"; VariantName = "[No Variations]"
Change component parameters (AddParameter): Name = "LCSC Part #"; Value = "C52923"; VariantName = "[No Variations]"
Change component parameters (AddParameter): Name = "Value"; Value = "1uF"; VariantName = "[No Variations]"
Change component parameters (AddParameter): Name = "WVDC"; Value = "16"; VariantName = "[No Variations]"
Change component parameters: Designator = "C701"; Footprint = "C_0402"; UniqueID = "\FFHQJNHB"
Change component parameters. Clean all parameters for all variants
Change component parameters (AddParameter): Name = "JLC Availability"; Value = "Basic"; VariantName = "[No Variations]"
Change component parameters (AddParameter): Name = "LCSC Part #"; Value = "C52923"; VariantName = "[No Variations]"
Change component parameters (AddParameter): Name = "Value"; Value = "1uF"; VariantName = "[No Variations]"
Change component parameters (AddParameter): Name = "WVDC"; Value = "16"; VariantName = "[No Variations]"
Change component parameters: Designator = "C702"; Footprint = "C_0402"; UniqueID = "\UXJCDIBQ"
Change component parameters. Clean all parameters for all variants
Change component parameters (AddParameter): Name = "JLC Availability"; Value = "Basic"; VariantName = "[No Variations]"
Change component parameters (AddParameter): Name = "LCSC Part #"; Value = "C52923"; VariantName = "[No Variations]"
Change component parameters (AddParameter): Name = "Value"; Value = "1uF"; VariantName = "[No Variations]"
Change component parameters (AddParameter): Name = "WVDC"; Value = "16"; VariantName = "[No Variations]"
