Removed Pin From Net: NetName=VCC_5V1 Pin=DS_VCC-1
Removed Pin From Net: NetName=GND Pin=DS_VCC-2
Removed Pin From Net: NetName=VCC_5V1 Pin=Q19-3
Removed Member From Class: ClassName=BMS_MAINBOARD Member=DS_VCC
Added Component: Designator=C5V1(C_0402)
Add component. Clean all parameters for all variants
Add component (AddParameter): Name = "JLC Availability"; Value = "Basic"; VariantName = "[No Variations]"
Add component (AddParameter): Name = "LCSC Part #"; Value = "C52923"; VariantName = "[No Variations]"
Add component (AddParameter): Name = "Value"; Value = "1uF"; VariantName = "[No Variations]"
Add component (AddParameter): Name = "WVDC"; Value = "16"; VariantName = "[No Variations]"
Added Component: Designator=C5V2(C_0402)
Add component. Clean all parameters for all variants
Add component (AddParameter): Name = "JLC Availability"; Value = "Basic"; VariantName = "[No Variations]"
Add component (AddParameter): Name = "LCSC Part #"; Value = "C52923"; VariantName = "[No Variations]"
Add component (AddParameter): Name = "Value"; Value = "1uF"; VariantName = "[No Variations]"
Add component (AddParameter): Name = "WVDC"; Value = "16"; VariantName = "[No Variations]"
Added Component: Designator=C5V3(C_0402)
Add component. Clean all parameters for all variants
Add component (AddParameter): Name = "JLC Availability"; Value = "Basic"; VariantName = "[No Variations]"
Add component (AddParameter): Name = "LCSC Part #"; Value = "C52923"; VariantName = "[No Variations]"
Add component (AddParameter): Name = "Value"; Value = "1uF"; VariantName = "[No Variations]"
Add component (AddParameter): Name = "WVDC"; Value = "16"; VariantName = "[No Variations]"
Added Component: Designator=R5V0(R_0402)
Add component. Clean all parameters for all variants
Add component (AddParameter): Name = "JLC Availability"; Value = "Basic"; VariantName = "[No Variations]"
Add component (AddParameter): Name = "LCSC Part #"; Value = "C17168"; VariantName = "[No Variations]"
Add component (AddParameter): Name = "Value"; Value = "0R"; VariantName = "[No Variations]"
Added Component: Designator=R5V1(R_0402)
Add component. Clean all parameters for all variants
Add component (AddParameter): Name = "JLC Availability"; Value = "Basic"; VariantName = "[No Variations]"
Add component (AddParameter): Name = "LCSC Part #"; Value = "C11702"; VariantName = "[No Variations]"
Add component (AddParameter): Name = "Value"; Value = "1k"; VariantName = "[No Variations]"
Added Component: Designator=R5V2(R_0402)
Add component. Clean all parameters for all variants
Add component (AddParameter): Name = "JLC Availability"; Value = "Basic"; VariantName = "[No Variations]"
Add component (AddParameter): Name = "LCSC Part #"; Value = "C11702"; VariantName = "[No Variations]"
Add component (AddParameter): Name = "Value"; Value = "1k"; VariantName = "[No Variations]"
Added Component: Designator=R5V3(R_0402)
Add component. Clean all parameters for all variants
Add component (AddParameter): Name = "JLC Availability"; Value = "Basic"; VariantName = "[No Variations]"
Add component (AddParameter): Name = "LCSC Part #"; Value = "C11702"; VariantName = "[No Variations]"
Add component (AddParameter): Name = "Value"; Value = "1k"; VariantName = "[No Variations]"
Added Component: Designator=R5V4(R_0402)
Add component. Clean all parameters for all variants
Add component (AddParameter): Name = "JLC Availability"; Value = "Basic"; VariantName = "[No Variations]"
Add component (AddParameter): Name = "LCSC Part #"; Value = "C11702"; VariantName = "[No Variations]"
Add component (AddParameter): Name = "Value"; Value = "1k"; VariantName = "[No Variations]"
Added Component: Designator=U5V(TO-252AA)
Add component. Clean all parameters for all variants
Add component (AddParameter): Name = "JLC Availability"; Value = "Basic"; VariantName = "[No Variations]"
Add component (AddParameter): Name = "LCSC Part #"; Value = "C75510"; VariantName = "[No Variations]"
Add component (AddParameter): Name = "VOut"; Value = "ADJ"; VariantName = "[No Variations]"
Added Pin To Net: NetName=GND Pin=C5V1-1
Added Pin To Net: NetName=GND Pin=C5V2-1
Added Pin To Net: NetName=GND Pin=C5V3-1
Added Pin To Net: NetName=GND Pin=R5V4-1
Added Pin To Net: NetName=+5VDC Pin=C5V2-2
Added Pin To Net: NetName=+5VDC Pin=C5V3-2
Added Pin To Net: NetName=+5VDC Pin=R5V0-2
Added Pin To Net: NetName=+5VDC Pin=R5V1-2
Added Net: Name=+5VDC
Added Pin To Net: NetName=NetR5V0_1 Pin=R5V0-1
Added Pin To Net: NetName=NetR5V0_1 Pin=U5V-2
Added Net: Name=NetR5V0_1
Added Pin To Net: NetName=NetR5V1_1 Pin=R5V1-1
Added Pin To Net: NetName=NetR5V1_1 Pin=R5V2-2
Added Pin To Net: NetName=NetR5V1_1 Pin=U5V-1
Added Net: Name=NetR5V1_1
Added Pin To Net: NetName=NetR5V2_1 Pin=R5V2-1
Added Pin To Net: NetName=NetR5V2_1 Pin=R5V3-2
Added Net: Name=NetR5V2_1
Added Pin To Net: NetName=NetR5V3_1 Pin=R5V3-1
Added Pin To Net: NetName=NetR5V3_1 Pin=R5V4-2
Added Net: Name=NetR5V3_1
Added Pin To Net: NetName=VZD Pin=C5V1-2
Added Pin To Net: NetName=VZD Pin=Q19-3
Added Pin To Net: NetName=VZD Pin=U5V-3
Added Net: Name=VZD
Added Member To Class: ClassName=BMS_MAINBOARD Member=Component C5V1 CL05A105KA5NQNC
Added Member To Class: ClassName=BMS_MAINBOARD Member=Component C5V2 CL05A105KA5NQNC
Added Member To Class: ClassName=BMS_MAINBOARD Member=Component C5V3 CL05A105KA5NQNC
Added Member To Class: ClassName=BMS_MAINBOARD Member=Component R5V0 0402WGF0000TCE
Added Member To Class: ClassName=BMS_MAINBOARD Member=Component R5V1 0402WGF1001TCE
Added Member To Class: ClassName=BMS_MAINBOARD Member=Component R5V2 0402WGF1001TCE
Added Member To Class: ClassName=BMS_MAINBOARD Member=Component R5V3 0402WGF1001TCE
Added Member To Class: ClassName=BMS_MAINBOARD Member=Component R5V4 0402WGF1001TCE
Added Member To Class: ClassName=BMS_MAINBOARD Member=Component RLED_1 0402WGF1001TCE
Added Member To Class: ClassName=BMS_MAINBOARD Member=Component RLED_2 0402WGF1001TCE
Added Member To Class: ClassName=BMS_MAINBOARD Member=Component RLED_3 0402WGF1001TCE
Added Member To Class: ClassName=BMS_MAINBOARD Member=Component U5V LM317AG-TN3-R
