Change Physical Footprint: Designator=3V3R1 Old Footprint=R_0402 New Footprint=R_0402
Change Physical Footprint: Designator=3V3R2 Old Footprint=R_0402 New Footprint=R_0402
Change Physical Footprint: Designator=C2 Old Footprint=C_0402 New Footprint=C_0402
Change Physical Footprint: Designator=C3V2 Old Footprint=C_0402 New Footprint=C_0402
Change Physical Footprint: Designator=C3V3 Old Footprint=C_0402 New Footprint=C_0402
Change Physical Footprint: Designator=C5V1 Old Footprint=C_0402 New Footprint=C_0402
Change Physical Footprint: Designator=C5V2 Old Footprint=C_0402 New Footprint=C_0402
Change Physical Footprint: Designator=C5V3 Old Footprint=C_0402 New Footprint=C_0402
Change Physical Footprint: Designator=C5V4 Old Footprint=C_0402 New Footprint=C_0402
Change Physical Footprint: Designator=C100 Old Footprint=C_0402 New Footprint=C_0402
Change Physical Footprint: Designator=C101 Old Footprint=C_0402 New Footprint=C_0402
Change Physical Footprint: Designator=C102 Old Footprint=C_0402 New Footprint=C_0402
Change Physical Footprint: Designator=C103 Old Footprint=C_0402 New Footprint=C_0402
Change Physical Footprint: Designator=C104 Old Footprint=C_0402 New Footprint=C_0402
Change Physical Footprint: Designator=C105 Old Footprint=C_0402 New Footprint=C_0402
Change Physical Footprint: Designator=C106 Old Footprint=C_0402 New Footprint=C_0402
Change Physical Footprint: Designator=C107 Old Footprint=C_0402 New Footprint=C_0402
Change Physical Footprint: Designator=CAP1 Old Footprint=C_0402 New Footprint=C_0402
Change Physical Footprint: Designator=CAP2 Old Footprint=C_0402 New Footprint=C_0402
Change Physical Footprint: Designator=CAP3 Old Footprint=C_0402 New Footprint=C_0402
Change Physical Footprint: Designator=CAPSRC Old Footprint=C_0402 New Footprint=C_0402
Change Physical Footprint: Designator=CC0A Old Footprint=C_0402 New Footprint=C_0402
Change Physical Footprint: Designator=CC0B Old Footprint=C_0402 New Footprint=C_0402
Change Physical Footprint: Designator=CC1 Old Footprint=C_0402 New Footprint=C_0402
Change Physical Footprint: Designator=CC2 Old Footprint=C_0402 New Footprint=C_0402
Change Physical Footprint: Designator=CC3 Old Footprint=C_0402 New Footprint=C_0402
Change Physical Footprint: Designator=CC4 Old Footprint=C_0402 New Footprint=C_0402
Change Physical Footprint: Designator=CC5A Old Footprint=C_0402 New Footprint=C_0402
Change Physical Footprint: Designator=CC5B Old Footprint=C_0402 New Footprint=C_0402
Change Physical Footprint: Designator=CC6 Old Footprint=C_0402 New Footprint=C_0402
Change Physical Footprint: Designator=CC7 Old Footprint=C_0402 New Footprint=C_0402
Change Physical Footprint: Designator=CC8 Old Footprint=C_0402 New Footprint=C_0402
Change Physical Footprint: Designator=CC9 Old Footprint=C_0402 New Footprint=C_0402
Change Physical Footprint: Designator=CC10A Old Footprint=C_0402 New Footprint=C_0402
Change Physical Footprint: Designator=CC10B Old Footprint=C_0402 New Footprint=C_0402
Change Physical Footprint: Designator=CC11 Old Footprint=C_0402 New Footprint=C_0402
Change Physical Footprint: Designator=CC12 Old Footprint=C_0402 New Footprint=C_0402
Change Physical Footprint: Designator=CC13 Old Footprint=C_0402 New Footprint=C_0402
Change Physical Footprint: Designator=CC14 Old Footprint=C_0402 New Footprint=C_0402
Change Physical Footprint: Designator=CC15 Old Footprint=R_0402 New Footprint=R_0402
Change Physical Footprint: Designator=CR1 Old Footprint=C_0402 New Footprint=C_0402
Change Physical Footprint: Designator=CR2 Old Footprint=C_0402 New Footprint=C_0402
Change Physical Footprint: Designator=CR3 Old Footprint=C_0402 New Footprint=C_0402
Change Physical Footprint: Designator=CSNS0 Old Footprint=C_0402 New Footprint=C_0402
Change Physical Footprint: Designator=CSNS1 Old Footprint=C_0402 New Footprint=C_0402
Change Physical Footprint: Designator=CSNS2 Old Footprint=C_0402 New Footprint=C_0402
Change Physical Footprint: Designator=D1 Old Footprint=SOD-323 New Footprint=SOD-323
Change Physical Footprint: Designator=D2 Old Footprint=SOD-323 New Footprint=SOD-323
Change Physical Footprint: Designator=D_QHTR1 Old Footprint=DO-213AA New Footprint=DO-213AA
Change Physical Footprint: Designator=D_QHTR2 Old Footprint=DO-213AA New Footprint=DO-213AA
Change Physical Footprint: Designator=D_USB Old Footprint=SOD-323 New Footprint=SOD-323
Change Physical Footprint: Designator=DBD_1 Old Footprint=DO-213AA New Footprint=DO-213AA
Change Physical Footprint: Designator=DBD_2 Old Footprint=DO-213AA New Footprint=DO-213AA
Change Physical Footprint: Designator=DC5 Old Footprint=SOD-323 New Footprint=SOD-323
Change Physical Footprint: Designator=DC10 Old Footprint=SOD-323 New Footprint=SOD-323
Change Physical Footprint: Designator=DC15 Old Footprint=SOD-323 New Footprint=SOD-323
Change Physical Footprint: Designator=DS_1 Old Footprint=DO-213AA New Footprint=DO-213AA
Change Physical Footprint: Designator=DS_2 Old Footprint=DO-213AA New Footprint=DO-213AA
Change Physical Footprint: Designator=DS_3 Old Footprint=DO-213AA New Footprint=DO-213AA
Change Physical Footprint: Designator=DS_4 Old Footprint=DO-213AA New Footprint=DO-213AA
Change Physical Footprint: Designator=DSHUNT Old Footprint=SOD-323 New Footprint=SOD-323
Change Physical Footprint: Designator=GQBDR Old Footprint=R_0402 New Footprint=R_0402
Change Physical Footprint: Designator=J1 Old Footprint=Keystone 1048 New Footprint=Keystone 1048
Change Physical Footprint: Designator=J2 Old Footprint=Keystone 1048 New Footprint=Keystone 1048
Change Physical Footprint: Designator=J3 Old Footprint=Keystone 1048 New Footprint=Keystone 1048
Change Physical Footprint: Designator=J4 Old Footprint=Keystone 1048 New Footprint=Keystone 1048
Change Physical Footprint: Designator=J5 Old Footprint=Keystone 1048 New Footprint=Keystone 1048
Change Physical Footprint: Designator=J6 Old Footprint=Keystone 1048 New Footprint=Keystone 1048
Change Physical Footprint: Designator=J7 Old Footprint=Keystone 1048 New Footprint=Keystone 1048
Change Physical Footprint: Designator=J100 Old Footprint=DX07S016JA1R1500 New Footprint=DX07S016JA1R1500
Change Physical Footprint: Designator=J? Old Footprint=XT60PW_F New Footprint=XT60PW_F
Change Physical Footprint: Designator=L100 Old Footprint=L_0603 New Footprint=L_0603
Change Physical Footprint: Designator=LED_1 Old Footprint=D_0603 New Footprint=D_0603
Change Physical Footprint: Designator=LED_2 Old Footprint=D_0603 New Footprint=D_0603
Change Physical Footprint: Designator=LED_3 Old Footprint=D_0603 New Footprint=D_0603
Change Physical Footprint: Designator=LED_4 Old Footprint=D_0603 New Footprint=D_0603
Change Physical Footprint: Designator=NT_C0 Old Footprint=NET_TIE New Footprint=NET_TIE
Change Physical Footprint: Designator=NT_C1 Old Footprint=NET_TIE New Footprint=NET_TIE
Change Physical Footprint: Designator=NT_C2 Old Footprint=NET_TIE New Footprint=NET_TIE
Change Physical Footprint: Designator=NT_C3 Old Footprint=NET_TIE New Footprint=NET_TIE
Change Physical Footprint: Designator=NT_C4 Old Footprint=NET_TIE New Footprint=NET_TIE
Change Physical Footprint: Designator=NT_C5 Old Footprint=NET_TIE New Footprint=NET_TIE
Change Physical Footprint: Designator=NT_C6 Old Footprint=NET_TIE New Footprint=NET_TIE
Change Physical Footprint: Designator=NT_C7 Old Footprint=NET_TIE New Footprint=NET_TIE
Change Physical Footprint: Designator=NT_C8 Old Footprint=NET_TIE New Footprint=NET_TIE
Change Physical Footprint: Designator=NT_C9 Old Footprint=NET_TIE New Footprint=NET_TIE
Change Physical Footprint: Designator=NT_C10 Old Footprint=NET_TIE New Footprint=NET_TIE
Change Physical Footprint: Designator=NT_C11 Old Footprint=NET_TIE New Footprint=NET_TIE
Change Physical Footprint: Designator=NT_C12 Old Footprint=NET_TIE New Footprint=NET_TIE
Change Physical Footprint: Designator=NT_C13 Old Footprint=NET_TIE New Footprint=NET_TIE
Change Physical Footprint: Designator=NT_C14 Old Footprint=NET_TIE New Footprint=NET_TIE
Change Physical Footprint: Designator=NT_CSHORT Old Footprint=NET_TIE New Footprint=NET_TIE
Change Physical Footprint: Designator=Q18 Old Footprint=TO-236AB New Footprint=TO-236AB
Change Physical Footprint: Designator=Q19 Old Footprint=TO-236AB New Footprint=TO-236AB
Change Physical Footprint: Designator=Q_3V3 Old Footprint=TO-236AB New Footprint=TO-236AB
Change Physical Footprint: Designator=Q_HTR1 Old Footprint=TO-252AA New Footprint=TO-252AA
Change Physical Footprint: Designator=Q_HTR2 Old Footprint=TO-236AB New Footprint=TO-236AB
Change Physical Footprint: Designator=QBD_1A Old Footprint=TO-252AA New Footprint=TO-252AA
Change Physical Footprint: Designator=QBD_1B Old Footprint=TO-252AA New Footprint=TO-252AA
Change Physical Footprint: Designator=QBD_2A Old Footprint=TO-252AA New Footprint=TO-252AA
Change Physical Footprint: Designator=QBD_2B Old Footprint=TO-252AA New Footprint=TO-252AA
Change Physical Footprint: Designator=QBD_3A Old Footprint=TO-252AA New Footprint=TO-252AA
Change Physical Footprint: Designator=QBD_3B Old Footprint=TO-252AA New Footprint=TO-252AA
Change Physical Footprint: Designator=QBD_4A Old Footprint=TO-252AA New Footprint=TO-252AA
Change Physical Footprint: Designator=QBD_4B Old Footprint=TO-252AA New Footprint=TO-252AA
Change Physical Footprint: Designator=QBD_5A Old Footprint=TO-252AA New Footprint=TO-252AA
Change Physical Footprint: Designator=QBD_5B Old Footprint=TO-252AA New Footprint=TO-252AA
Change Physical Footprint: Designator=QBD_6A Old Footprint=TO-252AA New Footprint=TO-252AA
Change Physical Footprint: Designator=QBD_6B Old Footprint=TO-252AA New Footprint=TO-252AA
Change Physical Footprint: Designator=QBD_7A Old Footprint=TO-252AA New Footprint=TO-252AA
Change Physical Footprint: Designator=QBD_7B Old Footprint=TO-252AA New Footprint=TO-252AA
Change Physical Footprint: Designator=QBD_8A Old Footprint=TO-252AA New Footprint=TO-252AA
Change Physical Footprint: Designator=QBD_8B Old Footprint=TO-252AA New Footprint=TO-252AA
Change Physical Footprint: Designator=QBEN Old Footprint=TO-236AB New Footprint=TO-236AB
Change Physical Footprint: Designator=QBENR Old Footprint=R_0402 New Footprint=R_0402
Change Physical Footprint: Designator=QSHUNT Old Footprint=TO-236AB New Footprint=TO-236AB
Change Physical Footprint: Designator=R2 Old Footprint=R_0402 New Footprint=R_0402
Change Physical Footprint: Designator=R3V Old Footprint=R_0402 New Footprint=R_0402
Change Physical Footprint: Designator=R3V0 Old Footprint=R_0402 New Footprint=R_0402
Change Physical Footprint: Designator=R3V1 Old Footprint=R_0402 New Footprint=R_0402
Change Physical Footprint: Designator=R3V2 Old Footprint=R_0402 New Footprint=R_0402
Change Physical Footprint: Designator=R3V3 Old Footprint=R_0402 New Footprint=R_0402
Change Physical Footprint: Designator=R5V0 Old Footprint=R_0402 New Footprint=R_0402
Change Physical Footprint: Designator=R5V1 Old Footprint=R_0402 New Footprint=R_0402
Change Physical Footprint: Designator=R5V2 Old Footprint=R_0402 New Footprint=R_0402
Change Physical Footprint: Designator=R5V3 Old Footprint=R_0402 New Footprint=R_0402
Change Physical Footprint: Designator=R5V4 Old Footprint=R_0402 New Footprint=R_0402
Change Physical Footprint: Designator=R18 Old Footprint=R_0402 New Footprint=R_0402
Change Physical Footprint: Designator=R100 Old Footprint=R_0402 New Footprint=R_0402
Change Physical Footprint: Designator=R101 Old Footprint=R_0402 New Footprint=R_0402
Change Physical Footprint: Designator=R102 Old Footprint=R_0402 New Footprint=R_0402
Change Physical Footprint: Designator=R106 Old Footprint=R_0402 New Footprint=R_0402
Change Physical Footprint: Designator=R108 Old Footprint=R_0402 New Footprint=R_0402
Change Physical Footprint: Designator=R109 Old Footprint=R_0402 New Footprint=R_0402
Change Physical Footprint: Designator=R110 Old Footprint=R_0402 New Footprint=R_0402
Change Physical Footprint: Designator=R_3V3 Old Footprint=R_0402 New Footprint=R_0402
Change Physical Footprint: Designator=R_3V4 Old Footprint=R_0402 New Footprint=R_0402
Change Physical Footprint: Designator=R_Q18G Old Footprint=R_0402 New Footprint=R_0402
Change Physical Footprint: Designator=R_QHTR1 Old Footprint=R_0402 New Footprint=R_0402
Change Physical Footprint: Designator=R_QHTR2 Old Footprint=R_0402 New Footprint=R_0402
Change Physical Footprint: Designator=R_QHTR3 Old Footprint=R_0402 New Footprint=R_0402
Change Physical Footprint: Designator=R_VBUS1 Old Footprint=R_0402 New Footprint=R_0402
Change Physical Footprint: Designator=R_VBUS2 Old Footprint=R_0402 New Footprint=R_0402
Change Physical Footprint: Designator=R_VBUS3 Old Footprint=R_0402 New Footprint=R_0402
Change Physical Footprint: Designator=R_WK Old Footprint=R_0402 New Footprint=R_0402
Change Physical Footprint: Designator=RBEN Old Footprint=R_0402 New Footprint=R_0402
Change Physical Footprint: Designator=RC0 Old Footprint=R_0402 New Footprint=R_0402
Change Physical Footprint: Designator=RC1 Old Footprint=R_0402 New Footprint=R_0402
Change Physical Footprint: Designator=RC2 Old Footprint=R_0402 New Footprint=R_0402
Change Physical Footprint: Designator=RC3 Old Footprint=R_0402 New Footprint=R_0402
Change Physical Footprint: Designator=RC4 Old Footprint=R_0402 New Footprint=R_0402
Change Physical Footprint: Designator=RC5A Old Footprint=R_0402 New Footprint=R_0402
Change Physical Footprint: Designator=RC5B Old Footprint=R_0402 New Footprint=R_0402
Change Physical Footprint: Designator=RC6 Old Footprint=R_0402 New Footprint=R_0402
Change Physical Footprint: Designator=RC7 Old Footprint=R_0402 New Footprint=R_0402
Change Physical Footprint: Designator=RC8 Old Footprint=R_0402 New Footprint=R_0402
Change Physical Footprint: Designator=RC9 Old Footprint=R_0402 New Footprint=R_0402
Change Physical Footprint: Designator=RC10A Old Footprint=R_0402 New Footprint=R_0402
Change Physical Footprint: Designator=RC10B Old Footprint=R_0402 New Footprint=R_0402
Change Physical Footprint: Designator=RC11 Old Footprint=R_0402 New Footprint=R_0402
Change Physical Footprint: Designator=RC12 Old Footprint=R_0402 New Footprint=R_0402
Change Physical Footprint: Designator=RC13 Old Footprint=R_0402 New Footprint=R_0402
Change Physical Footprint: Designator=RC14 Old Footprint=R_0402 New Footprint=R_0402
Change Physical Footprint: Designator=RLED_1 Old Footprint=R_0402 New Footprint=R_0402
Change Physical Footprint: Designator=RLED_2 Old Footprint=R_0402 New Footprint=R_0402
Change Physical Footprint: Designator=RLED_3 Old Footprint=R_0402 New Footprint=R_0402
Change Physical Footprint: Designator=RLED_4 Old Footprint=R_0402 New Footprint=R_0402
Change Physical Footprint: Designator=RSCL Old Footprint=R_0402 New Footprint=R_0402
Change Physical Footprint: Designator=RSDA Old Footprint=R_0402 New Footprint=R_0402
Change Physical Footprint: Designator=RSHUNT Old Footprint=R_0402 New Footprint=R_0402
Change Physical Footprint: Designator=RSHUNT2 Old Footprint=R_0402 New Footprint=R_0402
Change Physical Footprint: Designator=RSHUNT3 Old Footprint=R_0402 New Footprint=R_0402
Change Physical Footprint: Designator=RSNS Old Footprint=R_2512 New Footprint=R_2512
Change Physical Footprint: Designator=RSNSN Old Footprint=R_0402 New Footprint=R_0402
Change Physical Footprint: Designator=RSNSP Old Footprint=R_0402 New Footprint=R_0402
Change Physical Footprint: Designator=RT_0b Old Footprint=R_0402 New Footprint=R_0402
Change Physical Footprint: Designator=RT_1B Old Footprint=R_0402 New Footprint=R_0402
Change Physical Footprint: Designator=RT_2B Old Footprint=R_0402 New Footprint=R_0402
Change Physical Footprint: Designator=RT_3B Old Footprint=R_0402 New Footprint=R_0402
Change Physical Footprint: Designator=RT_4B Old Footprint=R_0402 New Footprint=R_0402
Change Physical Footprint: Designator=RT_5B Old Footprint=R_0402 New Footprint=R_0402
Change Physical Footprint: Designator=RT_6B Old Footprint=R_0402 New Footprint=R_0402
Change Physical Footprint: Designator=RT_7B Old Footprint=R_0402 New Footprint=R_0402
Change Physical Footprint: Designator=RT_8B Old Footprint=R_0402 New Footprint=R_0402
Change Physical Footprint: Designator=RT_9B Old Footprint=R_0402 New Footprint=R_0402
Change Physical Footprint: Designator=RT_10B Old Footprint=R_0402 New Footprint=R_0402
Change Physical Footprint: Designator=RT_11B Old Footprint=R_0402 New Footprint=R_0402
Change Physical Footprint: Designator=RT_12B Old Footprint=R_0402 New Footprint=R_0402
Change Physical Footprint: Designator=RT_13B Old Footprint=R_0402 New Footprint=R_0402
Change Physical Footprint: Designator=RT_14B Old Footprint=R_0402 New Footprint=R_0402
Change Physical Footprint: Designator=SW1 Old Footprint=TS-1187A-C-C-B New Footprint=TS-1187A-C-C-B
Change Physical Footprint: Designator=SW_WAKE Old Footprint=TS-1187A-C-C-B New Footprint=TS-1187A-C-C-B
Change Physical Footprint: Designator=TS_C1_A Old Footprint=R_0402 New Footprint=R_0402
Change Physical Footprint: Designator=TS_C1_B Old Footprint=R_0402 New Footprint=R_0402
Change Physical Footprint: Designator=TS_C2_A Old Footprint=R_0402 New Footprint=R_0402
Change Physical Footprint: Designator=TS_C2_B Old Footprint=R_0402 New Footprint=R_0402
Change Physical Footprint: Designator=TS_C3_A Old Footprint=R_0402 New Footprint=R_0402
Change Physical Footprint: Designator=TS_C3_B Old Footprint=R_0402 New Footprint=R_0402
Change Physical Footprint: Designator=TS_C4_A Old Footprint=R_0402 New Footprint=R_0402
Change Physical Footprint: Designator=TS_C4_B Old Footprint=R_0402 New Footprint=R_0402
Change Physical Footprint: Designator=TS_C5_A Old Footprint=R_0402 New Footprint=R_0402
Change Physical Footprint: Designator=TS_C5_B Old Footprint=R_0402 New Footprint=R_0402
Change Physical Footprint: Designator=TS_C6_A Old Footprint=R_0402 New Footprint=R_0402
Change Physical Footprint: Designator=TS_C6_B Old Footprint=R_0402 New Footprint=R_0402
Change Physical Footprint: Designator=TS_C7_A Old Footprint=R_0402 New Footprint=R_0402
Change Physical Footprint: Designator=TS_C7_B Old Footprint=R_0402 New Footprint=R_0402
Change Physical Footprint: Designator=TS_C8_A Old Footprint=R_0402 New Footprint=R_0402
Change Physical Footprint: Designator=TS_C8_B Old Footprint=R_0402 New Footprint=R_0402
Change Physical Footprint: Designator=TS_C9_A Old Footprint=R_0402 New Footprint=R_0402
Change Physical Footprint: Designator=TS_C9_B Old Footprint=R_0402 New Footprint=R_0402
Change Physical Footprint: Designator=TS_C10_A Old Footprint=R_0402 New Footprint=R_0402
Change Physical Footprint: Designator=TS_C10_B Old Footprint=R_0402 New Footprint=R_0402
Change Physical Footprint: Designator=TS_C11_A Old Footprint=R_0402 New Footprint=R_0402
Change Physical Footprint: Designator=TS_C11_B Old Footprint=R_0402 New Footprint=R_0402
Change Physical Footprint: Designator=TS_C12_A Old Footprint=R_0402 New Footprint=R_0402
Change Physical Footprint: Designator=TS_C12_B Old Footprint=R_0402 New Footprint=R_0402
Change Physical Footprint: Designator=TS_C13_B Old Footprint=R_0402 New Footprint=R_0402
Change Physical Footprint: Designator=TS_C13A Old Footprint=R_0402 New Footprint=R_0402
Change Physical Footprint: Designator=TS_C14_A Old Footprint=R_0402 New Footprint=R_0402
Change Physical Footprint: Designator=TS_C14_B Old Footprint=R_0402 New Footprint=R_0402
Change Physical Footprint: Designator=TSQ1A Old Footprint=TO-236AB New Footprint=TO-236AB
Change Physical Footprint: Designator=TSQ1b Old Footprint=TO-236AB New Footprint=TO-236AB
Change Physical Footprint: Designator=U2 Old Footprint=TSSOP-24-P0.65MM-W4.4MM New Footprint=TSSOP-24-P0.65MM-W4.4MM
Change Physical Footprint: Designator=U3V Old Footprint=TO-252AA New Footprint=TO-252AA
Change Physical Footprint: Designator=U5V Old Footprint=TO-252AA New Footprint=TO-252AA
Change Physical Footprint: Designator=U100 Old Footprint=QFP-48-P0.5MM New Footprint=QFP-48-P0.5MM
Change Physical Footprint: Designator=Y100 Old Footprint=YSX530GA New Footprint=YSX530GA
