Removed Pin From Net: NetName=C15 Pin=QBD_1B-2
Removed Pin From Net: NetName=C15 Pin=QBD_2B-2
Removed Pin From Net: NetName=C15 Pin=QBD_3B-2
Removed Pin From Net: NetName=C15 Pin=QBD_4B-2
Removed Pin From Net: NetName=C15 Pin=QBD_5B-2
Removed Pin From Net: NetName=GND Pin=R108-1
Removed Pin From Net: NetName=CC1 Pin=R108-2
Removed Pin From Net: NetName=GND Pin=R109-1
Removed Pin From Net: NetName=CC2 Pin=R109-2
Added Component: Designator=D_QHTR1(DO-213AA)
Add component. Clean all parameters for all variants
Add component (AddParameter): Name = "JLC Availability"; Value = "Extended"; VariantName = "[No Variations]"
Add component (AddParameter): Name = "LCSC Part #"; Value = "C8061"; VariantName = "[No Variations]"
Added Component: Designator=D_QHTR2(DO-213AA)
Add component. Clean all parameters for all variants
Add component (AddParameter): Name = "JLC Availability"; Value = "Extended"; VariantName = "[No Variations]"
Add component (AddParameter): Name = "LCSC Part #"; Value = "C8061"; VariantName = "[No Variations]"
Added Component: Designator=Q_HTR1(TO-252AA)
Add component. Clean all parameters for all variants
Add component (AddParameter): Name = "JLC Availability"; Value = "Extended"; VariantName = "[No Variations]"
Add component (AddParameter): Name = "LCSC Part #"; Value = "C326372"; VariantName = "[No Variations]"
Added Component: Designator=Q_HTR2(TO-236AB)
Add component. Clean all parameters for all variants
Add component (AddParameter): Name = "JLC Availability"; Value = "Basic"; VariantName = "[No Variations]"
Add component (AddParameter): Name = "LCSC Part #"; Value = "C8545"; VariantName = "[No Variations]"
Added Component: Designator=R_QHTR1(R_0402)
Add component. Clean all parameters for all variants
Add component (AddParameter): Name = "JLC Availability"; Value = "Basic"; VariantName = "[No Variations]"
Add component (AddParameter): Name = "LCSC Part #"; Value = "C25744"; VariantName = "[No Variations]"
Add component (AddParameter): Name = "Value"; Value = "10k"; VariantName = "[No Variations]"
Added Component: Designator=R_QHTR2(R_0402)
Add component. Clean all parameters for all variants
Add component (AddParameter): Name = "JLC Availability"; Value = "Basic"; VariantName = "[No Variations]"
Add component (AddParameter): Name = "LCSC Part #"; Value = "C25076"; VariantName = "[No Variations]"
Add component (AddParameter): Name = "Value"; Value = "100R"; VariantName = "[No Variations]"
Added Component: Designator=R_QHTR3(R_0402)
Add component. Clean all parameters for all variants
Add component (AddParameter): Name = "JLC Availability"; Value = "Basic"; VariantName = "[No Variations]"
Add component (AddParameter): Name = "LCSC Part #"; Value = "C25744"; VariantName = "[No Variations]"
Add component (AddParameter): Name = "Value"; Value = "10k"; VariantName = "[No Variations]"
Added Pin To Net: NetName=CELL14 Pin=Q_HTR1-2
Added Pin To Net: NetName=PACK- Pin=Q_HTR1-3
Added Pin To Net: NetName=BATT_EN Pin=Q_HTR2-1
Added Pin To Net: NetName=GND Pin=Q_HTR2-2
Added Pin To Net: NetName=CELL14 Pin=QBD_1B-2
Added Pin To Net: NetName=CELL14 Pin=QBD_2B-2
Added Pin To Net: NetName=CELL14 Pin=QBD_3B-2
Added Pin To Net: NetName=CELL14 Pin=QBD_4B-2
Added Pin To Net: NetName=CELL14 Pin=QBD_5B-2
Added Pin To Net: NetName=CC1 Pin=R108-1
Added Pin To Net: NetName=GND Pin=R108-2
Added Pin To Net: NetName=CC2 Pin=R109-1
Added Pin To Net: NetName=GND Pin=R109-2
Added Pin To Net: NetName=CELL14 Pin=R_QHTR1-2
Added Pin To Net: NetName=BATT_EN Pin=R_QHTR3-1
Added Pin To Net: NetName=GND Pin=R_QHTR3-2
Added Pin To Net: NetName=NetD_QHTR1_1 Pin=D_QHTR1-1
Added Pin To Net: NetName=NetD_QHTR1_1 Pin=Q_HTR1-1
Added Pin To Net: NetName=NetD_QHTR1_1 Pin=R_QHTR1-1
Added Net: Name=NetD_QHTR1_1
Added Pin To Net: NetName=NetD_QHTR1_2 Pin=D_QHTR1-2
Added Pin To Net: NetName=NetD_QHTR1_2 Pin=D_QHTR2-1
Added Net: Name=NetD_QHTR1_2
Added Pin To Net: NetName=NetD_QHTR2_2 Pin=D_QHTR2-2
Added Pin To Net: NetName=NetD_QHTR2_2 Pin=R_QHTR2-2
Added Net: Name=NetD_QHTR2_2
Added Pin To Net: NetName=NetQ_HTR2_3 Pin=Q_HTR2-3
Added Pin To Net: NetName=NetQ_HTR2_3 Pin=R_QHTR2-1
Added Net: Name=NetQ_HTR2_3
Added Member To Class: ClassName=BMS_MAINBOARD Member=Component D_QHTR1 ZMM5V1
Added Member To Class: ClassName=BMS_MAINBOARD Member=Component D_QHTR2 ZMM5V1
Added Member To Class: ClassName=BMS_MAINBOARD Member=Component Q_HTR1 NCE60P12K
Added Member To Class: ClassName=BMS_MAINBOARD Member=Component Q_HTR2 2N7002
Added Member To Class: ClassName=BMS_MAINBOARD Member=Component R_QHTR1 0402WGF1002TCE
Added Member To Class: ClassName=BMS_MAINBOARD Member=Component R_QHTR2 0402WGF1000TCE
Added Member To Class: ClassName=BMS_MAINBOARD Member=Component R_QHTR3 0402WGF1002TCE
