Removed Pin From Net: NetName=C15 Pin=DS_1-1
Removed Pin From Net: NetName=NetDS_6_2 Pin=RS_0-2
Removed Pin From Net: NetName=NetDS_6_2 Pin=RS_1-2
Removed Pin From Net: NetName=NetDS_6_2 Pin=RS_2-2
Removed Pin From Net: NetName=NetDS_6_2 Pin=RS_3-2
Removed Pin From Net: NetName=NetDS_6_2 Pin=RS_4-2
Removed Pin From Net: NetName=NetDS_6_2 Pin=RS_5-2
Removed Pin From Net: NetName=NetDS_6_2 Pin=RS_6-2
Removed Pin From Net: NetName=NetDS_6_2 Pin=RS_7-2
Removed Pin From Net: NetName=NetDS_6_2 Pin=RS_8-2
Removed Pin From Net: NetName=NetDS_6_2 Pin=RS_9-2
Removed Member From Class: ClassName=BMS_MAINBOARD Member=RS_0
Removed Member From Class: ClassName=BMS_MAINBOARD Member=RS_1
Removed Member From Class: ClassName=BMS_MAINBOARD Member=RS_2
Removed Member From Class: ClassName=BMS_MAINBOARD Member=RS_3
Removed Member From Class: ClassName=BMS_MAINBOARD Member=RS_4
Removed Member From Class: ClassName=BMS_MAINBOARD Member=RS_5
Removed Member From Class: ClassName=BMS_MAINBOARD Member=RS_6
Removed Member From Class: ClassName=BMS_MAINBOARD Member=RS_7
Removed Member From Class: ClassName=BMS_MAINBOARD Member=RS_8
Removed Member From Class: ClassName=BMS_MAINBOARD Member=RS_9
Removed Member From Class: ClassName=BMS_MAINBOARD Member=RS_10
Removed Member From Class: ClassName=BMS_MAINBOARD Member=RS_11
Removed Member From Class: ClassName=BMS_MAINBOARD Member=RS_12
Removed Member From Class: ClassName=BMS_MAINBOARD Member=RS_13
Removed Member From Class: ClassName=BMS_MAINBOARD Member=RS_14
Removed Member From Class: ClassName=BMS_MAINBOARD Member=RS_15
Removed Member From Class: ClassName=BMS_MAINBOARD Member=RS_16
Removed Member From Class: ClassName=BMS_MAINBOARD Member=RS_17
Removed Member From Class: ClassName=BMS_MAINBOARD Member=RS_18
Removed Member From Class: ClassName=BMS_MAINBOARD Member=RS_19
Removed Member From Class: ClassName=BMS_MAINBOARD Member=RS_20
Removed Member From Class: ClassName=BMS_MAINBOARD Member=RS_21
Removed Member From Class: ClassName=BMS_MAINBOARD Member=RS_22
Removed Member From Class: ClassName=BMS_MAINBOARD Member=RS_23
Removed Member From Class: ClassName=BMS_MAINBOARD Member=RS_24
Removed Member From Class: ClassName=BMS_MAINBOARD Member=RS_25
Removed Member From Class: ClassName=BMS_MAINBOARD Member=RS_26
Removed Member From Class: ClassName=BMS_MAINBOARD Member=RS_27
Removed Member From Class: ClassName=BMS_MAINBOARD Member=RS_28
Removed Member From Class: ClassName=BMS_MAINBOARD Member=RS_29
Added Pin To Net: NetName=CELL14 Pin=DS_1-1
Added Pin To Net: NetName=NetDS_6_2 Pin=Q19-2
Added Pin To Net: NetName=NetDS_6_2 Pin=R18-1
