Replace Part 3V3R1 0402WGF1002TCE in C:\Users\user\Nextcloud\PC-SYNC\Projects\_source_codes\_all_git_repos\ramptastic\ramptronix\bms_mainboard_3\BMS_MAINBOARD.SchDoc with 0402WGF1002TCE from JLC_PCB.SchLib
Replace Part 3V3R2 0402WGF1000TCE in C:\Users\user\Nextcloud\PC-SYNC\Projects\_source_codes\_all_git_repos\ramptastic\ramptronix\bms_mainboard_3\BMS_MAINBOARD.SchDoc with 0402WGF1000TCE from JLC_PCB.SchLib
Replace Part C2 CL05B104KO5NNNC in C:\Users\user\Nextcloud\PC-SYNC\Projects\_source_codes\_all_git_repos\ramptastic\ramptronix\bms_mainboard_3\BMS_MAINBOARD.SchDoc with CL05B104KO5NNNC from JLC_PCB.SchLib
Replace Part C3V2 CL05A105KA5NQNC in C:\Users\user\Nextcloud\PC-SYNC\Projects\_source_codes\_all_git_repos\ramptastic\ramptronix\bms_mainboard_3\BMS_MAINBOARD.SchDoc with CL05A105KA5NQNC from JLC_PCB.SchLib
Replace Part C3V3 CL05A105KA5NQNC in C:\Users\user\Nextcloud\PC-SYNC\Projects\_source_codes\_all_git_repos\ramptastic\ramptronix\bms_mainboard_3\BMS_MAINBOARD.SchDoc with CL05A105KA5NQNC from JLC_PCB.SchLib
Replace Part C5V1 CL05A105KA5NQNC in C:\Users\user\Nextcloud\PC-SYNC\Projects\_source_codes\_all_git_repos\ramptastic\ramptronix\bms_mainboard_3\BMS_MAINBOARD.SchDoc with CL05A105KA5NQNC from JLC_PCB.SchLib
Replace Part C5V2 CL05A105KA5NQNC in C:\Users\user\Nextcloud\PC-SYNC\Projects\_source_codes\_all_git_repos\ramptastic\ramptronix\bms_mainboard_3\BMS_MAINBOARD.SchDoc with CL05A105KA5NQNC from JLC_PCB.SchLib
Replace Part C5V3 CL05A105KA5NQNC in C:\Users\user\Nextcloud\PC-SYNC\Projects\_source_codes\_all_git_repos\ramptastic\ramptronix\bms_mainboard_3\BMS_MAINBOARD.SchDoc with CL05A105KA5NQNC from JLC_PCB.SchLib
Replace Part C5V4 CL05A105KA5NQNC in C:\Users\user\Nextcloud\PC-SYNC\Projects\_source_codes\_all_git_repos\ramptastic\ramptronix\bms_mainboard_3\BMS_MAINBOARD.SchDoc with CL05A105KA5NQNC from JLC_PCB.SchLib
Replace Part C100 0402CG120J500NT in C:\Users\user\Nextcloud\PC-SYNC\Projects\_source_codes\_all_git_repos\ramptastic\ramptronix\bms_mainboard_3\BMS_MAINBOARD.SchDoc with 0402CG120J500NT from JLC_PCB.SchLib
Replace Part C101 0402CG120J500NT in C:\Users\user\Nextcloud\PC-SYNC\Projects\_source_codes\_all_git_repos\ramptastic\ramptronix\bms_mainboard_3\BMS_MAINBOARD.SchDoc with 0402CG120J500NT from JLC_PCB.SchLib
Replace Part C102 CL05A106MQ5NUNC in C:\Users\user\Nextcloud\PC-SYNC\Projects\_source_codes\_all_git_repos\ramptastic\ramptronix\bms_mainboard_3\BMS_MAINBOARD.SchDoc with CL05A106MQ5NUNC from JLC_PCB.SchLib
Replace Part C103 CL05A106MQ5NUNC in C:\Users\user\Nextcloud\PC-SYNC\Projects\_source_codes\_all_git_repos\ramptastic\ramptronix\bms_mainboard_3\BMS_MAINBOARD.SchDoc with CL05A106MQ5NUNC from JLC_PCB.SchLib
Replace Part C104 CL05A106MQ5NUNC in C:\Users\user\Nextcloud\PC-SYNC\Projects\_source_codes\_all_git_repos\ramptastic\ramptronix\bms_mainboard_3\BMS_MAINBOARD.SchDoc with CL05A106MQ5NUNC from JLC_PCB.SchLib
Replace Part C105 CL05A105KA5NQNC in C:\Users\user\Nextcloud\PC-SYNC\Projects\_source_codes\_all_git_repos\ramptastic\ramptronix\bms_mainboard_3\BMS_MAINBOARD.SchDoc with CL05A105KA5NQNC from JLC_PCB.SchLib
Replace Part C106 0402CG101J500NT in C:\Users\user\Nextcloud\PC-SYNC\Projects\_source_codes\_all_git_repos\ramptastic\ramptronix\bms_mainboard_3\BMS_MAINBOARD.SchDoc with 0402CG101J500NT from JLC_PCB.SchLib
Replace Part C107 CL05A106MQ5NUNC in C:\Users\user\Nextcloud\PC-SYNC\Projects\_source_codes\_all_git_repos\ramptastic\ramptronix\bms_mainboard_3\BMS_MAINBOARD.SchDoc with CL05A106MQ5NUNC from JLC_PCB.SchLib
Replace Part CAP1 CL05A105KA5NQNC in C:\Users\user\Nextcloud\PC-SYNC\Projects\_source_codes\_all_git_repos\ramptastic\ramptronix\bms_mainboard_3\BMS_MAINBOARD.SchDoc with CL05A105KA5NQNC from JLC_PCB.SchLib
Replace Part CAP2 CL05A105KA5NQNC in C:\Users\user\Nextcloud\PC-SYNC\Projects\_source_codes\_all_git_repos\ramptastic\ramptronix\bms_mainboard_3\BMS_MAINBOARD.SchDoc with CL05A105KA5NQNC from JLC_PCB.SchLib
Replace Part CAP3 CL05A105KA5NQNC in C:\Users\user\Nextcloud\PC-SYNC\Projects\_source_codes\_all_git_repos\ramptastic\ramptronix\bms_mainboard_3\BMS_MAINBOARD.SchDoc with CL05A105KA5NQNC from JLC_PCB.SchLib
Replace Part CAPSRC CL05A105KA5NQNC in C:\Users\user\Nextcloud\PC-SYNC\Projects\_source_codes\_all_git_repos\ramptastic\ramptronix\bms_mainboard_3\BMS_MAINBOARD.SchDoc with CL05A105KA5NQNC from JLC_PCB.SchLib
Replace Part CC0A CL05A105KA5NQNC in C:\Users\user\Nextcloud\PC-SYNC\Projects\_source_codes\_all_git_repos\ramptastic\ramptronix\bms_mainboard_3\BMS_MAINBOARD.SchDoc with CL05A105KA5NQNC from JLC_PCB.SchLib
Replace Part CC0B CL05A105KA5NQNC in C:\Users\user\Nextcloud\PC-SYNC\Projects\_source_codes\_all_git_repos\ramptastic\ramptronix\bms_mainboard_3\BMS_MAINBOARD.SchDoc with CL05A105KA5NQNC from JLC_PCB.SchLib
Replace Part CC1 CL05A105KA5NQNC in C:\Users\user\Nextcloud\PC-SYNC\Projects\_source_codes\_all_git_repos\ramptastic\ramptronix\bms_mainboard_3\BMS_MAINBOARD.SchDoc with CL05A105KA5NQNC from JLC_PCB.SchLib
Replace Part CC2 CL05A105KA5NQNC in C:\Users\user\Nextcloud\PC-SYNC\Projects\_source_codes\_all_git_repos\ramptastic\ramptronix\bms_mainboard_3\BMS_MAINBOARD.SchDoc with CL05A105KA5NQNC from JLC_PCB.SchLib
Replace Part CC3 CL05A105KA5NQNC in C:\Users\user\Nextcloud\PC-SYNC\Projects\_source_codes\_all_git_repos\ramptastic\ramptronix\bms_mainboard_3\BMS_MAINBOARD.SchDoc with CL05A105KA5NQNC from JLC_PCB.SchLib
Replace Part CC4 CL05A105KA5NQNC in C:\Users\user\Nextcloud\PC-SYNC\Projects\_source_codes\_all_git_repos\ramptastic\ramptronix\bms_mainboard_3\BMS_MAINBOARD.SchDoc with CL05A105KA5NQNC from JLC_PCB.SchLib
Replace Part CC5A CL05A105KA5NQNC in C:\Users\user\Nextcloud\PC-SYNC\Projects\_source_codes\_all_git_repos\ramptastic\ramptronix\bms_mainboard_3\BMS_MAINBOARD.SchDoc with CL05A105KA5NQNC from JLC_PCB.SchLib
Replace Part CC5B CL05A105KA5NQNC in C:\Users\user\Nextcloud\PC-SYNC\Projects\_source_codes\_all_git_repos\ramptastic\ramptronix\bms_mainboard_3\BMS_MAINBOARD.SchDoc with CL05A105KA5NQNC from JLC_PCB.SchLib
Replace Part CC6 CL05A105KA5NQNC in C:\Users\user\Nextcloud\PC-SYNC\Projects\_source_codes\_all_git_repos\ramptastic\ramptronix\bms_mainboard_3\BMS_MAINBOARD.SchDoc with CL05A105KA5NQNC from JLC_PCB.SchLib
Replace Part CC7 CL05A105KA5NQNC in C:\Users\user\Nextcloud\PC-SYNC\Projects\_source_codes\_all_git_repos\ramptastic\ramptronix\bms_mainboard_3\BMS_MAINBOARD.SchDoc with CL05A105KA5NQNC from JLC_PCB.SchLib
Replace Part CC8 CL05A105KA5NQNC in C:\Users\user\Nextcloud\PC-SYNC\Projects\_source_codes\_all_git_repos\ramptastic\ramptronix\bms_mainboard_3\BMS_MAINBOARD.SchDoc with CL05A105KA5NQNC from JLC_PCB.SchLib
Replace Part CC9 CL05A105KA5NQNC in C:\Users\user\Nextcloud\PC-SYNC\Projects\_source_codes\_all_git_repos\ramptastic\ramptronix\bms_mainboard_3\BMS_MAINBOARD.SchDoc with CL05A105KA5NQNC from JLC_PCB.SchLib
Replace Part CC10A CL05A105KA5NQNC in C:\Users\user\Nextcloud\PC-SYNC\Projects\_source_codes\_all_git_repos\ramptastic\ramptronix\bms_mainboard_3\BMS_MAINBOARD.SchDoc with CL05A105KA5NQNC from JLC_PCB.SchLib
Replace Part CC10B CL05A105KA5NQNC in C:\Users\user\Nextcloud\PC-SYNC\Projects\_source_codes\_all_git_repos\ramptastic\ramptronix\bms_mainboard_3\BMS_MAINBOARD.SchDoc with CL05A105KA5NQNC from JLC_PCB.SchLib
Replace Part CC11 CL05A105KA5NQNC in C:\Users\user\Nextcloud\PC-SYNC\Projects\_source_codes\_all_git_repos\ramptastic\ramptronix\bms_mainboard_3\BMS_MAINBOARD.SchDoc with CL05A105KA5NQNC from JLC_PCB.SchLib
Replace Part CC12 CL05A105KA5NQNC in C:\Users\user\Nextcloud\PC-SYNC\Projects\_source_codes\_all_git_repos\ramptastic\ramptronix\bms_mainboard_3\BMS_MAINBOARD.SchDoc with CL05A105KA5NQNC from JLC_PCB.SchLib
Replace Part CC13 CL05A105KA5NQNC in C:\Users\user\Nextcloud\PC-SYNC\Projects\_source_codes\_all_git_repos\ramptastic\ramptronix\bms_mainboard_3\BMS_MAINBOARD.SchDoc with CL05A105KA5NQNC from JLC_PCB.SchLib
Replace Part CC14 CL05A105KA5NQNC in C:\Users\user\Nextcloud\PC-SYNC\Projects\_source_codes\_all_git_repos\ramptastic\ramptronix\bms_mainboard_3\BMS_MAINBOARD.SchDoc with CL05A105KA5NQNC from JLC_PCB.SchLib
Replace Part CC15 0402WGF1001TCE in C:\Users\user\Nextcloud\PC-SYNC\Projects\_source_codes\_all_git_repos\ramptastic\ramptronix\bms_mainboard_3\BMS_MAINBOARD.SchDoc with 0402WGF1001TCE from JLC_PCB.SchLib
Replace Part CR1 CL05A105KA5NQNC in C:\Users\user\Nextcloud\PC-SYNC\Projects\_source_codes\_all_git_repos\ramptastic\ramptronix\bms_mainboard_3\BMS_MAINBOARD.SchDoc with CL05A105KA5NQNC from JLC_PCB.SchLib
Replace Part CR2 CL05A105KA5NQNC in C:\Users\user\Nextcloud\PC-SYNC\Projects\_source_codes\_all_git_repos\ramptastic\ramptronix\bms_mainboard_3\BMS_MAINBOARD.SchDoc with CL05A105KA5NQNC from JLC_PCB.SchLib
Replace Part CR3 CL05A105KA5NQNC in C:\Users\user\Nextcloud\PC-SYNC\Projects\_source_codes\_all_git_repos\ramptastic\ramptronix\bms_mainboard_3\BMS_MAINBOARD.SchDoc with CL05A105KA5NQNC from JLC_PCB.SchLib
Replace Part CSNS0 CL05B104KO5NNNC in C:\Users\user\Nextcloud\PC-SYNC\Projects\_source_codes\_all_git_repos\ramptastic\ramptronix\bms_mainboard_3\BMS_MAINBOARD.SchDoc with CL05B104KO5NNNC from JLC_PCB.SchLib
Replace Part CSNS1 CL05B104KO5NNNC in C:\Users\user\Nextcloud\PC-SYNC\Projects\_source_codes\_all_git_repos\ramptastic\ramptronix\bms_mainboard_3\BMS_MAINBOARD.SchDoc with CL05B104KO5NNNC from JLC_PCB.SchLib
Replace Part CSNS2 CL05B104KO5NNNC in C:\Users\user\Nextcloud\PC-SYNC\Projects\_source_codes\_all_git_repos\ramptastic\ramptronix\bms_mainboard_3\BMS_MAINBOARD.SchDoc with CL05B104KO5NNNC from JLC_PCB.SchLib
Replace Part D1 N4148WS in C:\Users\user\Nextcloud\PC-SYNC\Projects\_source_codes\_all_git_repos\ramptastic\ramptronix\bms_mainboard_3\BMS_MAINBOARD.SchDoc with N4148WS from JLC_PCB.SchLib
Replace Part D2 N4148WS in C:\Users\user\Nextcloud\PC-SYNC\Projects\_source_codes\_all_git_repos\ramptastic\ramptronix\bms_mainboard_3\BMS_MAINBOARD.SchDoc with N4148WS from JLC_PCB.SchLib
Replace Part D_QHTR1 ZMM5V1 in C:\Users\user\Nextcloud\PC-SYNC\Projects\_source_codes\_all_git_repos\ramptastic\ramptronix\bms_mainboard_3\BMS_MAINBOARD.SchDoc with ZMM5V1 from JLC_PCB.SchLib
Replace Part D_QHTR2 ZMM5V1 in C:\Users\user\Nextcloud\PC-SYNC\Projects\_source_codes\_all_git_repos\ramptastic\ramptronix\bms_mainboard_3\BMS_MAINBOARD.SchDoc with ZMM5V1 from JLC_PCB.SchLib
Replace Part DBD_1 ZMM5V1 in C:\Users\user\Nextcloud\PC-SYNC\Projects\_source_codes\_all_git_repos\ramptastic\ramptronix\bms_mainboard_3\BMS_MAINBOARD.SchDoc with ZMM5V1 from JLC_PCB.SchLib
Replace Part DBD_2 ZMM5V1 in C:\Users\user\Nextcloud\PC-SYNC\Projects\_source_codes\_all_git_repos\ramptastic\ramptronix\bms_mainboard_3\BMS_MAINBOARD.SchDoc with ZMM5V1 from JLC_PCB.SchLib
Replace Part DC5 N4148WS in C:\Users\user\Nextcloud\PC-SYNC\Projects\_source_codes\_all_git_repos\ramptastic\ramptronix\bms_mainboard_3\BMS_MAINBOARD.SchDoc with N4148WS from JLC_PCB.SchLib
Replace Part DC10 N4148WS in C:\Users\user\Nextcloud\PC-SYNC\Projects\_source_codes\_all_git_repos\ramptastic\ramptronix\bms_mainboard_3\BMS_MAINBOARD.SchDoc with N4148WS from JLC_PCB.SchLib
Replace Part DC15 N4148WS in C:\Users\user\Nextcloud\PC-SYNC\Projects\_source_codes\_all_git_repos\ramptastic\ramptronix\bms_mainboard_3\BMS_MAINBOARD.SchDoc with N4148WS from JLC_PCB.SchLib
Replace Part DS_1 ZMM5V1 in C:\Users\user\Nextcloud\PC-SYNC\Projects\_source_codes\_all_git_repos\ramptastic\ramptronix\bms_mainboard_3\BMS_MAINBOARD.SchDoc with ZMM5V1 from JLC_PCB.SchLib
Replace Part DS_2 ZMM5V1 in C:\Users\user\Nextcloud\PC-SYNC\Projects\_source_codes\_all_git_repos\ramptastic\ramptronix\bms_mainboard_3\BMS_MAINBOARD.SchDoc with ZMM5V1 from JLC_PCB.SchLib
Replace Part DS_3 ZMM5V1 in C:\Users\user\Nextcloud\PC-SYNC\Projects\_source_codes\_all_git_repos\ramptastic\ramptronix\bms_mainboard_3\BMS_MAINBOARD.SchDoc with ZMM5V1 from JLC_PCB.SchLib
Replace Part DS_4 ZMM5V1 in C:\Users\user\Nextcloud\PC-SYNC\Projects\_source_codes\_all_git_repos\ramptastic\ramptronix\bms_mainboard_3\BMS_MAINBOARD.SchDoc with ZMM5V1 from JLC_PCB.SchLib
Replace Part DSHUNT N4148WS in C:\Users\user\Nextcloud\PC-SYNC\Projects\_source_codes\_all_git_repos\ramptastic\ramptronix\bms_mainboard_3\BMS_MAINBOARD.SchDoc with N4148WS from JLC_PCB.SchLib
Replace Part GQBDR 0402WGF1002TCE in C:\Users\user\Nextcloud\PC-SYNC\Projects\_source_codes\_all_git_repos\ramptastic\ramptronix\bms_mainboard_3\BMS_MAINBOARD.SchDoc with 0402WGF1002TCE from JLC_PCB.SchLib
Replace Part J1 Keystone 1048 in C:\Users\user\Nextcloud\PC-SYNC\Projects\_source_codes\_all_git_repos\ramptastic\ramptronix\bms_mainboard_3\BMS_MAINBOARD.SchDoc with Keystone 1048 from JLC_PCB.SchLib
Replace Part J2 Keystone 1048 in C:\Users\user\Nextcloud\PC-SYNC\Projects\_source_codes\_all_git_repos\ramptastic\ramptronix\bms_mainboard_3\BMS_MAINBOARD.SchDoc with Keystone 1048 from JLC_PCB.SchLib
Replace Part J3 Keystone 1048 in C:\Users\user\Nextcloud\PC-SYNC\Projects\_source_codes\_all_git_repos\ramptastic\ramptronix\bms_mainboard_3\BMS_MAINBOARD.SchDoc with Keystone 1048 from JLC_PCB.SchLib
Replace Part J4 Keystone 1048 in C:\Users\user\Nextcloud\PC-SYNC\Projects\_source_codes\_all_git_repos\ramptastic\ramptronix\bms_mainboard_3\BMS_MAINBOARD.SchDoc with Keystone 1048 from JLC_PCB.SchLib
Replace Part J5 Keystone 1048 in C:\Users\user\Nextcloud\PC-SYNC\Projects\_source_codes\_all_git_repos\ramptastic\ramptronix\bms_mainboard_3\BMS_MAINBOARD.SchDoc with Keystone 1048 from JLC_PCB.SchLib
Replace Part J6 Keystone 1048 in C:\Users\user\Nextcloud\PC-SYNC\Projects\_source_codes\_all_git_repos\ramptastic\ramptronix\bms_mainboard_3\BMS_MAINBOARD.SchDoc with Keystone 1048 from JLC_PCB.SchLib
Replace Part J7 Keystone 1048 in C:\Users\user\Nextcloud\PC-SYNC\Projects\_source_codes\_all_git_repos\ramptastic\ramptronix\bms_mainboard_3\BMS_MAINBOARD.SchDoc with Keystone 1048 from JLC_PCB.SchLib
Replace Part J100 918-418K2023S40001 in C:\Users\user\Nextcloud\PC-SYNC\Projects\_source_codes\_all_git_repos\ramptastic\ramptronix\bms_mainboard_3\BMS_MAINBOARD.SchDoc with 918-418K2023S40001 from JLC_PCB.SchLib
Replace Part L100 SDFL1608S100KTF in C:\Users\user\Nextcloud\PC-SYNC\Projects\_source_codes\_all_git_repos\ramptastic\ramptronix\bms_mainboard_3\BMS_MAINBOARD.SchDoc with SDFL1608S100KTF from JLC_PCB.SchLib
Replace Part LED_1 19-21UYC/S530-A4/TR8 in C:\Users\user\Nextcloud\PC-SYNC\Projects\_source_codes\_all_git_repos\ramptastic\ramptronix\bms_mainboard_3\BMS_MAINBOARD.SchDoc with 19-21UYC/S530-A4/TR8 from JLC_PCB.SchLib
Replace Part LED_2 19-21UYC/S530-A4/TR8 in C:\Users\user\Nextcloud\PC-SYNC\Projects\_source_codes\_all_git_repos\ramptastic\ramptronix\bms_mainboard_3\BMS_MAINBOARD.SchDoc with 19-21UYC/S530-A4/TR8 from JLC_PCB.SchLib
Replace Part LED_3 19-21UYC/S530-A4/TR8 in C:\Users\user\Nextcloud\PC-SYNC\Projects\_source_codes\_all_git_repos\ramptastic\ramptronix\bms_mainboard_3\BMS_MAINBOARD.SchDoc with 19-21UYC/S530-A4/TR8 from JLC_PCB.SchLib
Replace Part NT_C0 NET_TIE in C:\Users\user\Nextcloud\PC-SYNC\Projects\_source_codes\_all_git_repos\ramptastic\ramptronix\bms_mainboard_3\BMS_MAINBOARD.SchDoc with NET_TIE from JLC_PCB.SchLib
Replace Part NT_C1 NET_TIE in C:\Users\user\Nextcloud\PC-SYNC\Projects\_source_codes\_all_git_repos\ramptastic\ramptronix\bms_mainboard_3\BMS_MAINBOARD.SchDoc with NET_TIE from JLC_PCB.SchLib
Replace Part NT_C2 NET_TIE in C:\Users\user\Nextcloud\PC-SYNC\Projects\_source_codes\_all_git_repos\ramptastic\ramptronix\bms_mainboard_3\BMS_MAINBOARD.SchDoc with NET_TIE from JLC_PCB.SchLib
Replace Part NT_C3 NET_TIE in C:\Users\user\Nextcloud\PC-SYNC\Projects\_source_codes\_all_git_repos\ramptastic\ramptronix\bms_mainboard_3\BMS_MAINBOARD.SchDoc with NET_TIE from JLC_PCB.SchLib
Replace Part NT_C4 NET_TIE in C:\Users\user\Nextcloud\PC-SYNC\Projects\_source_codes\_all_git_repos\ramptastic\ramptronix\bms_mainboard_3\BMS_MAINBOARD.SchDoc with NET_TIE from JLC_PCB.SchLib
Replace Part NT_C5 NET_TIE in C:\Users\user\Nextcloud\PC-SYNC\Projects\_source_codes\_all_git_repos\ramptastic\ramptronix\bms_mainboard_3\BMS_MAINBOARD.SchDoc with NET_TIE from JLC_PCB.SchLib
Replace Part NT_C6 NET_TIE in C:\Users\user\Nextcloud\PC-SYNC\Projects\_source_codes\_all_git_repos\ramptastic\ramptronix\bms_mainboard_3\BMS_MAINBOARD.SchDoc with NET_TIE from JLC_PCB.SchLib
Replace Part NT_C7 NET_TIE in C:\Users\user\Nextcloud\PC-SYNC\Projects\_source_codes\_all_git_repos\ramptastic\ramptronix\bms_mainboard_3\BMS_MAINBOARD.SchDoc with NET_TIE from JLC_PCB.SchLib
Replace Part NT_C8 NET_TIE in C:\Users\user\Nextcloud\PC-SYNC\Projects\_source_codes\_all_git_repos\ramptastic\ramptronix\bms_mainboard_3\BMS_MAINBOARD.SchDoc with NET_TIE from JLC_PCB.SchLib
Replace Part NT_C9 NET_TIE in C:\Users\user\Nextcloud\PC-SYNC\Projects\_source_codes\_all_git_repos\ramptastic\ramptronix\bms_mainboard_3\BMS_MAINBOARD.SchDoc with NET_TIE from JLC_PCB.SchLib
Replace Part NT_C10 NET_TIE in C:\Users\user\Nextcloud\PC-SYNC\Projects\_source_codes\_all_git_repos\ramptastic\ramptronix\bms_mainboard_3\BMS_MAINBOARD.SchDoc with NET_TIE from JLC_PCB.SchLib
Replace Part NT_C11 NET_TIE in C:\Users\user\Nextcloud\PC-SYNC\Projects\_source_codes\_all_git_repos\ramptastic\ramptronix\bms_mainboard_3\BMS_MAINBOARD.SchDoc with NET_TIE from JLC_PCB.SchLib
Replace Part NT_C12 NET_TIE in C:\Users\user\Nextcloud\PC-SYNC\Projects\_source_codes\_all_git_repos\ramptastic\ramptronix\bms_mainboard_3\BMS_MAINBOARD.SchDoc with NET_TIE from JLC_PCB.SchLib
Replace Part NT_C13 NET_TIE in C:\Users\user\Nextcloud\PC-SYNC\Projects\_source_codes\_all_git_repos\ramptastic\ramptronix\bms_mainboard_3\BMS_MAINBOARD.SchDoc with NET_TIE from JLC_PCB.SchLib
Replace Part NT_C14 NET_TIE in C:\Users\user\Nextcloud\PC-SYNC\Projects\_source_codes\_all_git_repos\ramptastic\ramptronix\bms_mainboard_3\BMS_MAINBOARD.SchDoc with NET_TIE from JLC_PCB.SchLib
Replace Part NT_CSHORT NET_TIE in C:\Users\user\Nextcloud\PC-SYNC\Projects\_source_codes\_all_git_repos\ramptastic\ramptronix\bms_mainboard_3\BMS_MAINBOARD.SchDoc with NET_TIE from JLC_PCB.SchLib
Replace Part Q18 2N7002 in C:\Users\user\Nextcloud\PC-SYNC\Projects\_source_codes\_all_git_repos\ramptastic\ramptronix\bms_mainboard_3\BMS_MAINBOARD.SchDoc with 2N7002 from JLC_PCB.SchLib
Replace Part Q19 AO3401A in C:\Users\user\Nextcloud\PC-SYNC\Projects\_source_codes\_all_git_repos\ramptastic\ramptronix\bms_mainboard_3\BMS_MAINBOARD.SchDoc with AO3401A from JLC_PCB.SchLib
Replace Part Q_3V3 AO3401A in C:\Users\user\Nextcloud\PC-SYNC\Projects\_source_codes\_all_git_repos\ramptastic\ramptronix\bms_mainboard_3\BMS_MAINBOARD.SchDoc with AO3401A from JLC_PCB.SchLib
Replace Part Q_HTR1 NCE60P12K in C:\Users\user\Nextcloud\PC-SYNC\Projects\_source_codes\_all_git_repos\ramptastic\ramptronix\bms_mainboard_3\BMS_MAINBOARD.SchDoc with NCE60P12K from JLC_PCB.SchLib
Replace Part Q_HTR2 2N7002 in C:\Users\user\Nextcloud\PC-SYNC\Projects\_source_codes\_all_git_repos\ramptastic\ramptronix\bms_mainboard_3\BMS_MAINBOARD.SchDoc with 2N7002 from JLC_PCB.SchLib
Replace Part QBD_1A NCE60P12K in C:\Users\user\Nextcloud\PC-SYNC\Projects\_source_codes\_all_git_repos\ramptastic\ramptronix\bms_mainboard_3\BMS_MAINBOARD.SchDoc with NCE60P12K from JLC_PCB.SchLib
Replace Part QBD_1B NCE60P12K in C:\Users\user\Nextcloud\PC-SYNC\Projects\_source_codes\_all_git_repos\ramptastic\ramptronix\bms_mainboard_3\BMS_MAINBOARD.SchDoc with NCE60P12K from JLC_PCB.SchLib
Replace Part QBD_2A NCE60P12K in C:\Users\user\Nextcloud\PC-SYNC\Projects\_source_codes\_all_git_repos\ramptastic\ramptronix\bms_mainboard_3\BMS_MAINBOARD.SchDoc with NCE60P12K from JLC_PCB.SchLib
Replace Part QBD_2B NCE60P12K in C:\Users\user\Nextcloud\PC-SYNC\Projects\_source_codes\_all_git_repos\ramptastic\ramptronix\bms_mainboard_3\BMS_MAINBOARD.SchDoc with NCE60P12K from JLC_PCB.SchLib
Replace Part QBD_3A NCE60P12K in C:\Users\user\Nextcloud\PC-SYNC\Projects\_source_codes\_all_git_repos\ramptastic\ramptronix\bms_mainboard_3\BMS_MAINBOARD.SchDoc with NCE60P12K from JLC_PCB.SchLib
Replace Part QBD_3B NCE60P12K in C:\Users\user\Nextcloud\PC-SYNC\Projects\_source_codes\_all_git_repos\ramptastic\ramptronix\bms_mainboard_3\BMS_MAINBOARD.SchDoc with NCE60P12K from JLC_PCB.SchLib
Replace Part QBD_4A NCE60P12K in C:\Users\user\Nextcloud\PC-SYNC\Projects\_source_codes\_all_git_repos\ramptastic\ramptronix\bms_mainboard_3\BMS_MAINBOARD.SchDoc with NCE60P12K from JLC_PCB.SchLib
Replace Part QBD_4B NCE60P12K in C:\Users\user\Nextcloud\PC-SYNC\Projects\_source_codes\_all_git_repos\ramptastic\ramptronix\bms_mainboard_3\BMS_MAINBOARD.SchDoc with NCE60P12K from JLC_PCB.SchLib
Replace Part QBD_5A NCE60P12K in C:\Users\user\Nextcloud\PC-SYNC\Projects\_source_codes\_all_git_repos\ramptastic\ramptronix\bms_mainboard_3\BMS_MAINBOARD.SchDoc with NCE60P12K from JLC_PCB.SchLib
Replace Part QBD_5B NCE60P12K in C:\Users\user\Nextcloud\PC-SYNC\Projects\_source_codes\_all_git_repos\ramptastic\ramptronix\bms_mainboard_3\BMS_MAINBOARD.SchDoc with NCE60P12K from JLC_PCB.SchLib
Replace Part QBEN 2N7002 in C:\Users\user\Nextcloud\PC-SYNC\Projects\_source_codes\_all_git_repos\ramptastic\ramptronix\bms_mainboard_3\BMS_MAINBOARD.SchDoc with 2N7002 from JLC_PCB.SchLib
Replace Part QBENR 0402WGF1002TCE in C:\Users\user\Nextcloud\PC-SYNC\Projects\_source_codes\_all_git_repos\ramptastic\ramptronix\bms_mainboard_3\BMS_MAINBOARD.SchDoc with 0402WGF1002TCE from JLC_PCB.SchLib
Replace Part QSHUNT 2N7002 in C:\Users\user\Nextcloud\PC-SYNC\Projects\_source_codes\_all_git_repos\ramptastic\ramptronix\bms_mainboard_3\BMS_MAINBOARD.SchDoc with 2N7002 from JLC_PCB.SchLib
Replace Part R2 0402WGF1000TCE in C:\Users\user\Nextcloud\PC-SYNC\Projects\_source_codes\_all_git_repos\ramptastic\ramptronix\bms_mainboard_3\BMS_MAINBOARD.SchDoc with 0402WGF1000TCE from JLC_PCB.SchLib
Replace Part R3V 0402WGF0000TCE in C:\Users\user\Nextcloud\PC-SYNC\Projects\_source_codes\_all_git_repos\ramptastic\ramptronix\bms_mainboard_3\BMS_MAINBOARD.SchDoc with 0402WGF0000TCE from JLC_PCB.SchLib
Replace Part R3V0 0402WGF0000TCE in C:\Users\user\Nextcloud\PC-SYNC\Projects\_source_codes\_all_git_repos\ramptastic\ramptronix\bms_mainboard_3\BMS_MAINBOARD.SchDoc with 0402WGF0000TCE from JLC_PCB.SchLib
Replace Part R3V1 0402WGF3300TCE in C:\Users\user\Nextcloud\PC-SYNC\Projects\_source_codes\_all_git_repos\ramptastic\ramptronix\bms_mainboard_3\BMS_MAINBOARD.SchDoc with 0402WGF3300TCE from JLC_PCB.SchLib
Replace Part R3V2 0402WGF1001TCE in C:\Users\user\Nextcloud\PC-SYNC\Projects\_source_codes\_all_git_repos\ramptastic\ramptronix\bms_mainboard_3\BMS_MAINBOARD.SchDoc with 0402WGF1001TCE from JLC_PCB.SchLib
Replace Part R3V3 0402WGF1001TCE in C:\Users\user\Nextcloud\PC-SYNC\Projects\_source_codes\_all_git_repos\ramptastic\ramptronix\bms_mainboard_3\BMS_MAINBOARD.SchDoc with 0402WGF1001TCE from JLC_PCB.SchLib
Replace Part R5V0 0402WGF0000TCE in C:\Users\user\Nextcloud\PC-SYNC\Projects\_source_codes\_all_git_repos\ramptastic\ramptronix\bms_mainboard_3\BMS_MAINBOARD.SchDoc with 0402WGF0000TCE from JLC_PCB.SchLib
Replace Part R5V1 0402WGF1001TCE in C:\Users\user\Nextcloud\PC-SYNC\Projects\_source_codes\_all_git_repos\ramptastic\ramptronix\bms_mainboard_3\BMS_MAINBOARD.SchDoc with 0402WGF1001TCE from JLC_PCB.SchLib
Replace Part R5V2 0402WGF1001TCE in C:\Users\user\Nextcloud\PC-SYNC\Projects\_source_codes\_all_git_repos\ramptastic\ramptronix\bms_mainboard_3\BMS_MAINBOARD.SchDoc with 0402WGF1001TCE from JLC_PCB.SchLib
Replace Part R5V3 0402WGF1001TCE in C:\Users\user\Nextcloud\PC-SYNC\Projects\_source_codes\_all_git_repos\ramptastic\ramptronix\bms_mainboard_3\BMS_MAINBOARD.SchDoc with 0402WGF1001TCE from JLC_PCB.SchLib
Replace Part R5V4 0402WGF1001TCE in C:\Users\user\Nextcloud\PC-SYNC\Projects\_source_codes\_all_git_repos\ramptastic\ramptronix\bms_mainboard_3\BMS_MAINBOARD.SchDoc with 0402WGF1001TCE from JLC_PCB.SchLib
Replace Part R18 0402WGF1002TCE in C:\Users\user\Nextcloud\PC-SYNC\Projects\_source_codes\_all_git_repos\ramptastic\ramptronix\bms_mainboard_3\BMS_MAINBOARD.SchDoc with 0402WGF1002TCE from JLC_PCB.SchLib
Replace Part R100 0402WGF220JTCE in C:\Users\user\Nextcloud\PC-SYNC\Projects\_source_codes\_all_git_repos\ramptastic\ramptronix\bms_mainboard_3\BMS_MAINBOARD.SchDoc with 0402WGF220JTCE from JLC_PCB.SchLib
Replace Part R101 0402WGF220JTCE in C:\Users\user\Nextcloud\PC-SYNC\Projects\_source_codes\_all_git_repos\ramptastic\ramptronix\bms_mainboard_3\BMS_MAINBOARD.SchDoc with 0402WGF220JTCE from JLC_PCB.SchLib
Replace Part R102 0402WGF0000TCE in C:\Users\user\Nextcloud\PC-SYNC\Projects\_source_codes\_all_git_repos\ramptastic\ramptronix\bms_mainboard_3\BMS_MAINBOARD.SchDoc with 0402WGF0000TCE from JLC_PCB.SchLib
Replace Part R106 0402WGF1501TCE in C:\Users\user\Nextcloud\PC-SYNC\Projects\_source_codes\_all_git_repos\ramptastic\ramptronix\bms_mainboard_3\BMS_MAINBOARD.SchDoc with 0402WGF1501TCE from JLC_PCB.SchLib
Replace Part R108 0402WGF5101TCE in C:\Users\user\Nextcloud\PC-SYNC\Projects\_source_codes\_all_git_repos\ramptastic\ramptronix\bms_mainboard_3\BMS_MAINBOARD.SchDoc with 0402WGF5101TCE from JLC_PCB.SchLib
Replace Part R109 0402WGF5101TCE in C:\Users\user\Nextcloud\PC-SYNC\Projects\_source_codes\_all_git_repos\ramptastic\ramptronix\bms_mainboard_3\BMS_MAINBOARD.SchDoc with 0402WGF5101TCE from JLC_PCB.SchLib
Replace Part R110 0402WGF1001TCE in C:\Users\user\Nextcloud\PC-SYNC\Projects\_source_codes\_all_git_repos\ramptastic\ramptronix\bms_mainboard_3\BMS_MAINBOARD.SchDoc with 0402WGF1001TCE from JLC_PCB.SchLib
Replace Part R_3V3 0402WGF1000TCE in C:\Users\user\Nextcloud\PC-SYNC\Projects\_source_codes\_all_git_repos\ramptastic\ramptronix\bms_mainboard_3\BMS_MAINBOARD.SchDoc with 0402WGF1000TCE from JLC_PCB.SchLib
Replace Part R_3V4 0402WGF1000TCE in C:\Users\user\Nextcloud\PC-SYNC\Projects\_source_codes\_all_git_repos\ramptastic\ramptronix\bms_mainboard_3\BMS_MAINBOARD.SchDoc with 0402WGF1000TCE from JLC_PCB.SchLib
Replace Part R_Q18G 0402WGF1002TCE in C:\Users\user\Nextcloud\PC-SYNC\Projects\_source_codes\_all_git_repos\ramptastic\ramptronix\bms_mainboard_3\BMS_MAINBOARD.SchDoc with 0402WGF1002TCE from JLC_PCB.SchLib
Replace Part R_QHTR1 0402WGF1002TCE in C:\Users\user\Nextcloud\PC-SYNC\Projects\_source_codes\_all_git_repos\ramptastic\ramptronix\bms_mainboard_3\BMS_MAINBOARD.SchDoc with 0402WGF1002TCE from JLC_PCB.SchLib
Replace Part R_QHTR2 0402WGF1000TCE in C:\Users\user\Nextcloud\PC-SYNC\Projects\_source_codes\_all_git_repos\ramptastic\ramptronix\bms_mainboard_3\BMS_MAINBOARD.SchDoc with 0402WGF1000TCE from JLC_PCB.SchLib
Replace Part R_QHTR3 0402WGF1002TCE in C:\Users\user\Nextcloud\PC-SYNC\Projects\_source_codes\_all_git_repos\ramptastic\ramptronix\bms_mainboard_3\BMS_MAINBOARD.SchDoc with 0402WGF1002TCE from JLC_PCB.SchLib
Replace Part R_VBUS1 0402WGF1002TCE in C:\Users\user\Nextcloud\PC-SYNC\Projects\_source_codes\_all_git_repos\ramptastic\ramptronix\bms_mainboard_3\BMS_MAINBOARD.SchDoc with 0402WGF1002TCE from JLC_PCB.SchLib
Replace Part R_VBUS2 0402WGF1002TCE in C:\Users\user\Nextcloud\PC-SYNC\Projects\_source_codes\_all_git_repos\ramptastic\ramptronix\bms_mainboard_3\BMS_MAINBOARD.SchDoc with 0402WGF1002TCE from JLC_PCB.SchLib
Replace Part R_VBUS3 0402WGF1001TCE in C:\Users\user\Nextcloud\PC-SYNC\Projects\_source_codes\_all_git_repos\ramptastic\ramptronix\bms_mainboard_3\BMS_MAINBOARD.SchDoc with 0402WGF1001TCE from JLC_PCB.SchLib
Replace Part R_WK 0402WGF1000TCE in C:\Users\user\Nextcloud\PC-SYNC\Projects\_source_codes\_all_git_repos\ramptastic\ramptronix\bms_mainboard_3\BMS_MAINBOARD.SchDoc with 0402WGF1000TCE from JLC_PCB.SchLib
Replace Part RBEN 0402WGF1000TCE in C:\Users\user\Nextcloud\PC-SYNC\Projects\_source_codes\_all_git_repos\ramptastic\ramptronix\bms_mainboard_3\BMS_MAINBOARD.SchDoc with 0402WGF1000TCE from JLC_PCB.SchLib
Replace Part RC0 0402WGF1001TCE in C:\Users\user\Nextcloud\PC-SYNC\Projects\_source_codes\_all_git_repos\ramptastic\ramptronix\bms_mainboard_3\BMS_MAINBOARD.SchDoc with 0402WGF1001TCE from JLC_PCB.SchLib
Replace Part RC1 0402WGF1001TCE in C:\Users\user\Nextcloud\PC-SYNC\Projects\_source_codes\_all_git_repos\ramptastic\ramptronix\bms_mainboard_3\BMS_MAINBOARD.SchDoc with 0402WGF1001TCE from JLC_PCB.SchLib
Replace Part RC2 0402WGF1001TCE in C:\Users\user\Nextcloud\PC-SYNC\Projects\_source_codes\_all_git_repos\ramptastic\ramptronix\bms_mainboard_3\BMS_MAINBOARD.SchDoc with 0402WGF1001TCE from JLC_PCB.SchLib
Replace Part RC3 0402WGF1001TCE in C:\Users\user\Nextcloud\PC-SYNC\Projects\_source_codes\_all_git_repos\ramptastic\ramptronix\bms_mainboard_3\BMS_MAINBOARD.SchDoc with 0402WGF1001TCE from JLC_PCB.SchLib
Replace Part RC4 0402WGF1001TCE in C:\Users\user\Nextcloud\PC-SYNC\Projects\_source_codes\_all_git_repos\ramptastic\ramptronix\bms_mainboard_3\BMS_MAINBOARD.SchDoc with 0402WGF1001TCE from JLC_PCB.SchLib
Replace Part RC5A 0402WGF1001TCE in C:\Users\user\Nextcloud\PC-SYNC\Projects\_source_codes\_all_git_repos\ramptastic\ramptronix\bms_mainboard_3\BMS_MAINBOARD.SchDoc with 0402WGF1001TCE from JLC_PCB.SchLib
Replace Part RC5B 0402WGF1001TCE in C:\Users\user\Nextcloud\PC-SYNC\Projects\_source_codes\_all_git_repos\ramptastic\ramptronix\bms_mainboard_3\BMS_MAINBOARD.SchDoc with 0402WGF1001TCE from JLC_PCB.SchLib
Replace Part RC6 0402WGF1001TCE in C:\Users\user\Nextcloud\PC-SYNC\Projects\_source_codes\_all_git_repos\ramptastic\ramptronix\bms_mainboard_3\BMS_MAINBOARD.SchDoc with 0402WGF1001TCE from JLC_PCB.SchLib
Replace Part RC7 0402WGF1001TCE in C:\Users\user\Nextcloud\PC-SYNC\Projects\_source_codes\_all_git_repos\ramptastic\ramptronix\bms_mainboard_3\BMS_MAINBOARD.SchDoc with 0402WGF1001TCE from JLC_PCB.SchLib
Replace Part RC8 0402WGF1001TCE in C:\Users\user\Nextcloud\PC-SYNC\Projects\_source_codes\_all_git_repos\ramptastic\ramptronix\bms_mainboard_3\BMS_MAINBOARD.SchDoc with 0402WGF1001TCE from JLC_PCB.SchLib
Replace Part RC9 0402WGF1001TCE in C:\Users\user\Nextcloud\PC-SYNC\Projects\_source_codes\_all_git_repos\ramptastic\ramptronix\bms_mainboard_3\BMS_MAINBOARD.SchDoc with 0402WGF1001TCE from JLC_PCB.SchLib
Replace Part RC10A 0402WGF1001TCE in C:\Users\user\Nextcloud\PC-SYNC\Projects\_source_codes\_all_git_repos\ramptastic\ramptronix\bms_mainboard_3\BMS_MAINBOARD.SchDoc with 0402WGF1001TCE from JLC_PCB.SchLib
Replace Part RC10B 0402WGF1001TCE in C:\Users\user\Nextcloud\PC-SYNC\Projects\_source_codes\_all_git_repos\ramptastic\ramptronix\bms_mainboard_3\BMS_MAINBOARD.SchDoc with 0402WGF1001TCE from JLC_PCB.SchLib
Replace Part RC11 0402WGF1001TCE in C:\Users\user\Nextcloud\PC-SYNC\Projects\_source_codes\_all_git_repos\ramptastic\ramptronix\bms_mainboard_3\BMS_MAINBOARD.SchDoc with 0402WGF1001TCE from JLC_PCB.SchLib
Replace Part RC12 0402WGF1001TCE in C:\Users\user\Nextcloud\PC-SYNC\Projects\_source_codes\_all_git_repos\ramptastic\ramptronix\bms_mainboard_3\BMS_MAINBOARD.SchDoc with 0402WGF1001TCE from JLC_PCB.SchLib
Replace Part RC13 0402WGF1001TCE in C:\Users\user\Nextcloud\PC-SYNC\Projects\_source_codes\_all_git_repos\ramptastic\ramptronix\bms_mainboard_3\BMS_MAINBOARD.SchDoc with 0402WGF1001TCE from JLC_PCB.SchLib
Replace Part RC14 0402WGF1001TCE in C:\Users\user\Nextcloud\PC-SYNC\Projects\_source_codes\_all_git_repos\ramptastic\ramptronix\bms_mainboard_3\BMS_MAINBOARD.SchDoc with 0402WGF1001TCE from JLC_PCB.SchLib
Replace Part RLED_1 0402WGF1001TCE in C:\Users\user\Nextcloud\PC-SYNC\Projects\_source_codes\_all_git_repos\ramptastic\ramptronix\bms_mainboard_3\BMS_MAINBOARD.SchDoc with 0402WGF1001TCE from JLC_PCB.SchLib
Replace Part RLED_2 0402WGF1001TCE in C:\Users\user\Nextcloud\PC-SYNC\Projects\_source_codes\_all_git_repos\ramptastic\ramptronix\bms_mainboard_3\BMS_MAINBOARD.SchDoc with 0402WGF1001TCE from JLC_PCB.SchLib
Replace Part RLED_3 0402WGF1001TCE in C:\Users\user\Nextcloud\PC-SYNC\Projects\_source_codes\_all_git_repos\ramptastic\ramptronix\bms_mainboard_3\BMS_MAINBOARD.SchDoc with 0402WGF1001TCE from JLC_PCB.SchLib
Replace Part RSCL 0402WGF1002TCE in C:\Users\user\Nextcloud\PC-SYNC\Projects\_source_codes\_all_git_repos\ramptastic\ramptronix\bms_mainboard_3\BMS_MAINBOARD.SchDoc with 0402WGF1002TCE from JLC_PCB.SchLib
Replace Part RSDA 0402WGF1002TCE in C:\Users\user\Nextcloud\PC-SYNC\Projects\_source_codes\_all_git_repos\ramptastic\ramptronix\bms_mainboard_3\BMS_MAINBOARD.SchDoc with 0402WGF1002TCE from JLC_PCB.SchLib
Replace Part RSHUNT 0402WGF1003TCE in C:\Users\user\Nextcloud\PC-SYNC\Projects\_source_codes\_all_git_repos\ramptastic\ramptronix\bms_mainboard_3\BMS_MAINBOARD.SchDoc with 0402WGF1003TCE from JLC_PCB.SchLib
Replace Part RSHUNT2 0402WGF1003TCE in C:\Users\user\Nextcloud\PC-SYNC\Projects\_source_codes\_all_git_repos\ramptastic\ramptronix\bms_mainboard_3\BMS_MAINBOARD.SchDoc with 0402WGF1003TCE from JLC_PCB.SchLib
Replace Part RSHUNT3 0402WGF1000TCE in C:\Users\user\Nextcloud\PC-SYNC\Projects\_source_codes\_all_git_repos\ramptastic\ramptronix\bms_mainboard_3\BMS_MAINBOARD.SchDoc with 0402WGF1000TCE from JLC_PCB.SchLib
Replace Part RSNS MRF6432(2512)LR001FTS in C:\Users\user\Nextcloud\PC-SYNC\Projects\_source_codes\_all_git_repos\ramptastic\ramptronix\bms_mainboard_3\BMS_MAINBOARD.SchDoc with MRF6432(2512)LR001FTS from JLC_PCB.SchLib
Replace Part RSNSN 0402WGF1000TCE in C:\Users\user\Nextcloud\PC-SYNC\Projects\_source_codes\_all_git_repos\ramptastic\ramptronix\bms_mainboard_3\BMS_MAINBOARD.SchDoc with 0402WGF1000TCE from JLC_PCB.SchLib
Replace Part RSNSP 0402WGF1000TCE in C:\Users\user\Nextcloud\PC-SYNC\Projects\_source_codes\_all_git_repos\ramptastic\ramptronix\bms_mainboard_3\BMS_MAINBOARD.SchDoc with 0402WGF1000TCE from JLC_PCB.SchLib
Replace Part RT_0B 0402WGF1002TCE in C:\Users\user\Nextcloud\PC-SYNC\Projects\_source_codes\_all_git_repos\ramptastic\ramptronix\bms_mainboard_3\BMS_MAINBOARD.SchDoc with 0402WGF1002TCE from JLC_PCB.SchLib
Replace Part RT_1B 0402WGF1002TCE in C:\Users\user\Nextcloud\PC-SYNC\Projects\_source_codes\_all_git_repos\ramptastic\ramptronix\bms_mainboard_3\BMS_MAINBOARD.SchDoc with 0402WGF1002TCE from JLC_PCB.SchLib
Replace Part RT_2B 0402WGF1002TCE in C:\Users\user\Nextcloud\PC-SYNC\Projects\_source_codes\_all_git_repos\ramptastic\ramptronix\bms_mainboard_3\BMS_MAINBOARD.SchDoc with 0402WGF1002TCE from JLC_PCB.SchLib
Replace Part RT_3B 0402WGF1002TCE in C:\Users\user\Nextcloud\PC-SYNC\Projects\_source_codes\_all_git_repos\ramptastic\ramptronix\bms_mainboard_3\BMS_MAINBOARD.SchDoc with 0402WGF1002TCE from JLC_PCB.SchLib
Replace Part RT_4B 0402WGF1002TCE in C:\Users\user\Nextcloud\PC-SYNC\Projects\_source_codes\_all_git_repos\ramptastic\ramptronix\bms_mainboard_3\BMS_MAINBOARD.SchDoc with 0402WGF1002TCE from JLC_PCB.SchLib
Replace Part RT_5B 0402WGF1002TCE in C:\Users\user\Nextcloud\PC-SYNC\Projects\_source_codes\_all_git_repos\ramptastic\ramptronix\bms_mainboard_3\BMS_MAINBOARD.SchDoc with 0402WGF1002TCE from JLC_PCB.SchLib
Replace Part RT_6B 0402WGF1002TCE in C:\Users\user\Nextcloud\PC-SYNC\Projects\_source_codes\_all_git_repos\ramptastic\ramptronix\bms_mainboard_3\BMS_MAINBOARD.SchDoc with 0402WGF1002TCE from JLC_PCB.SchLib
Replace Part RT_7B 0402WGF1002TCE in C:\Users\user\Nextcloud\PC-SYNC\Projects\_source_codes\_all_git_repos\ramptastic\ramptronix\bms_mainboard_3\BMS_MAINBOARD.SchDoc with 0402WGF1002TCE from JLC_PCB.SchLib
Replace Part RT_8B 0402WGF1002TCE in C:\Users\user\Nextcloud\PC-SYNC\Projects\_source_codes\_all_git_repos\ramptastic\ramptronix\bms_mainboard_3\BMS_MAINBOARD.SchDoc with 0402WGF1002TCE from JLC_PCB.SchLib
Replace Part RT_9B 0402WGF1002TCE in C:\Users\user\Nextcloud\PC-SYNC\Projects\_source_codes\_all_git_repos\ramptastic\ramptronix\bms_mainboard_3\BMS_MAINBOARD.SchDoc with 0402WGF1002TCE from JLC_PCB.SchLib
Replace Part RT_10B 0402WGF1002TCE in C:\Users\user\Nextcloud\PC-SYNC\Projects\_source_codes\_all_git_repos\ramptastic\ramptronix\bms_mainboard_3\BMS_MAINBOARD.SchDoc with 0402WGF1002TCE from JLC_PCB.SchLib
Replace Part RT_11B 0402WGF1002TCE in C:\Users\user\Nextcloud\PC-SYNC\Projects\_source_codes\_all_git_repos\ramptastic\ramptronix\bms_mainboard_3\BMS_MAINBOARD.SchDoc with 0402WGF1002TCE from JLC_PCB.SchLib
Replace Part RT_12B 0402WGF1002TCE in C:\Users\user\Nextcloud\PC-SYNC\Projects\_source_codes\_all_git_repos\ramptastic\ramptronix\bms_mainboard_3\BMS_MAINBOARD.SchDoc with 0402WGF1002TCE from JLC_PCB.SchLib
Replace Part RT_13B 0402WGF1002TCE in C:\Users\user\Nextcloud\PC-SYNC\Projects\_source_codes\_all_git_repos\ramptastic\ramptronix\bms_mainboard_3\BMS_MAINBOARD.SchDoc with 0402WGF1002TCE from JLC_PCB.SchLib
Replace Part RT_14B 0402WGF1002TCE in C:\Users\user\Nextcloud\PC-SYNC\Projects\_source_codes\_all_git_repos\ramptastic\ramptronix\bms_mainboard_3\BMS_MAINBOARD.SchDoc with 0402WGF1002TCE from JLC_PCB.SchLib
Replace Part SW1 TS-1187A-C-C-B in C:\Users\user\Nextcloud\PC-SYNC\Projects\_source_codes\_all_git_repos\ramptastic\ramptronix\bms_mainboard_3\BMS_MAINBOARD.SchDoc with TS-1187A-C-C-B from JLC_PCB.SchLib
Replace Part SW_WAKE TS-1187A-C-C-B in C:\Users\user\Nextcloud\PC-SYNC\Projects\_source_codes\_all_git_repos\ramptastic\ramptronix\bms_mainboard_3\BMS_MAINBOARD.SchDoc with TS-1187A-C-C-B from JLC_PCB.SchLib
Replace Part TS_C1_A NCP15XH103F03RC in C:\Users\user\Nextcloud\PC-SYNC\Projects\_source_codes\_all_git_repos\ramptastic\ramptronix\bms_mainboard_3\BMS_MAINBOARD.SchDoc with NCP15XH103F03RC from JLC_PCB.SchLib
Replace Part TS_C1_B NCP15XH103F03RC in C:\Users\user\Nextcloud\PC-SYNC\Projects\_source_codes\_all_git_repos\ramptastic\ramptronix\bms_mainboard_3\BMS_MAINBOARD.SchDoc with NCP15XH103F03RC from JLC_PCB.SchLib
Replace Part TS_C2_A NCP15XH103F03RC in C:\Users\user\Nextcloud\PC-SYNC\Projects\_source_codes\_all_git_repos\ramptastic\ramptronix\bms_mainboard_3\BMS_MAINBOARD.SchDoc with NCP15XH103F03RC from JLC_PCB.SchLib
Replace Part TS_C2_B NCP15XH103F03RC in C:\Users\user\Nextcloud\PC-SYNC\Projects\_source_codes\_all_git_repos\ramptastic\ramptronix\bms_mainboard_3\BMS_MAINBOARD.SchDoc with NCP15XH103F03RC from JLC_PCB.SchLib
Replace Part TS_C3_A NCP15XH103F03RC in C:\Users\user\Nextcloud\PC-SYNC\Projects\_source_codes\_all_git_repos\ramptastic\ramptronix\bms_mainboard_3\BMS_MAINBOARD.SchDoc with NCP15XH103F03RC from JLC_PCB.SchLib
Replace Part TS_C3_B NCP15XH103F03RC in C:\Users\user\Nextcloud\PC-SYNC\Projects\_source_codes\_all_git_repos\ramptastic\ramptronix\bms_mainboard_3\BMS_MAINBOARD.SchDoc with NCP15XH103F03RC from JLC_PCB.SchLib
Replace Part TS_C4_A NCP15XH103F03RC in C:\Users\user\Nextcloud\PC-SYNC\Projects\_source_codes\_all_git_repos\ramptastic\ramptronix\bms_mainboard_3\BMS_MAINBOARD.SchDoc with NCP15XH103F03RC from JLC_PCB.SchLib
Replace Part TS_C4_B NCP15XH103F03RC in C:\Users\user\Nextcloud\PC-SYNC\Projects\_source_codes\_all_git_repos\ramptastic\ramptronix\bms_mainboard_3\BMS_MAINBOARD.SchDoc with NCP15XH103F03RC from JLC_PCB.SchLib
Replace Part TS_C5_A NCP15XH103F03RC in C:\Users\user\Nextcloud\PC-SYNC\Projects\_source_codes\_all_git_repos\ramptastic\ramptronix\bms_mainboard_3\BMS_MAINBOARD.SchDoc with NCP15XH103F03RC from JLC_PCB.SchLib
Replace Part TS_C5_B NCP15XH103F03RC in C:\Users\user\Nextcloud\PC-SYNC\Projects\_source_codes\_all_git_repos\ramptastic\ramptronix\bms_mainboard_3\BMS_MAINBOARD.SchDoc with NCP15XH103F03RC from JLC_PCB.SchLib
Replace Part TS_C6_A NCP15XH103F03RC in C:\Users\user\Nextcloud\PC-SYNC\Projects\_source_codes\_all_git_repos\ramptastic\ramptronix\bms_mainboard_3\BMS_MAINBOARD.SchDoc with NCP15XH103F03RC from JLC_PCB.SchLib
Replace Part TS_C6_B NCP15XH103F03RC in C:\Users\user\Nextcloud\PC-SYNC\Projects\_source_codes\_all_git_repos\ramptastic\ramptronix\bms_mainboard_3\BMS_MAINBOARD.SchDoc with NCP15XH103F03RC from JLC_PCB.SchLib
Replace Part TS_C7_A NCP15XH103F03RC in C:\Users\user\Nextcloud\PC-SYNC\Projects\_source_codes\_all_git_repos\ramptastic\ramptronix\bms_mainboard_3\BMS_MAINBOARD.SchDoc with NCP15XH103F03RC from JLC_PCB.SchLib
Replace Part TS_C7_B NCP15XH103F03RC in C:\Users\user\Nextcloud\PC-SYNC\Projects\_source_codes\_all_git_repos\ramptastic\ramptronix\bms_mainboard_3\BMS_MAINBOARD.SchDoc with NCP15XH103F03RC from JLC_PCB.SchLib
Replace Part TS_C8_A NCP15XH103F03RC in C:\Users\user\Nextcloud\PC-SYNC\Projects\_source_codes\_all_git_repos\ramptastic\ramptronix\bms_mainboard_3\BMS_MAINBOARD.SchDoc with NCP15XH103F03RC from JLC_PCB.SchLib
Replace Part TS_C8_B NCP15XH103F03RC in C:\Users\user\Nextcloud\PC-SYNC\Projects\_source_codes\_all_git_repos\ramptastic\ramptronix\bms_mainboard_3\BMS_MAINBOARD.SchDoc with NCP15XH103F03RC from JLC_PCB.SchLib
Replace Part TS_C9_A NCP15XH103F03RC in C:\Users\user\Nextcloud\PC-SYNC\Projects\_source_codes\_all_git_repos\ramptastic\ramptronix\bms_mainboard_3\BMS_MAINBOARD.SchDoc with NCP15XH103F03RC from JLC_PCB.SchLib
Replace Part TS_C9_B NCP15XH103F03RC in C:\Users\user\Nextcloud\PC-SYNC\Projects\_source_codes\_all_git_repos\ramptastic\ramptronix\bms_mainboard_3\BMS_MAINBOARD.SchDoc with NCP15XH103F03RC from JLC_PCB.SchLib
Replace Part TS_C10_A NCP15XH103F03RC in C:\Users\user\Nextcloud\PC-SYNC\Projects\_source_codes\_all_git_repos\ramptastic\ramptronix\bms_mainboard_3\BMS_MAINBOARD.SchDoc with NCP15XH103F03RC from JLC_PCB.SchLib
Replace Part TS_C10_B NCP15XH103F03RC in C:\Users\user\Nextcloud\PC-SYNC\Projects\_source_codes\_all_git_repos\ramptastic\ramptronix\bms_mainboard_3\BMS_MAINBOARD.SchDoc with NCP15XH103F03RC from JLC_PCB.SchLib
Replace Part TS_C11_A NCP15XH103F03RC in C:\Users\user\Nextcloud\PC-SYNC\Projects\_source_codes\_all_git_repos\ramptastic\ramptronix\bms_mainboard_3\BMS_MAINBOARD.SchDoc with NCP15XH103F03RC from JLC_PCB.SchLib
Replace Part TS_C11_B NCP15XH103F03RC in C:\Users\user\Nextcloud\PC-SYNC\Projects\_source_codes\_all_git_repos\ramptastic\ramptronix\bms_mainboard_3\BMS_MAINBOARD.SchDoc with NCP15XH103F03RC from JLC_PCB.SchLib
Replace Part TS_C12_A NCP15XH103F03RC in C:\Users\user\Nextcloud\PC-SYNC\Projects\_source_codes\_all_git_repos\ramptastic\ramptronix\bms_mainboard_3\BMS_MAINBOARD.SchDoc with NCP15XH103F03RC from JLC_PCB.SchLib
Replace Part TS_C12_B NCP15XH103F03RC in C:\Users\user\Nextcloud\PC-SYNC\Projects\_source_codes\_all_git_repos\ramptastic\ramptronix\bms_mainboard_3\BMS_MAINBOARD.SchDoc with NCP15XH103F03RC from JLC_PCB.SchLib
Replace Part TS_C13_B NCP15XH103F03RC in C:\Users\user\Nextcloud\PC-SYNC\Projects\_source_codes\_all_git_repos\ramptastic\ramptronix\bms_mainboard_3\BMS_MAINBOARD.SchDoc with NCP15XH103F03RC from JLC_PCB.SchLib
Replace Part TS_C13A NCP15XH103F03RC in C:\Users\user\Nextcloud\PC-SYNC\Projects\_source_codes\_all_git_repos\ramptastic\ramptronix\bms_mainboard_3\BMS_MAINBOARD.SchDoc with NCP15XH103F03RC from JLC_PCB.SchLib
Replace Part TS_C14_A NCP15XH103F03RC in C:\Users\user\Nextcloud\PC-SYNC\Projects\_source_codes\_all_git_repos\ramptastic\ramptronix\bms_mainboard_3\BMS_MAINBOARD.SchDoc with NCP15XH103F03RC from JLC_PCB.SchLib
Replace Part TS_C14_B NCP15XH103F03RC in C:\Users\user\Nextcloud\PC-SYNC\Projects\_source_codes\_all_git_repos\ramptastic\ramptronix\bms_mainboard_3\BMS_MAINBOARD.SchDoc with NCP15XH103F03RC from JLC_PCB.SchLib
Replace Part TSQ1a 2N7002 in C:\Users\user\Nextcloud\PC-SYNC\Projects\_source_codes\_all_git_repos\ramptastic\ramptronix\bms_mainboard_3\BMS_MAINBOARD.SchDoc with 2N7002 from JLC_PCB.SchLib
Replace Part TSQ1b 2N7002 in C:\Users\user\Nextcloud\PC-SYNC\Projects\_source_codes\_all_git_repos\ramptastic\ramptronix\bms_mainboard_3\BMS_MAINBOARD.SchDoc with 2N7002 from JLC_PCB.SchLib
Replace Part U2 74HC4067PW,118 in C:\Users\user\Nextcloud\PC-SYNC\Projects\_source_codes\_all_git_repos\ramptastic\ramptronix\bms_mainboard_3\BMS_MAINBOARD.SchDoc with 74HC4067PW,118 from JLC_PCB.SchLib
Replace Part U3V LM317AG-TN3-R in C:\Users\user\Nextcloud\PC-SYNC\Projects\_source_codes\_all_git_repos\ramptastic\ramptronix\bms_mainboard_3\BMS_MAINBOARD.SchDoc with LM317AG-TN3-R from JLC_PCB.SchLib
Replace Part U5V LM317AG-TN3-R in C:\Users\user\Nextcloud\PC-SYNC\Projects\_source_codes\_all_git_repos\ramptastic\ramptronix\bms_mainboard_3\BMS_MAINBOARD.SchDoc with LM317AG-TN3-R from JLC_PCB.SchLib
Replace Part U100 GD32F103CBT6 in C:\Users\user\Nextcloud\PC-SYNC\Projects\_source_codes\_all_git_repos\ramptastic\ramptronix\bms_mainboard_3\BMS_MAINBOARD.SchDoc with GD32F103CBT6 from JLC_PCB.SchLib
Replace Part Y100 X50328MSB2GI in C:\Users\user\Nextcloud\PC-SYNC\Projects\_source_codes\_all_git_repos\ramptastic\ramptronix\bms_mainboard_3\BMS_MAINBOARD.SchDoc with X50328MSB2GI from JLC_PCB.SchLib
