Added Component: Designator=C3V2(C_0402)
Add component. Clean all parameters for all variants
Add component (AddParameter): Name = "JLC Availability"; Value = "Basic"; VariantName = "[No Variations]"
Add component (AddParameter): Name = "LCSC Part #"; Value = "C52923"; VariantName = "[No Variations]"
Add component (AddParameter): Name = "Value"; Value = "1uF"; VariantName = "[No Variations]"
Add component (AddParameter): Name = "WVDC"; Value = "16"; VariantName = "[No Variations]"
Added Component: Designator=C3V3(C_0402)
Add component. Clean all parameters for all variants
Add component (AddParameter): Name = "JLC Availability"; Value = "Basic"; VariantName = "[No Variations]"
Add component (AddParameter): Name = "LCSC Part #"; Value = "C52923"; VariantName = "[No Variations]"
Add component (AddParameter): Name = "Value"; Value = "1uF"; VariantName = "[No Variations]"
Add component (AddParameter): Name = "WVDC"; Value = "16"; VariantName = "[No Variations]"
Added Component: Designator=C5V4(C_0402)
Add component. Clean all parameters for all variants
Add component (AddParameter): Name = "JLC Availability"; Value = "Basic"; VariantName = "[No Variations]"
Add component (AddParameter): Name = "LCSC Part #"; Value = "C52923"; VariantName = "[No Variations]"
Add component (AddParameter): Name = "Value"; Value = "1uF"; VariantName = "[No Variations]"
Add component (AddParameter): Name = "WVDC"; Value = "16"; VariantName = "[No Variations]"
Added Component: Designator=R3V0(R_0402)
Add component. Clean all parameters for all variants
Add component (AddParameter): Name = "JLC Availability"; Value = "Basic"; VariantName = "[No Variations]"
Add component (AddParameter): Name = "LCSC Part #"; Value = "C17168"; VariantName = "[No Variations]"
Add component (AddParameter): Name = "Value"; Value = "0R"; VariantName = "[No Variations]"
Added Component: Designator=R3V1(R_0402)
Add component. Clean all parameters for all variants
Add component (AddParameter): Name = "JLC Availability"; Value = "Basic"; VariantName = "[No Variations]"
Add component (AddParameter): Name = "LCSC Part #"; Value = "C25104"; VariantName = "[No Variations]"
Add component (AddParameter): Name = "Value"; Value = "330R"; VariantName = "[No Variations]"
Added Component: Designator=R3V2(R_0402)
Add component. Clean all parameters for all variants
Add component (AddParameter): Name = "JLC Availability"; Value = "Basic"; VariantName = "[No Variations]"
Add component (AddParameter): Name = "LCSC Part #"; Value = "C11702"; VariantName = "[No Variations]"
Add component (AddParameter): Name = "Value"; Value = "1k"; VariantName = "[No Variations]"
Added Component: Designator=R3V3(R_0402)
Add component. Clean all parameters for all variants
Add component (AddParameter): Name = "JLC Availability"; Value = "Basic"; VariantName = "[No Variations]"
Add component (AddParameter): Name = "LCSC Part #"; Value = "C11702"; VariantName = "[No Variations]"
Add component (AddParameter): Name = "Value"; Value = "1k"; VariantName = "[No Variations]"
Added Component: Designator=R_3V3(R_0402)
Add component. Clean all parameters for all variants
Add component (AddParameter): Name = "JLC Availability"; Value = "Basic"; VariantName = "[No Variations]"
Add component (AddParameter): Name = "LCSC Part #"; Value = "C25076"; VariantName = "[No Variations]"
Add component (AddParameter): Name = "Value"; Value = "100R"; VariantName = "[No Variations]"
Added Component: Designator=R_3V4(R_0402)
Add component. Clean all parameters for all variants
Add component (AddParameter): Name = "JLC Availability"; Value = "Basic"; VariantName = "[No Variations]"
Add component (AddParameter): Name = "LCSC Part #"; Value = "C25076"; VariantName = "[No Variations]"
Add component (AddParameter): Name = "Value"; Value = "100R"; VariantName = "[No Variations]"
Added Component: Designator=U3V(TO-252AA)
Add component. Clean all parameters for all variants
Add component (AddParameter): Name = "JLC Availability"; Value = "Basic"; VariantName = "[No Variations]"
Add component (AddParameter): Name = "LCSC Part #"; Value = "C75510"; VariantName = "[No Variations]"
Add component (AddParameter): Name = "VOut"; Value = "ADJ"; VariantName = "[No Variations]"
Added Pin To Net: NetName=GND Pin=C3V2-1
Added Pin To Net: NetName=GND Pin=C3V3-1
Added Pin To Net: NetName=GND Pin=C5V4-1
Added Pin To Net: NetName=+5VDC Pin=C5V4-2
Added Pin To Net: NetName=GND Pin=R_3V3-1
Added Pin To Net: NetName=GND Pin=R_3V4-1
Added Pin To Net: NetName=+5VDC Pin=U3V-3
Added Pin To Net: NetName=+3V3 Pin=C3V2-2
Added Pin To Net: NetName=+3V3 Pin=C3V3-2
Added Pin To Net: NetName=+3V3 Pin=R3V0-2
Added Pin To Net: NetName=+3V3 Pin=R3V1-2
Added Net: Name=+3V3
Added Pin To Net: NetName=NetR3V0_1 Pin=R3V0-1
Added Pin To Net: NetName=NetR3V0_1 Pin=U3V-2
Added Net: Name=NetR3V0_1
Added Pin To Net: NetName=NetR3V1_1 Pin=R3V1-1
Added Pin To Net: NetName=NetR3V1_1 Pin=R3V2-2
Added Pin To Net: NetName=NetR3V1_1 Pin=R3V3-2
Added Pin To Net: NetName=NetR3V1_1 Pin=U3V-1
Added Net: Name=NetR3V1_1
Added Pin To Net: NetName=NetR3V2_1 Pin=R3V2-1
Added Pin To Net: NetName=NetR3V2_1 Pin=R3V3-1
Added Pin To Net: NetName=NetR3V2_1 Pin=R_3V3-2
Added Pin To Net: NetName=NetR3V2_1 Pin=R_3V4-2
Added Net: Name=NetR3V2_1
Added Member To Class: ClassName=BMS_MAINBOARD Member=Component C3V2 CL05A105KA5NQNC
Added Member To Class: ClassName=BMS_MAINBOARD Member=Component C3V3 CL05A105KA5NQNC
Added Member To Class: ClassName=BMS_MAINBOARD Member=Component C5V4 CL05A105KA5NQNC
Added Member To Class: ClassName=BMS_MAINBOARD Member=Component R3V0 0402WGF0000TCE
Added Member To Class: ClassName=BMS_MAINBOARD Member=Component R3V1 0402WGF3300TCE
Added Member To Class: ClassName=BMS_MAINBOARD Member=Component R3V2 0402WGF1001TCE
Added Member To Class: ClassName=BMS_MAINBOARD Member=Component R3V3 0402WGF1001TCE
Added Member To Class: ClassName=BMS_MAINBOARD Member=Component R_3V3 0402WGF1000TCE
Added Member To Class: ClassName=BMS_MAINBOARD Member=Component R_3V4 0402WGF1000TCE
Added Member To Class: ClassName=BMS_MAINBOARD Member=Component U3V LM317AG-TN3-R
