Removed Pin From Net: NetName=VCC_3V3 Pin=C102-1
Removed Pin From Net: NetName=VCC_3V3 Pin=C104-1
Removed Pin From Net: NetName=VCC_3V3 Pin=U0-1
Removed Pin From Net: NetName=AFE_ALERT Pin=U0-2
Removed Pin From Net: NetName=3V3_EN Pin=U0-3
Removed Pin From Net: NetName=NetC100_2 Pin=U0-5
Removed Pin From Net: NetName=NetC101_2 Pin=U0-6
Removed Pin From Net: NetName=NRST Pin=U0-7
Removed Pin From Net: NetName=A_GND Pin=U0-12
Removed Pin From Net: NetName=VDDA Pin=U0-13
Removed Pin From Net: NetName=WAKEUP_D_R Pin=U0-14
Removed Pin From Net: NetName=LED_2 Pin=U0-16
Removed Pin From Net: NetName=LED_3 Pin=U0-17
Removed Pin From Net: NetName=GND Pin=U0-18
Removed Pin From Net: NetName=LED_4 Pin=U0-20
Removed Pin From Net: NetName=VCC_3V3 Pin=U0-28
Removed Pin From Net: NetName=VCC_3V3 Pin=U0-29
Removed Pin From Net: NetName=VCC_3V3 Pin=U0-30
Removed Pin From Net: NetName=VCC_3V3 Pin=U0-32
Removed Pin From Net: NetName=VCC_3V3 Pin=U0-33
Removed Pin From Net: NetName=TS_EN_a Pin=U0-35
Removed Pin From Net: NetName=TS_EN_b Pin=U0-36
Removed Pin From Net: NetName=BATT_EN Pin=U0-41
Removed Pin From Net: NetName=HTR_EN Pin=U0-42
Removed Pin From Net: NetName=USB_DM_R Pin=U0-44
Removed Pin From Net: NetName=USB_DP_R Pin=U0-45
Removed Pin From Net: NetName=VCC_3V3 Pin=U0-46
Removed Pin From Net: NetName=VCC_3V3 Pin=U0-47
Removed Pin From Net: NetName=VCC_3V3 Pin=U0-48
Removed Pin From Net: NetName=SWCLK Pin=U0-49
Removed Pin From Net: NetName=DATA_BUS_A2 Pin=U0-50
Removed Pin From Net: NetName=DATA_BUS_A3 Pin=U0-55
Removed Pin From Net: NetName=DATA_BUS_A0 Pin=U0-56
Removed Pin From Net: NetName=DATA_BUS_A1 Pin=U0-57
Removed Pin From Net: NetName=B_SCL Pin=U0-58
Removed Pin From Net: NetName=GND Pin=U0-60
Removed Pin From Net: NetName=CAN_RX Pin=U0-61
Removed Pin From Net: NetName=CAN_TX Pin=U0-62
Removed Pin From Net: NetName=GND Pin=U0-63
Removed Pin From Net: NetName=VCC_3V3 Pin=U0-64
Removed Pin From Net: NetName=VCC_3V3 Pin=U100-20
Removed Pin From Net: NetName=VCC_3V3 Pin=U100-21
Removed Pin From Net: NetName=VCC_3V3 Pin=U100-22
Removed Pin From Net: NetName=VCC_3V3 Pin=U100-25
Removed Pin From Net: NetName=VCC_3V3 Pin=U100-34
Added Pin To Net: NetName=GND Pin=C102-1
Added Pin To Net: NetName=GND Pin=C104-1
Added Pin To Net: NetName=^PB2_BOOT1 Pin=U100-20
Added Pin To Net: NetName=AFE_SCL Pin=U100-21
Added Pin To Net: NetName=AFE_SDA Pin=U100-22
Added Pin To Net: NetName=AFE_WAKE Pin=U100-25
Added Pin To Net: NetName=SWDIO Pin=U100-34
Added Member To Class: ClassName=BMS_MAINBOARD Member=Component U0 GD32F405RGT6
