Added Component: Designator=NT_C1(NET_TIE)
Add component. Clean all parameters for all variants
Added Component: Designator=NT_C3(NET_TIE)
Add component. Clean all parameters for all variants
Added Component: Designator=NT_C5(NET_TIE)
Add component. Clean all parameters for all variants
Added Component: Designator=NT_C6(NET_TIE)
Add component. Clean all parameters for all variants
Added Component: Designator=NT_C7(NET_TIE)
Add component. Clean all parameters for all variants
Added Component: Designator=NT_C9(NET_TIE)
Add component. Clean all parameters for all variants
Added Component: Designator=NT_C10(NET_TIE)
Add component. Clean all parameters for all variants
Added Component: Designator=NT_C12(NET_TIE)
Add component. Clean all parameters for all variants
Added Component: Designator=NT_C14(NET_TIE)
Add component. Clean all parameters for all variants
Added Component: Designator=RSNS(R_2512)
Add component. Clean all parameters for all variants
Add component (AddParameter): Name = "ComponentLink1Description"; Value = "http://riedon.com/media/pdf/CSR.pdf"; VariantName = "[No Variations]"
Add component (AddParameter): Name = "ComponentLink1URL"; Value = "http://riedon.com/media/pdf/CSR.pdf"; VariantName = "[No Variations]"
Add component (AddParameter): Name = "JLC Availability"; Value = "Extended"; VariantName = "[No Variations]"
Add component (AddParameter): Name = "LCSC Part #"; Value = "C76233"; VariantName = "[No Variations]"
Add component (AddParameter): Name = "Power"; Value = "2W"; VariantName = "[No Variations]"
Added Pin To Net: NetName=CELL1 Pin=NT_C1-1
Added Pin To Net: NetName=C1 Pin=NT_C1-2
Added Pin To Net: NetName=CELL3 Pin=NT_C3-1
Added Pin To Net: NetName=C3 Pin=NT_C3-2
Added Pin To Net: NetName=CELL5 Pin=NT_C5-1
Added Pin To Net: NetName=C5 Pin=NT_C5-2
Added Pin To Net: NetName=C6 Pin=NT_C6-1
Added Pin To Net: NetName=CELL6 Pin=NT_C6-2
Added Pin To Net: NetName=CELL7 Pin=NT_C7-1
Added Pin To Net: NetName=C7 Pin=NT_C7-2
Added Pin To Net: NetName=CELL9 Pin=NT_C9-1
Added Pin To Net: NetName=C9 Pin=NT_C9-2
Added Pin To Net: NetName=C10 Pin=NT_C10-1
Added Pin To Net: NetName=CELL10 Pin=NT_C10-2
Added Pin To Net: NetName=C12 Pin=NT_C12-1
Added Pin To Net: NetName=CELL12 Pin=NT_C12-2
Added Pin To Net: NetName=C15 Pin=NT_C14-1
Added Pin To Net: NetName=CELL14 Pin=NT_C14-2
Added Pin To Net: NetName=GND Pin=RSNS-1
Added Pin To Net: NetName=PACK- Pin=RSNS-2
Added Member To Class: ClassName=BMS_MAINBOARD Member=Component NT_C0 0
Added Member To Class: ClassName=BMS_MAINBOARD Member=Component NT_C1 0
Added Member To Class: ClassName=BMS_MAINBOARD Member=Component NT_C3 0
Added Member To Class: ClassName=BMS_MAINBOARD Member=Component NT_C5 0
Added Member To Class: ClassName=BMS_MAINBOARD Member=Component NT_C6 0
Added Member To Class: ClassName=BMS_MAINBOARD Member=Component NT_C7 0
Added Member To Class: ClassName=BMS_MAINBOARD Member=Component NT_C9 0
Added Member To Class: ClassName=BMS_MAINBOARD Member=Component NT_C10 0
Added Member To Class: ClassName=BMS_MAINBOARD Member=Component NT_C12 0
Added Member To Class: ClassName=BMS_MAINBOARD Member=Component NT_C14 0
Added Member To Class: ClassName=BMS_MAINBOARD Member=Component RSNS 1m
