Removed Pin From Net: NetName=WAKEUP_D Pin=D11-1
Removed Pin From Net: NetName=STAYUP Pin=D11-2
Removed Pin From Net: NetName=WAKEUP_D Pin=Q18-1
Removed Pin From Net: NetName=NetDS_6_2 Pin=R_CMOS-1
Removed Pin From Net: NetName=WAKEUP_D Pin=U100-10
Removed Member From Class: ClassName=BMS_MAINBOARD Member=D11
Removed Member From Class: ClassName=BMS_MAINBOARD Member=R_CMOS
Added Component: Designator=R_Q18G(R_0402)
Add component. Clean all parameters for all variants
Add component (AddParameter): Name = "JLC Availability"; Value = "Basic"; VariantName = "[No Variations]"
Add component (AddParameter): Name = "LCSC Part #"; Value = "C25744"; VariantName = "[No Variations]"
Add component (AddParameter): Name = "Value"; Value = "10k"; VariantName = "[No Variations]"
Added Component: Designator=R_WK(R_0402)
Add component. Clean all parameters for all variants
Add component (AddParameter): Name = "JLC Availability"; Value = "Basic"; VariantName = "[No Variations]"
Add component (AddParameter): Name = "LCSC Part #"; Value = "C25076"; VariantName = "[No Variations]"
Add component (AddParameter): Name = "Value"; Value = "100R"; VariantName = "[No Variations]"
Added Component: Designator=SW_WAKE(TS-1187A-C-C-B)
Add component. Clean all parameters for all variants
Add component (AddParameter): Name = "JLC Availability"; Value = "Extended"; VariantName = "[No Variations]"
Add component (AddParameter): Name = "LCSC Part #"; Value = "C318889"; VariantName = "[No Variations]"
Added Pin To Net: NetName=GND Pin=R_Q18G-2
Added Pin To Net: NetName=WAKEUP_D Pin=R_WK-2
Added Pin To Net: NetName=NetQ18_3 Pin=SW_WAKE-1
Added Pin To Net: NetName=NetQ18_3 Pin=SW_WAKE-1
Added Pin To Net: NetName=GND Pin=SW_WAKE-2
Added Pin To Net: NetName=GND Pin=SW_WAKE-2
Added Pin To Net: NetName=WAKEUP_D_R Pin=Q18-1
Added Pin To Net: NetName=WAKEUP_D_R Pin=R_Q18G-1
Added Pin To Net: NetName=WAKEUP_D_R Pin=R_WK-1
Added Pin To Net: NetName=WAKEUP_D_R Pin=U100-10
Added Net: Name=WAKEUP_D_R
Added Member To Class: ClassName=BMS_MAINBOARD Member=Component R_Q18G 0402WGF1002TCE
Added Member To Class: ClassName=BMS_MAINBOARD Member=Component R_WK 0402WGF1000TCE
Added Member To Class: ClassName=BMS_MAINBOARD Member=Component SW_WAKE TS-1187A-C-C-B
