Removed Pin From Net: NetName=VCMOS Pin=Q10-3
Removed Pin From Net: NetName=WAKEUP Pin=Q11-1
Removed Pin From Net: NetName=GND Pin=Q12-2
Removed Pin From Net: NetName=WAKEUP Pin=Q13-1
Removed Pin From Net: NetName=GND Pin=Q13-2
Removed Pin From Net: NetName=GND Pin=Q14-2
Removed Pin From Net: NetName=VCC_5V1 Pin=Q19-2
Removed Pin From Net: NetName=NetQ19_3 Pin=Q19-3
Removed Pin From Net: NetName=VCC_3V3_SW Pin=Q_3V3-2
Removed Pin From Net: NetName=VCC_3V3 Pin=Q_3V3-3
Removed Pin From Net: NetName=VCMOS Pin=R10-2
Removed Pin From Net: NetName=VCMOS Pin=R11-1
Removed Member From Class: ClassName=BMS_MAINBOARD Member=C10
Removed Member From Class: ClassName=BMS_MAINBOARD Member=Q10
Removed Member From Class: ClassName=BMS_MAINBOARD Member=Q11
Removed Member From Class: ClassName=BMS_MAINBOARD Member=Q12
Removed Member From Class: ClassName=BMS_MAINBOARD Member=Q13
Removed Member From Class: ClassName=BMS_MAINBOARD Member=Q14
Removed Member From Class: ClassName=BMS_MAINBOARD Member=Q15
Removed Member From Class: ClassName=BMS_MAINBOARD Member=R10
Removed Member From Class: ClassName=BMS_MAINBOARD Member=R11
Added Component: Designator=RDS_5(R_0402)
Add component. Clean all parameters for all variants
Add component (AddParameter): Name = "JLC Availability"; Value = "Basic"; VariantName = "[No Variations]"
Add component (AddParameter): Name = "LCSC Part #"; Value = "C17168"; VariantName = "[No Variations]"
Add component (AddParameter): Name = "Value"; Value = "0R"; VariantName = "[No Variations]"
Added Component: Designator=RDS_6(R_0402)
Add component. Clean all parameters for all variants
Add component (AddParameter): Name = "JLC Availability"; Value = "Basic"; VariantName = "[No Variations]"
Add component (AddParameter): Name = "LCSC Part #"; Value = "C17168"; VariantName = "[No Variations]"
Add component (AddParameter): Name = "Value"; Value = "0R"; VariantName = "[No Variations]"
Added Pin To Net: NetName=NetQ19_3 Pin=Q19-2
Added Pin To Net: NetName=VCC_5V1 Pin=Q19-3
Added Pin To Net: NetName=VCC_3V3 Pin=Q_3V3-2
Added Pin To Net: NetName=VCC_3V3_SW Pin=Q_3V3-3
Added Pin To Net: NetName=NetDS_4_2 Pin=RDS_5-1
Added Pin To Net: NetName=NetDS_5_2 Pin=RDS_5-2
Added Pin To Net: NetName=NetDS_5_2 Pin=RDS_6-1
Added Pin To Net: NetName=NetDS_6_2 Pin=RDS_6-2
Change Net Name : Old Net Name=NetQ19_3 New Net Name=NetQ19_2
Added Member To Class: ClassName=BMS_MAINBOARD Member=Component RDS_5 0402WGF0000TCE
Added Member To Class: ClassName=BMS_MAINBOARD Member=Component RDS_6 0402WGF0000TCE
PCB-ECO: Change Pad Pin/Pkg Length: Old=0mil New=30mil
PCB-ECO: Change Pad Pin/Pkg Length: Old=0mil New=30mil
PCB-ECO: Change Pad Pin/Pkg Length: Old=0mil New=30mil
PCB-ECO: Change Pad Pin/Pkg Length: Old=0mil New=30mil
PCB-ECO: Change Pad Pin/Pkg Length: Old=0mil New=30mil
PCB-ECO: Change Pad Pin/Pkg Length: Old=0mil New=30mil
PCB-ECO: Change Pad Pin/Pkg Length: Old=0mil New=30mil
PCB-ECO: Change Pad Pin/Pkg Length: Old=0mil New=30mil
PCB-ECO: Change Pad Pin/Pkg Length: Old=0mil New=30mil
PCB-ECO: Change Pad Pin/Pkg Length: Old=0mil New=30mil
