Added Pin To Net: NetName=GND Pin=C7_Q2-2
Added Pin To Net: NetName=GND Pin=C7_Q2R-2
Added Pin To Net: NetName=CELL_VSENSE Pin=C7_RSNS-2
Added Pin To Net: NetName=C7_SENSE Pin=C7_Q2-1
Added Pin To Net: NetName=C7_SENSE Pin=C7_Q2R-1
Added Net: Name=C7_SENSE
Added Pin To Net: NetName=NetC7_D1_1 Pin=C7_D1-1
Added Pin To Net: NetName=NetC7_D1_1 Pin=C7_Q1-1
Added Pin To Net: NetName=NetC7_D1_1 Pin=C7_QR1-2
Added Pin To Net: NetName=NetC7_D1_1 Pin=C7_QR2-1
Added Net: Name=NetC7_D1_1
Added Pin To Net: NetName=NetC7_D1_2 Pin=C7_D1-2
Added Pin To Net: NetName=NetC7_D1_2 Pin=C7_Q1-3
Added Pin To Net: NetName=NetC7_D1_2 Pin=C7_RSNS-1
Added Net: Name=NetC7_D1_2
Added Pin To Net: NetName=SG_7 Pin=C7_Q2-3
Added Pin To Net: NetName=SG_7 Pin=C7_QR2-2
Added Net: Name=SG_7
Added Member To Class: ClassName=BMS_MAINBOARD Member=Component C7_D1 1N4148WS
Added Member To Class: ClassName=BMS_MAINBOARD Member=Component C7_Q1 AO3401A
Added Member To Class: ClassName=BMS_MAINBOARD Member=Component C7_Q2R 0402WGF1002TCE
Added Member To Class: ClassName=BMS_MAINBOARD Member=Component C7_Q2 2N7002
Added Member To Class: ClassName=BMS_MAINBOARD Member=Component C7_QR1 0402WGF1002TCE
Added Member To Class: ClassName=BMS_MAINBOARD Member=Component C7_QR2 0402WGF1002TCE
Added Member To Class: ClassName=BMS_MAINBOARD Member=Component C7_RSNS 0402WGF1002TCE
