Removed Pin From Net: NetName=GND Pin=C14_C4-1
Removed Pin From Net: NetName=CELL_14_SUM_V Pin=C14_C4-2
Removed Pin From Net: NetName=CELL14_FP Pin=C14_D1-1
Removed Pin From Net: NetName=CELL_14_SUM_V Pin=C14_D3-1
Removed Pin From Net: NetName=GND Pin=C14_D4-2
Removed Pin From Net: NetName=EXCITER Pin=C14_R5-2
Removed Pin From Net: NetName=CELL_14_SUM_V Pin=C14_R7-1
Removed Pin From Net: NetName=GND Pin=C14_R7-2
Removed Member From Class: ClassName=BMS_MAINBOARD Member=C14_C2
Removed Member From Class: ClassName=BMS_MAINBOARD Member=C14_C3
Removed Member From Class: ClassName=BMS_MAINBOARD Member=C14_C4
Removed Member From Class: ClassName=BMS_MAINBOARD Member=C14_D1
Removed Member From Class: ClassName=BMS_MAINBOARD Member=C14_D2
Removed Member From Class: ClassName=BMS_MAINBOARD Member=C14_D3
Removed Member From Class: ClassName=BMS_MAINBOARD Member=C14_D4
Removed Member From Class: ClassName=BMS_MAINBOARD Member=C14_R5
Removed Member From Class: ClassName=BMS_MAINBOARD Member=C14_R7
Change Component Comment : Designator=R_EX_1 Old Comment=0402WGF1002TCE New Comment=0402WGF1001TCE
Change component parameters: Designator = "R_EX_1"; Footprint = "R_0402"; UniqueID = "\HYYDSQWO"
Change component parameters. Clean all parameters for all variants
Change component parameters (AddParameter): Name = "JLC Availability"; Value = "Basic"; VariantName = "[No Variations]"
Change component parameters (AddParameter): Name = "LCSC Part #"; Value = "C11702"; VariantName = "[No Variations]"
Change component parameters (AddParameter): Name = "Value"; Value = "1k"; VariantName = "[No Variations]"
Added Component: Designator=C14_D_1(SOD-323)
Add component. Clean all parameters for all variants
Add component (AddParameter): Name = "If"; Value = "150mA"; VariantName = "[No Variations]"
Add component (AddParameter): Name = "JLC Availability"; Value = "Basic"; VariantName = "[No Variations]"
Add component (AddParameter): Name = "LCSC Part #"; Value = "C2128"; VariantName = "[No Variations]"
Add component (AddParameter): Name = "PIV"; Value = "100V"; VariantName = "[No Variations]"
Add component (AddParameter): Name = "Trr"; Value = "4ns"; VariantName = "[No Variations]"
Added Component: Designator=C14_Q2R_1(R_0402)
Add component. Clean all parameters for all variants
Add component (AddParameter): Name = "JLC Availability"; Value = "Basic"; VariantName = "[No Variations]"
Add component (AddParameter): Name = "LCSC Part #"; Value = "C25744"; VariantName = "[No Variations]"
Add component (AddParameter): Name = "Value"; Value = "10k"; VariantName = "[No Variations]"
Added Component: Designator=C14_Q_1(TO-236AB)
Add component. Clean all parameters for all variants
Add component (AddParameter): Name = "JLC Availability"; Value = "Basic"; VariantName = "[No Variations]"
Add component (AddParameter): Name = "LCSC Part #"; Value = "C15127"; VariantName = "[No Variations]"
Added Component: Designator=C14_Q_2(TO-236AB)
Add component. Clean all parameters for all variants
Add component (AddParameter): Name = "JLC Availability"; Value = "Basic"; VariantName = "[No Variations]"
Add component (AddParameter): Name = "LCSC Part #"; Value = "C8545"; VariantName = "[No Variations]"
Add component (AddParameter): Name = "WVDC"; Value = "60"; VariantName = "[No Variations]"
Added Component: Designator=C14_QR_1(R_0402)
Add component. Clean all parameters for all variants
Add component (AddParameter): Name = "JLC Availability"; Value = "Basic"; VariantName = "[No Variations]"
Add component (AddParameter): Name = "LCSC Part #"; Value = "C25744"; VariantName = "[No Variations]"
Add component (AddParameter): Name = "Value"; Value = "10k"; VariantName = "[No Variations]"
Added Component: Designator=C14_QR_2(R_0402)
Add component. Clean all parameters for all variants
Add component (AddParameter): Name = "JLC Availability"; Value = "Basic"; VariantName = "[No Variations]"
Add component (AddParameter): Name = "LCSC Part #"; Value = "C25744"; VariantName = "[No Variations]"
Add component (AddParameter): Name = "Value"; Value = "10k"; VariantName = "[No Variations]"
Added Component: Designator=C14_RSNS(R_0402)
Add component. Clean all parameters for all variants
Add component (AddParameter): Name = "JLC Availability"; Value = "Basic"; VariantName = "[No Variations]"
Add component (AddParameter): Name = "LCSC Part #"; Value = "C25744"; VariantName = "[No Variations]"
Add component (AddParameter): Name = "Value"; Value = "10k"; VariantName = "[No Variations]"
Added Pin To Net: NetName=GND Pin=C14_Q2R_1-2
Added Pin To Net: NetName=CELL14_FP Pin=C14_Q_1-2
Added Pin To Net: NetName=GND Pin=C14_Q_2-2
Added Pin To Net: NetName=CELL14_FP Pin=C14_QR_1-1
Added Pin To Net: NetName=C14_SENSE Pin=C14_Q2R_1-1
Added Pin To Net: NetName=C14_SENSE Pin=C14_Q_2-1
Added Net: Name=C14_SENSE
Added Pin To Net: NetName=CELL_VSENSE Pin=C14_RSNS-2
Added Net: Name=CELL_VSENSE
Added Pin To Net: NetName=NetC14_D_1_1 Pin=C14_D_1-1
Added Pin To Net: NetName=NetC14_D_1_1 Pin=C14_Q_1-1
Added Pin To Net: NetName=NetC14_D_1_1 Pin=C14_QR_1-2
Added Pin To Net: NetName=NetC14_D_1_1 Pin=C14_QR_2-1
Added Net: Name=NetC14_D_1_1
Added Pin To Net: NetName=NetC14_D_1_2 Pin=C14_D_1-2
Added Pin To Net: NetName=NetC14_D_1_2 Pin=C14_Q_1-3
Added Pin To Net: NetName=NetC14_D_1_2 Pin=C14_RSNS-1
Added Net: Name=NetC14_D_1_2
Added Pin To Net: NetName=SG_14 Pin=C14_Q_2-3
Added Pin To Net: NetName=SG_14 Pin=C14_QR_2-2
Added Net: Name=SG_14
Added Member To Class: ClassName=BMS_MAINBOARD Member=Component C14_D_1 1N4148WS
Added Member To Class: ClassName=BMS_MAINBOARD Member=Component C14_Q2R_1 0402WGF1002TCE
Added Member To Class: ClassName=BMS_MAINBOARD Member=Component C14_Q_1 AO3401A
Added Member To Class: ClassName=BMS_MAINBOARD Member=Component C14_Q_2 2N7002
Added Member To Class: ClassName=BMS_MAINBOARD Member=Component C14_QR_1 0402WGF1002TCE
Added Member To Class: ClassName=BMS_MAINBOARD Member=Component C14_QR_2 0402WGF1002TCE
Added Member To Class: ClassName=BMS_MAINBOARD Member=Component C14_RSNS 0402WGF1002TCE
