Removed Pin From Net: NetName=GND Pin=C11_C4-1
Removed Pin From Net: NetName=CELL_11_SUM_V Pin=C11_C4-2
Removed Pin From Net: NetName=CELL11_FP Pin=C11_D1-1
Removed Pin From Net: NetName=CELL11_FN Pin=C11_D2-2
Removed Pin From Net: NetName=CELL_11_SUM_V Pin=C11_D3-1
Removed Pin From Net: NetName=GND Pin=C11_D4-2
Removed Pin From Net: NetName=EXCITER Pin=C11_R5-2
Removed Pin From Net: NetName=CELL_11_SUM_V Pin=C11_R7-1
Removed Pin From Net: NetName=GND Pin=C11_R7-2
Removed Member From Class: ClassName=BMS_MAINBOARD Member=C11_C2
Removed Member From Class: ClassName=BMS_MAINBOARD Member=C11_C3
Removed Member From Class: ClassName=BMS_MAINBOARD Member=C11_C4
Removed Member From Class: ClassName=BMS_MAINBOARD Member=C11_D2
Removed Member From Class: ClassName=BMS_MAINBOARD Member=C11_D3
Removed Member From Class: ClassName=BMS_MAINBOARD Member=C11_D4
Removed Member From Class: ClassName=BMS_MAINBOARD Member=C11_R5
Removed Member From Class: ClassName=BMS_MAINBOARD Member=C11_R7
Change Component Designator: OldDesignator=C2_QR1 NewDesignator=C12_QR1
Added Component: Designator=C11_Q1(TO-236AB)
Add component. Clean all parameters for all variants
Add component (AddParameter): Name = "JLC Availability"; Value = "Basic"; VariantName = "[No Variations]"
Add component (AddParameter): Name = "LCSC Part #"; Value = "C15127"; VariantName = "[No Variations]"
Added Component: Designator=C11_Q2R(R_0402)
Add component. Clean all parameters for all variants
Add component (AddParameter): Name = "JLC Availability"; Value = "Basic"; VariantName = "[No Variations]"
Add component (AddParameter): Name = "LCSC Part #"; Value = "C25744"; VariantName = "[No Variations]"
Add component (AddParameter): Name = "Value"; Value = "10k"; VariantName = "[No Variations]"
Added Component: Designator=C11_Q2(TO-236AB)
Add component. Clean all parameters for all variants
Add component (AddParameter): Name = "JLC Availability"; Value = "Basic"; VariantName = "[No Variations]"
Add component (AddParameter): Name = "LCSC Part #"; Value = "C8545"; VariantName = "[No Variations]"
Add component (AddParameter): Name = "WVDC"; Value = "60"; VariantName = "[No Variations]"
Added Component: Designator=C11_QR1(R_0402)
Add component. Clean all parameters for all variants
Add component (AddParameter): Name = "JLC Availability"; Value = "Basic"; VariantName = "[No Variations]"
Add component (AddParameter): Name = "LCSC Part #"; Value = "C25744"; VariantName = "[No Variations]"
Add component (AddParameter): Name = "Value"; Value = "10k"; VariantName = "[No Variations]"
Added Component: Designator=C11_QR2(R_0402)
Add component. Clean all parameters for all variants
Add component (AddParameter): Name = "JLC Availability"; Value = "Basic"; VariantName = "[No Variations]"
Add component (AddParameter): Name = "LCSC Part #"; Value = "C25744"; VariantName = "[No Variations]"
Add component (AddParameter): Name = "Value"; Value = "10k"; VariantName = "[No Variations]"
Added Component: Designator=C11_RSNS(R_0402)
Add component. Clean all parameters for all variants
Add component (AddParameter): Name = "JLC Availability"; Value = "Basic"; VariantName = "[No Variations]"
Add component (AddParameter): Name = "LCSC Part #"; Value = "C25744"; VariantName = "[No Variations]"
Add component (AddParameter): Name = "Value"; Value = "10k"; VariantName = "[No Variations]"
Added Pin To Net: NetName=CELL11 Pin=C11_Q1-2
Added Pin To Net: NetName=GND Pin=C11_Q2-2
Added Pin To Net: NetName=GND Pin=C11_Q2R-2
Added Pin To Net: NetName=CELL11 Pin=C11_QR1-1
Added Pin To Net: NetName=CELL_VSENSE Pin=C11_RSNS-2
Change Net Name : Old Net Name=NetC2_QR1_2 New Net Name=NetC12_D1_1
Added Pin To Net: NetName=C11_SENSE Pin=C11_Q2-1
Added Pin To Net: NetName=C11_SENSE Pin=C11_Q2R-1
Added Net: Name=C11_SENSE
Added Pin To Net: NetName=NetC11_D1_1 Pin=C11_D1-1
Added Pin To Net: NetName=NetC11_D1_1 Pin=C11_Q1-1
Added Pin To Net: NetName=NetC11_D1_1 Pin=C11_QR1-2
Added Pin To Net: NetName=NetC11_D1_1 Pin=C11_QR2-1
Added Net: Name=NetC11_D1_1
Added Pin To Net: NetName=NetC11_D1_2 Pin=C11_D1-2
Added Pin To Net: NetName=NetC11_D1_2 Pin=C11_Q1-3
Added Pin To Net: NetName=NetC11_D1_2 Pin=C11_RSNS-1
Added Net: Name=NetC11_D1_2
Added Pin To Net: NetName=SG_11 Pin=C11_Q2-3
Added Pin To Net: NetName=SG_11 Pin=C11_QR2-2
Added Net: Name=SG_11
Added Member To Class: ClassName=BMS_MAINBOARD Member=Component C11_Q1 AO3401A
Added Member To Class: ClassName=BMS_MAINBOARD Member=Component C11_Q2R 0402WGF1002TCE
Added Member To Class: ClassName=BMS_MAINBOARD Member=Component C11_Q2 2N7002
Added Member To Class: ClassName=BMS_MAINBOARD Member=Component C11_QR1 0402WGF1002TCE
Added Member To Class: ClassName=BMS_MAINBOARD Member=Component C11_QR2 0402WGF1002TCE
Added Member To Class: ClassName=BMS_MAINBOARD Member=Component C11_RSNS 0402WGF1002TCE
