Removed Pin From Net: NetName=GND Pin=C13_C4-1
Removed Pin From Net: NetName=CELL_13_SUM_V Pin=C13_C4-2
Removed Pin From Net: NetName=CELL13_FP Pin=C13_D1-1
Removed Pin From Net: NetName=CELL13_FN Pin=C13_D2-2
Removed Pin From Net: NetName=CELL_13_SUM_V Pin=C13_D3-1
Removed Pin From Net: NetName=GND Pin=C13_D4-2
Removed Pin From Net: NetName=EXCITER Pin=C13_R5-2
Removed Pin From Net: NetName=CELL_13_SUM_V Pin=C13_R7-1
Removed Pin From Net: NetName=GND Pin=C13_R7-2
Removed Member From Class: ClassName=BMS_MAINBOARD Member=C13_C2
Removed Member From Class: ClassName=BMS_MAINBOARD Member=C13_C3
Removed Member From Class: ClassName=BMS_MAINBOARD Member=C13_C4
Removed Member From Class: ClassName=BMS_MAINBOARD Member=C13_D2
Removed Member From Class: ClassName=BMS_MAINBOARD Member=C13_D3
Removed Member From Class: ClassName=BMS_MAINBOARD Member=C13_D4
Removed Member From Class: ClassName=BMS_MAINBOARD Member=C13_R5
Removed Member From Class: ClassName=BMS_MAINBOARD Member=C13_R7
Change Component Designator: OldDesignator=C14_D_1 NewDesignator=C14_D1
Change Component Designator: OldDesignator=C14_Q2R_1 NewDesignator=C14_Q2R
Change Component Designator: OldDesignator=C14_Q_2 NewDesignator=C14_Q2
Added Component: Designator=C13_Q1(TO-236AB)
Add component. Clean all parameters for all variants
Add component (AddParameter): Name = "JLC Availability"; Value = "Basic"; VariantName = "[No Variations]"
Add component (AddParameter): Name = "LCSC Part #"; Value = "C15127"; VariantName = "[No Variations]"
Added Component: Designator=C13_Q2R(R_0402)
Add component. Clean all parameters for all variants
Add component (AddParameter): Name = "JLC Availability"; Value = "Basic"; VariantName = "[No Variations]"
Add component (AddParameter): Name = "LCSC Part #"; Value = "C25744"; VariantName = "[No Variations]"
Add component (AddParameter): Name = "Value"; Value = "10k"; VariantName = "[No Variations]"
Added Component: Designator=C13_Q2(TO-236AB)
Add component. Clean all parameters for all variants
Add component (AddParameter): Name = "JLC Availability"; Value = "Basic"; VariantName = "[No Variations]"
Add component (AddParameter): Name = "LCSC Part #"; Value = "C8545"; VariantName = "[No Variations]"
Add component (AddParameter): Name = "WVDC"; Value = "60"; VariantName = "[No Variations]"
Added Component: Designator=C13_QR2(R_0402)
Add component. Clean all parameters for all variants
Add component (AddParameter): Name = "JLC Availability"; Value = "Basic"; VariantName = "[No Variations]"
Add component (AddParameter): Name = "LCSC Part #"; Value = "C25744"; VariantName = "[No Variations]"
Add component (AddParameter): Name = "Value"; Value = "10k"; VariantName = "[No Variations]"
Added Component: Designator=C13_RSNS(R_0402)
Add component. Clean all parameters for all variants
Add component (AddParameter): Name = "JLC Availability"; Value = "Basic"; VariantName = "[No Variations]"
Add component (AddParameter): Name = "LCSC Part #"; Value = "C25744"; VariantName = "[No Variations]"
Add component (AddParameter): Name = "Value"; Value = "10k"; VariantName = "[No Variations]"
Added Component: Designator=C15_QR1(R_0402)
Add component. Clean all parameters for all variants
Add component (AddParameter): Name = "JLC Availability"; Value = "Basic"; VariantName = "[No Variations]"
Add component (AddParameter): Name = "LCSC Part #"; Value = "C25744"; VariantName = "[No Variations]"
Add component (AddParameter): Name = "Value"; Value = "10k"; VariantName = "[No Variations]"
Added Pin To Net: NetName=CELL13 Pin=C13_Q1-2
Added Pin To Net: NetName=GND Pin=C13_Q2-2
Added Pin To Net: NetName=GND Pin=C13_Q2R-2
Added Pin To Net: NetName=CELL_VSENSE Pin=C13_RSNS-2
Added Pin To Net: NetName=CELL13 Pin=C15_QR1-1
Change Net Name : Old Net Name=NetC14_D_1_1 New Net Name=NetC14_D1_1
Change Net Name : Old Net Name=NetC14_D_1_2 New Net Name=NetC14_D1_2
Added Pin To Net: NetName=C13_SENSE Pin=C13_Q2-1
Added Pin To Net: NetName=C13_SENSE Pin=C13_Q2R-1
Added Net: Name=C13_SENSE
Added Pin To Net: NetName=NetC13_D1_1 Pin=C13_D1-1
Added Pin To Net: NetName=NetC13_D1_1 Pin=C13_Q1-1
Added Pin To Net: NetName=NetC13_D1_1 Pin=C13_QR2-1
Added Pin To Net: NetName=NetC13_D1_1 Pin=C15_QR1-2
Added Net: Name=NetC13_D1_1
Added Pin To Net: NetName=NetC13_D1_2 Pin=C13_D1-2
Added Pin To Net: NetName=NetC13_D1_2 Pin=C13_Q1-3
Added Pin To Net: NetName=NetC13_D1_2 Pin=C13_RSNS-1
Added Net: Name=NetC13_D1_2
Added Pin To Net: NetName=SG_13 Pin=C13_Q2-3
Added Pin To Net: NetName=SG_13 Pin=C13_QR2-2
Added Net: Name=SG_13
Added Member To Class: ClassName=BMS_MAINBOARD Member=Component C13_Q1 AO3401A
Added Member To Class: ClassName=BMS_MAINBOARD Member=Component C13_Q2R 0402WGF1002TCE
Added Member To Class: ClassName=BMS_MAINBOARD Member=Component C13_Q2 2N7002
Added Member To Class: ClassName=BMS_MAINBOARD Member=Component C13_QR2 0402WGF1002TCE
Added Member To Class: ClassName=BMS_MAINBOARD Member=Component C13_RSNS 0402WGF1002TCE
Added Member To Class: ClassName=BMS_MAINBOARD Member=Component C15_QR1 0402WGF1002TCE
