Added Component: Designator=C?(R_0402)
Add component. Clean all parameters for all variants
Add component (AddParameter): Name = "JLC Availability"; Value = "Basic"; VariantName = "[No Variations]"
Add component (AddParameter): Name = "LCSC Part #"; Value = "C25744"; VariantName = "[No Variations]"
Add component (AddParameter): Name = "Value"; Value = "10k"; VariantName = "[No Variations]"
Added Pin To Net: NetName=GND Pin=C4_Q2-2
Added Pin To Net: NetName=GND Pin=C4_Q2R-2
Added Pin To Net: NetName=CELL_VSENSE Pin=C4_RSNS-2
Added Pin To Net: NetName=C4_SENSE Pin=C4_Q2-1
Added Pin To Net: NetName=C4_SENSE Pin=C4_Q2R-1
Added Net: Name=C4_SENSE
Added Pin To Net: NetName=NetC4_D1_1 Pin=C4_D1-1
Added Pin To Net: NetName=NetC4_D1_1 Pin=C4_Q1-1
Added Pin To Net: NetName=NetC4_D1_1 Pin=C4_QR1-2
Added Pin To Net: NetName=NetC4_D1_1 Pin=C?-1
Added Net: Name=NetC4_D1_1
Added Pin To Net: NetName=NetC4_D1_2 Pin=C4_D1-2
Added Pin To Net: NetName=NetC4_D1_2 Pin=C4_Q1-3
Added Pin To Net: NetName=NetC4_D1_2 Pin=C4_RSNS-1
Added Net: Name=NetC4_D1_2
Added Pin To Net: NetName=SG_4 Pin=C4_Q2-3
Added Pin To Net: NetName=SG_4 Pin=C?-2
Added Net: Name=SG_4
Added Member To Class: ClassName=BMS_MAINBOARD Member=Component C4_D1 1N4148WS
Added Member To Class: ClassName=BMS_MAINBOARD Member=Component C4_Q1 AO3401A
Added Member To Class: ClassName=BMS_MAINBOARD Member=Component C4_Q2R 0402WGF1002TCE
Added Member To Class: ClassName=BMS_MAINBOARD Member=Component C4_Q2 2N7002
Added Member To Class: ClassName=BMS_MAINBOARD Member=Component C4_QR1 0402WGF1002TCE
Added Member To Class: ClassName=BMS_MAINBOARD Member=Component C4_RSNS 0402WGF1002TCE
Added Member To Class: ClassName=BMS_MAINBOARD Member=Component C? 0402WGF1002TCE
